::1 - - [08/Jan/2017:12:04:21 +0000] "GET / HTTP/1.1" 500 1845 "-" "Mozilla/5.0 (Macintosh; Intel Mac OS X 10_12_2) AppleWebKit/537.36 (KHTML, like Gecko) Chrome/55.0.2883.95 Safari/537.36"
::1 - - [08/Jan/2017:12:04:21 +0000] "GET /favicon.ico HTTP/1.1" 404 24 "http://localhost:3000/" "Mozilla/5.0 (Macintosh; Intel Mac OS X 10_12_2) AppleWebKit/537.36 (KHTML, like Gecko) Chrome/55.0.2883.95 Safari/537.36"
::1 - - [08/Jan/2017:12:05:20 +0000] "GET / HTTP/1.1" 500 3708 "-" "Mozilla/5.0 (Macintosh; Intel Mac OS X 10_12_2) AppleWebKit/537.36 (KHTML, like Gecko) Chrome/55.0.2883.95 Safari/537.36"
::1 - - [08/Jan/2017:12:09:53 +0000] "GET / HTTP/1.1" 200 4767 "-" "Mozilla/5.0 (Macintosh; Intel Mac OS X 10_12_2) AppleWebKit/537.36 (KHTML, like Gecko) Chrome/55.0.2883.95 Safari/537.36"
::1 - - [08/Jan/2017:12:09:53 +0000] "GET /css/bs-flatly.css HTTP/1.1" 404 30 "http://localhost:3000/" "Mozilla/5.0 (Macintosh; Intel Mac OS X 10_12_2) AppleWebKit/537.36 (KHTML, like Gecko) Chrome/55.0.2883.95 Safari/537.36"
::1 - - [08/Jan/2017:12:09:53 +0000] "GET /css/main.css HTTP/1.1" 404 25 "http://localhost:3000/" "Mozilla/5.0 (Macintosh; Intel Mac OS X 10_12_2) AppleWebKit/537.36 (KHTML, like Gecko) Chrome/55.0.2883.95 Safari/537.36"
::1 - - [08/Jan/2017:12:09:54 +0000] "GET /js/bootstrap.min.js HTTP/1.1" 404 32 "http://localhost:3000/" "Mozilla/5.0 (Macintosh; Intel Mac OS X 10_12_2) AppleWebKit/537.36 (KHTML, like Gecko) Chrome/55.0.2883.95 Safari/537.36"
::1 - - [08/Jan/2017:12:09:54 +0000] "GET /img/youtube.png HTTP/1.1" 404 28 "http://localhost:3000/" "Mozilla/5.0 (Macintosh; Intel Mac OS X 10_12_2) AppleWebKit/537.36 (KHTML, like Gecko) Chrome/55.0.2883.95 Safari/537.36"
::1 - - [08/Jan/2017:12:09:54 +0000] "GET /img/twitter.png HTTP/1.1" 404 28 "http://localhost:3000/" "Mozilla/5.0 (Macintosh; Intel Mac OS X 10_12_2) AppleWebKit/537.36 (KHTML, like Gecko) Chrome/55.0.2883.95 Safari/537.36"
::1 - - [08/Jan/2017:12:09:55 +0000] "GET /js/bootstrap.min.js HTTP/1.1" 404 32 "http://localhost:3000/" "Mozilla/5.0 (Macintosh; Intel Mac OS X 10_12_2) AppleWebKit/537.36 (KHTML, like Gecko) Chrome/55.0.2883.95 Safari/537.36"
::1 - - [08/Jan/2017:12:10:49 +0000] "GET / HTTP/1.1" 200 4784 "-" "Mozilla/5.0 (Macintosh; Intel Mac OS X 10_12_2) AppleWebKit/537.36 (KHTML, like Gecko) Chrome/55.0.2883.95 Safari/537.36"
::1 - - [08/Jan/2017:12:10:49 +0000] "GET /js/bootstrap.min.js HTTP/1.1" 404 32 "http://localhost:3000/" "Mozilla/5.0 (Macintosh; Intel Mac OS X 10_12_2) AppleWebKit/537.36 (KHTML, like Gecko) Chrome/55.0.2883.95 Safari/537.36"
::1 - - [08/Jan/2017:12:10:49 +0000] "GET /img/youtube.png HTTP/1.1" 404 28 "http://localhost:3000/" "Mozilla/5.0 (Macintosh; Intel Mac OS X 10_12_2) AppleWebKit/537.36 (KHTML, like Gecko) Chrome/55.0.2883.95 Safari/537.36"
::1 - - [08/Jan/2017:12:10:49 +0000] "GET /img/twitter.png HTTP/1.1" 404 28 "http://localhost:3000/" "Mozilla/5.0 (Macintosh; Intel Mac OS X 10_12_2) AppleWebKit/537.36 (KHTML, like Gecko) Chrome/55.0.2883.95 Safari/537.36"
::1 - - [08/Jan/2017:12:10:49 +0000] "GET /js/bootstrap.min.js HTTP/1.1" 404 32 "http://localhost:3000/" "Mozilla/5.0 (Macintosh; Intel Mac OS X 10_12_2) AppleWebKit/537.36 (KHTML, like Gecko) Chrome/55.0.2883.95 Safari/537.36"
::1 - - [08/Jan/2017:12:16:58 +0000] "GET / HTTP/1.1" 304 - "-" "Mozilla/5.0 (Macintosh; Intel Mac OS X 10_12_2) AppleWebKit/537.36 (KHTML, like Gecko) Chrome/55.0.2883.95 Safari/537.36"
::1 - - [08/Jan/2017:12:16:58 +0000] "GET /js/bootstrap.min.js HTTP/1.1" 404 32 "http://localhost:3000/" "Mozilla/5.0 (Macintosh; Intel Mac OS X 10_12_2) AppleWebKit/537.36 (KHTML, like Gecko) Chrome/55.0.2883.95 Safari/537.36"
::1 - - [08/Jan/2017:12:16:58 +0000] "GET /img/youtube.png HTTP/1.1" 404 28 "http://localhost:3000/" "Mozilla/5.0 (Macintosh; Intel Mac OS X 10_12_2) AppleWebKit/537.36 (KHTML, like Gecko) Chrome/55.0.2883.95 Safari/537.36"
::1 - - [08/Jan/2017:12:16:58 +0000] "GET /img/twitter.png HTTP/1.1" 404 28 "http://localhost:3000/" "Mozilla/5.0 (Macintosh; Intel Mac OS X 10_12_2) AppleWebKit/537.36 (KHTML, like Gecko) Chrome/55.0.2883.95 Safari/537.36"
::1 - - [08/Jan/2017:12:16:58 +0000] "GET /js/bootstrap.min.js HTTP/1.1" 404 32 "http://localhost:3000/" "Mozilla/5.0 (Macintosh; Intel Mac OS X 10_12_2) AppleWebKit/537.36 (KHTML, like Gecko) Chrome/55.0.2883.95 Safari/537.36"
::1 - - [08/Jan/2017:12:18:54 +0000] "GET / HTTP/1.1" 304 - "-" "Mozilla/5.0 (Macintosh; Intel Mac OS X 10_12_2) AppleWebKit/537.36 (KHTML, like Gecko) Chrome/55.0.2883.95 Safari/537.36"
::1 - - [08/Jan/2017:12:18:55 +0000] "GET /stylesheets/style.css HTTP/1.1" 404 34 "http://localhost:3000/" "Mozilla/5.0 (Macintosh; Intel Mac OS X 10_12_2) AppleWebKit/537.36 (KHTML, like Gecko) Chrome/55.0.2883.95 Safari/537.36"
::1 - - [08/Jan/2017:12:18:55 +0000] "GET /js/bootstrap.min.js HTTP/1.1" 404 32 "http://localhost:3000/" "Mozilla/5.0 (Macintosh; Intel Mac OS X 10_12_2) AppleWebKit/537.36 (KHTML, like Gecko) Chrome/55.0.2883.95 Safari/537.36"
::1 - - [08/Jan/2017:12:18:55 +0000] "GET /img/youtube.png HTTP/1.1" 404 28 "http://localhost:3000/" "Mozilla/5.0 (Macintosh; Intel Mac OS X 10_12_2) AppleWebKit/537.36 (KHTML, like Gecko) Chrome/55.0.2883.95 Safari/537.36"
::1 - - [08/Jan/2017:12:18:55 +0000] "GET /img/twitter.png HTTP/1.1" 404 28 "http://localhost:3000/" "Mozilla/5.0 (Macintosh; Intel Mac OS X 10_12_2) AppleWebKit/537.36 (KHTML, like Gecko) Chrome/55.0.2883.95 Safari/537.36"
::1 - - [08/Jan/2017:12:18:55 +0000] "GET /js/bootstrap.min.js HTTP/1.1" 404 32 "http://localhost:3000/" "Mozilla/5.0 (Macintosh; Intel Mac OS X 10_12_2) AppleWebKit/537.36 (KHTML, like Gecko) Chrome/55.0.2883.95 Safari/537.36"
::1 - - [08/Jan/2017:12:19:13 +0000] "GET / HTTP/1.1" 304 - "-" "Mozilla/5.0 (Macintosh; Intel Mac OS X 10_12_2) AppleWebKit/537.36 (KHTML, like Gecko) Chrome/55.0.2883.95 Safari/537.36"
::1 - - [08/Jan/2017:12:19:13 +0000] "GET /stylesheets/style.css HTTP/1.1" 404 34 "http://localhost:3000/" "Mozilla/5.0 (Macintosh; Intel Mac OS X 10_12_2) AppleWebKit/537.36 (KHTML, like Gecko) Chrome/55.0.2883.95 Safari/537.36"
::1 - - [08/Jan/2017:12:19:13 +0000] "GET /js/bootstrap.min.js HTTP/1.1" 404 32 "http://localhost:3000/" "Mozilla/5.0 (Macintosh; Intel Mac OS X 10_12_2) AppleWebKit/537.36 (KHTML, like Gecko) Chrome/55.0.2883.95 Safari/537.36"
::1 - - [08/Jan/2017:12:19:13 +0000] "GET /img/youtube.png HTTP/1.1" 404 28 "http://localhost:3000/" "Mozilla/5.0 (Macintosh; Intel Mac OS X 10_12_2) AppleWebKit/537.36 (KHTML, like Gecko) Chrome/55.0.2883.95 Safari/537.36"
::1 - - [08/Jan/2017:12:19:13 +0000] "GET /img/twitter.png HTTP/1.1" 404 28 "http://localhost:3000/" "Mozilla/5.0 (Macintosh; Intel Mac OS X 10_12_2) AppleWebKit/537.36 (KHTML, like Gecko) Chrome/55.0.2883.95 Safari/537.36"
::1 - - [08/Jan/2017:12:19:13 +0000] "GET /js/bootstrap.min.js HTTP/1.1" 404 32 "http://localhost:3000/" "Mozilla/5.0 (Macintosh; Intel Mac OS X 10_12_2) AppleWebKit/537.36 (KHTML, like Gecko) Chrome/55.0.2883.95 Safari/537.36"
::1 - - [08/Jan/2017:12:19:16 +0000] "GET /stylesheets/style.css HTTP/1.1" 404 34 "http://localhost:3000/" "Mozilla/5.0 (Macintosh; Intel Mac OS X 10_12_2) AppleWebKit/537.36 (KHTML, like Gecko) Chrome/55.0.2883.95 Safari/537.36"
::1 - - [08/Jan/2017:12:19:27 +0000] "GET /stylesheets/style.css HTTP/1.1" 404 34 "-" "Mozilla/5.0 (Macintosh; Intel Mac OS X 10_12_2) AppleWebKit/537.36 (KHTML, like Gecko) Chrome/55.0.2883.95 Safari/537.36"
::1 - - [08/Jan/2017:12:55:51 +0000] "GET / HTTP/1.1" 304 - "-" "Mozilla/5.0 (Macintosh; Intel Mac OS X 10_12_2) AppleWebKit/537.36 (KHTML, like Gecko) Chrome/55.0.2883.95 Safari/537.36"
::1 - - [08/Jan/2017:12:55:51 +0000] "GET /stylesheets/style.css HTTP/1.1" 404 34 "http://localhost:3000/" "Mozilla/5.0 (Macintosh; Intel Mac OS X 10_12_2) AppleWebKit/537.36 (KHTML, like Gecko) Chrome/55.0.2883.95 Safari/537.36"
::1 - - [08/Jan/2017:12:55:51 +0000] "GET /js/bootstrap.min.js HTTP/1.1" 404 32 "http://localhost:3000/" "Mozilla/5.0 (Macintosh; Intel Mac OS X 10_12_2) AppleWebKit/537.36 (KHTML, like Gecko) Chrome/55.0.2883.95 Safari/537.36"
::1 - - [08/Jan/2017:12:55:51 +0000] "GET /img/youtube.png HTTP/1.1" 404 28 "http://localhost:3000/" "Mozilla/5.0 (Macintosh; Intel Mac OS X 10_12_2) AppleWebKit/537.36 (KHTML, like Gecko) Chrome/55.0.2883.95 Safari/537.36"
::1 - - [08/Jan/2017:12:55:51 +0000] "GET /img/twitter.png HTTP/1.1" 404 28 "http://localhost:3000/" "Mozilla/5.0 (Macintosh; Intel Mac OS X 10_12_2) AppleWebKit/537.36 (KHTML, like Gecko) Chrome/55.0.2883.95 Safari/537.36"
::1 - - [08/Jan/2017:12:55:51 +0000] "GET /js/bootstrap.min.js HTTP/1.1" 404 32 "http://localhost:3000/" "Mozilla/5.0 (Macintosh; Intel Mac OS X 10_12_2) AppleWebKit/537.36 (KHTML, like Gecko) Chrome/55.0.2883.95 Safari/537.36"
::1 - - [08/Jan/2017:12:56:04 +0000] "GET / HTTP/1.1" 304 - "-" "Mozilla/5.0 (Macintosh; Intel Mac OS X 10_12_2) AppleWebKit/537.36 (KHTML, like Gecko) Chrome/55.0.2883.95 Safari/537.36"
::1 - - [08/Jan/2017:12:56:04 +0000] "GET /stylesheets/style.css HTTP/1.1" 404 34 "http://localhost:3000/" "Mozilla/5.0 (Macintosh; Intel Mac OS X 10_12_2) AppleWebKit/537.36 (KHTML, like Gecko) Chrome/55.0.2883.95 Safari/537.36"
::1 - - [08/Jan/2017:12:56:04 +0000] "GET /js/bootstrap.min.js HTTP/1.1" 404 32 "http://localhost:3000/" "Mozilla/5.0 (Macintosh; Intel Mac OS X 10_12_2) AppleWebKit/537.36 (KHTML, like Gecko) Chrome/55.0.2883.95 Safari/537.36"
::1 - - [08/Jan/2017:12:56:04 +0000] "GET /img/youtube.png HTTP/1.1" 404 28 "http://localhost:3000/" "Mozilla/5.0 (Macintosh; Intel Mac OS X 10_12_2) AppleWebKit/537.36 (KHTML, like Gecko) Chrome/55.0.2883.95 Safari/537.36"
::1 - - [08/Jan/2017:12:56:04 +0000] "GET /img/twitter.png HTTP/1.1" 404 28 "http://localhost:3000/" "Mozilla/5.0 (Macintosh; Intel Mac OS X 10_12_2) AppleWebKit/537.36 (KHTML, like Gecko) Chrome/55.0.2883.95 Safari/537.36"
::1 - - [08/Jan/2017:12:56:04 +0000] "GET /js/bootstrap.min.js HTTP/1.1" 404 32 "http://localhost:3000/" "Mozilla/5.0 (Macintosh; Intel Mac OS X 10_12_2) AppleWebKit/537.36 (KHTML, like Gecko) Chrome/55.0.2883.95 Safari/537.36"
::1 - - [08/Jan/2017:12:56:08 +0000] "GET /stylesheets/style.css HTTP/1.1" 404 34 "http://localhost:3000/" "Mozilla/5.0 (Macintosh; Intel Mac OS X 10_12_2) AppleWebKit/537.36 (KHTML, like Gecko) Chrome/55.0.2883.95 Safari/537.36"
::1 - - [08/Jan/2017:12:56:44 +0000] "GET / HTTP/1.1" 200 4782 "-" "Mozilla/5.0 (Macintosh; Intel Mac OS X 10_12_2) AppleWebKit/537.36 (KHTML, like Gecko) Chrome/55.0.2883.95 Safari/537.36"
::1 - - [08/Jan/2017:12:56:44 +0000] "GET /stylesheets/style.css HTTP/1.1" 404 34 "http://localhost:3000/" "Mozilla/5.0 (Macintosh; Intel Mac OS X 10_12_2) AppleWebKit/537.36 (KHTML, like Gecko) Chrome/55.0.2883.95 Safari/537.36"
::1 - - [08/Jan/2017:12:56:44 +0000] "GET /js/bootstrap.min.js HTTP/1.1" 404 32 "http://localhost:3000/" "Mozilla/5.0 (Macintosh; Intel Mac OS X 10_12_2) AppleWebKit/537.36 (KHTML, like Gecko) Chrome/55.0.2883.95 Safari/537.36"
::1 - - [08/Jan/2017:12:56:44 +0000] "GET /img/youtube.png HTTP/1.1" 404 28 "http://localhost:3000/" "Mozilla/5.0 (Macintosh; Intel Mac OS X 10_12_2) AppleWebKit/537.36 (KHTML, like Gecko) Chrome/55.0.2883.95 Safari/537.36"
::1 - - [08/Jan/2017:12:56:44 +0000] "GET /img/twitter.png HTTP/1.1" 404 28 "http://localhost:3000/" "Mozilla/5.0 (Macintosh; Intel Mac OS X 10_12_2) AppleWebKit/537.36 (KHTML, like Gecko) Chrome/55.0.2883.95 Safari/537.36"
::1 - - [08/Jan/2017:12:56:44 +0000] "GET /js/bootstrap.min.js HTTP/1.1" 404 32 "http://localhost:3000/" "Mozilla/5.0 (Macintosh; Intel Mac OS X 10_12_2) AppleWebKit/537.36 (KHTML, like Gecko) Chrome/55.0.2883.95 Safari/537.36"
::1 - - [08/Jan/2017:12:56:53 +0000] "GET / HTTP/1.1" 304 - "-" "Mozilla/5.0 (Macintosh; Intel Mac OS X 10_12_2) AppleWebKit/537.36 (KHTML, like Gecko) Chrome/55.0.2883.95 Safari/537.36"
::1 - - [08/Jan/2017:12:56:53 +0000] "GET /stylesheets/style.css HTTP/1.1" 404 34 "http://localhost:3000/" "Mozilla/5.0 (Macintosh; Intel Mac OS X 10_12_2) AppleWebKit/537.36 (KHTML, like Gecko) Chrome/55.0.2883.95 Safari/537.36"
::1 - - [08/Jan/2017:12:56:53 +0000] "GET /js/bootstrap.min.js HTTP/1.1" 404 32 "http://localhost:3000/" "Mozilla/5.0 (Macintosh; Intel Mac OS X 10_12_2) AppleWebKit/537.36 (KHTML, like Gecko) Chrome/55.0.2883.95 Safari/537.36"
::1 - - [08/Jan/2017:12:56:53 +0000] "GET /img/youtube.png HTTP/1.1" 404 28 "http://localhost:3000/" "Mozilla/5.0 (Macintosh; Intel Mac OS X 10_12_2) AppleWebKit/537.36 (KHTML, like Gecko) Chrome/55.0.2883.95 Safari/537.36"
::1 - - [08/Jan/2017:12:56:53 +0000] "GET /img/twitter.png HTTP/1.1" 404 28 "http://localhost:3000/" "Mozilla/5.0 (Macintosh; Intel Mac OS X 10_12_2) AppleWebKit/537.36 (KHTML, like Gecko) Chrome/55.0.2883.95 Safari/537.36"
::1 - - [08/Jan/2017:12:56:53 +0000] "GET /js/bootstrap.min.js HTTP/1.1" 404 32 "http://localhost:3000/" "Mozilla/5.0 (Macintosh; Intel Mac OS X 10_12_2) AppleWebKit/537.36 (KHTML, like Gecko) Chrome/55.0.2883.95 Safari/537.36"
::1 - - [08/Jan/2017:13:32:49 +0000] "GET / HTTP/1.1" 200 4768 "-" "Mozilla/5.0 (Macintosh; Intel Mac OS X 10_12_2) AppleWebKit/537.36 (KHTML, like Gecko) Chrome/55.0.2883.95 Safari/537.36"
::1 - - [08/Jan/2017:13:32:49 +0000] "GET /css/style.css HTTP/1.1" 404 26 "http://localhost:3000/" "Mozilla/5.0 (Macintosh; Intel Mac OS X 10_12_2) AppleWebKit/537.36 (KHTML, like Gecko) Chrome/55.0.2883.95 Safari/537.36"
::1 - - [08/Jan/2017:13:32:49 +0000] "GET /js/bootstrap.min.js HTTP/1.1" 404 32 "http://localhost:3000/" "Mozilla/5.0 (Macintosh; Intel Mac OS X 10_12_2) AppleWebKit/537.36 (KHTML, like Gecko) Chrome/55.0.2883.95 Safari/537.36"
::1 - - [08/Jan/2017:13:32:49 +0000] "GET /img/youtube.png HTTP/1.1" 404 28 "http://localhost:3000/" "Mozilla/5.0 (Macintosh; Intel Mac OS X 10_12_2) AppleWebKit/537.36 (KHTML, like Gecko) Chrome/55.0.2883.95 Safari/537.36"
::1 - - [08/Jan/2017:13:32:49 +0000] "GET /img/twitter.png HTTP/1.1" 404 28 "http://localhost:3000/" "Mozilla/5.0 (Macintosh; Intel Mac OS X 10_12_2) AppleWebKit/537.36 (KHTML, like Gecko) Chrome/55.0.2883.95 Safari/537.36"
::1 - - [08/Jan/2017:13:32:50 +0000] "GET /js/bootstrap.min.js HTTP/1.1" 404 32 "http://localhost:3000/" "Mozilla/5.0 (Macintosh; Intel Mac OS X 10_12_2) AppleWebKit/537.36 (KHTML, like Gecko) Chrome/55.0.2883.95 Safari/537.36"
::1 - - [08/Jan/2017:13:32:54 +0000] "GET /css/style.css HTTP/1.1" 404 26 "http://localhost:3000/" "Mozilla/5.0 (Macintosh; Intel Mac OS X 10_12_2) AppleWebKit/537.36 (KHTML, like Gecko) Chrome/55.0.2883.95 Safari/537.36"
::1 - - [08/Jan/2017:13:33:35 +0000] "GET / HTTP/1.1" 304 - "-" "Mozilla/5.0 (Macintosh; Intel Mac OS X 10_12_2) AppleWebKit/537.36 (KHTML, like Gecko) Chrome/55.0.2883.95 Safari/537.36"
::1 - - [08/Jan/2017:13:33:35 +0000] "GET /css/style.css HTTP/1.1" 404 26 "http://localhost:3000/" "Mozilla/5.0 (Macintosh; Intel Mac OS X 10_12_2) AppleWebKit/537.36 (KHTML, like Gecko) Chrome/55.0.2883.95 Safari/537.36"
::1 - - [08/Jan/2017:13:33:35 +0000] "GET /js/bootstrap.min.js HTTP/1.1" 404 32 "http://localhost:3000/" "Mozilla/5.0 (Macintosh; Intel Mac OS X 10_12_2) AppleWebKit/537.36 (KHTML, like Gecko) Chrome/55.0.2883.95 Safari/537.36"
::1 - - [08/Jan/2017:13:33:35 +0000] "GET /img/youtube.png HTTP/1.1" 404 28 "http://localhost:3000/" "Mozilla/5.0 (Macintosh; Intel Mac OS X 10_12_2) AppleWebKit/537.36 (KHTML, like Gecko) Chrome/55.0.2883.95 Safari/537.36"
::1 - - [08/Jan/2017:13:33:35 +0000] "GET /img/twitter.png HTTP/1.1" 404 28 "http://localhost:3000/" "Mozilla/5.0 (Macintosh; Intel Mac OS X 10_12_2) AppleWebKit/537.36 (KHTML, like Gecko) Chrome/55.0.2883.95 Safari/537.36"
::1 - - [08/Jan/2017:13:33:35 +0000] "GET /js/bootstrap.min.js HTTP/1.1" 404 32 "http://localhost:3000/" "Mozilla/5.0 (Macintosh; Intel Mac OS X 10_12_2) AppleWebKit/537.36 (KHTML, like Gecko) Chrome/55.0.2883.95 Safari/537.36"
::1 - - [08/Jan/2017:13:37:25 +0000] "GET / HTTP/1.1" 200 4768 "-" "Mozilla/5.0 (Macintosh; Intel Mac OS X 10_12_2) AppleWebKit/537.36 (KHTML, like Gecko) Chrome/55.0.2883.87 Safari/537.36 OPR/42.0.2393.94"
::1 - - [08/Jan/2017:13:37:25 +0000] "GET /css/style.css HTTP/1.1" 404 26 "http://localhost:3000/" "Mozilla/5.0 (Macintosh; Intel Mac OS X 10_12_2) AppleWebKit/537.36 (KHTML, like Gecko) Chrome/55.0.2883.87 Safari/537.36 OPR/42.0.2393.94"
::1 - - [08/Jan/2017:13:37:26 +0000] "GET /js/bootstrap.min.js HTTP/1.1" 404 32 "http://localhost:3000/" "Mozilla/5.0 (Macintosh; Intel Mac OS X 10_12_2) AppleWebKit/537.36 (KHTML, like Gecko) Chrome/55.0.2883.87 Safari/537.36 OPR/42.0.2393.94"
::1 - - [08/Jan/2017:13:37:26 +0000] "GET /img/youtube.png HTTP/1.1" 404 28 "http://localhost:3000/" "Mozilla/5.0 (Macintosh; Intel Mac OS X 10_12_2) AppleWebKit/537.36 (KHTML, like Gecko) Chrome/55.0.2883.87 Safari/537.36 OPR/42.0.2393.94"
::1 - - [08/Jan/2017:13:37:26 +0000] "GET /img/twitter.png HTTP/1.1" 404 28 "http://localhost:3000/" "Mozilla/5.0 (Macintosh; Intel Mac OS X 10_12_2) AppleWebKit/537.36 (KHTML, like Gecko) Chrome/55.0.2883.87 Safari/537.36 OPR/42.0.2393.94"
::1 - - [08/Jan/2017:13:37:26 +0000] "GET /js/bootstrap.min.js HTTP/1.1" 404 32 "http://localhost:3000/" "Mozilla/5.0 (Macintosh; Intel Mac OS X 10_12_2) AppleWebKit/537.36 (KHTML, like Gecko) Chrome/55.0.2883.87 Safari/537.36 OPR/42.0.2393.94"
::1 - - [08/Jan/2017:13:37:27 +0000] "GET /favicon.ico HTTP/1.1" 404 24 "http://localhost:3000/" "Mozilla/5.0 (Macintosh; Intel Mac OS X 10_12_2) AppleWebKit/537.36 (KHTML, like Gecko) Chrome/55.0.2883.87 Safari/537.36 OPR/42.0.2393.94"
::1 - - [08/Jan/2017:13:37:34 +0000] "GET /css/style.css HTTP/1.1" 404 26 "http://localhost:3000/" "Mozilla/5.0 (Macintosh; Intel Mac OS X 10_12_2) AppleWebKit/537.36 (KHTML, like Gecko) Chrome/55.0.2883.87 Safari/537.36 OPR/42.0.2393.94"
::1 - - [08/Jan/2017:13:38:22 +0000] "GET / HTTP/1.1" 200 4768 "http://localhost:3000/" "Mozilla/5.0 (Macintosh; Intel Mac OS X 10_12_2) AppleWebKit/537.36 (KHTML, like Gecko) Chrome/55.0.2883.87 Safari/537.36 OPR/42.0.2393.94"
::1 - - [08/Jan/2017:13:38:22 +0000] "GET /css/style.css HTTP/1.1" 404 26 "http://localhost:3000/" "Mozilla/5.0 (Macintosh; Intel Mac OS X 10_12_2) AppleWebKit/537.36 (KHTML, like Gecko) Chrome/55.0.2883.87 Safari/537.36 OPR/42.0.2393.94"
::1 - - [08/Jan/2017:13:38:22 +0000] "GET /js/bootstrap.min.js HTTP/1.1" 404 32 "http://localhost:3000/" "Mozilla/5.0 (Macintosh; Intel Mac OS X 10_12_2) AppleWebKit/537.36 (KHTML, like Gecko) Chrome/55.0.2883.87 Safari/537.36 OPR/42.0.2393.94"
::1 - - [08/Jan/2017:13:38:22 +0000] "GET /img/youtube.png HTTP/1.1" 404 28 "http://localhost:3000/" "Mozilla/5.0 (Macintosh; Intel Mac OS X 10_12_2) AppleWebKit/537.36 (KHTML, like Gecko) Chrome/55.0.2883.87 Safari/537.36 OPR/42.0.2393.94"
::1 - - [08/Jan/2017:13:38:22 +0000] "GET /img/twitter.png HTTP/1.1" 404 28 "http://localhost:3000/" "Mozilla/5.0 (Macintosh; Intel Mac OS X 10_12_2) AppleWebKit/537.36 (KHTML, like Gecko) Chrome/55.0.2883.87 Safari/537.36 OPR/42.0.2393.94"
::1 - - [08/Jan/2017:13:38:22 +0000] "GET /js/bootstrap.min.js HTTP/1.1" 404 32 "http://localhost:3000/" "Mozilla/5.0 (Macintosh; Intel Mac OS X 10_12_2) AppleWebKit/537.36 (KHTML, like Gecko) Chrome/55.0.2883.87 Safari/537.36 OPR/42.0.2393.94"
::1 - - [08/Jan/2017:13:38:24 +0000] "GET /users/signup HTTP/1.1" 404 25 "http://localhost:3000/" "Mozilla/5.0 (Macintosh; Intel Mac OS X 10_12_2) AppleWebKit/537.36 (KHTML, like Gecko) Chrome/55.0.2883.87 Safari/537.36 OPR/42.0.2393.94"
::1 - - [08/Jan/2017:13:45:21 +0000] "GET / HTTP/1.1" 200 4768 "-" "Mozilla/5.0 (Macintosh; Intel Mac OS X 10_12_2) AppleWebKit/537.36 (KHTML, like Gecko) Chrome/55.0.2883.95 Safari/537.36"
::1 - - [08/Jan/2017:13:45:21 +0000] "GET /css/style.css HTTP/1.1" 404 26 "http://localhost:3000/" "Mozilla/5.0 (Macintosh; Intel Mac OS X 10_12_2) AppleWebKit/537.36 (KHTML, like Gecko) Chrome/55.0.2883.95 Safari/537.36"
::1 - - [08/Jan/2017:13:45:21 +0000] "GET /img/youtube.png HTTP/1.1" 404 28 "http://localhost:3000/" "Mozilla/5.0 (Macintosh; Intel Mac OS X 10_12_2) AppleWebKit/537.36 (KHTML, like Gecko) Chrome/55.0.2883.95 Safari/537.36"
::1 - - [08/Jan/2017:13:45:21 +0000] "GET /img/twitter.png HTTP/1.1" 404 28 "http://localhost:3000/" "Mozilla/5.0 (Macintosh; Intel Mac OS X 10_12_2) AppleWebKit/537.36 (KHTML, like Gecko) Chrome/55.0.2883.95 Safari/537.36"
::1 - - [08/Jan/2017:13:45:21 +0000] "GET /js/bootstrap.min.js HTTP/1.1" 404 32 "http://localhost:3000/" "Mozilla/5.0 (Macintosh; Intel Mac OS X 10_12_2) AppleWebKit/537.36 (KHTML, like Gecko) Chrome/55.0.2883.95 Safari/537.36"
::1 - - [08/Jan/2017:13:45:22 +0000] "GET /js/bootstrap.min.js HTTP/1.1" 404 32 "http://localhost:3000/" "Mozilla/5.0 (Macintosh; Intel Mac OS X 10_12_2) AppleWebKit/537.36 (KHTML, like Gecko) Chrome/55.0.2883.95 Safari/537.36"
::1 - - [08/Jan/2017:13:45:28 +0000] "GET /css/style.css HTTP/1.1" 404 26 "http://localhost:3000/" "Mozilla/5.0 (Macintosh; Intel Mac OS X 10_12_2) AppleWebKit/537.36 (KHTML, like Gecko) Chrome/55.0.2883.95 Safari/537.36"
::1 - - [08/Jan/2017:13:47:13 +0000] "GET / HTTP/1.1" 304 - "-" "Mozilla/5.0 (Macintosh; Intel Mac OS X 10_12_2) AppleWebKit/537.36 (KHTML, like Gecko) Chrome/55.0.2883.95 Safari/537.36"
::1 - - [08/Jan/2017:13:47:13 +0000] "GET /css/style.css HTTP/1.1" 404 26 "http://localhost:3000/" "Mozilla/5.0 (Macintosh; Intel Mac OS X 10_12_2) AppleWebKit/537.36 (KHTML, like Gecko) Chrome/55.0.2883.95 Safari/537.36"
::1 - - [08/Jan/2017:13:47:13 +0000] "GET /js/bootstrap.min.js HTTP/1.1" 404 32 "http://localhost:3000/" "Mozilla/5.0 (Macintosh; Intel Mac OS X 10_12_2) AppleWebKit/537.36 (KHTML, like Gecko) Chrome/55.0.2883.95 Safari/537.36"
::1 - - [08/Jan/2017:13:47:13 +0000] "GET /img/youtube.png HTTP/1.1" 404 28 "http://localhost:3000/" "Mozilla/5.0 (Macintosh; Intel Mac OS X 10_12_2) AppleWebKit/537.36 (KHTML, like Gecko) Chrome/55.0.2883.95 Safari/537.36"
::1 - - [08/Jan/2017:13:47:13 +0000] "GET /img/twitter.png HTTP/1.1" 404 28 "http://localhost:3000/" "Mozilla/5.0 (Macintosh; Intel Mac OS X 10_12_2) AppleWebKit/537.36 (KHTML, like Gecko) Chrome/55.0.2883.95 Safari/537.36"
::1 - - [08/Jan/2017:13:47:13 +0000] "GET /js/bootstrap.min.js HTTP/1.1" 404 32 "http://localhost:3000/" "Mozilla/5.0 (Macintosh; Intel Mac OS X 10_12_2) AppleWebKit/537.36 (KHTML, like Gecko) Chrome/55.0.2883.95 Safari/537.36"
::1 - - [08/Jan/2017:13:50:40 +0000] "GET / HTTP/1.1" 304 - "-" "Mozilla/5.0 (Macintosh; Intel Mac OS X 10_12_2) AppleWebKit/537.36 (KHTML, like Gecko) Chrome/55.0.2883.95 Safari/537.36"
::1 - - [08/Jan/2017:13:50:40 +0000] "GET /img/youtube.png HTTP/1.1" 404 28 "http://localhost:3000/" "Mozilla/5.0 (Macintosh; Intel Mac OS X 10_12_2) AppleWebKit/537.36 (KHTML, like Gecko) Chrome/55.0.2883.95 Safari/537.36"
::1 - - [08/Jan/2017:13:50:40 +0000] "GET /img/twitter.png HTTP/1.1" 404 28 "http://localhost:3000/" "Mozilla/5.0 (Macintosh; Intel Mac OS X 10_12_2) AppleWebKit/537.36 (KHTML, like Gecko) Chrome/55.0.2883.95 Safari/537.36"
::1 - - [08/Jan/2017:13:50:40 +0000] "GET /js/bootstrap.min.js HTTP/1.1" 404 32 "http://localhost:3000/" "Mozilla/5.0 (Macintosh; Intel Mac OS X 10_12_2) AppleWebKit/537.36 (KHTML, like Gecko) Chrome/55.0.2883.95 Safari/537.36"
::1 - - [08/Jan/2017:13:50:40 +0000] "GET /css/style.css HTTP/1.1" 404 26 "http://localhost:3000/" "Mozilla/5.0 (Macintosh; Intel Mac OS X 10_12_2) AppleWebKit/537.36 (KHTML, like Gecko) Chrome/55.0.2883.95 Safari/537.36"
::1 - - [08/Jan/2017:13:50:40 +0000] "GET /js/bootstrap.min.js HTTP/1.1" 404 32 "http://localhost:3000/" "Mozilla/5.0 (Macintosh; Intel Mac OS X 10_12_2) AppleWebKit/537.36 (KHTML, like Gecko) Chrome/55.0.2883.95 Safari/537.36"
::1 - - [08/Jan/2017:13:50:43 +0000] "GET /css/style.css HTTP/1.1" 404 26 "http://localhost:3000/" "Mozilla/5.0 (Macintosh; Intel Mac OS X 10_12_2) AppleWebKit/537.36 (KHTML, like Gecko) Chrome/55.0.2883.95 Safari/537.36"
::1 - - [08/Jan/2017:13:53:12 +0000] "GET / HTTP/1.1" 304 - "-" "Mozilla/5.0 (Macintosh; Intel Mac OS X 10_12_2) AppleWebKit/537.36 (KHTML, like Gecko) Chrome/55.0.2883.95 Safari/537.36"
::1 - - [08/Jan/2017:13:53:12 +0000] "GET /css/style.css HTTP/1.1" 404 26 "http://localhost:3000/" "Mozilla/5.0 (Macintosh; Intel Mac OS X 10_12_2) AppleWebKit/537.36 (KHTML, like Gecko) Chrome/55.0.2883.95 Safari/537.36"
::1 - - [08/Jan/2017:13:53:12 +0000] "GET /img/youtube.png HTTP/1.1" 404 28 "http://localhost:3000/" "Mozilla/5.0 (Macintosh; Intel Mac OS X 10_12_2) AppleWebKit/537.36 (KHTML, like Gecko) Chrome/55.0.2883.95 Safari/537.36"
::1 - - [08/Jan/2017:13:53:12 +0000] "GET /img/twitter.png HTTP/1.1" 404 28 "http://localhost:3000/" "Mozilla/5.0 (Macintosh; Intel Mac OS X 10_12_2) AppleWebKit/537.36 (KHTML, like Gecko) Chrome/55.0.2883.95 Safari/537.36"
::1 - - [08/Jan/2017:13:54:22 +0000] "GET / HTTP/1.1" 304 - "-" "Mozilla/5.0 (Macintosh; Intel Mac OS X 10_12_2) AppleWebKit/537.36 (KHTML, like Gecko) Chrome/55.0.2883.95 Safari/537.36"
::1 - - [08/Jan/2017:13:54:22 +0000] "GET /css/style.css HTTP/1.1" 404 26 "http://localhost:3000/" "Mozilla/5.0 (Macintosh; Intel Mac OS X 10_12_2) AppleWebKit/537.36 (KHTML, like Gecko) Chrome/55.0.2883.95 Safari/537.36"
::1 - - [08/Jan/2017:13:54:22 +0000] "GET /img/youtube.png HTTP/1.1" 404 28 "http://localhost:3000/" "Mozilla/5.0 (Macintosh; Intel Mac OS X 10_12_2) AppleWebKit/537.36 (KHTML, like Gecko) Chrome/55.0.2883.95 Safari/537.36"
::1 - - [08/Jan/2017:13:54:22 +0000] "GET /img/twitter.png HTTP/1.1" 404 28 "http://localhost:3000/" "Mozilla/5.0 (Macintosh; Intel Mac OS X 10_12_2) AppleWebKit/537.36 (KHTML, like Gecko) Chrome/55.0.2883.95 Safari/537.36"
::1 - - [08/Jan/2017:13:54:46 +0000] "GET / HTTP/1.1" 304 - "-" "Mozilla/5.0 (Macintosh; Intel Mac OS X 10_12_2) AppleWebKit/537.36 (KHTML, like Gecko) Chrome/55.0.2883.95 Safari/537.36"
::1 - - [08/Jan/2017:13:54:46 +0000] "GET /css/style.css HTTP/1.1" 404 26 "http://localhost:3000/" "Mozilla/5.0 (Macintosh; Intel Mac OS X 10_12_2) AppleWebKit/537.36 (KHTML, like Gecko) Chrome/55.0.2883.95 Safari/537.36"
::1 - - [08/Jan/2017:13:54:46 +0000] "GET /img/youtube.png HTTP/1.1" 404 28 "http://localhost:3000/" "Mozilla/5.0 (Macintosh; Intel Mac OS X 10_12_2) AppleWebKit/537.36 (KHTML, like Gecko) Chrome/55.0.2883.95 Safari/537.36"
::1 - - [08/Jan/2017:13:54:46 +0000] "GET /img/twitter.png HTTP/1.1" 404 28 "http://localhost:3000/" "Mozilla/5.0 (Macintosh; Intel Mac OS X 10_12_2) AppleWebKit/537.36 (KHTML, like Gecko) Chrome/55.0.2883.95 Safari/537.36"
::1 - - [08/Jan/2017:13:55:37 +0000] "GET / HTTP/1.1" 304 - "-" "Mozilla/5.0 (Macintosh; Intel Mac OS X 10_12_2) AppleWebKit/537.36 (KHTML, like Gecko) Chrome/55.0.2883.95 Safari/537.36"
::1 - - [08/Jan/2017:13:55:38 +0000] "GET /img/youtube.png HTTP/1.1" 404 28 "http://localhost:3000/" "Mozilla/5.0 (Macintosh; Intel Mac OS X 10_12_2) AppleWebKit/537.36 (KHTML, like Gecko) Chrome/55.0.2883.95 Safari/537.36"
::1 - - [08/Jan/2017:13:55:38 +0000] "GET /img/twitter.png HTTP/1.1" 404 28 "http://localhost:3000/" "Mozilla/5.0 (Macintosh; Intel Mac OS X 10_12_2) AppleWebKit/537.36 (KHTML, like Gecko) Chrome/55.0.2883.95 Safari/537.36"
::1 - - [08/Jan/2017:13:57:34 +0000] "GET / HTTP/1.1" 304 - "-" "Mozilla/5.0 (Macintosh; Intel Mac OS X 10_12_2) AppleWebKit/537.36 (KHTML, like Gecko) Chrome/55.0.2883.95 Safari/537.36"
::1 - - [08/Jan/2017:13:57:34 +0000] "GET /img/youtube.png HTTP/1.1" 404 28 "http://localhost:3000/" "Mozilla/5.0 (Macintosh; Intel Mac OS X 10_12_2) AppleWebKit/537.36 (KHTML, like Gecko) Chrome/55.0.2883.95 Safari/537.36"
::1 - - [08/Jan/2017:13:57:34 +0000] "GET /img/twitter.png HTTP/1.1" 404 28 "http://localhost:3000/" "Mozilla/5.0 (Macintosh; Intel Mac OS X 10_12_2) AppleWebKit/537.36 (KHTML, like Gecko) Chrome/55.0.2883.95 Safari/537.36"
::1 - - [08/Jan/2017:13:58:34 +0000] "POST /signup/newsletter HTTP/1.1" 404 31 "http://localhost:3000/" "Mozilla/5.0 (Macintosh; Intel Mac OS X 10_12_2) AppleWebKit/537.36 (KHTML, like Gecko) Chrome/55.0.2883.95 Safari/537.36"
::1 - - [08/Jan/2017:14:32:33 +0000] "GET / HTTP/1.1" 200 4768 "-" "Mozilla/5.0 (Macintosh; Intel Mac OS X 10_12_2) AppleWebKit/537.36 (KHTML, like Gecko) Chrome/55.0.2883.95 Safari/537.36"
::1 - - [08/Jan/2017:14:32:34 +0000] "GET /img/youtube.png HTTP/1.1" 404 28 "http://localhost:3000/" "Mozilla/5.0 (Macintosh; Intel Mac OS X 10_12_2) AppleWebKit/537.36 (KHTML, like Gecko) Chrome/55.0.2883.95 Safari/537.36"
::1 - - [08/Jan/2017:14:32:34 +0000] "GET /img/twitter.png HTTP/1.1" 404 28 "http://localhost:3000/" "Mozilla/5.0 (Macintosh; Intel Mac OS X 10_12_2) AppleWebKit/537.36 (KHTML, like Gecko) Chrome/55.0.2883.95 Safari/537.36"
::1 - - [08/Jan/2017:14:32:38 +0000] "GET /favicon.ico HTTP/1.1" 404 24 "http://localhost:3000/" "Mozilla/5.0 (Macintosh; Intel Mac OS X 10_12_2) AppleWebKit/537.36 (KHTML, like Gecko) Chrome/55.0.2883.95 Safari/537.36"
::1 - - [08/Jan/2017:14:32:40 +0000] "GET /books HTTP/1.1" 404 18 "-" "Mozilla/5.0 (Macintosh; Intel Mac OS X 10_12_2) AppleWebKit/537.36 (KHTML, like Gecko) Chrome/55.0.2883.95 Safari/537.36"
::1 - - [08/Jan/2017:14:34:34 +0000] "GET / HTTP/1.1" 304 - "-" "Mozilla/5.0 (Macintosh; Intel Mac OS X 10_12_2) AppleWebKit/537.36 (KHTML, like Gecko) Chrome/55.0.2883.87 Safari/537.36 OPR/42.0.2393.94"
::1 - - [08/Jan/2017:14:34:34 +0000] "GET /img/youtube.png HTTP/1.1" 404 28 "http://localhost:3000/" "Mozilla/5.0 (Macintosh; Intel Mac OS X 10_12_2) AppleWebKit/537.36 (KHTML, like Gecko) Chrome/55.0.2883.87 Safari/537.36 OPR/42.0.2393.94"
::1 - - [08/Jan/2017:14:34:34 +0000] "GET /img/twitter.png HTTP/1.1" 404 28 "http://localhost:3000/" "Mozilla/5.0 (Macintosh; Intel Mac OS X 10_12_2) AppleWebKit/537.36 (KHTML, like Gecko) Chrome/55.0.2883.87 Safari/537.36 OPR/42.0.2393.94"
::1 - - [08/Jan/2017:14:34:38 +0000] "GET /favicon.ico HTTP/1.1" 404 24 "http://localhost:3000/" "Mozilla/5.0 (Macintosh; Intel Mac OS X 10_12_2) AppleWebKit/537.36 (KHTML, like Gecko) Chrome/55.0.2883.87 Safari/537.36 OPR/42.0.2393.94"
