::1 - - [12/Jan/2017:00:15:36 +0000] "GET /books/new HTTP/1.1" 200 7971 "-" "Mozilla/5.0 (Macintosh; Intel Mac OS X 10_12_2) AppleWebKit/537.36 (KHTML, like Gecko) Chrome/55.0.2883.95 Safari/537.36"
::1 - - [12/Jan/2017:00:15:58 +0000] "GET /books/new HTTP/1.1" 304 - "-" "Mozilla/5.0 (Macintosh; Intel Mac OS X 10_12_2) AppleWebKit/537.36 (KHTML, like Gecko) Chrome/55.0.2883.95 Safari/537.36"
::1 - - [12/Jan/2017:00:16:14 +0000] "GET /books/new HTTP/1.1" 304 - "-" "Mozilla/5.0 (Macintosh; Intel Mac OS X 10_12_2) AppleWebKit/537.36 (KHTML, like Gecko) Chrome/55.0.2883.95 Safari/537.36"
::1 - - [12/Jan/2017:00:16:16 +0000] "GET /books/new HTTP/1.1" 304 - "-" "Mozilla/5.0 (Macintosh; Intel Mac OS X 10_12_2) AppleWebKit/537.36 (KHTML, like Gecko) Chrome/55.0.2883.95 Safari/537.36"
::1 - - [12/Jan/2017:00:16:24 +0000] "GET / HTTP/1.1" 302 56 "http://localhost:3000/books/new" "Mozilla/5.0 (Macintosh; Intel Mac OS X 10_12_2) AppleWebKit/537.36 (KHTML, like Gecko) Chrome/55.0.2883.95 Safari/537.36"
::1 - - [12/Jan/2017:00:16:24 +0000] "GET /books HTTP/1.1" 304 - "http://localhost:3000/books/new" "Mozilla/5.0 (Macintosh; Intel Mac OS X 10_12_2) AppleWebKit/537.36 (KHTML, like Gecko) Chrome/55.0.2883.95 Safari/537.36"
::1 - - [12/Jan/2017:00:16:26 +0000] "GET /books/5875cdc34082054304e677b1 HTTP/1.1" 200 6510 "http://localhost:3000/books" "Mozilla/5.0 (Macintosh; Intel Mac OS X 10_12_2) AppleWebKit/537.36 (KHTML, like Gecko) Chrome/55.0.2883.95 Safari/537.36"
::1 - - [12/Jan/2017:00:16:29 +0000] "GET /books/5875cdc34082054304e677b1/edit HTTP/1.1" 200 8796 "-" "Mozilla/5.0 (Macintosh; Intel Mac OS X 10_12_2) AppleWebKit/537.36 (KHTML, like Gecko) Chrome/55.0.2883.95 Safari/537.36"
::1 - - [12/Jan/2017:00:16:41 +0000] "GET / HTTP/1.1" 302 56 "http://localhost:3000/books/5875cdc34082054304e677b1/edit" "Mozilla/5.0 (Macintosh; Intel Mac OS X 10_12_2) AppleWebKit/537.36 (KHTML, like Gecko) Chrome/55.0.2883.95 Safari/537.36"
::1 - - [12/Jan/2017:00:16:41 +0000] "GET /books HTTP/1.1" 304 - "http://localhost:3000/books/5875cdc34082054304e677b1/edit" "Mozilla/5.0 (Macintosh; Intel Mac OS X 10_12_2) AppleWebKit/537.36 (KHTML, like Gecko) Chrome/55.0.2883.95 Safari/537.36"
::1 - - [12/Jan/2017:00:17:01 +0000] "GET /books/5875cdc34082054304e677b1/edit HTTP/1.1" 200 8818 "-" "Mozilla/5.0 (Macintosh; Intel Mac OS X 10_12_2) AppleWebKit/537.36 (KHTML, like Gecko) Chrome/55.0.2883.95 Safari/537.36"
::1 - - [12/Jan/2017:03:46:39 +0000] "GET / HTTP/1.1" 302 56 "-" "Mozilla/5.0 (Macintosh; Intel Mac OS X 10_12_2) AppleWebKit/537.36 (KHTML, like Gecko) Chrome/55.0.2883.95 Safari/537.36"
::1 - - [12/Jan/2017:03:46:39 +0000] "GET /books HTTP/1.1" 500 2636 "-" "Mozilla/5.0 (Macintosh; Intel Mac OS X 10_12_2) AppleWebKit/537.36 (KHTML, like Gecko) Chrome/55.0.2883.95 Safari/537.36"
::1 - - [12/Jan/2017:03:47:39 +0000] "GET /users/signup HTTP/1.1" 500 2636 "-" "Mozilla/5.0 (Macintosh; Intel Mac OS X 10_12_2) AppleWebKit/537.36 (KHTML, like Gecko) Chrome/55.0.2883.95 Safari/537.36"
::1 - - [12/Jan/2017:03:48:55 +0000] "GET /users/signup HTTP/1.1" 500 2636 "-" "Mozilla/5.0 (Macintosh; Intel Mac OS X 10_12_2) AppleWebKit/537.36 (KHTML, like Gecko) Chrome/55.0.2883.95 Safari/537.36"
::1 - - [12/Jan/2017:03:58:15 +0000] "GET / HTTP/1.1" 302 56 "-" "Mozilla/5.0 (Macintosh; Intel Mac OS X 10_12_2) AppleWebKit/602.3.12 (KHTML, like Gecko) Version/10.0.2 Safari/602.3.12"
::1 - - [12/Jan/2017:03:58:15 +0000] "GET /books HTTP/1.1" 500 2636 "-" "Mozilla/5.0 (Macintosh; Intel Mac OS X 10_12_2) AppleWebKit/602.3.12 (KHTML, like Gecko) Version/10.0.2 Safari/602.3.12"
::1 - - [12/Jan/2017:03:59:18 +0000] "GET /books HTTP/1.1" 200 11539 "-" "Mozilla/5.0 (Macintosh; Intel Mac OS X 10_12_2) AppleWebKit/602.3.12 (KHTML, like Gecko) Version/10.0.2 Safari/602.3.12"
::1 - - [12/Jan/2017:03:59:49 +0000] "GET /books HTTP/1.1" 500 2636 "-" "Mozilla/5.0 (Macintosh; Intel Mac OS X 10_12_2) AppleWebKit/602.3.12 (KHTML, like Gecko) Version/10.0.2 Safari/602.3.12"
::1 - - [12/Jan/2017:03:59:50 +0000] "GET /books HTTP/1.1" 500 2636 "-" "Mozilla/5.0 (Macintosh; Intel Mac OS X 10_12_2) AppleWebKit/602.3.12 (KHTML, like Gecko) Version/10.0.2 Safari/602.3.12"
::1 - - [12/Jan/2017:04:00:03 +0000] "GET /books HTTP/1.1" 200 13597 "-" "Mozilla/5.0 (Macintosh; Intel Mac OS X 10_12_2) AppleWebKit/602.3.12 (KHTML, like Gecko) Version/10.0.2 Safari/602.3.12"
::1 - - [12/Jan/2017:04:00:23 +0000] "GET /books HTTP/1.1" 500 2636 "-" "Mozilla/5.0 (Macintosh; Intel Mac OS X 10_12_2) AppleWebKit/602.3.12 (KHTML, like Gecko) Version/10.0.2 Safari/602.3.12"
::1 - - [12/Jan/2017:04:00:54 +0000] "GET /books HTTP/1.1" 500 2636 "-" "Mozilla/5.0 (Macintosh; Intel Mac OS X 10_12_2) AppleWebKit/602.3.12 (KHTML, like Gecko) Version/10.0.2 Safari/602.3.12"
::1 - - [12/Jan/2017:04:01:16 +0000] "GET /books HTTP/1.1" 200 13597 "-" "Mozilla/5.0 (Macintosh; Intel Mac OS X 10_12_2) AppleWebKit/602.3.12 (KHTML, like Gecko) Version/10.0.2 Safari/602.3.12"
::1 - - [12/Jan/2017:04:02:46 +0000] "GET /books HTTP/1.1" 500 2636 "-" "Mozilla/5.0 (Macintosh; Intel Mac OS X 10_12_2) AppleWebKit/602.3.12 (KHTML, like Gecko) Version/10.0.2 Safari/602.3.12"
::1 - - [12/Jan/2017:04:04:19 +0000] "GET / HTTP/1.1" 302 56 "-" "Mozilla/5.0 (Macintosh; Intel Mac OS X 10_12_2) AppleWebKit/537.36 (KHTML, like Gecko) Chrome/55.0.2883.95 Safari/537.36"
::1 - - [12/Jan/2017:04:04:19 +0000] "GET /books HTTP/1.1" 500 2636 "-" "Mozilla/5.0 (Macintosh; Intel Mac OS X 10_12_2) AppleWebKit/537.36 (KHTML, like Gecko) Chrome/55.0.2883.95 Safari/537.36"
::1 - - [12/Jan/2017:04:04:26 +0000] "GET /books HTTP/1.1" 500 2636 "-" "Mozilla/5.0 (Macintosh; Intel Mac OS X 10_12_2) AppleWebKit/537.36 (KHTML, like Gecko) Chrome/55.0.2883.95 Safari/537.36"
::1 - - [12/Jan/2017:04:04:39 +0000] "GET /books HTTP/1.1" 500 2636 "-" "Mozilla/5.0 (Macintosh; Intel Mac OS X 10_12_2) AppleWebKit/537.36 (KHTML, like Gecko) Chrome/55.0.2883.95 Safari/537.36"
::1 - - [12/Jan/2017:04:04:53 +0000] "GET /books HTTP/1.1" 200 13597 "-" "Mozilla/5.0 (Macintosh; Intel Mac OS X 10_12_2) AppleWebKit/537.36 (KHTML, like Gecko) Chrome/55.0.2883.95 Safari/537.36"
::1 - - [12/Jan/2017:04:05:05 +0000] "GET /books/new HTTP/1.1" 304 - "-" "Mozilla/5.0 (Macintosh; Intel Mac OS X 10_12_2) AppleWebKit/537.36 (KHTML, like Gecko) Chrome/55.0.2883.95 Safari/537.36"
::1 - - [12/Jan/2017:04:05:46 +0000] "GET /books/new HTTP/1.1" 200 7957 "-" "Mozilla/5.0 (Macintosh; Intel Mac OS X 10_12_2) AppleWebKit/537.36 (KHTML, like Gecko) Chrome/55.0.2883.95 Safari/537.36"
::1 - - [12/Jan/2017:04:09:51 +0000] "POST /books HTTP/1.1" 302 106 "http://localhost:3000/books/new" "Mozilla/5.0 (Macintosh; Intel Mac OS X 10_12_2) AppleWebKit/537.36 (KHTML, like Gecko) Chrome/55.0.2883.95 Safari/537.36"
::1 - - [12/Jan/2017:04:09:51 +0000] "GET /books/5877018fda362b38ea3950bd HTTP/1.1" 200 6184 "http://localhost:3000/books/new" "Mozilla/5.0 (Macintosh; Intel Mac OS X 10_12_2) AppleWebKit/537.36 (KHTML, like Gecko) Chrome/55.0.2883.95 Safari/537.36"
::1 - - [12/Jan/2017:04:10:15 +0000] "GET /books/5877018fda362b38ea3950bd/edit HTTP/1.1" 200 8148 "-" "Mozilla/5.0 (Macintosh; Intel Mac OS X 10_12_2) AppleWebKit/537.36 (KHTML, like Gecko) Chrome/55.0.2883.95 Safari/537.36"
::1 - - [12/Jan/2017:04:14:47 +0000] "GET /books/5877018fda362b38ea3950bd/edit HTTP/1.1" 200 8117 "-" "Mozilla/5.0 (Macintosh; Intel Mac OS X 10_12_2) AppleWebKit/537.36 (KHTML, like Gecko) Chrome/55.0.2883.95 Safari/537.36"
::1 - - [12/Jan/2017:04:14:50 +0000] "GET /books/5877018fda362b38ea3950bd/edit HTTP/1.1" 304 - "-" "Mozilla/5.0 (Macintosh; Intel Mac OS X 10_12_2) AppleWebKit/537.36 (KHTML, like Gecko) Chrome/55.0.2883.95 Safari/537.36"
::1 - - [12/Jan/2017:04:14:58 +0000] "GET /books/5877018fda362b38ea3950bd/edit HTTP/1.1" 304 - "-" "Mozilla/5.0 (Macintosh; Intel Mac OS X 10_12_2) AppleWebKit/537.36 (KHTML, like Gecko) Chrome/55.0.2883.95 Safari/537.36"
::1 - - [12/Jan/2017:04:18:51 +0000] "GET /books/5877018fda362b38ea3950bd/edit HTTP/1.1" 500 2636 "-" "Mozilla/5.0 (Macintosh; Intel Mac OS X 10_12_2) AppleWebKit/537.36 (KHTML, like Gecko) Chrome/55.0.2883.95 Safari/537.36"
::1 - - [12/Jan/2017:04:19:13 +0000] "GET /books/5877018fda362b38ea3950bd/edit HTTP/1.1" 500 2636 "-" "Mozilla/5.0 (Macintosh; Intel Mac OS X 10_12_2) AppleWebKit/537.36 (KHTML, like Gecko) Chrome/55.0.2883.95 Safari/537.36"
::1 - - [12/Jan/2017:04:19:14 +0000] "GET /books/5877018fda362b38ea3950bd/edit HTTP/1.1" 500 2636 "-" "Mozilla/5.0 (Macintosh; Intel Mac OS X 10_12_2) AppleWebKit/537.36 (KHTML, like Gecko) Chrome/55.0.2883.95 Safari/537.36"
::1 - - [12/Jan/2017:04:20:35 +0000] "GET /books/5877018fda362b38ea3950bd/edit HTTP/1.1" 200 8146 "-" "Mozilla/5.0 (Macintosh; Intel Mac OS X 10_12_2) AppleWebKit/537.36 (KHTML, like Gecko) Chrome/55.0.2883.95 Safari/537.36"
::1 - - [12/Jan/2017:04:20:53 +0000] "GET / HTTP/1.1" 302 56 "http://localhost:3000/books/5877018fda362b38ea3950bd/edit" "Mozilla/5.0 (Macintosh; Intel Mac OS X 10_12_2) AppleWebKit/537.36 (KHTML, like Gecko) Chrome/55.0.2883.95 Safari/537.36"
::1 - - [12/Jan/2017:04:20:53 +0000] "GET /books HTTP/1.1" 200 14361 "http://localhost:3000/books/5877018fda362b38ea3950bd/edit" "Mozilla/5.0 (Macintosh; Intel Mac OS X 10_12_2) AppleWebKit/537.36 (KHTML, like Gecko) Chrome/55.0.2883.95 Safari/537.36"
::1 - - [12/Jan/2017:04:20:56 +0000] "GET /books/5875cdc34082054304e677b1 HTTP/1.1" 304 - "http://localhost:3000/books" "Mozilla/5.0 (Macintosh; Intel Mac OS X 10_12_2) AppleWebKit/537.36 (KHTML, like Gecko) Chrome/55.0.2883.95 Safari/537.36"
::1 - - [12/Jan/2017:04:21:01 +0000] "GET /books/5875cdc34082054304e677b1/edit HTTP/1.1" 200 8787 "-" "Mozilla/5.0 (Macintosh; Intel Mac OS X 10_12_2) AppleWebKit/537.36 (KHTML, like Gecko) Chrome/55.0.2883.95 Safari/537.36"
::1 - - [12/Jan/2017:04:29:51 +0000] "GET / HTTP/1.1" 302 56 "-" "Mozilla/5.0 (Macintosh; Intel Mac OS X 10_12_2) AppleWebKit/537.36 (KHTML, like Gecko) Chrome/55.0.2883.95 Safari/537.36"
::1 - - [12/Jan/2017:04:29:51 +0000] "GET /books HTTP/1.1" 304 - "-" "Mozilla/5.0 (Macintosh; Intel Mac OS X 10_12_2) AppleWebKit/537.36 (KHTML, like Gecko) Chrome/55.0.2883.95 Safari/537.36"
::1 - - [12/Jan/2017:04:29:55 +0000] "GET /books/5875cdc34082054304e677b2 HTTP/1.1" 200 6455 "http://localhost:3000/books" "Mozilla/5.0 (Macintosh; Intel Mac OS X 10_12_2) AppleWebKit/537.36 (KHTML, like Gecko) Chrome/55.0.2883.95 Safari/537.36"
::1 - - [12/Jan/2017:04:30:04 +0000] "GET /books/5875cdc34082054304e677b2/edit HTTP/1.1" 302 70 "-" "Mozilla/5.0 (Macintosh; Intel Mac OS X 10_12_2) AppleWebKit/537.36 (KHTML, like Gecko) Chrome/55.0.2883.95 Safari/537.36"
::1 - - [12/Jan/2017:04:30:04 +0000] "GET /users/signin HTTP/1.1" 200 6281 "-" "Mozilla/5.0 (Macintosh; Intel Mac OS X 10_12_2) AppleWebKit/537.36 (KHTML, like Gecko) Chrome/55.0.2883.95 Safari/537.36"
::1 - - [12/Jan/2017:04:30:07 +0000] "GET / HTTP/1.1" 302 56 "http://localhost:3000/users/signin" "Mozilla/5.0 (Macintosh; Intel Mac OS X 10_12_2) AppleWebKit/537.36 (KHTML, like Gecko) Chrome/55.0.2883.95 Safari/537.36"
::1 - - [12/Jan/2017:04:30:07 +0000] "GET /books HTTP/1.1" 304 - "http://localhost:3000/users/signin" "Mozilla/5.0 (Macintosh; Intel Mac OS X 10_12_2) AppleWebKit/537.36 (KHTML, like Gecko) Chrome/55.0.2883.95 Safari/537.36"
::1 - - [12/Jan/2017:04:30:10 +0000] "GET /books/new HTTP/1.1" 302 70 "-" "Mozilla/5.0 (Macintosh; Intel Mac OS X 10_12_2) AppleWebKit/537.36 (KHTML, like Gecko) Chrome/55.0.2883.95 Safari/537.36"
::1 - - [12/Jan/2017:04:30:10 +0000] "GET /users/signin HTTP/1.1" 200 6281 "-" "Mozilla/5.0 (Macintosh; Intel Mac OS X 10_12_2) AppleWebKit/537.36 (KHTML, like Gecko) Chrome/55.0.2883.95 Safari/537.36"
::1 - - [12/Jan/2017:04:30:20 +0000] "POST /users/signin HTTP/1.1" 302 56 "http://localhost:3000/users/signin" "Mozilla/5.0 (Macintosh; Intel Mac OS X 10_12_2) AppleWebKit/537.36 (KHTML, like Gecko) Chrome/55.0.2883.95 Safari/537.36"
::1 - - [12/Jan/2017:04:30:20 +0000] "GET /books HTTP/1.1" 200 14826 "http://localhost:3000/users/signin" "Mozilla/5.0 (Macintosh; Intel Mac OS X 10_12_2) AppleWebKit/537.36 (KHTML, like Gecko) Chrome/55.0.2883.95 Safari/537.36"
::1 - - [12/Jan/2017:04:30:30 +0000] "GET /books/5875cdc34082054304e677b2 HTTP/1.1" 200 6920 "http://localhost:3000/books" "Mozilla/5.0 (Macintosh; Intel Mac OS X 10_12_2) AppleWebKit/537.36 (KHTML, like Gecko) Chrome/55.0.2883.95 Safari/537.36"
