::1 - - [17/Jan/2017:02:13:05 +0000] "GET / HTTP/1.1" 302 56 "-" "Mozilla/5.0 (Macintosh; Intel Mac OS X 10_12_2) AppleWebKit/537.36 (KHTML, like Gecko) Chrome/55.0.2883.95 Safari/537.36"
::1 - - [17/Jan/2017:02:13:05 +0000] "GET /books HTTP/1.1" 200 18102 "-" "Mozilla/5.0 (Macintosh; Intel Mac OS X 10_12_2) AppleWebKit/537.36 (KHTML, like Gecko) Chrome/55.0.2883.95 Safari/537.36"
::1 - - [17/Jan/2017:02:13:08 +0000] "GET /favicon.ico HTTP/1.1" 500 3401 "http://localhost:3000/books" "Mozilla/5.0 (Macintosh; Intel Mac OS X 10_12_2) AppleWebKit/537.36 (KHTML, like Gecko) Chrome/55.0.2883.95 Safari/537.36"
::1 - - [17/Jan/2017:02:13:11 +0000] "POST /addtocart HTTP/1.1" 302 28 "http://localhost:3000/books" "Mozilla/5.0 (Macintosh; Intel Mac OS X 10_12_2) AppleWebKit/537.36 (KHTML, like Gecko) Chrome/55.0.2883.95 Safari/537.36"
::1 - - [17/Jan/2017:02:13:11 +0000] "GET /books HTTP/1.1" 304 - "http://localhost:3000/books" "Mozilla/5.0 (Macintosh; Intel Mac OS X 10_12_2) AppleWebKit/537.36 (KHTML, like Gecko) Chrome/55.0.2883.95 Safari/537.36"
::1 - - [17/Jan/2017:02:13:29 +0000] "POST /addtocart HTTP/1.1" 302 28 "http://localhost:3000/books" "Mozilla/5.0 (Macintosh; Intel Mac OS X 10_12_2) AppleWebKit/537.36 (KHTML, like Gecko) Chrome/55.0.2883.95 Safari/537.36"
::1 - - [17/Jan/2017:02:13:29 +0000] "GET /books HTTP/1.1" 304 - "http://localhost:3000/books" "Mozilla/5.0 (Macintosh; Intel Mac OS X 10_12_2) AppleWebKit/537.36 (KHTML, like Gecko) Chrome/55.0.2883.95 Safari/537.36"
::1 - - [17/Jan/2017:02:13:50 +0000] "POST /addtocart HTTP/1.1" 302 28 "http://localhost:3000/books" "Mozilla/5.0 (Macintosh; Intel Mac OS X 10_12_2) AppleWebKit/537.36 (KHTML, like Gecko) Chrome/55.0.2883.95 Safari/537.36"
::1 - - [17/Jan/2017:02:13:50 +0000] "GET /books HTTP/1.1" 304 - "http://localhost:3000/books" "Mozilla/5.0 (Macintosh; Intel Mac OS X 10_12_2) AppleWebKit/537.36 (KHTML, like Gecko) Chrome/55.0.2883.95 Safari/537.36"
::1 - - [17/Jan/2017:03:06:57 +0000] "GET /books HTTP/1.1" 500 3401 "-" "Mozilla/5.0 (Macintosh; Intel Mac OS X 10_12_2) AppleWebKit/537.36 (KHTML, like Gecko) Chrome/55.0.2883.95 Safari/537.36"
::1 - - [17/Jan/2017:03:06:57 +0000] "GET /favicon.ico HTTP/1.1" 500 3401 "http://localhost:3000/books" "Mozilla/5.0 (Macintosh; Intel Mac OS X 10_12_2) AppleWebKit/537.36 (KHTML, like Gecko) Chrome/55.0.2883.95 Safari/537.36"
::1 - - [17/Jan/2017:03:07:03 +0000] "GET /favicon.ico HTTP/1.1" 500 3401 "http://localhost:3000/books" "Mozilla/5.0 (Macintosh; Intel Mac OS X 10_12_2) AppleWebKit/537.36 (KHTML, like Gecko) Chrome/55.0.2883.95 Safari/537.36"
::1 - - [17/Jan/2017:03:07:49 +0000] "GET /books HTTP/1.1" 200 17789 "-" "Mozilla/5.0 (Macintosh; Intel Mac OS X 10_12_2) AppleWebKit/537.36 (KHTML, like Gecko) Chrome/55.0.2883.95 Safari/537.36"
::1 - - [17/Jan/2017:03:07:50 +0000] "GET /favicon.ico HTTP/1.1" 500 3401 "http://localhost:3000/books" "Mozilla/5.0 (Macintosh; Intel Mac OS X 10_12_2) AppleWebKit/537.36 (KHTML, like Gecko) Chrome/55.0.2883.95 Safari/537.36"
::1 - - [17/Jan/2017:03:08:03 +0000] "GET /books HTTP/1.1" 500 3401 "-" "Mozilla/5.0 (Macintosh; Intel Mac OS X 10_12_2) AppleWebKit/537.36 (KHTML, like Gecko) Chrome/55.0.2883.95 Safari/537.36"
::1 - - [17/Jan/2017:03:08:03 +0000] "GET /favicon.ico HTTP/1.1" 500 3401 "http://localhost:3000/books" "Mozilla/5.0 (Macintosh; Intel Mac OS X 10_12_2) AppleWebKit/537.36 (KHTML, like Gecko) Chrome/55.0.2883.95 Safari/537.36"
::1 - - [17/Jan/2017:03:08:09 +0000] "GET /books HTTP/1.1" 500 3401 "-" "Mozilla/5.0 (Macintosh; Intel Mac OS X 10_12_2) AppleWebKit/537.36 (KHTML, like Gecko) Chrome/55.0.2883.95 Safari/537.36"
::1 - - [17/Jan/2017:03:08:10 +0000] "GET /favicon.ico HTTP/1.1" 500 3401 "http://localhost:3000/books" "Mozilla/5.0 (Macintosh; Intel Mac OS X 10_12_2) AppleWebKit/537.36 (KHTML, like Gecko) Chrome/55.0.2883.95 Safari/537.36"
::1 - - [17/Jan/2017:03:13:21 +0000] "GET /books HTTP/1.1" 200 17982 "-" "Mozilla/5.0 (Macintosh; Intel Mac OS X 10_12_2) AppleWebKit/537.36 (KHTML, like Gecko) Chrome/55.0.2883.95 Safari/537.36"
::1 - - [17/Jan/2017:03:13:22 +0000] "GET /favicon.ico HTTP/1.1" 500 3401 "http://localhost:3000/books" "Mozilla/5.0 (Macintosh; Intel Mac OS X 10_12_2) AppleWebKit/537.36 (KHTML, like Gecko) Chrome/55.0.2883.95 Safari/537.36"
::1 - - [17/Jan/2017:03:13:38 +0000] "GET / HTTP/1.1" 302 56 "-" "Mozilla/5.0 (Macintosh; Intel Mac OS X 10_12_2) AppleWebKit/602.3.12 (KHTML, like Gecko) Version/10.0.2 Safari/602.3.12"
::1 - - [17/Jan/2017:03:13:39 +0000] "GET /books HTTP/1.1" 200 17789 "-" "Mozilla/5.0 (Macintosh; Intel Mac OS X 10_12_2) AppleWebKit/602.3.12 (KHTML, like Gecko) Version/10.0.2 Safari/602.3.12"
::1 - - [17/Jan/2017:03:13:49 +0000] "POST /addtocart HTTP/1.1" 302 28 "http://localhost:3000/books" "Mozilla/5.0 (Macintosh; Intel Mac OS X 10_12_2) AppleWebKit/602.3.12 (KHTML, like Gecko) Version/10.0.2 Safari/602.3.12"
::1 - - [17/Jan/2017:03:13:49 +0000] "GET /books HTTP/1.1" 200 17982 "http://localhost:3000/books" "Mozilla/5.0 (Macintosh; Intel Mac OS X 10_12_2) AppleWebKit/602.3.12 (KHTML, like Gecko) Version/10.0.2 Safari/602.3.12"
::1 - - [17/Jan/2017:03:13:52 +0000] "POST /addtocart HTTP/1.1" 302 28 "http://localhost:3000/books" "Mozilla/5.0 (Macintosh; Intel Mac OS X 10_12_2) AppleWebKit/602.3.12 (KHTML, like Gecko) Version/10.0.2 Safari/602.3.12"
::1 - - [17/Jan/2017:03:13:52 +0000] "GET /books HTTP/1.1" 200 17982 "http://localhost:3000/books" "Mozilla/5.0 (Macintosh; Intel Mac OS X 10_12_2) AppleWebKit/602.3.12 (KHTML, like Gecko) Version/10.0.2 Safari/602.3.12"
::1 - - [17/Jan/2017:03:13:59 +0000] "GET / HTTP/1.1" 302 56 "http://localhost:3000/books" "Mozilla/5.0 (Macintosh; Intel Mac OS X 10_12_2) AppleWebKit/602.3.12 (KHTML, like Gecko) Version/10.0.2 Safari/602.3.12"
::1 - - [17/Jan/2017:03:13:59 +0000] "GET /books HTTP/1.1" 200 17982 "http://localhost:3000/books" "Mozilla/5.0 (Macintosh; Intel Mac OS X 10_12_2) AppleWebKit/602.3.12 (KHTML, like Gecko) Version/10.0.2 Safari/602.3.12"
::1 - - [17/Jan/2017:03:14:34 +0000] "GET /books HTTP/1.1" 200 17979 "http://localhost:3000/books" "Mozilla/5.0 (Macintosh; Intel Mac OS X 10_12_2) AppleWebKit/602.3.12 (KHTML, like Gecko) Version/10.0.2 Safari/602.3.12"
::1 - - [17/Jan/2017:03:15:53 +0000] "GET /books/5877018fda362b38ea3950bd HTTP/1.1" 200 5724 "http://localhost:3000/books" "Mozilla/5.0 (Macintosh; Intel Mac OS X 10_12_2) AppleWebKit/602.3.12 (KHTML, like Gecko) Version/10.0.2 Safari/602.3.12"
::1 - - [17/Jan/2017:03:15:56 +0000] "GET /books/5877018fda362b38ea3950bd HTTP/1.1" 304 - "http://localhost:3000/books" "Mozilla/5.0 (Macintosh; Intel Mac OS X 10_12_2) AppleWebKit/602.3.12 (KHTML, like Gecko) Version/10.0.2 Safari/602.3.12"
::1 - - [17/Jan/2017:03:19:01 +0000] "GET / HTTP/1.1" 302 56 "http://localhost:3000/books/5877018fda362b38ea3950bd" "Mozilla/5.0 (Macintosh; Intel Mac OS X 10_12_2) AppleWebKit/602.3.12 (KHTML, like Gecko) Version/10.0.2 Safari/602.3.12"
::1 - - [17/Jan/2017:03:19:01 +0000] "GET /books HTTP/1.1" 200 17979 "http://localhost:3000/books/5877018fda362b38ea3950bd" "Mozilla/5.0 (Macintosh; Intel Mac OS X 10_12_2) AppleWebKit/602.3.12 (KHTML, like Gecko) Version/10.0.2 Safari/602.3.12"
::1 - - [17/Jan/2017:03:20:26 +0000] "GET /books HTTP/1.1" 200 17979 "http://localhost:3000/books/5877018fda362b38ea3950bd" "Mozilla/5.0 (Macintosh; Intel Mac OS X 10_12_2) AppleWebKit/602.3.12 (KHTML, like Gecko) Version/10.0.2 Safari/602.3.12"
::1 - - [17/Jan/2017:03:20:35 +0000] "GET /books/5877018fda362b38ea3950bd HTTP/1.1" 500 3401 "http://localhost:3000/books" "Mozilla/5.0 (Macintosh; Intel Mac OS X 10_12_2) AppleWebKit/602.3.12 (KHTML, like Gecko) Version/10.0.2 Safari/602.3.12"
::1 - - [17/Jan/2017:03:21:04 +0000] "GET /books/5877018fda362b38ea3950bd HTTP/1.1" 200 6102 "http://localhost:3000/books" "Mozilla/5.0 (Macintosh; Intel Mac OS X 10_12_2) AppleWebKit/602.3.12 (KHTML, like Gecko) Version/10.0.2 Safari/602.3.12"
::1 - - [17/Jan/2017:03:21:04 +0000] "GET /books/js/ajaxAddToCart.js HTTP/1.1" 500 3401 "http://localhost:3000/books/5877018fda362b38ea3950bd" "Mozilla/5.0 (Macintosh; Intel Mac OS X 10_12_2) AppleWebKit/602.3.12 (KHTML, like Gecko) Version/10.0.2 Safari/602.3.12"
::1 - - [17/Jan/2017:03:23:04 +0000] "GET /books/5877018fda362b38ea3950bd HTTP/1.1" 200 5911 "http://localhost:3000/books" "Mozilla/5.0 (Macintosh; Intel Mac OS X 10_12_2) AppleWebKit/602.3.12 (KHTML, like Gecko) Version/10.0.2 Safari/602.3.12"
::1 - - [17/Jan/2017:03:23:04 +0000] "GET /books/js/ajaxAddToCart.js HTTP/1.1" 500 3401 "http://localhost:3000/books/5877018fda362b38ea3950bd" "Mozilla/5.0 (Macintosh; Intel Mac OS X 10_12_2) AppleWebKit/602.3.12 (KHTML, like Gecko) Version/10.0.2 Safari/602.3.12"
::1 - - [17/Jan/2017:03:23:19 +0000] "GET /cart HTTP/1.1" 500 3401 "http://localhost:3000/books/5877018fda362b38ea3950bd" "Mozilla/5.0 (Macintosh; Intel Mac OS X 10_12_2) AppleWebKit/602.3.12 (KHTML, like Gecko) Version/10.0.2 Safari/602.3.12"
::1 - - [17/Jan/2017:03:56:25 +0000] "GET / HTTP/1.1" 302 56 "-" "Mozilla/5.0 (Macintosh; Intel Mac OS X 10_12_2) AppleWebKit/602.3.12 (KHTML, like Gecko) Version/10.0.2 Safari/602.3.12"
::1 - - [17/Jan/2017:03:56:25 +0000] "GET /books HTTP/1.1" 200 17789 "-" "Mozilla/5.0 (Macintosh; Intel Mac OS X 10_12_2) AppleWebKit/602.3.12 (KHTML, like Gecko) Version/10.0.2 Safari/602.3.12"
::1 - - [17/Jan/2017:03:57:53 +0000] "GET /books HTTP/1.1" 200 17789 "-" "Mozilla/5.0 (Macintosh; Intel Mac OS X 10_12_2) AppleWebKit/602.3.12 (KHTML, like Gecko) Version/10.0.2 Safari/602.3.12"
::1 - - [17/Jan/2017:03:58:04 +0000] "GET /cart HTTP/1.1" 302 68 "-" "Mozilla/5.0 (Macintosh; Intel Mac OS X 10_12_2) AppleWebKit/602.3.12 (KHTML, like Gecko) Version/10.0.2 Safari/602.3.12"
::1 - - [17/Jan/2017:03:58:04 +0000] "GET /carts/index HTTP/1.1" 500 3401 "-" "Mozilla/5.0 (Macintosh; Intel Mac OS X 10_12_2) AppleWebKit/602.3.12 (KHTML, like Gecko) Version/10.0.2 Safari/602.3.12"
::1 - - [17/Jan/2017:03:59:03 +0000] "GET /carts/index HTTP/1.1" 500 3401 "-" "Mozilla/5.0 (Macintosh; Intel Mac OS X 10_12_2) AppleWebKit/602.3.12 (KHTML, like Gecko) Version/10.0.2 Safari/602.3.12"
::1 - - [17/Jan/2017:03:59:09 +0000] "GET /cart HTTP/1.1" 302 68 "-" "Mozilla/5.0 (Macintosh; Intel Mac OS X 10_12_2) AppleWebKit/602.3.12 (KHTML, like Gecko) Version/10.0.2 Safari/602.3.12"
::1 - - [17/Jan/2017:03:59:09 +0000] "GET /carts/index HTTP/1.1" 500 3401 "-" "Mozilla/5.0 (Macintosh; Intel Mac OS X 10_12_2) AppleWebKit/602.3.12 (KHTML, like Gecko) Version/10.0.2 Safari/602.3.12"
::1 - - [17/Jan/2017:03:59:49 +0000] "GET / HTTP/1.1" 302 56 "-" "Mozilla/5.0 (Macintosh; Intel Mac OS X 10_12_2) AppleWebKit/602.3.12 (KHTML, like Gecko) Version/10.0.2 Safari/602.3.12"
::1 - - [17/Jan/2017:03:59:49 +0000] "GET /books HTTP/1.1" 200 17789 "-" "Mozilla/5.0 (Macintosh; Intel Mac OS X 10_12_2) AppleWebKit/602.3.12 (KHTML, like Gecko) Version/10.0.2 Safari/602.3.12"
::1 - - [17/Jan/2017:03:59:57 +0000] "GET /cart HTTP/1.1" 302 66 "-" "Mozilla/5.0 (Macintosh; Intel Mac OS X 10_12_2) AppleWebKit/602.3.12 (KHTML, like Gecko) Version/10.0.2 Safari/602.3.12"
::1 - - [17/Jan/2017:03:59:57 +0000] "GET /cart/index HTTP/1.1" 500 3401 "-" "Mozilla/5.0 (Macintosh; Intel Mac OS X 10_12_2) AppleWebKit/602.3.12 (KHTML, like Gecko) Version/10.0.2 Safari/602.3.12"
::1 - - [17/Jan/2017:04:01:14 +0000] "GET / HTTP/1.1" 302 56 "-" "Mozilla/5.0 (Macintosh; Intel Mac OS X 10_12_2) AppleWebKit/602.3.12 (KHTML, like Gecko) Version/10.0.2 Safari/602.3.12"
::1 - - [17/Jan/2017:04:01:14 +0000] "GET /books HTTP/1.1" 200 17789 "-" "Mozilla/5.0 (Macintosh; Intel Mac OS X 10_12_2) AppleWebKit/602.3.12 (KHTML, like Gecko) Version/10.0.2 Safari/602.3.12"
::1 - - [17/Jan/2017:04:01:24 +0000] "GET /cart HTTP/1.1" 302 64 "-" "Mozilla/5.0 (Macintosh; Intel Mac OS X 10_12_2) AppleWebKit/602.3.12 (KHTML, like Gecko) Version/10.0.2 Safari/602.3.12"
::1 - - [17/Jan/2017:04:01:24 +0000] "GET /cart/index HTTP/1.1" 500 3401 "-" "Mozilla/5.0 (Macintosh; Intel Mac OS X 10_12_2) AppleWebKit/602.3.12 (KHTML, like Gecko) Version/10.0.2 Safari/602.3.12"
::1 - - [17/Jan/2017:04:33:25 +0000] "GET /apple-touch-icon-precomposed.png HTTP/1.1" 500 3401 "-" "Safari/12602.3.12.0.1 CFNetwork/807.2.14 Darwin/16.3.0 (x86_64)"
::1 - - [17/Jan/2017:04:33:25 +0000] "GET /apple-touch-icon.png HTTP/1.1" 500 3401 "-" "Safari/12602.3.12.0.1 CFNetwork/807.2.14 Darwin/16.3.0 (x86_64)"
::1 - - [17/Jan/2017:07:52:26 +0000] "GET / HTTP/1.1" 302 56 "-" "Mozilla/5.0 (Macintosh; Intel Mac OS X 10_12_2) AppleWebKit/537.36 (KHTML, like Gecko) Chrome/55.0.2883.95 Safari/537.36"
::1 - - [17/Jan/2017:07:52:26 +0000] "GET /books HTTP/1.1" 200 17789 "-" "Mozilla/5.0 (Macintosh; Intel Mac OS X 10_12_2) AppleWebKit/537.36 (KHTML, like Gecko) Chrome/55.0.2883.95 Safari/537.36"
::1 - - [17/Jan/2017:07:52:28 +0000] "GET /favicon.ico HTTP/1.1" 500 3401 "http://localhost:3000/books" "Mozilla/5.0 (Macintosh; Intel Mac OS X 10_12_2) AppleWebKit/537.36 (KHTML, like Gecko) Chrome/55.0.2883.95 Safari/537.36"
::1 - - [17/Jan/2017:07:52:32 +0000] "GET /cart HTTP/1.1" 302 64 "-" "Mozilla/5.0 (Macintosh; Intel Mac OS X 10_12_2) AppleWebKit/537.36 (KHTML, like Gecko) Chrome/55.0.2883.95 Safari/537.36"
::1 - - [17/Jan/2017:07:52:32 +0000] "GET /cart/index HTTP/1.1" 500 3401 "-" "Mozilla/5.0 (Macintosh; Intel Mac OS X 10_12_2) AppleWebKit/537.36 (KHTML, like Gecko) Chrome/55.0.2883.95 Safari/537.36"
::1 - - [17/Jan/2017:07:52:32 +0000] "GET /favicon.ico HTTP/1.1" 500 3401 "http://localhost:3000/cart/index" "Mozilla/5.0 (Macintosh; Intel Mac OS X 10_12_2) AppleWebKit/537.36 (KHTML, like Gecko) Chrome/55.0.2883.95 Safari/537.36"
::1 - - [17/Jan/2017:07:52:41 +0000] "GET /cart/index HTTP/1.1" 500 3401 "-" "Mozilla/5.0 (Macintosh; Intel Mac OS X 10_12_2) AppleWebKit/537.36 (KHTML, like Gecko) Chrome/55.0.2883.95 Safari/537.36"
::1 - - [17/Jan/2017:07:52:41 +0000] "GET /favicon.ico HTTP/1.1" 500 3401 "http://localhost:3000/cart/index" "Mozilla/5.0 (Macintosh; Intel Mac OS X 10_12_2) AppleWebKit/537.36 (KHTML, like Gecko) Chrome/55.0.2883.95 Safari/537.36"
::1 - - [17/Jan/2017:07:52:49 +0000] "GET / HTTP/1.1" 302 56 "-" "Mozilla/5.0 (Macintosh; Intel Mac OS X 10_12_2) AppleWebKit/537.36 (KHTML, like Gecko) Chrome/55.0.2883.95 Safari/537.36"
::1 - - [17/Jan/2017:07:52:49 +0000] "GET /books HTTP/1.1" 304 - "-" "Mozilla/5.0 (Macintosh; Intel Mac OS X 10_12_2) AppleWebKit/537.36 (KHTML, like Gecko) Chrome/55.0.2883.95 Safari/537.36"
::1 - - [17/Jan/2017:07:52:50 +0000] "GET /favicon.ico HTTP/1.1" 500 3401 "http://localhost:3000/books" "Mozilla/5.0 (Macintosh; Intel Mac OS X 10_12_2) AppleWebKit/537.36 (KHTML, like Gecko) Chrome/55.0.2883.95 Safari/537.36"
::1 - - [17/Jan/2017:07:53:07 +0000] "GET / HTTP/1.1" 302 56 "-" "Mozilla/5.0 (Macintosh; Intel Mac OS X 10_12_2) AppleWebKit/537.36 (KHTML, like Gecko) Chrome/55.0.2883.95 Safari/537.36"
::1 - - [17/Jan/2017:07:53:07 +0000] "GET /books HTTP/1.1" 304 - "-" "Mozilla/5.0 (Macintosh; Intel Mac OS X 10_12_2) AppleWebKit/537.36 (KHTML, like Gecko) Chrome/55.0.2883.95 Safari/537.36"
::1 - - [17/Jan/2017:07:53:08 +0000] "GET /favicon.ico HTTP/1.1" 500 3401 "http://localhost:3000/books" "Mozilla/5.0 (Macintosh; Intel Mac OS X 10_12_2) AppleWebKit/537.36 (KHTML, like Gecko) Chrome/55.0.2883.95 Safari/537.36"
::1 - - [17/Jan/2017:07:53:29 +0000] "GET /cart HTTP/1.1" 200 15 "-" "Mozilla/5.0 (Macintosh; Intel Mac OS X 10_12_2) AppleWebKit/537.36 (KHTML, like Gecko) Chrome/55.0.2883.95 Safari/537.36"
::1 - - [17/Jan/2017:07:53:30 +0000] "GET /favicon.ico HTTP/1.1" 500 3401 "http://localhost:3000/cart" "Mozilla/5.0 (Macintosh; Intel Mac OS X 10_12_2) AppleWebKit/537.36 (KHTML, like Gecko) Chrome/55.0.2883.95 Safari/537.36"
::1 - - [17/Jan/2017:07:53:43 +0000] "GET /cart HTTP/1.1" 304 - "-" "Mozilla/5.0 (Macintosh; Intel Mac OS X 10_12_2) AppleWebKit/537.36 (KHTML, like Gecko) Chrome/55.0.2883.95 Safari/537.36"
::1 - - [17/Jan/2017:07:53:43 +0000] "GET /favicon.ico HTTP/1.1" 500 3401 "http://localhost:3000/cart" "Mozilla/5.0 (Macintosh; Intel Mac OS X 10_12_2) AppleWebKit/537.36 (KHTML, like Gecko) Chrome/55.0.2883.95 Safari/537.36"
::1 - - [17/Jan/2017:07:53:45 +0000] "GET /cart HTTP/1.1" 304 - "-" "Mozilla/5.0 (Macintosh; Intel Mac OS X 10_12_2) AppleWebKit/537.36 (KHTML, like Gecko) Chrome/55.0.2883.95 Safari/537.36"
::1 - - [17/Jan/2017:07:53:45 +0000] "GET /favicon.ico HTTP/1.1" 500 3401 "http://localhost:3000/cart" "Mozilla/5.0 (Macintosh; Intel Mac OS X 10_12_2) AppleWebKit/537.36 (KHTML, like Gecko) Chrome/55.0.2883.95 Safari/537.36"
::1 - - [17/Jan/2017:07:53:53 +0000] "GET /cart HTTP/1.1" 304 - "-" "Mozilla/5.0 (Macintosh; Intel Mac OS X 10_12_2) AppleWebKit/537.36 (KHTML, like Gecko) Chrome/55.0.2883.95 Safari/537.36"
::1 - - [17/Jan/2017:07:53:53 +0000] "GET /favicon.ico HTTP/1.1" 500 3401 "http://localhost:3000/cart" "Mozilla/5.0 (Macintosh; Intel Mac OS X 10_12_2) AppleWebKit/537.36 (KHTML, like Gecko) Chrome/55.0.2883.95 Safari/537.36"
::1 - - [17/Jan/2017:07:54:28 +0000] "GET /cart HTTP/1.1" 200 111 "-" "Mozilla/5.0 (Macintosh; Intel Mac OS X 10_12_2) AppleWebKit/537.36 (KHTML, like Gecko) Chrome/55.0.2883.95 Safari/537.36"
::1 - - [17/Jan/2017:07:54:29 +0000] "GET /favicon.ico HTTP/1.1" 500 3401 "http://localhost:3000/cart" "Mozilla/5.0 (Macintosh; Intel Mac OS X 10_12_2) AppleWebKit/537.36 (KHTML, like Gecko) Chrome/55.0.2883.95 Safari/537.36"
::1 - - [17/Jan/2017:07:55:04 +0000] "GET /cart HTTP/1.1" 200 4389 "-" "Mozilla/5.0 (Macintosh; Intel Mac OS X 10_12_2) AppleWebKit/537.36 (KHTML, like Gecko) Chrome/55.0.2883.95 Safari/537.36"
::1 - - [17/Jan/2017:07:55:04 +0000] "GET /favicon.ico HTTP/1.1" 500 3401 "http://localhost:3000/cart" "Mozilla/5.0 (Macintosh; Intel Mac OS X 10_12_2) AppleWebKit/537.36 (KHTML, like Gecko) Chrome/55.0.2883.95 Safari/537.36"
::1 - - [17/Jan/2017:07:55:19 +0000] "GET /cart HTTP/1.1" 200 4392 "-" "Mozilla/5.0 (Macintosh; Intel Mac OS X 10_12_2) AppleWebKit/537.36 (KHTML, like Gecko) Chrome/55.0.2883.95 Safari/537.36"
::1 - - [17/Jan/2017:07:55:19 +0000] "GET /favicon.ico HTTP/1.1" 500 3401 "http://localhost:3000/cart" "Mozilla/5.0 (Macintosh; Intel Mac OS X 10_12_2) AppleWebKit/537.36 (KHTML, like Gecko) Chrome/55.0.2883.95 Safari/537.36"
::1 - - [17/Jan/2017:07:55:27 +0000] "GET /cart HTTP/1.1" 200 4375 "-" "Mozilla/5.0 (Macintosh; Intel Mac OS X 10_12_2) AppleWebKit/537.36 (KHTML, like Gecko) Chrome/55.0.2883.95 Safari/537.36"
::1 - - [17/Jan/2017:07:55:27 +0000] "GET /favicon.ico HTTP/1.1" 500 3401 "http://localhost:3000/cart" "Mozilla/5.0 (Macintosh; Intel Mac OS X 10_12_2) AppleWebKit/537.36 (KHTML, like Gecko) Chrome/55.0.2883.95 Safari/537.36"
::1 - - [17/Jan/2017:07:55:34 +0000] "GET /cart HTTP/1.1" 200 4362 "-" "Mozilla/5.0 (Macintosh; Intel Mac OS X 10_12_2) AppleWebKit/537.36 (KHTML, like Gecko) Chrome/55.0.2883.95 Safari/537.36"
::1 - - [17/Jan/2017:07:55:34 +0000] "GET /favicon.ico HTTP/1.1" 500 3401 "http://localhost:3000/cart" "Mozilla/5.0 (Macintosh; Intel Mac OS X 10_12_2) AppleWebKit/537.36 (KHTML, like Gecko) Chrome/55.0.2883.95 Safari/537.36"
::1 - - [17/Jan/2017:07:55:40 +0000] "GET / HTTP/1.1" 302 56 "http://localhost:3000/cart" "Mozilla/5.0 (Macintosh; Intel Mac OS X 10_12_2) AppleWebKit/537.36 (KHTML, like Gecko) Chrome/55.0.2883.95 Safari/537.36"
::1 - - [17/Jan/2017:07:55:40 +0000] "GET /books HTTP/1.1" 304 - "http://localhost:3000/cart" "Mozilla/5.0 (Macintosh; Intel Mac OS X 10_12_2) AppleWebKit/537.36 (KHTML, like Gecko) Chrome/55.0.2883.95 Safari/537.36"
::1 - - [17/Jan/2017:07:55:40 +0000] "GET /favicon.ico HTTP/1.1" 500 3401 "http://localhost:3000/books" "Mozilla/5.0 (Macintosh; Intel Mac OS X 10_12_2) AppleWebKit/537.36 (KHTML, like Gecko) Chrome/55.0.2883.95 Safari/537.36"
::1 - - [17/Jan/2017:07:55:42 +0000] "POST /addtocart HTTP/1.1" 302 28 "http://localhost:3000/books" "Mozilla/5.0 (Macintosh; Intel Mac OS X 10_12_2) AppleWebKit/537.36 (KHTML, like Gecko) Chrome/55.0.2883.95 Safari/537.36"
::1 - - [17/Jan/2017:07:55:42 +0000] "GET /books HTTP/1.1" 200 18032 "http://localhost:3000/books" "Mozilla/5.0 (Macintosh; Intel Mac OS X 10_12_2) AppleWebKit/537.36 (KHTML, like Gecko) Chrome/55.0.2883.95 Safari/537.36"
::1 - - [17/Jan/2017:07:55:44 +0000] "POST /addtocart HTTP/1.1" 302 28 "http://localhost:3000/books" "Mozilla/5.0 (Macintosh; Intel Mac OS X 10_12_2) AppleWebKit/537.36 (KHTML, like Gecko) Chrome/55.0.2883.95 Safari/537.36"
::1 - - [17/Jan/2017:07:55:44 +0000] "GET /books HTTP/1.1" 200 18032 "http://localhost:3000/books" "Mozilla/5.0 (Macintosh; Intel Mac OS X 10_12_2) AppleWebKit/537.36 (KHTML, like Gecko) Chrome/55.0.2883.95 Safari/537.36"
::1 - - [17/Jan/2017:07:55:45 +0000] "POST /addtocart HTTP/1.1" 302 28 "http://localhost:3000/books" "Mozilla/5.0 (Macintosh; Intel Mac OS X 10_12_2) AppleWebKit/537.36 (KHTML, like Gecko) Chrome/55.0.2883.95 Safari/537.36"
::1 - - [17/Jan/2017:07:55:45 +0000] "GET /books HTTP/1.1" 200 18032 "http://localhost:3000/books" "Mozilla/5.0 (Macintosh; Intel Mac OS X 10_12_2) AppleWebKit/537.36 (KHTML, like Gecko) Chrome/55.0.2883.95 Safari/537.36"
::1 - - [17/Jan/2017:07:55:46 +0000] "GET /books HTTP/1.1" 304 - "http://localhost:3000/cart" "Mozilla/5.0 (Macintosh; Intel Mac OS X 10_12_2) AppleWebKit/537.36 (KHTML, like Gecko) Chrome/55.0.2883.95 Safari/537.36"
::1 - - [17/Jan/2017:07:55:47 +0000] "GET /favicon.ico HTTP/1.1" 500 3401 "http://localhost:3000/books" "Mozilla/5.0 (Macintosh; Intel Mac OS X 10_12_2) AppleWebKit/537.36 (KHTML, like Gecko) Chrome/55.0.2883.95 Safari/537.36"
::1 - - [17/Jan/2017:07:55:51 +0000] "GET /cart HTTP/1.1" 200 4626 "http://localhost:3000/books" "Mozilla/5.0 (Macintosh; Intel Mac OS X 10_12_2) AppleWebKit/537.36 (KHTML, like Gecko) Chrome/55.0.2883.95 Safari/537.36"
::1 - - [17/Jan/2017:07:55:52 +0000] "GET /favicon.ico HTTP/1.1" 500 3401 "http://localhost:3000/cart" "Mozilla/5.0 (Macintosh; Intel Mac OS X 10_12_2) AppleWebKit/537.36 (KHTML, like Gecko) Chrome/55.0.2883.95 Safari/537.36"
::1 - - [17/Jan/2017:07:56:13 +0000] "GET /cart HTTP/1.1" 200 4627 "http://localhost:3000/books" "Mozilla/5.0 (Macintosh; Intel Mac OS X 10_12_2) AppleWebKit/537.36 (KHTML, like Gecko) Chrome/55.0.2883.95 Safari/537.36"
::1 - - [17/Jan/2017:07:56:14 +0000] "GET /favicon.ico HTTP/1.1" 500 3401 "http://localhost:3000/cart" "Mozilla/5.0 (Macintosh; Intel Mac OS X 10_12_2) AppleWebKit/537.36 (KHTML, like Gecko) Chrome/55.0.2883.95 Safari/537.36"
::1 - - [17/Jan/2017:07:56:31 +0000] "GET /cart HTTP/1.1" 200 4617 "http://localhost:3000/books" "Mozilla/5.0 (Macintosh; Intel Mac OS X 10_12_2) AppleWebKit/537.36 (KHTML, like Gecko) Chrome/55.0.2883.95 Safari/537.36"
::1 - - [17/Jan/2017:07:56:31 +0000] "GET /favicon.ico HTTP/1.1" 500 3401 "http://localhost:3000/cart" "Mozilla/5.0 (Macintosh; Intel Mac OS X 10_12_2) AppleWebKit/537.36 (KHTML, like Gecko) Chrome/55.0.2883.95 Safari/537.36"
::1 - - [17/Jan/2017:09:19:17 +0000] "GET /cart HTTP/1.1" 200 4362 "http://localhost:3000/books" "Mozilla/5.0 (Macintosh; Intel Mac OS X 10_12_2) AppleWebKit/537.36 (KHTML, like Gecko) Chrome/55.0.2883.95 Safari/537.36"
::1 - - [17/Jan/2017:09:19:17 +0000] "GET /favicon.ico HTTP/1.1" 500 3401 "http://localhost:3000/cart" "Mozilla/5.0 (Macintosh; Intel Mac OS X 10_12_2) AppleWebKit/537.36 (KHTML, like Gecko) Chrome/55.0.2883.95 Safari/537.36"
::1 - - [17/Jan/2017:09:19:43 +0000] "GET / HTTP/1.1" 302 56 "-" "Mozilla/5.0 (Macintosh; Intel Mac OS X 10_12_2) AppleWebKit/537.36 (KHTML, like Gecko) Chrome/55.0.2883.87 Safari/537.36 OPR/42.0.2393.94"
::1 - - [17/Jan/2017:09:19:43 +0000] "GET /books HTTP/1.1" 200 17789 "-" "Mozilla/5.0 (Macintosh; Intel Mac OS X 10_12_2) AppleWebKit/537.36 (KHTML, like Gecko) Chrome/55.0.2883.87 Safari/537.36 OPR/42.0.2393.94"
::1 - - [17/Jan/2017:09:19:45 +0000] "GET /favicon.ico HTTP/1.1" 500 3401 "http://localhost:3000/books" "Mozilla/5.0 (Macintosh; Intel Mac OS X 10_12_2) AppleWebKit/537.36 (KHTML, like Gecko) Chrome/55.0.2883.87 Safari/537.36 OPR/42.0.2393.94"
::1 - - [17/Jan/2017:09:19:48 +0000] "POST /addtocart HTTP/1.1" 302 28 "http://localhost:3000/books" "Mozilla/5.0 (Macintosh; Intel Mac OS X 10_12_2) AppleWebKit/537.36 (KHTML, like Gecko) Chrome/55.0.2883.87 Safari/537.36 OPR/42.0.2393.94"
::1 - - [17/Jan/2017:09:19:48 +0000] "GET /books HTTP/1.1" 200 18023 "http://localhost:3000/books" "Mozilla/5.0 (Macintosh; Intel Mac OS X 10_12_2) AppleWebKit/537.36 (KHTML, like Gecko) Chrome/55.0.2883.87 Safari/537.36 OPR/42.0.2393.94"
::1 - - [17/Jan/2017:09:19:49 +0000] "POST /addtocart HTTP/1.1" 302 28 "http://localhost:3000/books" "Mozilla/5.0 (Macintosh; Intel Mac OS X 10_12_2) AppleWebKit/537.36 (KHTML, like Gecko) Chrome/55.0.2883.87 Safari/537.36 OPR/42.0.2393.94"
::1 - - [17/Jan/2017:09:19:49 +0000] "GET /books HTTP/1.1" 200 18023 "http://localhost:3000/books" "Mozilla/5.0 (Macintosh; Intel Mac OS X 10_12_2) AppleWebKit/537.36 (KHTML, like Gecko) Chrome/55.0.2883.87 Safari/537.36 OPR/42.0.2393.94"
::1 - - [17/Jan/2017:09:19:51 +0000] "POST /addtocart HTTP/1.1" 302 28 "http://localhost:3000/books" "Mozilla/5.0 (Macintosh; Intel Mac OS X 10_12_2) AppleWebKit/537.36 (KHTML, like Gecko) Chrome/55.0.2883.87 Safari/537.36 OPR/42.0.2393.94"
::1 - - [17/Jan/2017:09:19:51 +0000] "GET /books HTTP/1.1" 200 18023 "http://localhost:3000/books" "Mozilla/5.0 (Macintosh; Intel Mac OS X 10_12_2) AppleWebKit/537.36 (KHTML, like Gecko) Chrome/55.0.2883.87 Safari/537.36 OPR/42.0.2393.94"
::1 - - [17/Jan/2017:09:19:53 +0000] "GET /books HTTP/1.1" 304 - "-" "Mozilla/5.0 (Macintosh; Intel Mac OS X 10_12_2) AppleWebKit/537.36 (KHTML, like Gecko) Chrome/55.0.2883.87 Safari/537.36 OPR/42.0.2393.94"
::1 - - [17/Jan/2017:09:19:53 +0000] "GET /favicon.ico HTTP/1.1" 500 3401 "http://localhost:3000/books" "Mozilla/5.0 (Macintosh; Intel Mac OS X 10_12_2) AppleWebKit/537.36 (KHTML, like Gecko) Chrome/55.0.2883.87 Safari/537.36 OPR/42.0.2393.94"
::1 - - [17/Jan/2017:09:19:55 +0000] "GET /cart HTTP/1.1" 500 3401 "http://localhost:3000/books" "Mozilla/5.0 (Macintosh; Intel Mac OS X 10_12_2) AppleWebKit/537.36 (KHTML, like Gecko) Chrome/55.0.2883.87 Safari/537.36 OPR/42.0.2393.94"
::1 - - [17/Jan/2017:09:19:55 +0000] "GET /favicon.ico HTTP/1.1" 500 3401 "http://localhost:3000/cart" "Mozilla/5.0 (Macintosh; Intel Mac OS X 10_12_2) AppleWebKit/537.36 (KHTML, like Gecko) Chrome/55.0.2883.87 Safari/537.36 OPR/42.0.2393.94"
::1 - - [17/Jan/2017:09:36:33 +0000] "GET / HTTP/1.1" 302 56 "-" "Mozilla/5.0 (Macintosh; Intel Mac OS X 10_12_2) AppleWebKit/537.36 (KHTML, like Gecko) Chrome/55.0.2883.87 Safari/537.36 OPR/42.0.2393.94"
::1 - - [17/Jan/2017:09:36:33 +0000] "GET /books HTTP/1.1" 304 - "-" "Mozilla/5.0 (Macintosh; Intel Mac OS X 10_12_2) AppleWebKit/537.36 (KHTML, like Gecko) Chrome/55.0.2883.87 Safari/537.36 OPR/42.0.2393.94"
::1 - - [17/Jan/2017:09:36:33 +0000] "GET /favicon.ico HTTP/1.1" 500 3401 "http://localhost:3000/books" "Mozilla/5.0 (Macintosh; Intel Mac OS X 10_12_2) AppleWebKit/537.36 (KHTML, like Gecko) Chrome/55.0.2883.87 Safari/537.36 OPR/42.0.2393.94"
::1 - - [17/Jan/2017:09:36:35 +0000] "GET /cart HTTP/1.1" 500 3401 "http://localhost:3000/books" "Mozilla/5.0 (Macintosh; Intel Mac OS X 10_12_2) AppleWebKit/537.36 (KHTML, like Gecko) Chrome/55.0.2883.87 Safari/537.36 OPR/42.0.2393.94"
::1 - - [17/Jan/2017:09:36:35 +0000] "GET /favicon.ico HTTP/1.1" 500 3401 "http://localhost:3000/cart" "Mozilla/5.0 (Macintosh; Intel Mac OS X 10_12_2) AppleWebKit/537.36 (KHTML, like Gecko) Chrome/55.0.2883.87 Safari/537.36 OPR/42.0.2393.94"
::1 - - [17/Jan/2017:09:36:56 +0000] "GET /cart HTTP/1.1" 500 3401 "http://localhost:3000/books" "Mozilla/5.0 (Macintosh; Intel Mac OS X 10_12_2) AppleWebKit/537.36 (KHTML, like Gecko) Chrome/55.0.2883.87 Safari/537.36 OPR/42.0.2393.94"
::1 - - [17/Jan/2017:09:36:56 +0000] "GET /favicon.ico HTTP/1.1" 500 3401 "http://localhost:3000/cart" "Mozilla/5.0 (Macintosh; Intel Mac OS X 10_12_2) AppleWebKit/537.36 (KHTML, like Gecko) Chrome/55.0.2883.87 Safari/537.36 OPR/42.0.2393.94"
::1 - - [17/Jan/2017:09:36:57 +0000] "GET /cart HTTP/1.1" 500 3401 "http://localhost:3000/books" "Mozilla/5.0 (Macintosh; Intel Mac OS X 10_12_2) AppleWebKit/537.36 (KHTML, like Gecko) Chrome/55.0.2883.87 Safari/537.36 OPR/42.0.2393.94"
::1 - - [17/Jan/2017:09:36:57 +0000] "GET /favicon.ico HTTP/1.1" 500 3401 "http://localhost:3000/cart" "Mozilla/5.0 (Macintosh; Intel Mac OS X 10_12_2) AppleWebKit/537.36 (KHTML, like Gecko) Chrome/55.0.2883.87 Safari/537.36 OPR/42.0.2393.94"
::1 - - [17/Jan/2017:09:37:25 +0000] "GET /cart HTTP/1.1" 200 4528 "http://localhost:3000/books" "Mozilla/5.0 (Macintosh; Intel Mac OS X 10_12_2) AppleWebKit/537.36 (KHTML, like Gecko) Chrome/55.0.2883.87 Safari/537.36 OPR/42.0.2393.94"
::1 - - [17/Jan/2017:09:37:25 +0000] "GET /favicon.ico HTTP/1.1" 500 3401 "http://localhost:3000/cart" "Mozilla/5.0 (Macintosh; Intel Mac OS X 10_12_2) AppleWebKit/537.36 (KHTML, like Gecko) Chrome/55.0.2883.87 Safari/537.36 OPR/42.0.2393.94"
::1 - - [17/Jan/2017:09:37:50 +0000] "GET /cart HTTP/1.1" 500 3401 "http://localhost:3000/books" "Mozilla/5.0 (Macintosh; Intel Mac OS X 10_12_2) AppleWebKit/537.36 (KHTML, like Gecko) Chrome/55.0.2883.87 Safari/537.36 OPR/42.0.2393.94"
::1 - - [17/Jan/2017:09:37:50 +0000] "GET /favicon.ico HTTP/1.1" 500 3401 "http://localhost:3000/cart" "Mozilla/5.0 (Macintosh; Intel Mac OS X 10_12_2) AppleWebKit/537.36 (KHTML, like Gecko) Chrome/55.0.2883.87 Safari/537.36 OPR/42.0.2393.94"
::1 - - [17/Jan/2017:09:37:51 +0000] "GET /cart HTTP/1.1" 500 3401 "http://localhost:3000/books" "Mozilla/5.0 (Macintosh; Intel Mac OS X 10_12_2) AppleWebKit/537.36 (KHTML, like Gecko) Chrome/55.0.2883.87 Safari/537.36 OPR/42.0.2393.94"
::1 - - [17/Jan/2017:09:37:51 +0000] "GET /favicon.ico HTTP/1.1" 500 3401 "http://localhost:3000/cart" "Mozilla/5.0 (Macintosh; Intel Mac OS X 10_12_2) AppleWebKit/537.36 (KHTML, like Gecko) Chrome/55.0.2883.87 Safari/537.36 OPR/42.0.2393.94"
::1 - - [17/Jan/2017:09:38:40 +0000] "GET /cart HTTP/1.1" 200 4777 "http://localhost:3000/books" "Mozilla/5.0 (Macintosh; Intel Mac OS X 10_12_2) AppleWebKit/537.36 (KHTML, like Gecko) Chrome/55.0.2883.87 Safari/537.36 OPR/42.0.2393.94"
::1 - - [17/Jan/2017:09:38:41 +0000] "GET /favicon.ico HTTP/1.1" 500 3401 "http://localhost:3000/cart" "Mozilla/5.0 (Macintosh; Intel Mac OS X 10_12_2) AppleWebKit/537.36 (KHTML, like Gecko) Chrome/55.0.2883.87 Safari/537.36 OPR/42.0.2393.94"
::1 - - [17/Jan/2017:09:38:55 +0000] "GET /cart HTTP/1.1" 500 3401 "http://localhost:3000/books" "Mozilla/5.0 (Macintosh; Intel Mac OS X 10_12_2) AppleWebKit/537.36 (KHTML, like Gecko) Chrome/55.0.2883.87 Safari/537.36 OPR/42.0.2393.94"
::1 - - [17/Jan/2017:09:38:55 +0000] "GET /favicon.ico HTTP/1.1" 500 3401 "http://localhost:3000/cart" "Mozilla/5.0 (Macintosh; Intel Mac OS X 10_12_2) AppleWebKit/537.36 (KHTML, like Gecko) Chrome/55.0.2883.87 Safari/537.36 OPR/42.0.2393.94"
::1 - - [17/Jan/2017:09:39:05 +0000] "GET /cart HTTP/1.1" 500 3401 "http://localhost:3000/books" "Mozilla/5.0 (Macintosh; Intel Mac OS X 10_12_2) AppleWebKit/537.36 (KHTML, like Gecko) Chrome/55.0.2883.87 Safari/537.36 OPR/42.0.2393.94"
::1 - - [17/Jan/2017:09:39:05 +0000] "GET /favicon.ico HTTP/1.1" 500 3401 "http://localhost:3000/cart" "Mozilla/5.0 (Macintosh; Intel Mac OS X 10_12_2) AppleWebKit/537.36 (KHTML, like Gecko) Chrome/55.0.2883.87 Safari/537.36 OPR/42.0.2393.94"
::1 - - [17/Jan/2017:09:39:07 +0000] "GET /cart HTTP/1.1" 500 3401 "http://localhost:3000/books" "Mozilla/5.0 (Macintosh; Intel Mac OS X 10_12_2) AppleWebKit/537.36 (KHTML, like Gecko) Chrome/55.0.2883.87 Safari/537.36 OPR/42.0.2393.94"
::1 - - [17/Jan/2017:09:39:07 +0000] "GET /favicon.ico HTTP/1.1" 500 3401 "http://localhost:3000/cart" "Mozilla/5.0 (Macintosh; Intel Mac OS X 10_12_2) AppleWebKit/537.36 (KHTML, like Gecko) Chrome/55.0.2883.87 Safari/537.36 OPR/42.0.2393.94"
::1 - - [17/Jan/2017:10:02:40 +0000] "GET /cart HTTP/1.1" 200 5964 "http://localhost:3000/books" "Mozilla/5.0 (Macintosh; Intel Mac OS X 10_12_2) AppleWebKit/537.36 (KHTML, like Gecko) Chrome/55.0.2883.87 Safari/537.36 OPR/42.0.2393.94"
::1 - - [17/Jan/2017:10:02:42 +0000] "GET /favicon.ico HTTP/1.1" 500 3401 "http://localhost:3000/cart" "Mozilla/5.0 (Macintosh; Intel Mac OS X 10_12_2) AppleWebKit/537.36 (KHTML, like Gecko) Chrome/55.0.2883.87 Safari/537.36 OPR/42.0.2393.94"
::1 - - [17/Jan/2017:10:06:01 +0000] "GET /cart HTTP/1.1" 200 6286 "http://localhost:3000/books" "Mozilla/5.0 (Macintosh; Intel Mac OS X 10_12_2) AppleWebKit/537.36 (KHTML, like Gecko) Chrome/55.0.2883.87 Safari/537.36 OPR/42.0.2393.94"
::1 - - [17/Jan/2017:10:06:01 +0000] "GET /favicon.ico HTTP/1.1" 500 3401 "http://localhost:3000/cart" "Mozilla/5.0 (Macintosh; Intel Mac OS X 10_12_2) AppleWebKit/537.36 (KHTML, like Gecko) Chrome/55.0.2883.87 Safari/537.36 OPR/42.0.2393.94"
::1 - - [17/Jan/2017:10:06:38 +0000] "GET /cart HTTP/1.1" 200 6304 "http://localhost:3000/books" "Mozilla/5.0 (Macintosh; Intel Mac OS X 10_12_2) AppleWebKit/537.36 (KHTML, like Gecko) Chrome/55.0.2883.87 Safari/537.36 OPR/42.0.2393.94"
::1 - - [17/Jan/2017:10:06:39 +0000] "GET /favicon.ico HTTP/1.1" 500 3401 "http://localhost:3000/cart" "Mozilla/5.0 (Macintosh; Intel Mac OS X 10_12_2) AppleWebKit/537.36 (KHTML, like Gecko) Chrome/55.0.2883.87 Safari/537.36 OPR/42.0.2393.94"
::1 - - [17/Jan/2017:10:07:42 +0000] "GET /cart HTTP/1.1" 200 6359 "http://localhost:3000/books" "Mozilla/5.0 (Macintosh; Intel Mac OS X 10_12_2) AppleWebKit/537.36 (KHTML, like Gecko) Chrome/55.0.2883.87 Safari/537.36 OPR/42.0.2393.94"
::1 - - [17/Jan/2017:10:07:42 +0000] "GET /favicon.ico HTTP/1.1" 500 3401 "http://localhost:3000/cart" "Mozilla/5.0 (Macintosh; Intel Mac OS X 10_12_2) AppleWebKit/537.36 (KHTML, like Gecko) Chrome/55.0.2883.87 Safari/537.36 OPR/42.0.2393.94"
::1 - - [17/Jan/2017:10:09:05 +0000] "GET /cart HTTP/1.1" 200 6304 "http://localhost:3000/books" "Mozilla/5.0 (Macintosh; Intel Mac OS X 10_12_2) AppleWebKit/537.36 (KHTML, like Gecko) Chrome/55.0.2883.87 Safari/537.36 OPR/42.0.2393.94"
::1 - - [17/Jan/2017:10:09:05 +0000] "GET /favicon.ico HTTP/1.1" 500 3401 "http://localhost:3000/cart" "Mozilla/5.0 (Macintosh; Intel Mac OS X 10_12_2) AppleWebKit/537.36 (KHTML, like Gecko) Chrome/55.0.2883.87 Safari/537.36 OPR/42.0.2393.94"
::1 - - [17/Jan/2017:10:09:24 +0000] "GET /cart HTTP/1.1" 304 - "http://localhost:3000/books" "Mozilla/5.0 (Macintosh; Intel Mac OS X 10_12_2) AppleWebKit/537.36 (KHTML, like Gecko) Chrome/55.0.2883.87 Safari/537.36 OPR/42.0.2393.94"
::1 - - [17/Jan/2017:10:09:24 +0000] "GET /favicon.ico HTTP/1.1" 500 3401 "http://localhost:3000/cart" "Mozilla/5.0 (Macintosh; Intel Mac OS X 10_12_2) AppleWebKit/537.36 (KHTML, like Gecko) Chrome/55.0.2883.87 Safari/537.36 OPR/42.0.2393.94"
::1 - - [17/Jan/2017:10:09:56 +0000] "GET /cart HTTP/1.1" 200 5925 "http://localhost:3000/books" "Mozilla/5.0 (Macintosh; Intel Mac OS X 10_12_2) AppleWebKit/537.36 (KHTML, like Gecko) Chrome/55.0.2883.87 Safari/537.36 OPR/42.0.2393.94"
::1 - - [17/Jan/2017:10:09:56 +0000] "GET /favicon.ico HTTP/1.1" 500 3401 "http://localhost:3000/cart" "Mozilla/5.0 (Macintosh; Intel Mac OS X 10_12_2) AppleWebKit/537.36 (KHTML, like Gecko) Chrome/55.0.2883.87 Safari/537.36 OPR/42.0.2393.94"
::1 - - [17/Jan/2017:10:10:22 +0000] "GET /cart HTTP/1.1" 200 5973 "http://localhost:3000/books" "Mozilla/5.0 (Macintosh; Intel Mac OS X 10_12_2) AppleWebKit/537.36 (KHTML, like Gecko) Chrome/55.0.2883.87 Safari/537.36 OPR/42.0.2393.94"
::1 - - [17/Jan/2017:10:10:22 +0000] "GET /favicon.ico HTTP/1.1" 500 3401 "http://localhost:3000/cart" "Mozilla/5.0 (Macintosh; Intel Mac OS X 10_12_2) AppleWebKit/537.36 (KHTML, like Gecko) Chrome/55.0.2883.87 Safari/537.36 OPR/42.0.2393.94"
::1 - - [17/Jan/2017:10:13:03 +0000] "GET /cart HTTP/1.1" 200 6101 "http://localhost:3000/books" "Mozilla/5.0 (Macintosh; Intel Mac OS X 10_12_2) AppleWebKit/537.36 (KHTML, like Gecko) Chrome/55.0.2883.87 Safari/537.36 OPR/42.0.2393.94"
::1 - - [17/Jan/2017:10:13:03 +0000] "GET /favicon.ico HTTP/1.1" 500 3401 "http://localhost:3000/cart" "Mozilla/5.0 (Macintosh; Intel Mac OS X 10_12_2) AppleWebKit/537.36 (KHTML, like Gecko) Chrome/55.0.2883.87 Safari/537.36 OPR/42.0.2393.94"
::1 - - [17/Jan/2017:10:14:57 +0000] "GET /cart HTTP/1.1" 200 6114 "http://localhost:3000/books" "Mozilla/5.0 (Macintosh; Intel Mac OS X 10_12_2) AppleWebKit/537.36 (KHTML, like Gecko) Chrome/55.0.2883.87 Safari/537.36 OPR/42.0.2393.94"
::1 - - [17/Jan/2017:10:14:58 +0000] "GET /favicon.ico HTTP/1.1" 500 3401 "http://localhost:3000/cart" "Mozilla/5.0 (Macintosh; Intel Mac OS X 10_12_2) AppleWebKit/537.36 (KHTML, like Gecko) Chrome/55.0.2883.87 Safari/537.36 OPR/42.0.2393.94"
::1 - - [17/Jan/2017:10:15:21 +0000] "GET /cart HTTP/1.1" 304 - "http://localhost:3000/books" "Mozilla/5.0 (Macintosh; Intel Mac OS X 10_12_2) AppleWebKit/537.36 (KHTML, like Gecko) Chrome/55.0.2883.87 Safari/537.36 OPR/42.0.2393.94"
::1 - - [17/Jan/2017:10:15:21 +0000] "GET /favicon.ico HTTP/1.1" 500 3401 "http://localhost:3000/cart" "Mozilla/5.0 (Macintosh; Intel Mac OS X 10_12_2) AppleWebKit/537.36 (KHTML, like Gecko) Chrome/55.0.2883.87 Safari/537.36 OPR/42.0.2393.94"
::1 - - [17/Jan/2017:10:15:29 +0000] "GET /cart HTTP/1.1" 200 6114 "http://localhost:3000/books" "Mozilla/5.0 (Macintosh; Intel Mac OS X 10_12_2) AppleWebKit/537.36 (KHTML, like Gecko) Chrome/55.0.2883.87 Safari/537.36 OPR/42.0.2393.94"
::1 - - [17/Jan/2017:10:15:29 +0000] "GET /favicon.ico HTTP/1.1" 500 3401 "http://localhost:3000/cart" "Mozilla/5.0 (Macintosh; Intel Mac OS X 10_12_2) AppleWebKit/537.36 (KHTML, like Gecko) Chrome/55.0.2883.87 Safari/537.36 OPR/42.0.2393.94"
::1 - - [17/Jan/2017:10:15:46 +0000] "GET / HTTP/1.1" 302 56 "http://localhost:3000/cart" "Mozilla/5.0 (Macintosh; Intel Mac OS X 10_12_2) AppleWebKit/537.36 (KHTML, like Gecko) Chrome/55.0.2883.87 Safari/537.36 OPR/42.0.2393.94"
::1 - - [17/Jan/2017:10:15:46 +0000] "GET /books HTTP/1.1" 200 18023 "http://localhost:3000/cart" "Mozilla/5.0 (Macintosh; Intel Mac OS X 10_12_2) AppleWebKit/537.36 (KHTML, like Gecko) Chrome/55.0.2883.87 Safari/537.36 OPR/42.0.2393.94"
::1 - - [17/Jan/2017:10:15:47 +0000] "GET /favicon.ico HTTP/1.1" 500 3401 "http://localhost:3000/books" "Mozilla/5.0 (Macintosh; Intel Mac OS X 10_12_2) AppleWebKit/537.36 (KHTML, like Gecko) Chrome/55.0.2883.87 Safari/537.36 OPR/42.0.2393.94"
::1 - - [17/Jan/2017:10:15:51 +0000] "GET /cart HTTP/1.1" 304 - "http://localhost:3000/books" "Mozilla/5.0 (Macintosh; Intel Mac OS X 10_12_2) AppleWebKit/537.36 (KHTML, like Gecko) Chrome/55.0.2883.87 Safari/537.36 OPR/42.0.2393.94"
::1 - - [17/Jan/2017:10:15:51 +0000] "GET /favicon.ico HTTP/1.1" 500 3401 "http://localhost:3000/cart" "Mozilla/5.0 (Macintosh; Intel Mac OS X 10_12_2) AppleWebKit/537.36 (KHTML, like Gecko) Chrome/55.0.2883.87 Safari/537.36 OPR/42.0.2393.94"
::1 - - [17/Jan/2017:10:16:53 +0000] "GET / HTTP/1.1" 302 56 "-" "Mozilla/5.0 (Macintosh; Intel Mac OS X 10_12_2) AppleWebKit/537.36 (KHTML, like Gecko) Chrome/55.0.2883.87 Safari/537.36 OPR/42.0.2393.94"
::1 - - [17/Jan/2017:10:16:53 +0000] "GET /books HTTP/1.1" 200 17789 "-" "Mozilla/5.0 (Macintosh; Intel Mac OS X 10_12_2) AppleWebKit/537.36 (KHTML, like Gecko) Chrome/55.0.2883.87 Safari/537.36 OPR/42.0.2393.94"
::1 - - [17/Jan/2017:10:16:54 +0000] "GET /favicon.ico HTTP/1.1" 500 3401 "http://localhost:3000/books" "Mozilla/5.0 (Macintosh; Intel Mac OS X 10_12_2) AppleWebKit/537.36 (KHTML, like Gecko) Chrome/55.0.2883.87 Safari/537.36 OPR/42.0.2393.94"
::1 - - [17/Jan/2017:10:16:56 +0000] "POST /addtocart HTTP/1.1" 302 28 "http://localhost:3000/books" "Mozilla/5.0 (Macintosh; Intel Mac OS X 10_12_2) AppleWebKit/537.36 (KHTML, like Gecko) Chrome/55.0.2883.87 Safari/537.36 OPR/42.0.2393.94"
::1 - - [17/Jan/2017:10:16:56 +0000] "GET /books HTTP/1.1" 200 18023 "http://localhost:3000/books" "Mozilla/5.0 (Macintosh; Intel Mac OS X 10_12_2) AppleWebKit/537.36 (KHTML, like Gecko) Chrome/55.0.2883.87 Safari/537.36 OPR/42.0.2393.94"
::1 - - [17/Jan/2017:10:16:58 +0000] "POST /addtocart HTTP/1.1" 302 28 "http://localhost:3000/books" "Mozilla/5.0 (Macintosh; Intel Mac OS X 10_12_2) AppleWebKit/537.36 (KHTML, like Gecko) Chrome/55.0.2883.87 Safari/537.36 OPR/42.0.2393.94"
::1 - - [17/Jan/2017:10:16:58 +0000] "GET /books HTTP/1.1" 200 18023 "http://localhost:3000/books" "Mozilla/5.0 (Macintosh; Intel Mac OS X 10_12_2) AppleWebKit/537.36 (KHTML, like Gecko) Chrome/55.0.2883.87 Safari/537.36 OPR/42.0.2393.94"
::1 - - [17/Jan/2017:10:17:01 +0000] "GET /books HTTP/1.1" 304 - "-" "Mozilla/5.0 (Macintosh; Intel Mac OS X 10_12_2) AppleWebKit/537.36 (KHTML, like Gecko) Chrome/55.0.2883.87 Safari/537.36 OPR/42.0.2393.94"
::1 - - [17/Jan/2017:10:17:01 +0000] "GET /favicon.ico HTTP/1.1" 500 3401 "http://localhost:3000/books" "Mozilla/5.0 (Macintosh; Intel Mac OS X 10_12_2) AppleWebKit/537.36 (KHTML, like Gecko) Chrome/55.0.2883.87 Safari/537.36 OPR/42.0.2393.94"
::1 - - [17/Jan/2017:10:17:03 +0000] "GET /cart HTTP/1.1" 200 5810 "http://localhost:3000/books" "Mozilla/5.0 (Macintosh; Intel Mac OS X 10_12_2) AppleWebKit/537.36 (KHTML, like Gecko) Chrome/55.0.2883.87 Safari/537.36 OPR/42.0.2393.94"
::1 - - [17/Jan/2017:10:17:03 +0000] "GET /favicon.ico HTTP/1.1" 500 3401 "http://localhost:3000/cart" "Mozilla/5.0 (Macintosh; Intel Mac OS X 10_12_2) AppleWebKit/537.36 (KHTML, like Gecko) Chrome/55.0.2883.87 Safari/537.36 OPR/42.0.2393.94"
::1 - - [17/Jan/2017:10:17:43 +0000] "GET /cart HTTP/1.1" 200 5902 "http://localhost:3000/books" "Mozilla/5.0 (Macintosh; Intel Mac OS X 10_12_2) AppleWebKit/537.36 (KHTML, like Gecko) Chrome/55.0.2883.87 Safari/537.36 OPR/42.0.2393.94"
::1 - - [17/Jan/2017:10:17:43 +0000] "GET /favicon.ico HTTP/1.1" 500 3401 "http://localhost:3000/cart" "Mozilla/5.0 (Macintosh; Intel Mac OS X 10_12_2) AppleWebKit/537.36 (KHTML, like Gecko) Chrome/55.0.2883.87 Safari/537.36 OPR/42.0.2393.94"
::1 - - [17/Jan/2017:10:17:50 +0000] "GET /cart HTTP/1.1" 200 5898 "http://localhost:3000/books" "Mozilla/5.0 (Macintosh; Intel Mac OS X 10_12_2) AppleWebKit/537.36 (KHTML, like Gecko) Chrome/55.0.2883.87 Safari/537.36 OPR/42.0.2393.94"
::1 - - [17/Jan/2017:10:17:50 +0000] "GET /favicon.ico HTTP/1.1" 500 3401 "http://localhost:3000/cart" "Mozilla/5.0 (Macintosh; Intel Mac OS X 10_12_2) AppleWebKit/537.36 (KHTML, like Gecko) Chrome/55.0.2883.87 Safari/537.36 OPR/42.0.2393.94"
::1 - - [17/Jan/2017:10:18:16 +0000] "GET /cart HTTP/1.1" 200 5898 "http://localhost:3000/books" "Mozilla/5.0 (Macintosh; Intel Mac OS X 10_12_2) AppleWebKit/537.36 (KHTML, like Gecko) Chrome/55.0.2883.87 Safari/537.36 OPR/42.0.2393.94"
::1 - - [17/Jan/2017:10:18:17 +0000] "GET /favicon.ico HTTP/1.1" 500 3401 "http://localhost:3000/cart" "Mozilla/5.0 (Macintosh; Intel Mac OS X 10_12_2) AppleWebKit/537.36 (KHTML, like Gecko) Chrome/55.0.2883.87 Safari/537.36 OPR/42.0.2393.94"
::1 - - [17/Jan/2017:10:18:35 +0000] "GET /cart HTTP/1.1" 200 5886 "http://localhost:3000/books" "Mozilla/5.0 (Macintosh; Intel Mac OS X 10_12_2) AppleWebKit/537.36 (KHTML, like Gecko) Chrome/55.0.2883.87 Safari/537.36 OPR/42.0.2393.94"
::1 - - [17/Jan/2017:10:18:35 +0000] "GET /favicon.ico HTTP/1.1" 500 3401 "http://localhost:3000/cart" "Mozilla/5.0 (Macintosh; Intel Mac OS X 10_12_2) AppleWebKit/537.36 (KHTML, like Gecko) Chrome/55.0.2883.87 Safari/537.36 OPR/42.0.2393.94"
::1 - - [17/Jan/2017:10:19:04 +0000] "GET /cart HTTP/1.1" 200 5942 "http://localhost:3000/books" "Mozilla/5.0 (Macintosh; Intel Mac OS X 10_12_2) AppleWebKit/537.36 (KHTML, like Gecko) Chrome/55.0.2883.87 Safari/537.36 OPR/42.0.2393.94"
::1 - - [17/Jan/2017:10:19:04 +0000] "GET /favicon.ico HTTP/1.1" 500 3401 "http://localhost:3000/cart" "Mozilla/5.0 (Macintosh; Intel Mac OS X 10_12_2) AppleWebKit/537.36 (KHTML, like Gecko) Chrome/55.0.2883.87 Safari/537.36 OPR/42.0.2393.94"
::1 - - [17/Jan/2017:10:19:42 +0000] "GET /books/ HTTP/1.1" 200 18023 "http://localhost:3000/cart" "Mozilla/5.0 (Macintosh; Intel Mac OS X 10_12_2) AppleWebKit/537.36 (KHTML, like Gecko) Chrome/55.0.2883.87 Safari/537.36 OPR/42.0.2393.94"
::1 - - [17/Jan/2017:10:19:42 +0000] "GET /books/images/default.png HTTP/1.1" 500 3401 "http://localhost:3000/books/" "Mozilla/5.0 (Macintosh; Intel Mac OS X 10_12_2) AppleWebKit/537.36 (KHTML, like Gecko) Chrome/55.0.2883.87 Safari/537.36 OPR/42.0.2393.94"
::1 - - [17/Jan/2017:10:19:42 +0000] "GET /books/js/ajaxAddToCart.js HTTP/1.1" 500 3401 "http://localhost:3000/books/" "Mozilla/5.0 (Macintosh; Intel Mac OS X 10_12_2) AppleWebKit/537.36 (KHTML, like Gecko) Chrome/55.0.2883.87 Safari/537.36 OPR/42.0.2393.94"
::1 - - [17/Jan/2017:10:19:42 +0000] "GET /books/images/default.png HTTP/1.1" 500 3401 "http://localhost:3000/books/" "Mozilla/5.0 (Macintosh; Intel Mac OS X 10_12_2) AppleWebKit/537.36 (KHTML, like Gecko) Chrome/55.0.2883.87 Safari/537.36 OPR/42.0.2393.94"
::1 - - [17/Jan/2017:10:19:42 +0000] "GET /books/js/ajaxAddToCart.js HTTP/1.1" 500 3401 "http://localhost:3000/books/" "Mozilla/5.0 (Macintosh; Intel Mac OS X 10_12_2) AppleWebKit/537.36 (KHTML, like Gecko) Chrome/55.0.2883.87 Safari/537.36 OPR/42.0.2393.94"
::1 - - [17/Jan/2017:10:19:42 +0000] "GET /favicon.ico HTTP/1.1" 500 3401 "http://localhost:3000/books/" "Mozilla/5.0 (Macintosh; Intel Mac OS X 10_12_2) AppleWebKit/537.36 (KHTML, like Gecko) Chrome/55.0.2883.87 Safari/537.36 OPR/42.0.2393.94"
::1 - - [17/Jan/2017:10:19:46 +0000] "GET /books/5875cdc34082054304e677b3 HTTP/1.1" 200 6480 "http://localhost:3000/books/" "Mozilla/5.0 (Macintosh; Intel Mac OS X 10_12_2) AppleWebKit/537.36 (KHTML, like Gecko) Chrome/55.0.2883.87 Safari/537.36 OPR/42.0.2393.94"
::1 - - [17/Jan/2017:10:19:46 +0000] "GET /books/js/ajaxAddToCart.js HTTP/1.1" 500 3401 "http://localhost:3000/books/5875cdc34082054304e677b3" "Mozilla/5.0 (Macintosh; Intel Mac OS X 10_12_2) AppleWebKit/537.36 (KHTML, like Gecko) Chrome/55.0.2883.87 Safari/537.36 OPR/42.0.2393.94"
::1 - - [17/Jan/2017:10:19:46 +0000] "GET /books/js/ajaxAddToCart.js HTTP/1.1" 500 3401 "http://localhost:3000/books/5875cdc34082054304e677b3" "Mozilla/5.0 (Macintosh; Intel Mac OS X 10_12_2) AppleWebKit/537.36 (KHTML, like Gecko) Chrome/55.0.2883.87 Safari/537.36 OPR/42.0.2393.94"
::1 - - [17/Jan/2017:10:19:46 +0000] "GET /favicon.ico HTTP/1.1" 500 3401 "http://localhost:3000/books/5875cdc34082054304e677b3" "Mozilla/5.0 (Macintosh; Intel Mac OS X 10_12_2) AppleWebKit/537.36 (KHTML, like Gecko) Chrome/55.0.2883.87 Safari/537.36 OPR/42.0.2393.94"
::1 - - [17/Jan/2017:10:20:04 +0000] "GET /favicon.ico HTTP/1.1" 500 3401 "http://localhost:3000/books/" "Mozilla/5.0 (Macintosh; Intel Mac OS X 10_12_2) AppleWebKit/537.36 (KHTML, like Gecko) Chrome/55.0.2883.87 Safari/537.36 OPR/42.0.2393.94"
::1 - - [17/Jan/2017:10:20:05 +0000] "GET /cart HTTP/1.1" 304 - "http://localhost:3000/books/" "Mozilla/5.0 (Macintosh; Intel Mac OS X 10_12_2) AppleWebKit/537.36 (KHTML, like Gecko) Chrome/55.0.2883.87 Safari/537.36 OPR/42.0.2393.94"
::1 - - [17/Jan/2017:10:20:05 +0000] "GET /favicon.ico HTTP/1.1" 500 3401 "http://localhost:3000/cart" "Mozilla/5.0 (Macintosh; Intel Mac OS X 10_12_2) AppleWebKit/537.36 (KHTML, like Gecko) Chrome/55.0.2883.87 Safari/537.36 OPR/42.0.2393.94"
::1 - - [17/Jan/2017:10:46:48 +0000] "GET / HTTP/1.1" 302 56 "-" "Mozilla/5.0 (Macintosh; Intel Mac OS X 10_12_2) AppleWebKit/537.36 (KHTML, like Gecko) Chrome/55.0.2883.95 Safari/537.36"
::1 - - [17/Jan/2017:10:46:48 +0000] "GET /books HTTP/1.1" 200 17789 "-" "Mozilla/5.0 (Macintosh; Intel Mac OS X 10_12_2) AppleWebKit/537.36 (KHTML, like Gecko) Chrome/55.0.2883.95 Safari/537.36"
::1 - - [17/Jan/2017:10:46:49 +0000] "GET /favicon.ico HTTP/1.1" 500 3401 "http://localhost:3000/books" "Mozilla/5.0 (Macintosh; Intel Mac OS X 10_12_2) AppleWebKit/537.36 (KHTML, like Gecko) Chrome/55.0.2883.95 Safari/537.36"
::1 - - [17/Jan/2017:10:46:53 +0000] "POST /addtocart HTTP/1.1" 302 28 "http://localhost:3000/books" "Mozilla/5.0 (Macintosh; Intel Mac OS X 10_12_2) AppleWebKit/537.36 (KHTML, like Gecko) Chrome/55.0.2883.95 Safari/537.36"
::1 - - [17/Jan/2017:10:46:53 +0000] "GET /books HTTP/1.1" 200 18023 "http://localhost:3000/books" "Mozilla/5.0 (Macintosh; Intel Mac OS X 10_12_2) AppleWebKit/537.36 (KHTML, like Gecko) Chrome/55.0.2883.95 Safari/537.36"
::1 - - [17/Jan/2017:10:46:56 +0000] "GET /books HTTP/1.1" 304 - "-" "Mozilla/5.0 (Macintosh; Intel Mac OS X 10_12_2) AppleWebKit/537.36 (KHTML, like Gecko) Chrome/55.0.2883.95 Safari/537.36"
::1 - - [17/Jan/2017:10:46:57 +0000] "GET /favicon.ico HTTP/1.1" 500 3401 "http://localhost:3000/books" "Mozilla/5.0 (Macintosh; Intel Mac OS X 10_12_2) AppleWebKit/537.36 (KHTML, like Gecko) Chrome/55.0.2883.95 Safari/537.36"
::1 - - [17/Jan/2017:10:47:01 +0000] "GET /cart HTTP/1.1" 200 9 "-" "Mozilla/5.0 (Macintosh; Intel Mac OS X 10_12_2) AppleWebKit/537.36 (KHTML, like Gecko) Chrome/55.0.2883.95 Safari/537.36"
::1 - - [17/Jan/2017:10:47:01 +0000] "GET /favicon.ico HTTP/1.1" 500 3401 "http://localhost:3000/cart" "Mozilla/5.0 (Macintosh; Intel Mac OS X 10_12_2) AppleWebKit/537.36 (KHTML, like Gecko) Chrome/55.0.2883.95 Safari/537.36"
::1 - - [17/Jan/2017:10:50:44 +0000] "GET /cart HTTP/1.1" 200 4590 "-" "Mozilla/5.0 (Macintosh; Intel Mac OS X 10_12_2) AppleWebKit/537.36 (KHTML, like Gecko) Chrome/55.0.2883.95 Safari/537.36"
::1 - - [17/Jan/2017:10:50:44 +0000] "GET /favicon.ico HTTP/1.1" 500 3401 "http://localhost:3000/cart" "Mozilla/5.0 (Macintosh; Intel Mac OS X 10_12_2) AppleWebKit/537.36 (KHTML, like Gecko) Chrome/55.0.2883.95 Safari/537.36"
::1 - - [17/Jan/2017:10:50:59 +0000] "GET /cart HTTP/1.1" 200 5132 "-" "Mozilla/5.0 (Macintosh; Intel Mac OS X 10_12_2) AppleWebKit/537.36 (KHTML, like Gecko) Chrome/55.0.2883.95 Safari/537.36"
::1 - - [17/Jan/2017:10:50:59 +0000] "GET /favicon.ico HTTP/1.1" 500 3401 "http://localhost:3000/cart" "Mozilla/5.0 (Macintosh; Intel Mac OS X 10_12_2) AppleWebKit/537.36 (KHTML, like Gecko) Chrome/55.0.2883.95 Safari/537.36"
::1 - - [17/Jan/2017:10:51:09 +0000] "GET /cart HTTP/1.1" 200 5658 "-" "Mozilla/5.0 (Macintosh; Intel Mac OS X 10_12_2) AppleWebKit/537.36 (KHTML, like Gecko) Chrome/55.0.2883.95 Safari/537.36"
::1 - - [17/Jan/2017:10:51:09 +0000] "GET /favicon.ico HTTP/1.1" 500 3401 "http://localhost:3000/cart" "Mozilla/5.0 (Macintosh; Intel Mac OS X 10_12_2) AppleWebKit/537.36 (KHTML, like Gecko) Chrome/55.0.2883.95 Safari/537.36"
::1 - - [17/Jan/2017:10:51:20 +0000] "GET /cart HTTP/1.1" 200 5661 "-" "Mozilla/5.0 (Macintosh; Intel Mac OS X 10_12_2) AppleWebKit/537.36 (KHTML, like Gecko) Chrome/55.0.2883.95 Safari/537.36"
::1 - - [17/Jan/2017:10:51:21 +0000] "GET /favicon.ico HTTP/1.1" 500 3401 "http://localhost:3000/cart" "Mozilla/5.0 (Macintosh; Intel Mac OS X 10_12_2) AppleWebKit/537.36 (KHTML, like Gecko) Chrome/55.0.2883.95 Safari/537.36"
::1 - - [17/Jan/2017:10:59:36 +0000] "GET /cart HTTP/1.1" 200 5794 "-" "Mozilla/5.0 (Macintosh; Intel Mac OS X 10_12_2) AppleWebKit/537.36 (KHTML, like Gecko) Chrome/55.0.2883.95 Safari/537.36"
::1 - - [17/Jan/2017:11:01:30 +0000] "GET / HTTP/1.1" 302 56 "http://localhost:3000/cart" "Mozilla/5.0 (Macintosh; Intel Mac OS X 10_12_2) AppleWebKit/537.36 (KHTML, like Gecko) Chrome/55.0.2883.95 Safari/537.36"
::1 - - [17/Jan/2017:11:01:30 +0000] "GET /books HTTP/1.1" 304 - "http://localhost:3000/cart" "Mozilla/5.0 (Macintosh; Intel Mac OS X 10_12_2) AppleWebKit/537.36 (KHTML, like Gecko) Chrome/55.0.2883.95 Safari/537.36"
::1 - - [17/Jan/2017:11:01:45 +0000] "GET /books/5875cdc34082054304e677b2 HTTP/1.1" 200 6570 "http://localhost:3000/books" "Mozilla/5.0 (Macintosh; Intel Mac OS X 10_12_2) AppleWebKit/537.36 (KHTML, like Gecko) Chrome/55.0.2883.95 Safari/537.36"
::1 - - [17/Jan/2017:11:01:45 +0000] "GET /books/js/ajaxAddToCart.js HTTP/1.1" 500 3401 "http://localhost:3000/books/5875cdc34082054304e677b2" "Mozilla/5.0 (Macintosh; Intel Mac OS X 10_12_2) AppleWebKit/537.36 (KHTML, like Gecko) Chrome/55.0.2883.95 Safari/537.36"
::1 - - [17/Jan/2017:11:01:45 +0000] "GET /books/js/ajaxAddToCart.js HTTP/1.1" 500 3401 "http://localhost:3000/books/5875cdc34082054304e677b2" "Mozilla/5.0 (Macintosh; Intel Mac OS X 10_12_2) AppleWebKit/537.36 (KHTML, like Gecko) Chrome/55.0.2883.95 Safari/537.36"
::1 - - [17/Jan/2017:11:03:38 +0000] "GET /books/5875cdc34082054304e677b2 HTTP/1.1" 200 6568 "http://localhost:3000/books" "Mozilla/5.0 (Macintosh; Intel Mac OS X 10_12_2) AppleWebKit/537.36 (KHTML, like Gecko) Chrome/55.0.2883.95 Safari/537.36"
::1 - - [17/Jan/2017:11:03:38 +0000] "GET /books/js/ajaxAddToCart.js HTTP/1.1" 500 3401 "http://localhost:3000/books/5875cdc34082054304e677b2" "Mozilla/5.0 (Macintosh; Intel Mac OS X 10_12_2) AppleWebKit/537.36 (KHTML, like Gecko) Chrome/55.0.2883.95 Safari/537.36"
::1 - - [17/Jan/2017:11:03:38 +0000] "GET /books/js/ajaxAddToCart.js HTTP/1.1" 500 3401 "http://localhost:3000/books/5875cdc34082054304e677b2" "Mozilla/5.0 (Macintosh; Intel Mac OS X 10_12_2) AppleWebKit/537.36 (KHTML, like Gecko) Chrome/55.0.2883.95 Safari/537.36"
::1 - - [17/Jan/2017:11:03:52 +0000] "GET /books/5875cdc34082054304e677b2 HTTP/1.1" 304 - "http://localhost:3000/books" "Mozilla/5.0 (Macintosh; Intel Mac OS X 10_12_2) AppleWebKit/537.36 (KHTML, like Gecko) Chrome/55.0.2883.95 Safari/537.36"
::1 - - [17/Jan/2017:11:03:52 +0000] "GET /books/js/ajaxAddToCart.js HTTP/1.1" 500 3401 "http://localhost:3000/books/5875cdc34082054304e677b2" "Mozilla/5.0 (Macintosh; Intel Mac OS X 10_12_2) AppleWebKit/537.36 (KHTML, like Gecko) Chrome/55.0.2883.95 Safari/537.36"
::1 - - [17/Jan/2017:11:03:52 +0000] "GET /books/js/ajaxAddToCart.js HTTP/1.1" 500 3401 "http://localhost:3000/books/5875cdc34082054304e677b2" "Mozilla/5.0 (Macintosh; Intel Mac OS X 10_12_2) AppleWebKit/537.36 (KHTML, like Gecko) Chrome/55.0.2883.95 Safari/537.36"
::1 - - [17/Jan/2017:11:04:30 +0000] "GET /books/5875cdc34082054304e677b2 HTTP/1.1" 200 6583 "-" "Mozilla/5.0 (Macintosh; Intel Mac OS X 10_12_2) AppleWebKit/537.36 (KHTML, like Gecko) Chrome/55.0.2883.95 Safari/537.36"
::1 - - [17/Jan/2017:11:04:30 +0000] "GET /public/js/ajaxAddToCart.js HTTP/1.1" 500 3401 "http://localhost:3000/books/5875cdc34082054304e677b2" "Mozilla/5.0 (Macintosh; Intel Mac OS X 10_12_2) AppleWebKit/537.36 (KHTML, like Gecko) Chrome/55.0.2883.95 Safari/537.36"
::1 - - [17/Jan/2017:11:04:30 +0000] "GET /public/js/ajaxAddToCart.js HTTP/1.1" 500 3401 "http://localhost:3000/books/5875cdc34082054304e677b2" "Mozilla/5.0 (Macintosh; Intel Mac OS X 10_12_2) AppleWebKit/537.36 (KHTML, like Gecko) Chrome/55.0.2883.95 Safari/537.36"
::1 - - [17/Jan/2017:11:04:43 +0000] "GET /addtocart/5875cdc34082054304e677b2 HTTP/1.1" 500 3401 "http://localhost:3000/books/5875cdc34082054304e677b2" "Mozilla/5.0 (Macintosh; Intel Mac OS X 10_12_2) AppleWebKit/537.36 (KHTML, like Gecko) Chrome/55.0.2883.95 Safari/537.36"
::1 - - [17/Jan/2017:11:28:18 +0000] "GET /books/5875cdc34082054304e677b2 HTTP/1.1" 200 6501 "-" "Mozilla/5.0 (Macintosh; Intel Mac OS X 10_12_2) AppleWebKit/537.36 (KHTML, like Gecko) Chrome/55.0.2883.95 Safari/537.36"
::1 - - [17/Jan/2017:11:28:30 +0000] "GET /addtocart/5875cdc34082054304e677b2 HTTP/1.1" 500 3401 "http://localhost:3000/books/5875cdc34082054304e677b2" "Mozilla/5.0 (Macintosh; Intel Mac OS X 10_12_2) AppleWebKit/537.36 (KHTML, like Gecko) Chrome/55.0.2883.95 Safari/537.36"
::1 - - [17/Jan/2017:12:17:45 +0000] "GET / HTTP/1.1" 302 56 "-" "Mozilla/5.0 (Macintosh; Intel Mac OS X 10_12_2) AppleWebKit/602.3.12 (KHTML, like Gecko) Version/10.0.2 Safari/602.3.12"
::1 - - [17/Jan/2017:12:17:45 +0000] "GET /books HTTP/1.1" 200 17720 "-" "Mozilla/5.0 (Macintosh; Intel Mac OS X 10_12_2) AppleWebKit/602.3.12 (KHTML, like Gecko) Version/10.0.2 Safari/602.3.12"
::1 - - [17/Jan/2017:12:17:51 +0000] "GET /addtocart/5875cdc34082054304e677b2 HTTP/1.1" 302 114 "http://localhost:3000/books" "Mozilla/5.0 (Macintosh; Intel Mac OS X 10_12_2) AppleWebKit/602.3.12 (KHTML, like Gecko) Version/10.0.2 Safari/602.3.12"
::1 - - [17/Jan/2017:12:17:51 +0000] "GET /addtocart/5875cdc34082054304e677b2 HTTP/1.1" 302 114 "http://localhost:3000/books" "Mozilla/5.0 (Macintosh; Intel Mac OS X 10_12_2) AppleWebKit/602.3.12 (KHTML, like Gecko) Version/10.0.2 Safari/602.3.12"
::1 - - [17/Jan/2017:12:17:51 +0000] "GET /addtocart/5875cdc34082054304e677b2 HTTP/1.1" 302 114 "http://localhost:3000/books" "Mozilla/5.0 (Macintosh; Intel Mac OS X 10_12_2) AppleWebKit/602.3.12 (KHTML, like Gecko) Version/10.0.2 Safari/602.3.12"
::1 - - [17/Jan/2017:12:17:51 +0000] "GET /addtocart/5875cdc34082054304e677b2 HTTP/1.1" 302 114 "http://localhost:3000/books" "Mozilla/5.0 (Macintosh; Intel Mac OS X 10_12_2) AppleWebKit/602.3.12 (KHTML, like Gecko) Version/10.0.2 Safari/602.3.12"
::1 - - [17/Jan/2017:12:17:51 +0000] "GET /addtocart/5875cdc34082054304e677b2 HTTP/1.1" 302 114 "http://localhost:3000/books" "Mozilla/5.0 (Macintosh; Intel Mac OS X 10_12_2) AppleWebKit/602.3.12 (KHTML, like Gecko) Version/10.0.2 Safari/602.3.12"
::1 - - [17/Jan/2017:12:17:51 +0000] "GET /addtocart/5875cdc34082054304e677b2 HTTP/1.1" 302 114 "http://localhost:3000/books" "Mozilla/5.0 (Macintosh; Intel Mac OS X 10_12_2) AppleWebKit/602.3.12 (KHTML, like Gecko) Version/10.0.2 Safari/602.3.12"
::1 - - [17/Jan/2017:12:17:51 +0000] "GET /addtocart/5875cdc34082054304e677b2 HTTP/1.1" 302 114 "http://localhost:3000/books" "Mozilla/5.0 (Macintosh; Intel Mac OS X 10_12_2) AppleWebKit/602.3.12 (KHTML, like Gecko) Version/10.0.2 Safari/602.3.12"
::1 - - [17/Jan/2017:12:17:51 +0000] "GET /addtocart/5875cdc34082054304e677b2 HTTP/1.1" 302 114 "http://localhost:3000/books" "Mozilla/5.0 (Macintosh; Intel Mac OS X 10_12_2) AppleWebKit/602.3.12 (KHTML, like Gecko) Version/10.0.2 Safari/602.3.12"
::1 - - [17/Jan/2017:12:17:51 +0000] "GET /addtocart/5875cdc34082054304e677b2 HTTP/1.1" 302 114 "http://localhost:3000/books" "Mozilla/5.0 (Macintosh; Intel Mac OS X 10_12_2) AppleWebKit/602.3.12 (KHTML, like Gecko) Version/10.0.2 Safari/602.3.12"
::1 - - [17/Jan/2017:12:17:51 +0000] "GET /addtocart/5875cdc34082054304e677b2 HTTP/1.1" 302 114 "http://localhost:3000/books" "Mozilla/5.0 (Macintosh; Intel Mac OS X 10_12_2) AppleWebKit/602.3.12 (KHTML, like Gecko) Version/10.0.2 Safari/602.3.12"
::1 - - [17/Jan/2017:12:17:51 +0000] "GET /addtocart/5875cdc34082054304e677b2 HTTP/1.1" 302 114 "http://localhost:3000/books" "Mozilla/5.0 (Macintosh; Intel Mac OS X 10_12_2) AppleWebKit/602.3.12 (KHTML, like Gecko) Version/10.0.2 Safari/602.3.12"
::1 - - [17/Jan/2017:12:17:51 +0000] "GET /addtocart/5875cdc34082054304e677b2 HTTP/1.1" 302 114 "http://localhost:3000/books" "Mozilla/5.0 (Macintosh; Intel Mac OS X 10_12_2) AppleWebKit/602.3.12 (KHTML, like Gecko) Version/10.0.2 Safari/602.3.12"
::1 - - [17/Jan/2017:12:17:51 +0000] "GET /addtocart/5875cdc34082054304e677b2 HTTP/1.1" 302 114 "http://localhost:3000/books" "Mozilla/5.0 (Macintosh; Intel Mac OS X 10_12_2) AppleWebKit/602.3.12 (KHTML, like Gecko) Version/10.0.2 Safari/602.3.12"
::1 - - [17/Jan/2017:12:17:51 +0000] "GET /addtocart/5875cdc34082054304e677b2 HTTP/1.1" 302 114 "http://localhost:3000/books" "Mozilla/5.0 (Macintosh; Intel Mac OS X 10_12_2) AppleWebKit/602.3.12 (KHTML, like Gecko) Version/10.0.2 Safari/602.3.12"
::1 - - [17/Jan/2017:12:17:51 +0000] "GET /addtocart/5875cdc34082054304e677b2 HTTP/1.1" 302 114 "http://localhost:3000/books" "Mozilla/5.0 (Macintosh; Intel Mac OS X 10_12_2) AppleWebKit/602.3.12 (KHTML, like Gecko) Version/10.0.2 Safari/602.3.12"
::1 - - [17/Jan/2017:12:17:52 +0000] "GET /addtocart/5875cdc34082054304e677b2 HTTP/1.1" 302 114 "http://localhost:3000/books" "Mozilla/5.0 (Macintosh; Intel Mac OS X 10_12_2) AppleWebKit/602.3.12 (KHTML, like Gecko) Version/10.0.2 Safari/602.3.12"
::1 - - [17/Jan/2017:12:17:52 +0000] "GET /addtocart/5875cdc34082054304e677b2 HTTP/1.1" 302 114 "http://localhost:3000/books" "Mozilla/5.0 (Macintosh; Intel Mac OS X 10_12_2) AppleWebKit/602.3.12 (KHTML, like Gecko) Version/10.0.2 Safari/602.3.12"
::1 - - [17/Jan/2017:13:23:19 +0000] "GET / HTTP/1.1" 302 56 "-" "Mozilla/5.0 (Macintosh; Intel Mac OS X 10_12_2) AppleWebKit/537.36 (KHTML, like Gecko) Chrome/55.0.2883.87 Safari/537.36 OPR/42.0.2393.94"
::1 - - [17/Jan/2017:13:23:20 +0000] "GET /books HTTP/1.1" 500 3401 "-" "Mozilla/5.0 (Macintosh; Intel Mac OS X 10_12_2) AppleWebKit/537.36 (KHTML, like Gecko) Chrome/55.0.2883.87 Safari/537.36 OPR/42.0.2393.94"
::1 - - [17/Jan/2017:13:23:20 +0000] "GET /favicon.ico HTTP/1.1" 500 3401 "http://localhost:3000/books" "Mozilla/5.0 (Macintosh; Intel Mac OS X 10_12_2) AppleWebKit/537.36 (KHTML, like Gecko) Chrome/55.0.2883.87 Safari/537.36 OPR/42.0.2393.94"
::1 - - [17/Jan/2017:13:23:23 +0000] "GET /books HTTP/1.1" 500 3401 "-" "Mozilla/5.0 (Macintosh; Intel Mac OS X 10_12_2) AppleWebKit/537.36 (KHTML, like Gecko) Chrome/55.0.2883.87 Safari/537.36 OPR/42.0.2393.94"
::1 - - [17/Jan/2017:13:23:23 +0000] "GET /favicon.ico HTTP/1.1" 500 3401 "http://localhost:3000/books" "Mozilla/5.0 (Macintosh; Intel Mac OS X 10_12_2) AppleWebKit/537.36 (KHTML, like Gecko) Chrome/55.0.2883.87 Safari/537.36 OPR/42.0.2393.94"
::1 - - [17/Jan/2017:13:24:13 +0000] "GET /books HTTP/1.1" 200 18347 "-" "Mozilla/5.0 (Macintosh; Intel Mac OS X 10_12_2) AppleWebKit/537.36 (KHTML, like Gecko) Chrome/55.0.2883.87 Safari/537.36 OPR/42.0.2393.94"
::1 - - [17/Jan/2017:13:24:14 +0000] "GET /favicon.ico HTTP/1.1" 500 3401 "http://localhost:3000/books" "Mozilla/5.0 (Macintosh; Intel Mac OS X 10_12_2) AppleWebKit/537.36 (KHTML, like Gecko) Chrome/55.0.2883.87 Safari/537.36 OPR/42.0.2393.94"
::1 - - [17/Jan/2017:13:24:17 +0000] "GET /addtocart/5875cdc34082054304e677b2?origin=/books/5875cdc34082054304e677b2 HTTP/1.1" 302 106 "http://localhost:3000/books" "Mozilla/5.0 (Macintosh; Intel Mac OS X 10_12_2) AppleWebKit/537.36 (KHTML, like Gecko) Chrome/55.0.2883.87 Safari/537.36 OPR/42.0.2393.94"
::1 - - [17/Jan/2017:13:24:17 +0000] "GET /books/5875cdc34082054304e677b2 HTTP/1.1" 200 6540 "http://localhost:3000/books" "Mozilla/5.0 (Macintosh; Intel Mac OS X 10_12_2) AppleWebKit/537.36 (KHTML, like Gecko) Chrome/55.0.2883.87 Safari/537.36 OPR/42.0.2393.94"
::1 - - [17/Jan/2017:13:24:17 +0000] "GET /favicon.ico HTTP/1.1" 500 3401 "http://localhost:3000/books/5875cdc34082054304e677b2" "Mozilla/5.0 (Macintosh; Intel Mac OS X 10_12_2) AppleWebKit/537.36 (KHTML, like Gecko) Chrome/55.0.2883.87 Safari/537.36 OPR/42.0.2393.94"
::1 - - [17/Jan/2017:13:24:29 +0000] "GET / HTTP/1.1" 302 56 "http://localhost:3000/books/5875cdc34082054304e677b2" "Mozilla/5.0 (Macintosh; Intel Mac OS X 10_12_2) AppleWebKit/537.36 (KHTML, like Gecko) Chrome/55.0.2883.87 Safari/537.36 OPR/42.0.2393.94"
::1 - - [17/Jan/2017:13:24:29 +0000] "GET /books HTTP/1.1" 200 18306 "http://localhost:3000/books/5875cdc34082054304e677b2" "Mozilla/5.0 (Macintosh; Intel Mac OS X 10_12_2) AppleWebKit/537.36 (KHTML, like Gecko) Chrome/55.0.2883.87 Safari/537.36 OPR/42.0.2393.94"
::1 - - [17/Jan/2017:13:24:29 +0000] "GET /favicon.ico HTTP/1.1" 500 3401 "http://localhost:3000/books" "Mozilla/5.0 (Macintosh; Intel Mac OS X 10_12_2) AppleWebKit/537.36 (KHTML, like Gecko) Chrome/55.0.2883.87 Safari/537.36 OPR/42.0.2393.94"
::1 - - [17/Jan/2017:13:24:31 +0000] "GET /addtocart/5875cdc34082054304e677b3?origin=/books HTTP/1.1" 302 56 "http://localhost:3000/books" "Mozilla/5.0 (Macintosh; Intel Mac OS X 10_12_2) AppleWebKit/537.36 (KHTML, like Gecko) Chrome/55.0.2883.87 Safari/537.36 OPR/42.0.2393.94"
::1 - - [17/Jan/2017:13:24:31 +0000] "GET /books HTTP/1.1" 200 18306 "http://localhost:3000/books" "Mozilla/5.0 (Macintosh; Intel Mac OS X 10_12_2) AppleWebKit/537.36 (KHTML, like Gecko) Chrome/55.0.2883.87 Safari/537.36 OPR/42.0.2393.94"
::1 - - [17/Jan/2017:13:24:31 +0000] "GET /favicon.ico HTTP/1.1" 500 3401 "http://localhost:3000/books" "Mozilla/5.0 (Macintosh; Intel Mac OS X 10_12_2) AppleWebKit/537.36 (KHTML, like Gecko) Chrome/55.0.2883.87 Safari/537.36 OPR/42.0.2393.94"
::1 - - [17/Jan/2017:13:24:35 +0000] "GET /addtocart/5875cdc34082054304e677b6?origin=/books HTTP/1.1" 302 56 "http://localhost:3000/books" "Mozilla/5.0 (Macintosh; Intel Mac OS X 10_12_2) AppleWebKit/537.36 (KHTML, like Gecko) Chrome/55.0.2883.87 Safari/537.36 OPR/42.0.2393.94"
::1 - - [17/Jan/2017:13:24:35 +0000] "GET /books HTTP/1.1" 200 18306 "http://localhost:3000/books" "Mozilla/5.0 (Macintosh; Intel Mac OS X 10_12_2) AppleWebKit/537.36 (KHTML, like Gecko) Chrome/55.0.2883.87 Safari/537.36 OPR/42.0.2393.94"
::1 - - [17/Jan/2017:13:24:35 +0000] "GET /favicon.ico HTTP/1.1" 500 3401 "http://localhost:3000/books" "Mozilla/5.0 (Macintosh; Intel Mac OS X 10_12_2) AppleWebKit/537.36 (KHTML, like Gecko) Chrome/55.0.2883.87 Safari/537.36 OPR/42.0.2393.94"
::1 - - [17/Jan/2017:13:24:41 +0000] "GET /books/5877018fda362b38ea3950bd HTTP/1.1" 200 5925 "http://localhost:3000/books" "Mozilla/5.0 (Macintosh; Intel Mac OS X 10_12_2) AppleWebKit/537.36 (KHTML, like Gecko) Chrome/55.0.2883.87 Safari/537.36 OPR/42.0.2393.94"
::1 - - [17/Jan/2017:13:24:41 +0000] "GET /favicon.ico HTTP/1.1" 500 3401 "http://localhost:3000/books/5877018fda362b38ea3950bd" "Mozilla/5.0 (Macintosh; Intel Mac OS X 10_12_2) AppleWebKit/537.36 (KHTML, like Gecko) Chrome/55.0.2883.87 Safari/537.36 OPR/42.0.2393.94"
::1 - - [17/Jan/2017:13:24:43 +0000] "GET /addtocart/5877018fda362b38ea3950bd?origin=/books/5877018fda362b38ea3950bd HTTP/1.1" 302 106 "http://localhost:3000/books/5877018fda362b38ea3950bd" "Mozilla/5.0 (Macintosh; Intel Mac OS X 10_12_2) AppleWebKit/537.36 (KHTML, like Gecko) Chrome/55.0.2883.87 Safari/537.36 OPR/42.0.2393.94"
::1 - - [17/Jan/2017:13:24:43 +0000] "GET /books/5877018fda362b38ea3950bd HTTP/1.1" 200 5925 "http://localhost:3000/books/5877018fda362b38ea3950bd" "Mozilla/5.0 (Macintosh; Intel Mac OS X 10_12_2) AppleWebKit/537.36 (KHTML, like Gecko) Chrome/55.0.2883.87 Safari/537.36 OPR/42.0.2393.94"
::1 - - [17/Jan/2017:13:24:43 +0000] "GET /favicon.ico HTTP/1.1" 500 3401 "http://localhost:3000/books/5877018fda362b38ea3950bd" "Mozilla/5.0 (Macintosh; Intel Mac OS X 10_12_2) AppleWebKit/537.36 (KHTML, like Gecko) Chrome/55.0.2883.87 Safari/537.36 OPR/42.0.2393.94"
::1 - - [17/Jan/2017:13:24:44 +0000] "GET /cart HTTP/1.1" 200 7348 "http://localhost:3000/books/5877018fda362b38ea3950bd" "Mozilla/5.0 (Macintosh; Intel Mac OS X 10_12_2) AppleWebKit/537.36 (KHTML, like Gecko) Chrome/55.0.2883.87 Safari/537.36 OPR/42.0.2393.94"
::1 - - [17/Jan/2017:13:24:45 +0000] "GET /favicon.ico HTTP/1.1" 500 3401 "http://localhost:3000/cart" "Mozilla/5.0 (Macintosh; Intel Mac OS X 10_12_2) AppleWebKit/537.36 (KHTML, like Gecko) Chrome/55.0.2883.87 Safari/537.36 OPR/42.0.2393.94"
::1 - - [17/Jan/2017:13:25:36 +0000] "GET /cart HTTP/1.1" 200 7432 "http://localhost:3000/books/5877018fda362b38ea3950bd" "Mozilla/5.0 (Macintosh; Intel Mac OS X 10_12_2) AppleWebKit/537.36 (KHTML, like Gecko) Chrome/55.0.2883.87 Safari/537.36 OPR/42.0.2393.94"
::1 - - [17/Jan/2017:13:25:36 +0000] "GET /favicon.ico HTTP/1.1" 500 3401 "http://localhost:3000/cart" "Mozilla/5.0 (Macintosh; Intel Mac OS X 10_12_2) AppleWebKit/537.36 (KHTML, like Gecko) Chrome/55.0.2883.87 Safari/537.36 OPR/42.0.2393.94"
::1 - - [17/Jan/2017:13:26:12 +0000] "GET /cart HTTP/1.1" 200 7487 "http://localhost:3000/books/5877018fda362b38ea3950bd" "Mozilla/5.0 (Macintosh; Intel Mac OS X 10_12_2) AppleWebKit/537.36 (KHTML, like Gecko) Chrome/55.0.2883.87 Safari/537.36 OPR/42.0.2393.94"
::1 - - [17/Jan/2017:13:26:12 +0000] "GET /favicon.ico HTTP/1.1" 500 3401 "http://localhost:3000/cart" "Mozilla/5.0 (Macintosh; Intel Mac OS X 10_12_2) AppleWebKit/537.36 (KHTML, like Gecko) Chrome/55.0.2883.87 Safari/537.36 OPR/42.0.2393.94"
::1 - - [17/Jan/2017:13:27:09 +0000] "GET /cart HTTP/1.1" 200 7487 "http://localhost:3000/books/5877018fda362b38ea3950bd" "Mozilla/5.0 (Macintosh; Intel Mac OS X 10_12_2) AppleWebKit/537.36 (KHTML, like Gecko) Chrome/55.0.2883.87 Safari/537.36 OPR/42.0.2393.94"
::1 - - [17/Jan/2017:13:27:09 +0000] "GET /favicon.ico HTTP/1.1" 500 3401 "http://localhost:3000/cart" "Mozilla/5.0 (Macintosh; Intel Mac OS X 10_12_2) AppleWebKit/537.36 (KHTML, like Gecko) Chrome/55.0.2883.87 Safari/537.36 OPR/42.0.2393.94"
::1 - - [17/Jan/2017:13:27:23 +0000] "GET /cart HTTP/1.1" 200 7491 "http://localhost:3000/books/5877018fda362b38ea3950bd" "Mozilla/5.0 (Macintosh; Intel Mac OS X 10_12_2) AppleWebKit/537.36 (KHTML, like Gecko) Chrome/55.0.2883.87 Safari/537.36 OPR/42.0.2393.94"
::1 - - [17/Jan/2017:13:27:24 +0000] "GET /favicon.ico HTTP/1.1" 500 3401 "http://localhost:3000/cart" "Mozilla/5.0 (Macintosh; Intel Mac OS X 10_12_2) AppleWebKit/537.36 (KHTML, like Gecko) Chrome/55.0.2883.87 Safari/537.36 OPR/42.0.2393.94"
::1 - - [17/Jan/2017:13:27:46 +0000] "GET /cart HTTP/1.1" 200 7493 "http://localhost:3000/books/5877018fda362b38ea3950bd" "Mozilla/5.0 (Macintosh; Intel Mac OS X 10_12_2) AppleWebKit/537.36 (KHTML, like Gecko) Chrome/55.0.2883.87 Safari/537.36 OPR/42.0.2393.94"
::1 - - [17/Jan/2017:13:27:46 +0000] "GET /favicon.ico HTTP/1.1" 500 3401 "http://localhost:3000/cart" "Mozilla/5.0 (Macintosh; Intel Mac OS X 10_12_2) AppleWebKit/537.36 (KHTML, like Gecko) Chrome/55.0.2883.87 Safari/537.36 OPR/42.0.2393.94"
::1 - - [17/Jan/2017:13:28:11 +0000] "GET /cart HTTP/1.1" 200 4443 "-" "Mozilla/5.0 (Macintosh; Intel Mac OS X 10_12_2) AppleWebKit/537.36 (KHTML, like Gecko) Chrome/55.0.2883.87 Safari/537.36 OPR/42.0.2393.94"
::1 - - [17/Jan/2017:13:28:13 +0000] "GET /favicon.ico HTTP/1.1" 500 3401 "http://localhost:3000/cart" "Mozilla/5.0 (Macintosh; Intel Mac OS X 10_12_2) AppleWebKit/537.36 (KHTML, like Gecko) Chrome/55.0.2883.87 Safari/537.36 OPR/42.0.2393.94"
::1 - - [17/Jan/2017:13:28:27 +0000] "GET /cart HTTP/1.1" 200 4455 "-" "Mozilla/5.0 (Macintosh; Intel Mac OS X 10_12_2) AppleWebKit/537.36 (KHTML, like Gecko) Chrome/55.0.2883.87 Safari/537.36 OPR/42.0.2393.94"
::1 - - [17/Jan/2017:13:28:27 +0000] "GET /favicon.ico HTTP/1.1" 500 3401 "http://localhost:3000/cart" "Mozilla/5.0 (Macintosh; Intel Mac OS X 10_12_2) AppleWebKit/537.36 (KHTML, like Gecko) Chrome/55.0.2883.87 Safari/537.36 OPR/42.0.2393.94"
::1 - - [17/Jan/2017:13:28:33 +0000] "GET /cart HTTP/1.1" 200 4455 "-" "Mozilla/5.0 (Macintosh; Intel Mac OS X 10_12_2) AppleWebKit/537.36 (KHTML, like Gecko) Chrome/55.0.2883.87 Safari/537.36 OPR/42.0.2393.94"
::1 - - [17/Jan/2017:13:28:33 +0000] "GET /favicon.ico HTTP/1.1" 500 3401 "http://localhost:3000/cart" "Mozilla/5.0 (Macintosh; Intel Mac OS X 10_12_2) AppleWebKit/537.36 (KHTML, like Gecko) Chrome/55.0.2883.87 Safari/537.36 OPR/42.0.2393.94"
::1 - - [17/Jan/2017:13:28:34 +0000] "GET /cart HTTP/1.1" 304 - "-" "Mozilla/5.0 (Macintosh; Intel Mac OS X 10_12_2) AppleWebKit/537.36 (KHTML, like Gecko) Chrome/55.0.2883.87 Safari/537.36 OPR/42.0.2393.94"
::1 - - [17/Jan/2017:13:28:34 +0000] "GET /favicon.ico HTTP/1.1" 500 3401 "http://localhost:3000/cart" "Mozilla/5.0 (Macintosh; Intel Mac OS X 10_12_2) AppleWebKit/537.36 (KHTML, like Gecko) Chrome/55.0.2883.87 Safari/537.36 OPR/42.0.2393.94"
::1 - - [17/Jan/2017:13:28:43 +0000] "GET /cart HTTP/1.1" 200 4456 "-" "Mozilla/5.0 (Macintosh; Intel Mac OS X 10_12_2) AppleWebKit/537.36 (KHTML, like Gecko) Chrome/55.0.2883.87 Safari/537.36 OPR/42.0.2393.94"
::1 - - [17/Jan/2017:13:28:43 +0000] "GET /favicon.ico HTTP/1.1" 500 3401 "http://localhost:3000/cart" "Mozilla/5.0 (Macintosh; Intel Mac OS X 10_12_2) AppleWebKit/537.36 (KHTML, like Gecko) Chrome/55.0.2883.87 Safari/537.36 OPR/42.0.2393.94"
::1 - - [17/Jan/2017:13:30:11 +0000] "GET /cart HTTP/1.1" 200 4545 "-" "Mozilla/5.0 (Macintosh; Intel Mac OS X 10_12_2) AppleWebKit/537.36 (KHTML, like Gecko) Chrome/55.0.2883.87 Safari/537.36 OPR/42.0.2393.94"
::1 - - [17/Jan/2017:13:30:11 +0000] "GET /favicon.ico HTTP/1.1" 500 3401 "http://localhost:3000/cart" "Mozilla/5.0 (Macintosh; Intel Mac OS X 10_12_2) AppleWebKit/537.36 (KHTML, like Gecko) Chrome/55.0.2883.87 Safari/537.36 OPR/42.0.2393.94"
::1 - - [17/Jan/2017:13:30:19 +0000] "GET / HTTP/1.1" 302 56 "http://localhost:3000/cart" "Mozilla/5.0 (Macintosh; Intel Mac OS X 10_12_2) AppleWebKit/537.36 (KHTML, like Gecko) Chrome/55.0.2883.87 Safari/537.36 OPR/42.0.2393.94"
::1 - - [17/Jan/2017:13:30:19 +0000] "GET /books HTTP/1.1" 200 18072 "http://localhost:3000/cart" "Mozilla/5.0 (Macintosh; Intel Mac OS X 10_12_2) AppleWebKit/537.36 (KHTML, like Gecko) Chrome/55.0.2883.87 Safari/537.36 OPR/42.0.2393.94"
::1 - - [17/Jan/2017:13:30:19 +0000] "GET /favicon.ico HTTP/1.1" 500 3401 "http://localhost:3000/books" "Mozilla/5.0 (Macintosh; Intel Mac OS X 10_12_2) AppleWebKit/537.36 (KHTML, like Gecko) Chrome/55.0.2883.87 Safari/537.36 OPR/42.0.2393.94"
::1 - - [17/Jan/2017:13:30:21 +0000] "GET /addtocart/5875cdc34082054304e677b0?origin=/books HTTP/1.1" 302 56 "http://localhost:3000/books" "Mozilla/5.0 (Macintosh; Intel Mac OS X 10_12_2) AppleWebKit/537.36 (KHTML, like Gecko) Chrome/55.0.2883.87 Safari/537.36 OPR/42.0.2393.94"
::1 - - [17/Jan/2017:13:30:21 +0000] "GET /books HTTP/1.1" 200 18306 "http://localhost:3000/books" "Mozilla/5.0 (Macintosh; Intel Mac OS X 10_12_2) AppleWebKit/537.36 (KHTML, like Gecko) Chrome/55.0.2883.87 Safari/537.36 OPR/42.0.2393.94"
::1 - - [17/Jan/2017:13:30:21 +0000] "GET /favicon.ico HTTP/1.1" 500 3401 "http://localhost:3000/books" "Mozilla/5.0 (Macintosh; Intel Mac OS X 10_12_2) AppleWebKit/537.36 (KHTML, like Gecko) Chrome/55.0.2883.87 Safari/537.36 OPR/42.0.2393.94"
::1 - - [17/Jan/2017:13:30:23 +0000] "GET /addtocart/5875cdc34082054304e677b2?origin=/books HTTP/1.1" 302 56 "http://localhost:3000/books" "Mozilla/5.0 (Macintosh; Intel Mac OS X 10_12_2) AppleWebKit/537.36 (KHTML, like Gecko) Chrome/55.0.2883.87 Safari/537.36 OPR/42.0.2393.94"
::1 - - [17/Jan/2017:13:30:23 +0000] "GET /books HTTP/1.1" 200 18306 "http://localhost:3000/books" "Mozilla/5.0 (Macintosh; Intel Mac OS X 10_12_2) AppleWebKit/537.36 (KHTML, like Gecko) Chrome/55.0.2883.87 Safari/537.36 OPR/42.0.2393.94"
::1 - - [17/Jan/2017:13:30:23 +0000] "GET /favicon.ico HTTP/1.1" 500 3401 "http://localhost:3000/books" "Mozilla/5.0 (Macintosh; Intel Mac OS X 10_12_2) AppleWebKit/537.36 (KHTML, like Gecko) Chrome/55.0.2883.87 Safari/537.36 OPR/42.0.2393.94"
::1 - - [17/Jan/2017:13:30:25 +0000] "GET /addtocart/5877018fda362b38ea3950bd?origin=/books HTTP/1.1" 302 56 "http://localhost:3000/books" "Mozilla/5.0 (Macintosh; Intel Mac OS X 10_12_2) AppleWebKit/537.36 (KHTML, like Gecko) Chrome/55.0.2883.87 Safari/537.36 OPR/42.0.2393.94"
::1 - - [17/Jan/2017:13:30:25 +0000] "GET /books HTTP/1.1" 200 18306 "http://localhost:3000/books" "Mozilla/5.0 (Macintosh; Intel Mac OS X 10_12_2) AppleWebKit/537.36 (KHTML, like Gecko) Chrome/55.0.2883.87 Safari/537.36 OPR/42.0.2393.94"
::1 - - [17/Jan/2017:13:30:25 +0000] "GET /favicon.ico HTTP/1.1" 500 3401 "http://localhost:3000/books" "Mozilla/5.0 (Macintosh; Intel Mac OS X 10_12_2) AppleWebKit/537.36 (KHTML, like Gecko) Chrome/55.0.2883.87 Safari/537.36 OPR/42.0.2393.94"
::1 - - [17/Jan/2017:13:30:26 +0000] "GET /cart HTTP/1.1" 200 7083 "http://localhost:3000/books" "Mozilla/5.0 (Macintosh; Intel Mac OS X 10_12_2) AppleWebKit/537.36 (KHTML, like Gecko) Chrome/55.0.2883.87 Safari/537.36 OPR/42.0.2393.94"
::1 - - [17/Jan/2017:13:30:26 +0000] "GET /favicon.ico HTTP/1.1" 500 3401 "http://localhost:3000/cart" "Mozilla/5.0 (Macintosh; Intel Mac OS X 10_12_2) AppleWebKit/537.36 (KHTML, like Gecko) Chrome/55.0.2883.87 Safari/537.36 OPR/42.0.2393.94"
::1 - - [17/Jan/2017:13:30:28 +0000] "GET /checkout HTTP/1.1" 500 3401 "http://localhost:3000/cart" "Mozilla/5.0 (Macintosh; Intel Mac OS X 10_12_2) AppleWebKit/537.36 (KHTML, like Gecko) Chrome/55.0.2883.87 Safari/537.36 OPR/42.0.2393.94"
::1 - - [17/Jan/2017:13:30:28 +0000] "GET /favicon.ico HTTP/1.1" 500 3401 "http://localhost:3000/checkout" "Mozilla/5.0 (Macintosh; Intel Mac OS X 10_12_2) AppleWebKit/537.36 (KHTML, like Gecko) Chrome/55.0.2883.87 Safari/537.36 OPR/42.0.2393.94"
::1 - - [17/Jan/2017:13:30:29 +0000] "GET /favicon.ico HTTP/1.1" 500 3401 "http://localhost:3000/cart" "Mozilla/5.0 (Macintosh; Intel Mac OS X 10_12_2) AppleWebKit/537.36 (KHTML, like Gecko) Chrome/55.0.2883.87 Safari/537.36 OPR/42.0.2393.94"
::1 - - [17/Jan/2017:13:31:08 +0000] "GET /cart HTTP/1.1" 200 7095 "http://localhost:3000/books" "Mozilla/5.0 (Macintosh; Intel Mac OS X 10_12_2) AppleWebKit/537.36 (KHTML, like Gecko) Chrome/55.0.2883.87 Safari/537.36 OPR/42.0.2393.94"
::1 - - [17/Jan/2017:13:31:08 +0000] "GET /favicon.ico HTTP/1.1" 500 3401 "http://localhost:3000/cart" "Mozilla/5.0 (Macintosh; Intel Mac OS X 10_12_2) AppleWebKit/537.36 (KHTML, like Gecko) Chrome/55.0.2883.87 Safari/537.36 OPR/42.0.2393.94"
::1 - - [17/Jan/2017:13:39:34 +0000] "GET /cart HTTP/1.1" 200 7929 "http://localhost:3000/books" "Mozilla/5.0 (Macintosh; Intel Mac OS X 10_12_2) AppleWebKit/537.36 (KHTML, like Gecko) Chrome/55.0.2883.87 Safari/537.36 OPR/42.0.2393.94"
::1 - - [17/Jan/2017:13:39:35 +0000] "GET /favicon.ico HTTP/1.1" 500 3401 "http://localhost:3000/cart" "Mozilla/5.0 (Macintosh; Intel Mac OS X 10_12_2) AppleWebKit/537.36 (KHTML, like Gecko) Chrome/55.0.2883.87 Safari/537.36 OPR/42.0.2393.94"
::1 - - [17/Jan/2017:13:39:36 +0000] "GET /reducefromcart/:id?origin=/cart HTTP/1.1" 500 3401 "http://localhost:3000/cart" "Mozilla/5.0 (Macintosh; Intel Mac OS X 10_12_2) AppleWebKit/537.36 (KHTML, like Gecko) Chrome/55.0.2883.87 Safari/537.36 OPR/42.0.2393.94"
::1 - - [17/Jan/2017:13:39:36 +0000] "GET /favicon.ico HTTP/1.1" 500 3401 "http://localhost:3000/reducefromcart/:id?origin=/cart" "Mozilla/5.0 (Macintosh; Intel Mac OS X 10_12_2) AppleWebKit/537.36 (KHTML, like Gecko) Chrome/55.0.2883.87 Safari/537.36 OPR/42.0.2393.94"
::1 - - [17/Jan/2017:13:39:38 +0000] "GET /favicon.ico HTTP/1.1" 500 3401 "http://localhost:3000/cart" "Mozilla/5.0 (Macintosh; Intel Mac OS X 10_12_2) AppleWebKit/537.36 (KHTML, like Gecko) Chrome/55.0.2883.87 Safari/537.36 OPR/42.0.2393.94"
::1 - - [17/Jan/2017:13:40:12 +0000] "GET /cart HTTP/1.1" 200 7872 "http://localhost:3000/books" "Mozilla/5.0 (Macintosh; Intel Mac OS X 10_12_2) AppleWebKit/537.36 (KHTML, like Gecko) Chrome/55.0.2883.87 Safari/537.36 OPR/42.0.2393.94"
::1 - - [17/Jan/2017:13:40:12 +0000] "GET /favicon.ico HTTP/1.1" 500 3401 "http://localhost:3000/cart" "Mozilla/5.0 (Macintosh; Intel Mac OS X 10_12_2) AppleWebKit/537.36 (KHTML, like Gecko) Chrome/55.0.2883.87 Safari/537.36 OPR/42.0.2393.94"
::1 - - [17/Jan/2017:13:40:43 +0000] "GET /cart HTTP/1.1" 200 8052 "http://localhost:3000/books" "Mozilla/5.0 (Macintosh; Intel Mac OS X 10_12_2) AppleWebKit/537.36 (KHTML, like Gecko) Chrome/55.0.2883.87 Safari/537.36 OPR/42.0.2393.94"
::1 - - [17/Jan/2017:13:40:43 +0000] "GET /favicon.ico HTTP/1.1" 500 3401 "http://localhost:3000/cart" "Mozilla/5.0 (Macintosh; Intel Mac OS X 10_12_2) AppleWebKit/537.36 (KHTML, like Gecko) Chrome/55.0.2883.87 Safari/537.36 OPR/42.0.2393.94"
::1 - - [17/Jan/2017:13:41:39 +0000] "GET /cart HTTP/1.1" 200 8149 "http://localhost:3000/books" "Mozilla/5.0 (Macintosh; Intel Mac OS X 10_12_2) AppleWebKit/537.36 (KHTML, like Gecko) Chrome/55.0.2883.87 Safari/537.36 OPR/42.0.2393.94"
::1 - - [17/Jan/2017:13:41:40 +0000] "GET /favicon.ico HTTP/1.1" 500 3401 "http://localhost:3000/cart" "Mozilla/5.0 (Macintosh; Intel Mac OS X 10_12_2) AppleWebKit/537.36 (KHTML, like Gecko) Chrome/55.0.2883.87 Safari/537.36 OPR/42.0.2393.94"
::1 - - [17/Jan/2017:13:42:05 +0000] "GET /cart HTTP/1.1" 200 7944 "http://localhost:3000/books" "Mozilla/5.0 (Macintosh; Intel Mac OS X 10_12_2) AppleWebKit/537.36 (KHTML, like Gecko) Chrome/55.0.2883.87 Safari/537.36 OPR/42.0.2393.94"
::1 - - [17/Jan/2017:13:42:05 +0000] "GET /favicon.ico HTTP/1.1" 500 3401 "http://localhost:3000/cart" "Mozilla/5.0 (Macintosh; Intel Mac OS X 10_12_2) AppleWebKit/537.36 (KHTML, like Gecko) Chrome/55.0.2883.87 Safari/537.36 OPR/42.0.2393.94"
::1 - - [17/Jan/2017:13:44:57 +0000] "GET /cart HTTP/1.1" 200 7494 "http://localhost:3000/books" "Mozilla/5.0 (Macintosh; Intel Mac OS X 10_12_2) AppleWebKit/537.36 (KHTML, like Gecko) Chrome/55.0.2883.87 Safari/537.36 OPR/42.0.2393.94"
::1 - - [17/Jan/2017:13:44:57 +0000] "GET /favicon.ico HTTP/1.1" 500 3401 "http://localhost:3000/cart" "Mozilla/5.0 (Macintosh; Intel Mac OS X 10_12_2) AppleWebKit/537.36 (KHTML, like Gecko) Chrome/55.0.2883.87 Safari/537.36 OPR/42.0.2393.94"
::1 - - [17/Jan/2017:13:45:01 +0000] "GET /books/ HTTP/1.1" 200 18306 "http://localhost:3000/cart" "Mozilla/5.0 (Macintosh; Intel Mac OS X 10_12_2) AppleWebKit/537.36 (KHTML, like Gecko) Chrome/55.0.2883.87 Safari/537.36 OPR/42.0.2393.94"
::1 - - [17/Jan/2017:13:45:01 +0000] "GET /books/images/default.png HTTP/1.1" 500 3401 "http://localhost:3000/books/" "Mozilla/5.0 (Macintosh; Intel Mac OS X 10_12_2) AppleWebKit/537.36 (KHTML, like Gecko) Chrome/55.0.2883.87 Safari/537.36 OPR/42.0.2393.94"
::1 - - [17/Jan/2017:13:45:01 +0000] "GET /books/images/default.png HTTP/1.1" 500 3401 "http://localhost:3000/books/" "Mozilla/5.0 (Macintosh; Intel Mac OS X 10_12_2) AppleWebKit/537.36 (KHTML, like Gecko) Chrome/55.0.2883.87 Safari/537.36 OPR/42.0.2393.94"
::1 - - [17/Jan/2017:13:45:01 +0000] "GET /favicon.ico HTTP/1.1" 500 3401 "http://localhost:3000/books/" "Mozilla/5.0 (Macintosh; Intel Mac OS X 10_12_2) AppleWebKit/537.36 (KHTML, like Gecko) Chrome/55.0.2883.87 Safari/537.36 OPR/42.0.2393.94"
::1 - - [17/Jan/2017:13:45:04 +0000] "GET /favicon.ico HTTP/1.1" 500 3401 "http://localhost:3000/cart" "Mozilla/5.0 (Macintosh; Intel Mac OS X 10_12_2) AppleWebKit/537.36 (KHTML, like Gecko) Chrome/55.0.2883.87 Safari/537.36 OPR/42.0.2393.94"
