::1 - - [20/Jan/2017:02:09:25 +0000] "GET / HTTP/1.1" 302 56 "-" "Mozilla/5.0 (Macintosh; Intel Mac OS X 10_12_2) AppleWebKit/537.36 (KHTML, like Gecko) Chrome/55.0.2883.87 Safari/537.36 OPR/42.0.2393.94"
::1 - - [20/Jan/2017:02:09:25 +0000] "GET /books HTTP/1.1" 200 18072 "-" "Mozilla/5.0 (Macintosh; Intel Mac OS X 10_12_2) AppleWebKit/537.36 (KHTML, like Gecko) Chrome/55.0.2883.87 Safari/537.36 OPR/42.0.2393.94"
::1 - - [20/Jan/2017:02:09:35 +0000] "GET /books/5875cdc34082054304e677b0 HTTP/1.1" 200 6282 "http://localhost:3000/books" "Mozilla/5.0 (Macintosh; Intel Mac OS X 10_12_2) AppleWebKit/537.36 (KHTML, like Gecko) Chrome/55.0.2883.87 Safari/537.36 OPR/42.0.2393.94"
::1 - - [20/Jan/2017:02:10:06 +0000] "GET / HTTP/1.1" 302 56 "-" "Mozilla/5.0 (Macintosh; Intel Mac OS X 10_12_2) AppleWebKit/602.3.12 (KHTML, like Gecko) Version/10.0.2 Safari/602.3.12"
::1 - - [20/Jan/2017:02:10:06 +0000] "GET /books HTTP/1.1" 200 18072 "-" "Mozilla/5.0 (Macintosh; Intel Mac OS X 10_12_2) AppleWebKit/602.3.12 (KHTML, like Gecko) Version/10.0.2 Safari/602.3.12"
::1 - - [20/Jan/2017:02:10:15 +0000] "GET /addtocart/5875cdc34082054304e677b3?origin=/books HTTP/1.1" 302 56 "http://localhost:3000/books" "Mozilla/5.0 (Macintosh; Intel Mac OS X 10_12_2) AppleWebKit/602.3.12 (KHTML, like Gecko) Version/10.0.2 Safari/602.3.12"
::1 - - [20/Jan/2017:02:10:15 +0000] "GET /books HTTP/1.1" 200 18306 "http://localhost:3000/books" "Mozilla/5.0 (Macintosh; Intel Mac OS X 10_12_2) AppleWebKit/602.3.12 (KHTML, like Gecko) Version/10.0.2 Safari/602.3.12"
::1 - - [20/Jan/2017:02:10:16 +0000] "GET /addtocart/5875cdc34082054304e677b2?origin=/books HTTP/1.1" 302 56 "http://localhost:3000/books" "Mozilla/5.0 (Macintosh; Intel Mac OS X 10_12_2) AppleWebKit/602.3.12 (KHTML, like Gecko) Version/10.0.2 Safari/602.3.12"
::1 - - [20/Jan/2017:02:10:16 +0000] "GET /books HTTP/1.1" 200 18306 "http://localhost:3000/books" "Mozilla/5.0 (Macintosh; Intel Mac OS X 10_12_2) AppleWebKit/602.3.12 (KHTML, like Gecko) Version/10.0.2 Safari/602.3.12"
::1 - - [20/Jan/2017:02:10:17 +0000] "GET /addtocart/5875cdc34082054304e677b2?origin=/books HTTP/1.1" 302 56 "http://localhost:3000/books" "Mozilla/5.0 (Macintosh; Intel Mac OS X 10_12_2) AppleWebKit/602.3.12 (KHTML, like Gecko) Version/10.0.2 Safari/602.3.12"
::1 - - [20/Jan/2017:02:10:17 +0000] "GET /books HTTP/1.1" 200 18306 "http://localhost:3000/books" "Mozilla/5.0 (Macintosh; Intel Mac OS X 10_12_2) AppleWebKit/602.3.12 (KHTML, like Gecko) Version/10.0.2 Safari/602.3.12"
::1 - - [20/Jan/2017:02:10:18 +0000] "GET /cart HTTP/1.1" 200 7068 "http://localhost:3000/books" "Mozilla/5.0 (Macintosh; Intel Mac OS X 10_12_2) AppleWebKit/602.3.12 (KHTML, like Gecko) Version/10.0.2 Safari/602.3.12"
::1 - - [20/Jan/2017:02:10:23 +0000] "GET /reducefromcart/:id?origin=/cart HTTP/1.1" 302 54 "http://localhost:3000/cart" "Mozilla/5.0 (Macintosh; Intel Mac OS X 10_12_2) AppleWebKit/602.3.12 (KHTML, like Gecko) Version/10.0.2 Safari/602.3.12"
::1 - - [20/Jan/2017:02:10:23 +0000] "GET /cart HTTP/1.1" 200 7068 "http://localhost:3000/cart" "Mozilla/5.0 (Macintosh; Intel Mac OS X 10_12_2) AppleWebKit/602.3.12 (KHTML, like Gecko) Version/10.0.2 Safari/602.3.12"
::1 - - [20/Jan/2017:02:10:29 +0000] "GET /reducefromcart/:id?origin=/cart HTTP/1.1" 302 54 "http://localhost:3000/cart" "Mozilla/5.0 (Macintosh; Intel Mac OS X 10_12_2) AppleWebKit/602.3.12 (KHTML, like Gecko) Version/10.0.2 Safari/602.3.12"
::1 - - [20/Jan/2017:02:10:29 +0000] "GET /cart HTTP/1.1" 200 7068 "http://localhost:3000/cart" "Mozilla/5.0 (Macintosh; Intel Mac OS X 10_12_2) AppleWebKit/602.3.12 (KHTML, like Gecko) Version/10.0.2 Safari/602.3.12"
::1 - - [20/Jan/2017:02:10:55 +0000] "GET /cart HTTP/1.1" 200 7079 "http://localhost:3000/cart" "Mozilla/5.0 (Macintosh; Intel Mac OS X 10_12_2) AppleWebKit/602.3.12 (KHTML, like Gecko) Version/10.0.2 Safari/602.3.12"
::1 - - [20/Jan/2017:02:11:12 +0000] "GET /cart HTTP/1.1" 200 7083 "http://localhost:3000/cart" "Mozilla/5.0 (Macintosh; Intel Mac OS X 10_12_2) AppleWebKit/602.3.12 (KHTML, like Gecko) Version/10.0.2 Safari/602.3.12"
::1 - - [20/Jan/2017:02:13:00 +0000] "GET /reducefromcart/:id?origin=/cart HTTP/1.1" 302 54 "http://localhost:3000/cart" "Mozilla/5.0 (Macintosh; Intel Mac OS X 10_12_2) AppleWebKit/602.3.12 (KHTML, like Gecko) Version/10.0.2 Safari/602.3.12"
::1 - - [20/Jan/2017:02:13:00 +0000] "GET /cart HTTP/1.1" 200 7068 "http://localhost:3000/cart" "Mozilla/5.0 (Macintosh; Intel Mac OS X 10_12_2) AppleWebKit/602.3.12 (KHTML, like Gecko) Version/10.0.2 Safari/602.3.12"
::1 - - [20/Jan/2017:02:13:43 +0000] "GET /cart HTTP/1.1" 200 7059 "http://localhost:3000/cart" "Mozilla/5.0 (Macintosh; Intel Mac OS X 10_12_2) AppleWebKit/602.3.12 (KHTML, like Gecko) Version/10.0.2 Safari/602.3.12"
::1 - - [20/Jan/2017:02:14:10 +0000] "GET /cart HTTP/1.1" 200 7131 "http://localhost:3000/cart" "Mozilla/5.0 (Macintosh; Intel Mac OS X 10_12_2) AppleWebKit/602.3.12 (KHTML, like Gecko) Version/10.0.2 Safari/602.3.12"
::1 - - [20/Jan/2017:02:14:16 +0000] "GET /reducefromcart/5875cdc34082054304e677b2?origin=/cart HTTP/1.1" 302 54 "http://localhost:3000/cart" "Mozilla/5.0 (Macintosh; Intel Mac OS X 10_12_2) AppleWebKit/602.3.12 (KHTML, like Gecko) Version/10.0.2 Safari/602.3.12"
::1 - - [20/Jan/2017:02:14:16 +0000] "GET /cart HTTP/1.1" 200 6920 "http://localhost:3000/cart" "Mozilla/5.0 (Macintosh; Intel Mac OS X 10_12_2) AppleWebKit/602.3.12 (KHTML, like Gecko) Version/10.0.2 Safari/602.3.12"
::1 - - [20/Jan/2017:02:14:19 +0000] "GET /removefromcart/5875cdc34082054304e677b3?origin=/cart HTTP/1.1" 302 54 "http://localhost:3000/cart" "Mozilla/5.0 (Macintosh; Intel Mac OS X 10_12_2) AppleWebKit/602.3.12 (KHTML, like Gecko) Version/10.0.2 Safari/602.3.12"
::1 - - [20/Jan/2017:02:14:19 +0000] "GET /cart HTTP/1.1" 200 6220 "http://localhost:3000/cart" "Mozilla/5.0 (Macintosh; Intel Mac OS X 10_12_2) AppleWebKit/602.3.12 (KHTML, like Gecko) Version/10.0.2 Safari/602.3.12"
::1 - - [20/Jan/2017:02:14:21 +0000] "GET /removefromcart/5875cdc34082054304e677b2?origin=/cart HTTP/1.1" 302 54 "http://localhost:3000/cart" "Mozilla/5.0 (Macintosh; Intel Mac OS X 10_12_2) AppleWebKit/602.3.12 (KHTML, like Gecko) Version/10.0.2 Safari/602.3.12"
::1 - - [20/Jan/2017:02:14:21 +0000] "GET /cart HTTP/1.1" 200 4680 "http://localhost:3000/cart" "Mozilla/5.0 (Macintosh; Intel Mac OS X 10_12_2) AppleWebKit/602.3.12 (KHTML, like Gecko) Version/10.0.2 Safari/602.3.12"
::1 - - [20/Jan/2017:02:14:35 +0000] "GET /cart HTTP/1.1" 200 4680 "http://localhost:3000/cart" "Mozilla/5.0 (Macintosh; Intel Mac OS X 10_12_2) AppleWebKit/602.3.12 (KHTML, like Gecko) Version/10.0.2 Safari/602.3.12"
::1 - - [20/Jan/2017:02:15:49 +0000] "GET /cart HTTP/1.1" 200 4680 "http://localhost:3000/cart" "Mozilla/5.0 (Macintosh; Intel Mac OS X 10_12_2) AppleWebKit/602.3.12 (KHTML, like Gecko) Version/10.0.2 Safari/602.3.12"
::1 - - [20/Jan/2017:02:15:51 +0000] "GET / HTTP/1.1" 302 56 "http://localhost:3000/cart" "Mozilla/5.0 (Macintosh; Intel Mac OS X 10_12_2) AppleWebKit/602.3.12 (KHTML, like Gecko) Version/10.0.2 Safari/602.3.12"
::1 - - [20/Jan/2017:02:15:51 +0000] "GET /books HTTP/1.1" 200 18306 "http://localhost:3000/cart" "Mozilla/5.0 (Macintosh; Intel Mac OS X 10_12_2) AppleWebKit/602.3.12 (KHTML, like Gecko) Version/10.0.2 Safari/602.3.12"
::1 - - [20/Jan/2017:02:15:53 +0000] "GET /cart HTTP/1.1" 200 4680 "http://localhost:3000/books" "Mozilla/5.0 (Macintosh; Intel Mac OS X 10_12_2) AppleWebKit/602.3.12 (KHTML, like Gecko) Version/10.0.2 Safari/602.3.12"
::1 - - [20/Jan/2017:02:16:04 +0000] "GET / HTTP/1.1" 302 56 "-" "Mozilla/5.0 (Macintosh; Intel Mac OS X 10_12_2) AppleWebKit/602.3.12 (KHTML, like Gecko) Version/10.0.2 Safari/602.3.12"
::1 - - [20/Jan/2017:02:16:04 +0000] "GET /books HTTP/1.1" 200 18072 "-" "Mozilla/5.0 (Macintosh; Intel Mac OS X 10_12_2) AppleWebKit/602.3.12 (KHTML, like Gecko) Version/10.0.2 Safari/602.3.12"
::1 - - [20/Jan/2017:02:16:09 +0000] "GET /addtocart/5875cdc34082054304e677b2?origin=/books HTTP/1.1" 302 56 "http://localhost:3000/books" "Mozilla/5.0 (Macintosh; Intel Mac OS X 10_12_2) AppleWebKit/602.3.12 (KHTML, like Gecko) Version/10.0.2 Safari/602.3.12"
::1 - - [20/Jan/2017:02:16:09 +0000] "GET /books HTTP/1.1" 200 18306 "http://localhost:3000/books" "Mozilla/5.0 (Macintosh; Intel Mac OS X 10_12_2) AppleWebKit/602.3.12 (KHTML, like Gecko) Version/10.0.2 Safari/602.3.12"
::1 - - [20/Jan/2017:02:16:11 +0000] "GET /addtocart/5875cdc34082054304e677b2?origin=/books HTTP/1.1" 302 56 "http://localhost:3000/books" "Mozilla/5.0 (Macintosh; Intel Mac OS X 10_12_2) AppleWebKit/602.3.12 (KHTML, like Gecko) Version/10.0.2 Safari/602.3.12"
::1 - - [20/Jan/2017:02:16:11 +0000] "GET /books HTTP/1.1" 200 18306 "http://localhost:3000/books" "Mozilla/5.0 (Macintosh; Intel Mac OS X 10_12_2) AppleWebKit/602.3.12 (KHTML, like Gecko) Version/10.0.2 Safari/602.3.12"
::1 - - [20/Jan/2017:02:16:12 +0000] "GET /addtocart/5875cdc34082054304e677b1?origin=/books HTTP/1.1" 302 56 "http://localhost:3000/books" "Mozilla/5.0 (Macintosh; Intel Mac OS X 10_12_2) AppleWebKit/602.3.12 (KHTML, like Gecko) Version/10.0.2 Safari/602.3.12"
::1 - - [20/Jan/2017:02:16:12 +0000] "GET /books HTTP/1.1" 200 18306 "http://localhost:3000/books" "Mozilla/5.0 (Macintosh; Intel Mac OS X 10_12_2) AppleWebKit/602.3.12 (KHTML, like Gecko) Version/10.0.2 Safari/602.3.12"
::1 - - [20/Jan/2017:02:16:13 +0000] "GET /addtocart/5875cdc34082054304e677b0?origin=/books HTTP/1.1" 302 56 "http://localhost:3000/books" "Mozilla/5.0 (Macintosh; Intel Mac OS X 10_12_2) AppleWebKit/602.3.12 (KHTML, like Gecko) Version/10.0.2 Safari/602.3.12"
::1 - - [20/Jan/2017:02:16:13 +0000] "GET /books HTTP/1.1" 200 18306 "http://localhost:3000/books" "Mozilla/5.0 (Macintosh; Intel Mac OS X 10_12_2) AppleWebKit/602.3.12 (KHTML, like Gecko) Version/10.0.2 Safari/602.3.12"
::1 - - [20/Jan/2017:02:16:14 +0000] "GET /addtocart/5875cdc34082054304e677b0?origin=/books HTTP/1.1" 302 56 "http://localhost:3000/books" "Mozilla/5.0 (Macintosh; Intel Mac OS X 10_12_2) AppleWebKit/602.3.12 (KHTML, like Gecko) Version/10.0.2 Safari/602.3.12"
::1 - - [20/Jan/2017:02:16:14 +0000] "GET /books HTTP/1.1" 200 18306 "http://localhost:3000/books" "Mozilla/5.0 (Macintosh; Intel Mac OS X 10_12_2) AppleWebKit/602.3.12 (KHTML, like Gecko) Version/10.0.2 Safari/602.3.12"
::1 - - [20/Jan/2017:02:16:14 +0000] "GET /addtocart/5875cdc34082054304e677b0?origin=/books HTTP/1.1" 302 56 "http://localhost:3000/books" "Mozilla/5.0 (Macintosh; Intel Mac OS X 10_12_2) AppleWebKit/602.3.12 (KHTML, like Gecko) Version/10.0.2 Safari/602.3.12"
::1 - - [20/Jan/2017:02:16:14 +0000] "GET /books HTTP/1.1" 200 18306 "http://localhost:3000/books" "Mozilla/5.0 (Macintosh; Intel Mac OS X 10_12_2) AppleWebKit/602.3.12 (KHTML, like Gecko) Version/10.0.2 Safari/602.3.12"
::1 - - [20/Jan/2017:02:16:16 +0000] "GET /cart HTTP/1.1" 200 8064 "http://localhost:3000/books" "Mozilla/5.0 (Macintosh; Intel Mac OS X 10_12_2) AppleWebKit/602.3.12 (KHTML, like Gecko) Version/10.0.2 Safari/602.3.12"
::1 - - [20/Jan/2017:02:16:20 +0000] "GET /removefromcart/5875cdc34082054304e677b1?origin=/cart HTTP/1.1" 302 54 "http://localhost:3000/cart" "Mozilla/5.0 (Macintosh; Intel Mac OS X 10_12_2) AppleWebKit/602.3.12 (KHTML, like Gecko) Version/10.0.2 Safari/602.3.12"
::1 - - [20/Jan/2017:02:16:20 +0000] "GET /cart HTTP/1.1" 200 7356 "http://localhost:3000/cart" "Mozilla/5.0 (Macintosh; Intel Mac OS X 10_12_2) AppleWebKit/602.3.12 (KHTML, like Gecko) Version/10.0.2 Safari/602.3.12"
::1 - - [20/Jan/2017:02:16:37 +0000] "GET / HTTP/1.1" 302 56 "-" "Mozilla/5.0 (Macintosh; Intel Mac OS X 10_12_2) AppleWebKit/602.3.12 (KHTML, like Gecko) Version/10.0.2 Safari/602.3.12"
::1 - - [20/Jan/2017:02:16:37 +0000] "GET /books HTTP/1.1" 200 18072 "-" "Mozilla/5.0 (Macintosh; Intel Mac OS X 10_12_2) AppleWebKit/602.3.12 (KHTML, like Gecko) Version/10.0.2 Safari/602.3.12"
::1 - - [20/Jan/2017:02:16:45 +0000] "GET /addtocart/5875cdc34082054304e677b3?origin=/books HTTP/1.1" 302 56 "http://localhost:3000/books" "Mozilla/5.0 (Macintosh; Intel Mac OS X 10_12_2) AppleWebKit/602.3.12 (KHTML, like Gecko) Version/10.0.2 Safari/602.3.12"
::1 - - [20/Jan/2017:02:16:45 +0000] "GET /books HTTP/1.1" 200 18306 "http://localhost:3000/books" "Mozilla/5.0 (Macintosh; Intel Mac OS X 10_12_2) AppleWebKit/602.3.12 (KHTML, like Gecko) Version/10.0.2 Safari/602.3.12"
::1 - - [20/Jan/2017:02:16:47 +0000] "GET /addtocart/5875cdc34082054304e677b3?origin=/books HTTP/1.1" 302 56 "http://localhost:3000/books" "Mozilla/5.0 (Macintosh; Intel Mac OS X 10_12_2) AppleWebKit/602.3.12 (KHTML, like Gecko) Version/10.0.2 Safari/602.3.12"
::1 - - [20/Jan/2017:02:16:47 +0000] "GET /books HTTP/1.1" 200 18306 "http://localhost:3000/books" "Mozilla/5.0 (Macintosh; Intel Mac OS X 10_12_2) AppleWebKit/602.3.12 (KHTML, like Gecko) Version/10.0.2 Safari/602.3.12"
::1 - - [20/Jan/2017:02:16:47 +0000] "GET /addtocart/5875cdc34082054304e677b3?origin=/books HTTP/1.1" 302 56 "http://localhost:3000/books" "Mozilla/5.0 (Macintosh; Intel Mac OS X 10_12_2) AppleWebKit/602.3.12 (KHTML, like Gecko) Version/10.0.2 Safari/602.3.12"
::1 - - [20/Jan/2017:02:16:47 +0000] "GET /books HTTP/1.1" 200 18306 "http://localhost:3000/books" "Mozilla/5.0 (Macintosh; Intel Mac OS X 10_12_2) AppleWebKit/602.3.12 (KHTML, like Gecko) Version/10.0.2 Safari/602.3.12"
::1 - - [20/Jan/2017:02:16:48 +0000] "GET /addtocart/5875cdc34082054304e677b3?origin=/books HTTP/1.1" 302 56 "http://localhost:3000/books" "Mozilla/5.0 (Macintosh; Intel Mac OS X 10_12_2) AppleWebKit/602.3.12 (KHTML, like Gecko) Version/10.0.2 Safari/602.3.12"
::1 - - [20/Jan/2017:02:16:48 +0000] "GET /books HTTP/1.1" 200 18306 "http://localhost:3000/books" "Mozilla/5.0 (Macintosh; Intel Mac OS X 10_12_2) AppleWebKit/602.3.12 (KHTML, like Gecko) Version/10.0.2 Safari/602.3.12"
::1 - - [20/Jan/2017:02:16:50 +0000] "GET /addtocart/5875cdc34082054304e677b1?origin=/books HTTP/1.1" 302 56 "http://localhost:3000/books" "Mozilla/5.0 (Macintosh; Intel Mac OS X 10_12_2) AppleWebKit/602.3.12 (KHTML, like Gecko) Version/10.0.2 Safari/602.3.12"
::1 - - [20/Jan/2017:02:16:50 +0000] "GET /books HTTP/1.1" 200 18306 "http://localhost:3000/books" "Mozilla/5.0 (Macintosh; Intel Mac OS X 10_12_2) AppleWebKit/602.3.12 (KHTML, like Gecko) Version/10.0.2 Safari/602.3.12"
::1 - - [20/Jan/2017:02:16:52 +0000] "GET /cart HTTP/1.1" 200 7141 "http://localhost:3000/books" "Mozilla/5.0 (Macintosh; Intel Mac OS X 10_12_2) AppleWebKit/602.3.12 (KHTML, like Gecko) Version/10.0.2 Safari/602.3.12"
::1 - - [20/Jan/2017:02:16:54 +0000] "GET /removefromcart/5875cdc34082054304e677b1?origin=/cart HTTP/1.1" 302 54 "http://localhost:3000/cart" "Mozilla/5.0 (Macintosh; Intel Mac OS X 10_12_2) AppleWebKit/602.3.12 (KHTML, like Gecko) Version/10.0.2 Safari/602.3.12"
::1 - - [20/Jan/2017:02:16:54 +0000] "GET /cart HTTP/1.1" 200 6433 "http://localhost:3000/cart" "Mozilla/5.0 (Macintosh; Intel Mac OS X 10_12_2) AppleWebKit/602.3.12 (KHTML, like Gecko) Version/10.0.2 Safari/602.3.12"
::1 - - [20/Jan/2017:02:16:56 +0000] "GET /reducefromcart/5875cdc34082054304e677b3?origin=/cart HTTP/1.1" 302 54 "http://localhost:3000/cart" "Mozilla/5.0 (Macintosh; Intel Mac OS X 10_12_2) AppleWebKit/602.3.12 (KHTML, like Gecko) Version/10.0.2 Safari/602.3.12"
::1 - - [20/Jan/2017:02:16:56 +0000] "GET /cart HTTP/1.1" 200 6433 "http://localhost:3000/cart" "Mozilla/5.0 (Macintosh; Intel Mac OS X 10_12_2) AppleWebKit/602.3.12 (KHTML, like Gecko) Version/10.0.2 Safari/602.3.12"
::1 - - [20/Jan/2017:02:16:56 +0000] "GET /reducefromcart/5875cdc34082054304e677b3?origin=/cart HTTP/1.1" 302 54 "http://localhost:3000/cart" "Mozilla/5.0 (Macintosh; Intel Mac OS X 10_12_2) AppleWebKit/602.3.12 (KHTML, like Gecko) Version/10.0.2 Safari/602.3.12"
::1 - - [20/Jan/2017:02:16:56 +0000] "GET /cart HTTP/1.1" 200 6431 "http://localhost:3000/cart" "Mozilla/5.0 (Macintosh; Intel Mac OS X 10_12_2) AppleWebKit/602.3.12 (KHTML, like Gecko) Version/10.0.2 Safari/602.3.12"
::1 - - [20/Jan/2017:02:16:57 +0000] "GET /reducefromcart/5875cdc34082054304e677b3?origin=/cart HTTP/1.1" 302 54 "http://localhost:3000/cart" "Mozilla/5.0 (Macintosh; Intel Mac OS X 10_12_2) AppleWebKit/602.3.12 (KHTML, like Gecko) Version/10.0.2 Safari/602.3.12"
::1 - - [20/Jan/2017:02:16:57 +0000] "GET /cart HTTP/1.1" 200 6220 "http://localhost:3000/cart" "Mozilla/5.0 (Macintosh; Intel Mac OS X 10_12_2) AppleWebKit/602.3.12 (KHTML, like Gecko) Version/10.0.2 Safari/602.3.12"
