::1 - - [10/Jan/2017:23:20:24 +0000] "GET / HTTP/1.1" 302 56 "-" "Mozilla/5.0 (Macintosh; Intel Mac OS X 10_12_2) AppleWebKit/537.36 (KHTML, like Gecko) Chrome/55.0.2883.95 Safari/537.36"
::1 - - [10/Jan/2017:23:20:24 +0000] "GET /books HTTP/1.1" 200 93089 "-" "Mozilla/5.0 (Macintosh; Intel Mac OS X 10_12_2) AppleWebKit/537.36 (KHTML, like Gecko) Chrome/55.0.2883.95 Safari/537.36"
::1 - - [10/Jan/2017:23:20:37 +0000] "GET /users/signin HTTP/1.1" 404 25 "http://localhost:3000/books" "Mozilla/5.0 (Macintosh; Intel Mac OS X 10_12_2) AppleWebKit/537.36 (KHTML, like Gecko) Chrome/55.0.2883.95 Safari/537.36"
::1 - - [10/Jan/2017:23:21:27 +0000] "GET /users/signin HTTP/1.1" 404 25 "http://localhost:3000/books" "Mozilla/5.0 (Macintosh; Intel Mac OS X 10_12_2) AppleWebKit/537.36 (KHTML, like Gecko) Chrome/55.0.2883.95 Safari/537.36"
::1 - - [10/Jan/2017:23:21:34 +0000] "GET /users/signin HTTP/1.1" 500 2154 "http://localhost:3000/books" "Mozilla/5.0 (Macintosh; Intel Mac OS X 10_12_2) AppleWebKit/537.36 (KHTML, like Gecko) Chrome/55.0.2883.95 Safari/537.36"
::1 - - [10/Jan/2017:23:25:21 +0000] "GET /users/signin HTTP/1.1" 500 1847 "http://localhost:3000/books" "Mozilla/5.0 (Macintosh; Intel Mac OS X 10_12_2) AppleWebKit/537.36 (KHTML, like Gecko) Chrome/55.0.2883.95 Safari/537.36"
::1 - - [10/Jan/2017:23:25:45 +0000] "GET /users/signin HTTP/1.1" 500 3053 "http://localhost:3000/books" "Mozilla/5.0 (Macintosh; Intel Mac OS X 10_12_2) AppleWebKit/537.36 (KHTML, like Gecko) Chrome/55.0.2883.95 Safari/537.36"
::1 - - [10/Jan/2017:23:26:54 +0000] "GET /users/signin HTTP/1.1" 200 5801 "http://localhost:3000/books" "Mozilla/5.0 (Macintosh; Intel Mac OS X 10_12_2) AppleWebKit/537.36 (KHTML, like Gecko) Chrome/55.0.2883.95 Safari/537.36"
::1 - - [10/Jan/2017:23:26:54 +0000] "GET /users/js/bootstrap.min.js HTTP/1.1" 404 38 "http://localhost:3000/users/signin" "Mozilla/5.0 (Macintosh; Intel Mac OS X 10_12_2) AppleWebKit/537.36 (KHTML, like Gecko) Chrome/55.0.2883.95 Safari/537.36"
::1 - - [10/Jan/2017:23:26:54 +0000] "GET /users/images/youtube.png HTTP/1.1" 404 37 "http://localhost:3000/users/signin" "Mozilla/5.0 (Macintosh; Intel Mac OS X 10_12_2) AppleWebKit/537.36 (KHTML, like Gecko) Chrome/55.0.2883.95 Safari/537.36"
::1 - - [10/Jan/2017:23:26:54 +0000] "GET /users/images/twitter.png HTTP/1.1" 404 37 "http://localhost:3000/users/signin" "Mozilla/5.0 (Macintosh; Intel Mac OS X 10_12_2) AppleWebKit/537.36 (KHTML, like Gecko) Chrome/55.0.2883.95 Safari/537.36"
::1 - - [10/Jan/2017:23:26:54 +0000] "GET /users/js/bootstrap.min.js HTTP/1.1" 404 38 "http://localhost:3000/users/signin" "Mozilla/5.0 (Macintosh; Intel Mac OS X 10_12_2) AppleWebKit/537.36 (KHTML, like Gecko) Chrome/55.0.2883.95 Safari/537.36"
::1 - - [10/Jan/2017:23:26:58 +0000] "GET /users/signup HTTP/1.1" 500 1847 "http://localhost:3000/users/signin" "Mozilla/5.0 (Macintosh; Intel Mac OS X 10_12_2) AppleWebKit/537.36 (KHTML, like Gecko) Chrome/55.0.2883.95 Safari/537.36"
::1 - - [10/Jan/2017:23:27:10 +0000] "GET /users/signup HTTP/1.1" 200 6125 "http://localhost:3000/users/signin" "Mozilla/5.0 (Macintosh; Intel Mac OS X 10_12_2) AppleWebKit/537.36 (KHTML, like Gecko) Chrome/55.0.2883.95 Safari/537.36"
::1 - - [10/Jan/2017:23:27:10 +0000] "GET /users/js/bootstrap.min.js HTTP/1.1" 404 38 "http://localhost:3000/users/signup" "Mozilla/5.0 (Macintosh; Intel Mac OS X 10_12_2) AppleWebKit/537.36 (KHTML, like Gecko) Chrome/55.0.2883.95 Safari/537.36"
::1 - - [10/Jan/2017:23:27:10 +0000] "GET /users/images/youtube.png HTTP/1.1" 404 37 "http://localhost:3000/users/signup" "Mozilla/5.0 (Macintosh; Intel Mac OS X 10_12_2) AppleWebKit/537.36 (KHTML, like Gecko) Chrome/55.0.2883.95 Safari/537.36"
::1 - - [10/Jan/2017:23:27:10 +0000] "GET /users/images/twitter.png HTTP/1.1" 404 37 "http://localhost:3000/users/signup" "Mozilla/5.0 (Macintosh; Intel Mac OS X 10_12_2) AppleWebKit/537.36 (KHTML, like Gecko) Chrome/55.0.2883.95 Safari/537.36"
::1 - - [10/Jan/2017:23:27:10 +0000] "GET /users/js/bootstrap.min.js HTTP/1.1" 404 38 "http://localhost:3000/users/signup" "Mozilla/5.0 (Macintosh; Intel Mac OS X 10_12_2) AppleWebKit/537.36 (KHTML, like Gecko) Chrome/55.0.2883.95 Safari/537.36"
::1 - - [10/Jan/2017:23:27:44 +0000] "GET /users/signup HTTP/1.1" 200 6125 "http://localhost:3000/users/signin" "Mozilla/5.0 (Macintosh; Intel Mac OS X 10_12_2) AppleWebKit/537.36 (KHTML, like Gecko) Chrome/55.0.2883.95 Safari/537.36"
::1 - - [10/Jan/2017:23:27:44 +0000] "GET /users/js/bootstrap.min.js HTTP/1.1" 404 38 "http://localhost:3000/users/signup" "Mozilla/5.0 (Macintosh; Intel Mac OS X 10_12_2) AppleWebKit/537.36 (KHTML, like Gecko) Chrome/55.0.2883.95 Safari/537.36"
::1 - - [10/Jan/2017:23:27:44 +0000] "GET /users/images/youtube.png HTTP/1.1" 404 37 "http://localhost:3000/users/signup" "Mozilla/5.0 (Macintosh; Intel Mac OS X 10_12_2) AppleWebKit/537.36 (KHTML, like Gecko) Chrome/55.0.2883.95 Safari/537.36"
::1 - - [10/Jan/2017:23:27:44 +0000] "GET /users/images/twitter.png HTTP/1.1" 404 37 "http://localhost:3000/users/signup" "Mozilla/5.0 (Macintosh; Intel Mac OS X 10_12_2) AppleWebKit/537.36 (KHTML, like Gecko) Chrome/55.0.2883.95 Safari/537.36"
::1 - - [10/Jan/2017:23:27:45 +0000] "GET /users/js/bootstrap.min.js HTTP/1.1" 404 38 "http://localhost:3000/users/signup" "Mozilla/5.0 (Macintosh; Intel Mac OS X 10_12_2) AppleWebKit/537.36 (KHTML, like Gecko) Chrome/55.0.2883.95 Safari/537.36"
::1 - - [10/Jan/2017:23:27:46 +0000] "GET /users/signin HTTP/1.1" 200 5801 "http://localhost:3000/users/signup" "Mozilla/5.0 (Macintosh; Intel Mac OS X 10_12_2) AppleWebKit/537.36 (KHTML, like Gecko) Chrome/55.0.2883.95 Safari/537.36"
::1 - - [10/Jan/2017:23:27:47 +0000] "GET /users/js/bootstrap.min.js HTTP/1.1" 404 38 "http://localhost:3000/users/signin" "Mozilla/5.0 (Macintosh; Intel Mac OS X 10_12_2) AppleWebKit/537.36 (KHTML, like Gecko) Chrome/55.0.2883.95 Safari/537.36"
::1 - - [10/Jan/2017:23:27:47 +0000] "GET /users/images/youtube.png HTTP/1.1" 404 37 "http://localhost:3000/users/signin" "Mozilla/5.0 (Macintosh; Intel Mac OS X 10_12_2) AppleWebKit/537.36 (KHTML, like Gecko) Chrome/55.0.2883.95 Safari/537.36"
::1 - - [10/Jan/2017:23:27:47 +0000] "GET /users/images/twitter.png HTTP/1.1" 404 37 "http://localhost:3000/users/signin" "Mozilla/5.0 (Macintosh; Intel Mac OS X 10_12_2) AppleWebKit/537.36 (KHTML, like Gecko) Chrome/55.0.2883.95 Safari/537.36"
::1 - - [10/Jan/2017:23:27:47 +0000] "GET /users/js/bootstrap.min.js HTTP/1.1" 404 38 "http://localhost:3000/users/signin" "Mozilla/5.0 (Macintosh; Intel Mac OS X 10_12_2) AppleWebKit/537.36 (KHTML, like Gecko) Chrome/55.0.2883.95 Safari/537.36"
::1 - - [10/Jan/2017:23:28:41 +0000] "GET /users/signup HTTP/1.1" 200 6077 "http://localhost:3000/users/signin" "Mozilla/5.0 (Macintosh; Intel Mac OS X 10_12_2) AppleWebKit/537.36 (KHTML, like Gecko) Chrome/55.0.2883.95 Safari/537.36"
::1 - - [10/Jan/2017:23:28:41 +0000] "GET /users/js/bootstrap.min.js HTTP/1.1" 404 38 "http://localhost:3000/users/signup" "Mozilla/5.0 (Macintosh; Intel Mac OS X 10_12_2) AppleWebKit/537.36 (KHTML, like Gecko) Chrome/55.0.2883.95 Safari/537.36"
::1 - - [10/Jan/2017:23:28:41 +0000] "GET /users/images/youtube.png HTTP/1.1" 404 37 "http://localhost:3000/users/signup" "Mozilla/5.0 (Macintosh; Intel Mac OS X 10_12_2) AppleWebKit/537.36 (KHTML, like Gecko) Chrome/55.0.2883.95 Safari/537.36"
::1 - - [10/Jan/2017:23:28:41 +0000] "GET /users/images/twitter.png HTTP/1.1" 404 37 "http://localhost:3000/users/signup" "Mozilla/5.0 (Macintosh; Intel Mac OS X 10_12_2) AppleWebKit/537.36 (KHTML, like Gecko) Chrome/55.0.2883.95 Safari/537.36"
::1 - - [10/Jan/2017:23:28:41 +0000] "GET /users/js/bootstrap.min.js HTTP/1.1" 404 38 "http://localhost:3000/users/signup" "Mozilla/5.0 (Macintosh; Intel Mac OS X 10_12_2) AppleWebKit/537.36 (KHTML, like Gecko) Chrome/55.0.2883.95 Safari/537.36"
::1 - - [10/Jan/2017:23:32:23 +0000] "GET /users/signup HTTP/1.1" 200 6077 "http://localhost:3000/users/signin" "Mozilla/5.0 (Macintosh; Intel Mac OS X 10_12_2) AppleWebKit/537.36 (KHTML, like Gecko) Chrome/55.0.2883.95 Safari/537.36"
::1 - - [10/Jan/2017:23:32:23 +0000] "GET /users/js/bootstrap.min.js HTTP/1.1" 404 38 "http://localhost:3000/users/signup" "Mozilla/5.0 (Macintosh; Intel Mac OS X 10_12_2) AppleWebKit/537.36 (KHTML, like Gecko) Chrome/55.0.2883.95 Safari/537.36"
::1 - - [10/Jan/2017:23:32:23 +0000] "GET /users/images/youtube.png HTTP/1.1" 404 37 "http://localhost:3000/users/signup" "Mozilla/5.0 (Macintosh; Intel Mac OS X 10_12_2) AppleWebKit/537.36 (KHTML, like Gecko) Chrome/55.0.2883.95 Safari/537.36"
::1 - - [10/Jan/2017:23:32:23 +0000] "GET /users/images/twitter.png HTTP/1.1" 404 37 "http://localhost:3000/users/signup" "Mozilla/5.0 (Macintosh; Intel Mac OS X 10_12_2) AppleWebKit/537.36 (KHTML, like Gecko) Chrome/55.0.2883.95 Safari/537.36"
::1 - - [10/Jan/2017:23:32:24 +0000] "GET /users/js/bootstrap.min.js HTTP/1.1" 404 38 "http://localhost:3000/users/signup" "Mozilla/5.0 (Macintosh; Intel Mac OS X 10_12_2) AppleWebKit/537.36 (KHTML, like Gecko) Chrome/55.0.2883.95 Safari/537.36"
::1 - - [10/Jan/2017:23:33:15 +0000] "GET /users/signin HTTP/1.1" 200 5801 "http://localhost:3000/users/signup" "Mozilla/5.0 (Macintosh; Intel Mac OS X 10_12_2) AppleWebKit/537.36 (KHTML, like Gecko) Chrome/55.0.2883.95 Safari/537.36"
::1 - - [10/Jan/2017:23:33:15 +0000] "GET /users/js/bootstrap.min.js HTTP/1.1" 404 38 "http://localhost:3000/users/signin" "Mozilla/5.0 (Macintosh; Intel Mac OS X 10_12_2) AppleWebKit/537.36 (KHTML, like Gecko) Chrome/55.0.2883.95 Safari/537.36"
::1 - - [10/Jan/2017:23:33:15 +0000] "GET /users/images/youtube.png HTTP/1.1" 404 37 "http://localhost:3000/users/signin" "Mozilla/5.0 (Macintosh; Intel Mac OS X 10_12_2) AppleWebKit/537.36 (KHTML, like Gecko) Chrome/55.0.2883.95 Safari/537.36"
::1 - - [10/Jan/2017:23:33:15 +0000] "GET /users/images/twitter.png HTTP/1.1" 404 37 "http://localhost:3000/users/signin" "Mozilla/5.0 (Macintosh; Intel Mac OS X 10_12_2) AppleWebKit/537.36 (KHTML, like Gecko) Chrome/55.0.2883.95 Safari/537.36"
::1 - - [10/Jan/2017:23:33:15 +0000] "GET /users/js/bootstrap.min.js HTTP/1.1" 404 38 "http://localhost:3000/users/signin" "Mozilla/5.0 (Macintosh; Intel Mac OS X 10_12_2) AppleWebKit/537.36 (KHTML, like Gecko) Chrome/55.0.2883.95 Safari/537.36"
::1 - - [10/Jan/2017:23:33:19 +0000] "GET /users/signup HTTP/1.1" 200 6077 "http://localhost:3000/users/signin" "Mozilla/5.0 (Macintosh; Intel Mac OS X 10_12_2) AppleWebKit/537.36 (KHTML, like Gecko) Chrome/55.0.2883.95 Safari/537.36"
::1 - - [10/Jan/2017:23:33:19 +0000] "GET /users/js/bootstrap.min.js HTTP/1.1" 404 38 "http://localhost:3000/users/signup" "Mozilla/5.0 (Macintosh; Intel Mac OS X 10_12_2) AppleWebKit/537.36 (KHTML, like Gecko) Chrome/55.0.2883.95 Safari/537.36"
::1 - - [10/Jan/2017:23:33:19 +0000] "GET /users/images/youtube.png HTTP/1.1" 404 37 "http://localhost:3000/users/signup" "Mozilla/5.0 (Macintosh; Intel Mac OS X 10_12_2) AppleWebKit/537.36 (KHTML, like Gecko) Chrome/55.0.2883.95 Safari/537.36"
::1 - - [10/Jan/2017:23:33:19 +0000] "GET /users/js/bootstrap.min.js HTTP/1.1" 404 38 "http://localhost:3000/users/signup" "Mozilla/5.0 (Macintosh; Intel Mac OS X 10_12_2) AppleWebKit/537.36 (KHTML, like Gecko) Chrome/55.0.2883.95 Safari/537.36"
::1 - - [10/Jan/2017:23:33:19 +0000] "GET /users/images/twitter.png HTTP/1.1" 404 37 "http://localhost:3000/users/signup" "Mozilla/5.0 (Macintosh; Intel Mac OS X 10_12_2) AppleWebKit/537.36 (KHTML, like Gecko) Chrome/55.0.2883.95 Safari/537.36"
::1 - - [10/Jan/2017:23:33:26 +0000] "GET /users/signin HTTP/1.1" 200 5801 "http://localhost:3000/users/signup" "Mozilla/5.0 (Macintosh; Intel Mac OS X 10_12_2) AppleWebKit/537.36 (KHTML, like Gecko) Chrome/55.0.2883.95 Safari/537.36"
::1 - - [10/Jan/2017:23:33:26 +0000] "GET /users/js/bootstrap.min.js HTTP/1.1" 404 38 "http://localhost:3000/users/signin" "Mozilla/5.0 (Macintosh; Intel Mac OS X 10_12_2) AppleWebKit/537.36 (KHTML, like Gecko) Chrome/55.0.2883.95 Safari/537.36"
::1 - - [10/Jan/2017:23:33:26 +0000] "GET /users/images/youtube.png HTTP/1.1" 404 37 "http://localhost:3000/users/signin" "Mozilla/5.0 (Macintosh; Intel Mac OS X 10_12_2) AppleWebKit/537.36 (KHTML, like Gecko) Chrome/55.0.2883.95 Safari/537.36"
::1 - - [10/Jan/2017:23:33:26 +0000] "GET /users/images/twitter.png HTTP/1.1" 404 37 "http://localhost:3000/users/signin" "Mozilla/5.0 (Macintosh; Intel Mac OS X 10_12_2) AppleWebKit/537.36 (KHTML, like Gecko) Chrome/55.0.2883.95 Safari/537.36"
::1 - - [10/Jan/2017:23:33:26 +0000] "GET /users/js/bootstrap.min.js HTTP/1.1" 404 38 "http://localhost:3000/users/signin" "Mozilla/5.0 (Macintosh; Intel Mac OS X 10_12_2) AppleWebKit/537.36 (KHTML, like Gecko) Chrome/55.0.2883.95 Safari/537.36"
::1 - - [10/Jan/2017:23:34:15 +0000] "GET /users/signin HTTP/1.1" 200 5803 "http://localhost:3000/users/signup" "Mozilla/5.0 (Macintosh; Intel Mac OS X 10_12_2) AppleWebKit/537.36 (KHTML, like Gecko) Chrome/55.0.2883.95 Safari/537.36"
::1 - - [10/Jan/2017:23:34:15 +0000] "GET /users/js/bootstrap.min.js HTTP/1.1" 404 38 "http://localhost:3000/users/signin" "Mozilla/5.0 (Macintosh; Intel Mac OS X 10_12_2) AppleWebKit/537.36 (KHTML, like Gecko) Chrome/55.0.2883.95 Safari/537.36"
::1 - - [10/Jan/2017:23:34:15 +0000] "GET /users/js/bootstrap.min.js HTTP/1.1" 404 38 "http://localhost:3000/users/signin" "Mozilla/5.0 (Macintosh; Intel Mac OS X 10_12_2) AppleWebKit/537.36 (KHTML, like Gecko) Chrome/55.0.2883.95 Safari/537.36"
::1 - - [10/Jan/2017:23:41:06 +0000] "GET /users/signin HTTP/1.1" 200 5803 "http://localhost:3000/users/signup" "Mozilla/5.0 (Macintosh; Intel Mac OS X 10_12_2) AppleWebKit/537.36 (KHTML, like Gecko) Chrome/55.0.2883.95 Safari/537.36"
::1 - - [10/Jan/2017:23:41:06 +0000] "GET /users/js/bootstrap.min.js HTTP/1.1" 404 38 "http://localhost:3000/users/signin" "Mozilla/5.0 (Macintosh; Intel Mac OS X 10_12_2) AppleWebKit/537.36 (KHTML, like Gecko) Chrome/55.0.2883.95 Safari/537.36"
::1 - - [10/Jan/2017:23:41:06 +0000] "GET /users/js/bootstrap.min.js HTTP/1.1" 404 38 "http://localhost:3000/users/signin" "Mozilla/5.0 (Macintosh; Intel Mac OS X 10_12_2) AppleWebKit/537.36 (KHTML, like Gecko) Chrome/55.0.2883.95 Safari/537.36"
::1 - - [11/Jan/2017:00:23:55 +0000] "GET /users/signup HTTP/1.1" 200 6079 "http://localhost:3000/users/signin" "Mozilla/5.0 (Macintosh; Intel Mac OS X 10_12_2) AppleWebKit/537.36 (KHTML, like Gecko) Chrome/55.0.2883.95 Safari/537.36"
::1 - - [11/Jan/2017:00:23:57 +0000] "GET /users/js/bootstrap.min.js HTTP/1.1" 404 38 "http://localhost:3000/users/signup" "Mozilla/5.0 (Macintosh; Intel Mac OS X 10_12_2) AppleWebKit/537.36 (KHTML, like Gecko) Chrome/55.0.2883.95 Safari/537.36"
::1 - - [11/Jan/2017:00:23:57 +0000] "GET /users/js/bootstrap.min.js HTTP/1.1" 404 38 "http://localhost:3000/users/signup" "Mozilla/5.0 (Macintosh; Intel Mac OS X 10_12_2) AppleWebKit/537.36 (KHTML, like Gecko) Chrome/55.0.2883.95 Safari/537.36"
::1 - - [11/Jan/2017:00:24:10 +0000] "POST /users HTTP/1.1" 500 2777 "http://localhost:3000/users/signup" "Mozilla/5.0 (Macintosh; Intel Mac OS X 10_12_2) AppleWebKit/537.36 (KHTML, like Gecko) Chrome/55.0.2883.95 Safari/537.36"
::1 - - [11/Jan/2017:00:26:16 +0000] "GET /users/signup HTTP/1.1" 200 6079 "-" "Mozilla/5.0 (Macintosh; Intel Mac OS X 10_12_2) AppleWebKit/537.36 (KHTML, like Gecko) Chrome/55.0.2883.95 Safari/537.36"
::1 - - [11/Jan/2017:00:26:16 +0000] "GET /users/js/bootstrap.min.js HTTP/1.1" 404 38 "http://localhost:3000/users/signup" "Mozilla/5.0 (Macintosh; Intel Mac OS X 10_12_2) AppleWebKit/537.36 (KHTML, like Gecko) Chrome/55.0.2883.95 Safari/537.36"
::1 - - [11/Jan/2017:00:26:16 +0000] "GET /users/js/bootstrap.min.js HTTP/1.1" 404 38 "http://localhost:3000/users/signup" "Mozilla/5.0 (Macintosh; Intel Mac OS X 10_12_2) AppleWebKit/537.36 (KHTML, like Gecko) Chrome/55.0.2883.95 Safari/537.36"
::1 - - [11/Jan/2017:00:26:29 +0000] "POST /users HTTP/1.1" 200 6079 "http://localhost:3000/users/signup" "Mozilla/5.0 (Macintosh; Intel Mac OS X 10_12_2) AppleWebKit/537.36 (KHTML, like Gecko) Chrome/55.0.2883.95 Safari/537.36"
::1 - - [11/Jan/2017:00:26:38 +0000] "GET /users/signin HTTP/1.1" 200 6144 "http://localhost:3000/users" "Mozilla/5.0 (Macintosh; Intel Mac OS X 10_12_2) AppleWebKit/537.36 (KHTML, like Gecko) Chrome/55.0.2883.95 Safari/537.36"
::1 - - [11/Jan/2017:00:26:38 +0000] "GET /users/js/bootstrap.min.js HTTP/1.1" 404 38 "http://localhost:3000/users/signin" "Mozilla/5.0 (Macintosh; Intel Mac OS X 10_12_2) AppleWebKit/537.36 (KHTML, like Gecko) Chrome/55.0.2883.95 Safari/537.36"
::1 - - [11/Jan/2017:00:26:38 +0000] "GET /users/js/bootstrap.min.js HTTP/1.1" 404 38 "http://localhost:3000/users/signin" "Mozilla/5.0 (Macintosh; Intel Mac OS X 10_12_2) AppleWebKit/537.36 (KHTML, like Gecko) Chrome/55.0.2883.95 Safari/537.36"
::1 - - [11/Jan/2017:00:26:44 +0000] "GET /users/signup HTTP/1.1" 200 6079 "http://localhost:3000/users/signin" "Mozilla/5.0 (Macintosh; Intel Mac OS X 10_12_2) AppleWebKit/537.36 (KHTML, like Gecko) Chrome/55.0.2883.95 Safari/537.36"
::1 - - [11/Jan/2017:00:26:44 +0000] "GET /users/js/bootstrap.min.js HTTP/1.1" 404 38 "http://localhost:3000/users/signup" "Mozilla/5.0 (Macintosh; Intel Mac OS X 10_12_2) AppleWebKit/537.36 (KHTML, like Gecko) Chrome/55.0.2883.95 Safari/537.36"
::1 - - [11/Jan/2017:00:26:44 +0000] "GET /users/js/bootstrap.min.js HTTP/1.1" 404 38 "http://localhost:3000/users/signup" "Mozilla/5.0 (Macintosh; Intel Mac OS X 10_12_2) AppleWebKit/537.36 (KHTML, like Gecko) Chrome/55.0.2883.95 Safari/537.36"
::1 - - [11/Jan/2017:00:28:47 +0000] "GET /users/signup HTTP/1.1" 200 6079 "http://localhost:3000/users/signin" "Mozilla/5.0 (Macintosh; Intel Mac OS X 10_12_2) AppleWebKit/537.36 (KHTML, like Gecko) Chrome/55.0.2883.95 Safari/537.36"
::1 - - [11/Jan/2017:00:28:47 +0000] "GET /users/js/bootstrap.min.js HTTP/1.1" 404 38 "http://localhost:3000/users/signup" "Mozilla/5.0 (Macintosh; Intel Mac OS X 10_12_2) AppleWebKit/537.36 (KHTML, like Gecko) Chrome/55.0.2883.95 Safari/537.36"
::1 - - [11/Jan/2017:00:28:48 +0000] "GET /users/js/bootstrap.min.js HTTP/1.1" 404 38 "http://localhost:3000/users/signup" "Mozilla/5.0 (Macintosh; Intel Mac OS X 10_12_2) AppleWebKit/537.36 (KHTML, like Gecko) Chrome/55.0.2883.95 Safari/537.36"
::1 - - [11/Jan/2017:00:31:02 +0000] "GET /users/signup HTTP/1.1" 200 6079 "http://localhost:3000/users/signin" "Mozilla/5.0 (Macintosh; Intel Mac OS X 10_12_2) AppleWebKit/537.36 (KHTML, like Gecko) Chrome/55.0.2883.95 Safari/537.36"
::1 - - [11/Jan/2017:00:31:02 +0000] "GET /users/js/bootstrap.min.js HTTP/1.1" 404 38 "http://localhost:3000/users/signup" "Mozilla/5.0 (Macintosh; Intel Mac OS X 10_12_2) AppleWebKit/537.36 (KHTML, like Gecko) Chrome/55.0.2883.95 Safari/537.36"
::1 - - [11/Jan/2017:00:31:02 +0000] "GET /users/js/bootstrap.min.js HTTP/1.1" 404 38 "http://localhost:3000/users/signup" "Mozilla/5.0 (Macintosh; Intel Mac OS X 10_12_2) AppleWebKit/537.36 (KHTML, like Gecko) Chrome/55.0.2883.95 Safari/537.36"
::1 - - [11/Jan/2017:00:31:45 +0000] "GET /users/signup HTTP/1.1" 200 6097 "http://localhost:3000/users/signin" "Mozilla/5.0 (Macintosh; Intel Mac OS X 10_12_2) AppleWebKit/537.36 (KHTML, like Gecko) Chrome/55.0.2883.95 Safari/537.36"
::1 - - [11/Jan/2017:00:31:45 +0000] "GET /users/js/bootstrap.min.js HTTP/1.1" 404 38 "http://localhost:3000/users/signup" "Mozilla/5.0 (Macintosh; Intel Mac OS X 10_12_2) AppleWebKit/537.36 (KHTML, like Gecko) Chrome/55.0.2883.95 Safari/537.36"
::1 - - [11/Jan/2017:00:31:45 +0000] "GET /users/js/bootstrap.min.js HTTP/1.1" 404 38 "http://localhost:3000/users/signup" "Mozilla/5.0 (Macintosh; Intel Mac OS X 10_12_2) AppleWebKit/537.36 (KHTML, like Gecko) Chrome/55.0.2883.95 Safari/537.36"
::1 - - [11/Jan/2017:00:31:55 +0000] "GET /users/signup HTTP/1.1" 200 6097 "http://localhost:3000/users/signin" "Mozilla/5.0 (Macintosh; Intel Mac OS X 10_12_2) AppleWebKit/537.36 (KHTML, like Gecko) Chrome/55.0.2883.95 Safari/537.36"
::1 - - [11/Jan/2017:00:31:55 +0000] "GET /users/js/bootstrap.min.js HTTP/1.1" 404 38 "http://localhost:3000/users/signup" "Mozilla/5.0 (Macintosh; Intel Mac OS X 10_12_2) AppleWebKit/537.36 (KHTML, like Gecko) Chrome/55.0.2883.95 Safari/537.36"
::1 - - [11/Jan/2017:00:31:55 +0000] "GET /users/js/bootstrap.min.js HTTP/1.1" 404 38 "http://localhost:3000/users/signup" "Mozilla/5.0 (Macintosh; Intel Mac OS X 10_12_2) AppleWebKit/537.36 (KHTML, like Gecko) Chrome/55.0.2883.95 Safari/537.36"
::1 - - [11/Jan/2017:00:32:05 +0000] "GET /users/signin HTTP/1.1" 200 5821 "http://localhost:3000/users/signup" "Mozilla/5.0 (Macintosh; Intel Mac OS X 10_12_2) AppleWebKit/537.36 (KHTML, like Gecko) Chrome/55.0.2883.95 Safari/537.36"
::1 - - [11/Jan/2017:00:32:05 +0000] "GET /users/js/bootstrap.min.js HTTP/1.1" 404 38 "http://localhost:3000/users/signin" "Mozilla/5.0 (Macintosh; Intel Mac OS X 10_12_2) AppleWebKit/537.36 (KHTML, like Gecko) Chrome/55.0.2883.95 Safari/537.36"
::1 - - [11/Jan/2017:00:32:05 +0000] "GET /users/js/bootstrap.min.js HTTP/1.1" 404 38 "http://localhost:3000/users/signin" "Mozilla/5.0 (Macintosh; Intel Mac OS X 10_12_2) AppleWebKit/537.36 (KHTML, like Gecko) Chrome/55.0.2883.95 Safari/537.36"
::1 - - [11/Jan/2017:00:32:26 +0000] "GET / HTTP/1.1" 302 56 "-" "Mozilla/5.0 (Macintosh; Intel Mac OS X 10_12_2) AppleWebKit/537.36 (KHTML, like Gecko) Chrome/55.0.2883.87 Safari/537.36 OPR/42.0.2393.94"
::1 - - [11/Jan/2017:00:32:27 +0000] "GET /books HTTP/1.1" 200 93109 "-" "Mozilla/5.0 (Macintosh; Intel Mac OS X 10_12_2) AppleWebKit/537.36 (KHTML, like Gecko) Chrome/55.0.2883.87 Safari/537.36 OPR/42.0.2393.94"
::1 - - [11/Jan/2017:00:32:27 +0000] "GET /favicon.ico HTTP/1.1" 404 24 "http://localhost:3000/books" "Mozilla/5.0 (Macintosh; Intel Mac OS X 10_12_2) AppleWebKit/537.36 (KHTML, like Gecko) Chrome/55.0.2883.87 Safari/537.36 OPR/42.0.2393.94"
::1 - - [11/Jan/2017:02:17:01 +0000] "GET / HTTP/1.1" 302 56 "-" "Mozilla/5.0 (Macintosh; Intel Mac OS X 10_12_2) AppleWebKit/537.36 (KHTML, like Gecko) Chrome/55.0.2883.95 Safari/537.36"
::1 - - [11/Jan/2017:02:17:01 +0000] "GET /books HTTP/1.1" 200 93109 "-" "Mozilla/5.0 (Macintosh; Intel Mac OS X 10_12_2) AppleWebKit/537.36 (KHTML, like Gecko) Chrome/55.0.2883.95 Safari/537.36"
::1 - - [11/Jan/2017:02:17:02 +0000] "GET / HTTP/1.1" 302 56 "-" "Mozilla/5.0 (Macintosh; Intel Mac OS X 10_12_2) AppleWebKit/537.36 (KHTML, like Gecko) Chrome/55.0.2883.95 Safari/537.36"
::1 - - [11/Jan/2017:02:17:02 +0000] "GET /books HTTP/1.1" 200 93109 "-" "Mozilla/5.0 (Macintosh; Intel Mac OS X 10_12_2) AppleWebKit/537.36 (KHTML, like Gecko) Chrome/55.0.2883.95 Safari/537.36"
::1 - - [11/Jan/2017:02:17:06 +0000] "GET /users/signin HTTP/1.1" 200 5821 "http://localhost:3000/books" "Mozilla/5.0 (Macintosh; Intel Mac OS X 10_12_2) AppleWebKit/537.36 (KHTML, like Gecko) Chrome/55.0.2883.95 Safari/537.36"
::1 - - [11/Jan/2017:02:17:06 +0000] "GET /users/js/bootstrap.min.js HTTP/1.1" 404 38 "http://localhost:3000/users/signin" "Mozilla/5.0 (Macintosh; Intel Mac OS X 10_12_2) AppleWebKit/537.36 (KHTML, like Gecko) Chrome/55.0.2883.95 Safari/537.36"
::1 - - [11/Jan/2017:02:17:06 +0000] "GET /users/js/bootstrap.min.js HTTP/1.1" 404 38 "http://localhost:3000/users/signin" "Mozilla/5.0 (Macintosh; Intel Mac OS X 10_12_2) AppleWebKit/537.36 (KHTML, like Gecko) Chrome/55.0.2883.95 Safari/537.36"
::1 - - [11/Jan/2017:02:17:09 +0000] "GET /users/signup HTTP/1.1" 200 6097 "http://localhost:3000/users/signin" "Mozilla/5.0 (Macintosh; Intel Mac OS X 10_12_2) AppleWebKit/537.36 (KHTML, like Gecko) Chrome/55.0.2883.95 Safari/537.36"
::1 - - [11/Jan/2017:02:17:09 +0000] "GET /users/js/bootstrap.min.js HTTP/1.1" 404 38 "http://localhost:3000/users/signup" "Mozilla/5.0 (Macintosh; Intel Mac OS X 10_12_2) AppleWebKit/537.36 (KHTML, like Gecko) Chrome/55.0.2883.95 Safari/537.36"
::1 - - [11/Jan/2017:02:17:09 +0000] "GET /users/js/bootstrap.min.js HTTP/1.1" 404 38 "http://localhost:3000/users/signup" "Mozilla/5.0 (Macintosh; Intel Mac OS X 10_12_2) AppleWebKit/537.36 (KHTML, like Gecko) Chrome/55.0.2883.95 Safari/537.36"
::1 - - [11/Jan/2017:02:17:24 +0000] "POST /users HTTP/1.1" 200 6097 "http://localhost:3000/users/signup" "Mozilla/5.0 (Macintosh; Intel Mac OS X 10_12_2) AppleWebKit/537.36 (KHTML, like Gecko) Chrome/55.0.2883.95 Safari/537.36"
::1 - - [11/Jan/2017:02:18:45 +0000] "GET / HTTP/1.1" 302 56 "http://localhost:3000/users" "Mozilla/5.0 (Macintosh; Intel Mac OS X 10_12_2) AppleWebKit/537.36 (KHTML, like Gecko) Chrome/55.0.2883.95 Safari/537.36"
::1 - - [11/Jan/2017:02:18:45 +0000] "GET /books HTTP/1.1" 304 - "http://localhost:3000/users" "Mozilla/5.0 (Macintosh; Intel Mac OS X 10_12_2) AppleWebKit/537.36 (KHTML, like Gecko) Chrome/55.0.2883.95 Safari/537.36"
::1 - - [11/Jan/2017:02:18:47 +0000] "GET /users/signup HTTP/1.1" 200 6097 "http://localhost:3000/books" "Mozilla/5.0 (Macintosh; Intel Mac OS X 10_12_2) AppleWebKit/537.36 (KHTML, like Gecko) Chrome/55.0.2883.95 Safari/537.36"
::1 - - [11/Jan/2017:02:18:47 +0000] "GET /users/js/bootstrap.min.js HTTP/1.1" 404 38 "http://localhost:3000/users/signup" "Mozilla/5.0 (Macintosh; Intel Mac OS X 10_12_2) AppleWebKit/537.36 (KHTML, like Gecko) Chrome/55.0.2883.95 Safari/537.36"
::1 - - [11/Jan/2017:02:18:47 +0000] "GET /users/js/bootstrap.min.js HTTP/1.1" 404 38 "http://localhost:3000/users/signup" "Mozilla/5.0 (Macintosh; Intel Mac OS X 10_12_2) AppleWebKit/537.36 (KHTML, like Gecko) Chrome/55.0.2883.95 Safari/537.36"
::1 - - [11/Jan/2017:02:18:56 +0000] "POST /users HTTP/1.1" 302 112 "http://localhost:3000/users/signup" "Mozilla/5.0 (Macintosh; Intel Mac OS X 10_12_2) AppleWebKit/537.36 (KHTML, like Gecko) Chrome/55.0.2883.95 Safari/537.36"
::1 - - [11/Jan/2017:02:18:56 +0000] "GET /users/signup HTTP/1.1" 200 6438 "http://localhost:3000/users/signup" "Mozilla/5.0 (Macintosh; Intel Mac OS X 10_12_2) AppleWebKit/537.36 (KHTML, like Gecko) Chrome/55.0.2883.95 Safari/537.36"
::1 - - [11/Jan/2017:02:18:56 +0000] "GET /users/js/bootstrap.min.js HTTP/1.1" 404 38 "http://localhost:3000/users/signup" "Mozilla/5.0 (Macintosh; Intel Mac OS X 10_12_2) AppleWebKit/537.36 (KHTML, like Gecko) Chrome/55.0.2883.95 Safari/537.36"
::1 - - [11/Jan/2017:02:18:56 +0000] "GET /users/js/bootstrap.min.js HTTP/1.1" 404 38 "http://localhost:3000/users/signup" "Mozilla/5.0 (Macintosh; Intel Mac OS X 10_12_2) AppleWebKit/537.36 (KHTML, like Gecko) Chrome/55.0.2883.95 Safari/537.36"
::1 - - [11/Jan/2017:02:19:37 +0000] "GET /users/signup HTTP/1.1" 200 6098 "http://localhost:3000/users/signup" "Mozilla/5.0 (Macintosh; Intel Mac OS X 10_12_2) AppleWebKit/537.36 (KHTML, like Gecko) Chrome/55.0.2883.95 Safari/537.36"
::1 - - [11/Jan/2017:02:19:47 +0000] "POST /users HTTP/1.1" 302 112 "http://localhost:3000/users/signup" "Mozilla/5.0 (Macintosh; Intel Mac OS X 10_12_2) AppleWebKit/537.36 (KHTML, like Gecko) Chrome/55.0.2883.95 Safari/537.36"
::1 - - [11/Jan/2017:02:19:47 +0000] "GET /users/signup HTTP/1.1" 200 6439 "http://localhost:3000/users/signup" "Mozilla/5.0 (Macintosh; Intel Mac OS X 10_12_2) AppleWebKit/537.36 (KHTML, like Gecko) Chrome/55.0.2883.95 Safari/537.36"
::1 - - [11/Jan/2017:02:20:14 +0000] "POST /users HTTP/1.1" 302 112 "http://localhost:3000/users/signup" "Mozilla/5.0 (Macintosh; Intel Mac OS X 10_12_2) AppleWebKit/537.36 (KHTML, like Gecko) Chrome/55.0.2883.95 Safari/537.36"
::1 - - [11/Jan/2017:02:20:14 +0000] "GET /users/signup HTTP/1.1" 200 6439 "http://localhost:3000/users/signup" "Mozilla/5.0 (Macintosh; Intel Mac OS X 10_12_2) AppleWebKit/537.36 (KHTML, like Gecko) Chrome/55.0.2883.95 Safari/537.36"
::1 - - [11/Jan/2017:02:20:26 +0000] "GET / HTTP/1.1" 302 56 "-" "Mozilla/5.0 (Macintosh; Intel Mac OS X 10_12_2) AppleWebKit/537.36 (KHTML, like Gecko) Chrome/55.0.2883.95 Safari/537.36"
::1 - - [11/Jan/2017:02:20:26 +0000] "GET /books HTTP/1.1" 200 93110 "-" "Mozilla/5.0 (Macintosh; Intel Mac OS X 10_12_2) AppleWebKit/537.36 (KHTML, like Gecko) Chrome/55.0.2883.95 Safari/537.36"
::1 - - [11/Jan/2017:02:20:29 +0000] "GET /users/signup HTTP/1.1" 200 6098 "http://localhost:3000/books" "Mozilla/5.0 (Macintosh; Intel Mac OS X 10_12_2) AppleWebKit/537.36 (KHTML, like Gecko) Chrome/55.0.2883.95 Safari/537.36"
::1 - - [11/Jan/2017:02:20:52 +0000] "POST /users HTTP/1.1" 302 112 "http://localhost:3000/users/signup" "Mozilla/5.0 (Macintosh; Intel Mac OS X 10_12_2) AppleWebKit/537.36 (KHTML, like Gecko) Chrome/55.0.2883.95 Safari/537.36"
::1 - - [11/Jan/2017:02:20:52 +0000] "GET /users/signup HTTP/1.1" 200 6440 "http://localhost:3000/users/signup" "Mozilla/5.0 (Macintosh; Intel Mac OS X 10_12_2) AppleWebKit/537.36 (KHTML, like Gecko) Chrome/55.0.2883.95 Safari/537.36"
::1 - - [11/Jan/2017:04:33:56 +0000] "GET / HTTP/1.1" 302 56 "-" "Mozilla/5.0 (Macintosh; Intel Mac OS X 10_12_2) AppleWebKit/537.36 (KHTML, like Gecko) Chrome/55.0.2883.87 Safari/537.36 OPR/42.0.2393.94"
::1 - - [11/Jan/2017:04:33:56 +0000] "GET /books HTTP/1.1" 200 8994 "-" "Mozilla/5.0 (Macintosh; Intel Mac OS X 10_12_2) AppleWebKit/537.36 (KHTML, like Gecko) Chrome/55.0.2883.87 Safari/537.36 OPR/42.0.2393.94"
::1 - - [11/Jan/2017:04:33:57 +0000] "GET /favicon.ico HTTP/1.1" 404 1920 "http://localhost:3000/books" "Mozilla/5.0 (Macintosh; Intel Mac OS X 10_12_2) AppleWebKit/537.36 (KHTML, like Gecko) Chrome/55.0.2883.87 Safari/537.36 OPR/42.0.2393.94"
::1 - - [11/Jan/2017:04:35:11 +0000] "GET / HTTP/1.1" 302 56 "-" "Mozilla/5.0 (Macintosh; Intel Mac OS X 10_12_2) AppleWebKit/537.36 (KHTML, like Gecko) Chrome/55.0.2883.87 Safari/537.36 OPR/42.0.2393.94"
::1 - - [11/Jan/2017:04:35:11 +0000] "GET /books HTTP/1.1" 200 8994 "-" "Mozilla/5.0 (Macintosh; Intel Mac OS X 10_12_2) AppleWebKit/537.36 (KHTML, like Gecko) Chrome/55.0.2883.87 Safari/537.36 OPR/42.0.2393.94"
::1 - - [11/Jan/2017:04:35:11 +0000] "GET /favicon.ico HTTP/1.1" 404 1920 "http://localhost:3000/books" "Mozilla/5.0 (Macintosh; Intel Mac OS X 10_12_2) AppleWebKit/537.36 (KHTML, like Gecko) Chrome/55.0.2883.87 Safari/537.36 OPR/42.0.2393.94"
::1 - - [11/Jan/2017:04:35:14 +0000] "GET /books HTTP/1.1" 304 - "-" "Mozilla/5.0 (Macintosh; Intel Mac OS X 10_12_2) AppleWebKit/537.36 (KHTML, like Gecko) Chrome/55.0.2883.87 Safari/537.36 OPR/42.0.2393.94"
::1 - - [11/Jan/2017:04:35:21 +0000] "GET /books HTTP/1.1" 304 - "-" "Mozilla/5.0 (Macintosh; Intel Mac OS X 10_12_2) AppleWebKit/537.36 (KHTML, like Gecko) Chrome/55.0.2883.87 Safari/537.36 OPR/42.0.2393.94"
::1 - - [11/Jan/2017:04:35:22 +0000] "GET /books HTTP/1.1" 304 - "-" "Mozilla/5.0 (Macintosh; Intel Mac OS X 10_12_2) AppleWebKit/537.36 (KHTML, like Gecko) Chrome/55.0.2883.87 Safari/537.36 OPR/42.0.2393.94"
::1 - - [11/Jan/2017:04:36:21 +0000] "GET / HTTP/1.1" 302 56 "-" "Mozilla/5.0 (Macintosh; Intel Mac OS X 10_12_2) AppleWebKit/537.36 (KHTML, like Gecko) Chrome/55.0.2883.87 Safari/537.36 OPR/42.0.2393.94"
::1 - - [11/Jan/2017:04:36:21 +0000] "GET /books HTTP/1.1" 304 - "-" "Mozilla/5.0 (Macintosh; Intel Mac OS X 10_12_2) AppleWebKit/537.36 (KHTML, like Gecko) Chrome/55.0.2883.87 Safari/537.36 OPR/42.0.2393.94"
::1 - - [11/Jan/2017:04:48:08 +0000] "GET / HTTP/1.1" 302 56 "-" "Mozilla/5.0 (Macintosh; Intel Mac OS X 10_12_2) AppleWebKit/537.36 (KHTML, like Gecko) Chrome/55.0.2883.87 Safari/537.36 OPR/42.0.2393.94"
::1 - - [11/Jan/2017:04:48:08 +0000] "GET /books HTTP/1.1" 200 13577 "-" "Mozilla/5.0 (Macintosh; Intel Mac OS X 10_12_2) AppleWebKit/537.36 (KHTML, like Gecko) Chrome/55.0.2883.87 Safari/537.36 OPR/42.0.2393.94"
::1 - - [11/Jan/2017:06:10:03 +0000] "GET / HTTP/1.1" 302 56 "-" "Mozilla/5.0 (Macintosh; Intel Mac OS X 10_12_2) AppleWebKit/537.36 (KHTML, like Gecko) Chrome/55.0.2883.95 Safari/537.36"
::1 - - [11/Jan/2017:06:10:03 +0000] "GET /books HTTP/1.1" 200 13617 "-" "Mozilla/5.0 (Macintosh; Intel Mac OS X 10_12_2) AppleWebKit/537.36 (KHTML, like Gecko) Chrome/55.0.2883.95 Safari/537.36"
::1 - - [11/Jan/2017:06:10:06 +0000] "GET /books/5875cc2da696f14128ee534d HTTP/1.1" 200 6595 "http://localhost:3000/books" "Mozilla/5.0 (Macintosh; Intel Mac OS X 10_12_2) AppleWebKit/537.36 (KHTML, like Gecko) Chrome/55.0.2883.95 Safari/537.36"
::1 - - [11/Jan/2017:06:10:06 +0000] "GET /books/images/default.png HTTP/1.1" 500 1832 "http://localhost:3000/books/5875cc2da696f14128ee534d" "Mozilla/5.0 (Macintosh; Intel Mac OS X 10_12_2) AppleWebKit/537.36 (KHTML, like Gecko) Chrome/55.0.2883.95 Safari/537.36"
::1 - - [11/Jan/2017:06:10:11 +0000] "GET /users/signup HTTP/1.1" 200 6098 "http://localhost:3000/books/5875cc2da696f14128ee534d" "Mozilla/5.0 (Macintosh; Intel Mac OS X 10_12_2) AppleWebKit/537.36 (KHTML, like Gecko) Chrome/55.0.2883.95 Safari/537.36"
::1 - - [11/Jan/2017:06:10:33 +0000] "POST /users HTTP/1.1" 500 1832 "http://localhost:3000/users/signup" "Mozilla/5.0 (Macintosh; Intel Mac OS X 10_12_2) AppleWebKit/537.36 (KHTML, like Gecko) Chrome/55.0.2883.95 Safari/537.36"
::1 - - [11/Jan/2017:06:16:59 +0000] "POST /users HTTP/1.1" 500 1832 "http://localhost:3000/users/signup" "Mozilla/5.0 (Macintosh; Intel Mac OS X 10_12_2) AppleWebKit/537.36 (KHTML, like Gecko) Chrome/55.0.2883.95 Safari/537.36"
::1 - - [11/Jan/2017:06:17:06 +0000] "GET /users/signup HTTP/1.1" 200 6098 "http://localhost:3000/books/5875cc2da696f14128ee534d" "Mozilla/5.0 (Macintosh; Intel Mac OS X 10_12_2) AppleWebKit/537.36 (KHTML, like Gecko) Chrome/55.0.2883.95 Safari/537.36"
::1 - - [11/Jan/2017:06:17:21 +0000] "POST /users HTTP/1.1" 500 1832 "http://localhost:3000/users/signup" "Mozilla/5.0 (Macintosh; Intel Mac OS X 10_12_2) AppleWebKit/537.36 (KHTML, like Gecko) Chrome/55.0.2883.95 Safari/537.36"
::1 - - [11/Jan/2017:06:21:27 +0000] "GET /users/signup HTTP/1.1" 200 6098 "-" "Mozilla/5.0 (Macintosh; Intel Mac OS X 10_12_2) AppleWebKit/537.36 (KHTML, like Gecko) Chrome/55.0.2883.95 Safari/537.36"
::1 - - [11/Jan/2017:06:24:17 +0000] "POST /users HTTP/1.1" 500 1832 "http://localhost:3000/users/signup" "Mozilla/5.0 (Macintosh; Intel Mac OS X 10_12_2) AppleWebKit/537.36 (KHTML, like Gecko) Chrome/55.0.2883.95 Safari/537.36"
::1 - - [11/Jan/2017:06:25:06 +0000] "GET / HTTP/1.1" 302 56 "-" "Mozilla/5.0 (Macintosh; Intel Mac OS X 10_12_2) AppleWebKit/537.36 (KHTML, like Gecko) Chrome/55.0.2883.87 Safari/537.36 OPR/42.0.2393.94"
::1 - - [11/Jan/2017:06:25:06 +0000] "GET /books HTTP/1.1" 200 13597 "-" "Mozilla/5.0 (Macintosh; Intel Mac OS X 10_12_2) AppleWebKit/537.36 (KHTML, like Gecko) Chrome/55.0.2883.87 Safari/537.36 OPR/42.0.2393.94"
::1 - - [11/Jan/2017:06:25:07 +0000] "GET /favicon.ico HTTP/1.1" 500 1832 "http://localhost:3000/books" "Mozilla/5.0 (Macintosh; Intel Mac OS X 10_12_2) AppleWebKit/537.36 (KHTML, like Gecko) Chrome/55.0.2883.87 Safari/537.36 OPR/42.0.2393.94"
::1 - - [11/Jan/2017:06:25:08 +0000] "GET /users/signup HTTP/1.1" 200 6098 "http://localhost:3000/books" "Mozilla/5.0 (Macintosh; Intel Mac OS X 10_12_2) AppleWebKit/537.36 (KHTML, like Gecko) Chrome/55.0.2883.87 Safari/537.36 OPR/42.0.2393.94"
::1 - - [11/Jan/2017:06:25:08 +0000] "GET /favicon.ico HTTP/1.1" 500 1832 "http://localhost:3000/users/signup" "Mozilla/5.0 (Macintosh; Intel Mac OS X 10_12_2) AppleWebKit/537.36 (KHTML, like Gecko) Chrome/55.0.2883.87 Safari/537.36 OPR/42.0.2393.94"
::1 - - [11/Jan/2017:06:25:17 +0000] "POST /users HTTP/1.1" 500 1832 "http://localhost:3000/users/signup" "Mozilla/5.0 (Macintosh; Intel Mac OS X 10_12_2) AppleWebKit/537.36 (KHTML, like Gecko) Chrome/55.0.2883.87 Safari/537.36 OPR/42.0.2393.94"
::1 - - [11/Jan/2017:06:25:17 +0000] "GET /favicon.ico HTTP/1.1" 500 1832 "http://localhost:3000/users" "Mozilla/5.0 (Macintosh; Intel Mac OS X 10_12_2) AppleWebKit/537.36 (KHTML, like Gecko) Chrome/55.0.2883.87 Safari/537.36 OPR/42.0.2393.94"
::1 - - [11/Jan/2017:06:25:22 +0000] "GET /favicon.ico HTTP/1.1" 500 1832 "http://localhost:3000/users/signup" "Mozilla/5.0 (Macintosh; Intel Mac OS X 10_12_2) AppleWebKit/537.36 (KHTML, like Gecko) Chrome/55.0.2883.87 Safari/537.36 OPR/42.0.2393.94"
::1 - - [11/Jan/2017:06:25:24 +0000] "GET /users/signin HTTP/1.1" 200 5822 "http://localhost:3000/users/signup" "Mozilla/5.0 (Macintosh; Intel Mac OS X 10_12_2) AppleWebKit/537.36 (KHTML, like Gecko) Chrome/55.0.2883.87 Safari/537.36 OPR/42.0.2393.94"
::1 - - [11/Jan/2017:06:25:24 +0000] "GET /favicon.ico HTTP/1.1" 500 1832 "http://localhost:3000/users/signin" "Mozilla/5.0 (Macintosh; Intel Mac OS X 10_12_2) AppleWebKit/537.36 (KHTML, like Gecko) Chrome/55.0.2883.87 Safari/537.36 OPR/42.0.2393.94"
::1 - - [11/Jan/2017:06:25:31 +0000] "POST /users/signin HTTP/1.1" 500 1832 "http://localhost:3000/users/signin" "Mozilla/5.0 (Macintosh; Intel Mac OS X 10_12_2) AppleWebKit/537.36 (KHTML, like Gecko) Chrome/55.0.2883.87 Safari/537.36 OPR/42.0.2393.94"
::1 - - [11/Jan/2017:06:25:31 +0000] "GET /favicon.ico HTTP/1.1" 500 1832 "http://localhost:3000/users/signin" "Mozilla/5.0 (Macintosh; Intel Mac OS X 10_12_2) AppleWebKit/537.36 (KHTML, like Gecko) Chrome/55.0.2883.87 Safari/537.36 OPR/42.0.2393.94"
::1 - - [11/Jan/2017:06:30:24 +0000] "GET / HTTP/1.1" 302 56 "-" "Mozilla/5.0 (Macintosh; Intel Mac OS X 10_12_2) AppleWebKit/537.36 (KHTML, like Gecko) Chrome/55.0.2883.95 Safari/537.36"
::1 - - [11/Jan/2017:06:30:24 +0000] "GET /books HTTP/1.1" 200 13597 "-" "Mozilla/5.0 (Macintosh; Intel Mac OS X 10_12_2) AppleWebKit/537.36 (KHTML, like Gecko) Chrome/55.0.2883.95 Safari/537.36"
::1 - - [11/Jan/2017:06:30:26 +0000] "GET /users/signin HTTP/1.1" 200 5822 "http://localhost:3000/books" "Mozilla/5.0 (Macintosh; Intel Mac OS X 10_12_2) AppleWebKit/537.36 (KHTML, like Gecko) Chrome/55.0.2883.95 Safari/537.36"
::1 - - [11/Jan/2017:06:31:38 +0000] "GET / HTTP/1.1" 302 56 "-" "Mozilla/5.0 (Macintosh; Intel Mac OS X 10_12_2) AppleWebKit/537.36 (KHTML, like Gecko) Chrome/55.0.2883.95 Safari/537.36"
::1 - - [11/Jan/2017:06:31:38 +0000] "GET /books HTTP/1.1" 304 - "-" "Mozilla/5.0 (Macintosh; Intel Mac OS X 10_12_2) AppleWebKit/537.36 (KHTML, like Gecko) Chrome/55.0.2883.95 Safari/537.36"
::1 - - [11/Jan/2017:06:31:41 +0000] "GET /users/signin HTTP/1.1" 200 5822 "http://localhost:3000/books" "Mozilla/5.0 (Macintosh; Intel Mac OS X 10_12_2) AppleWebKit/537.36 (KHTML, like Gecko) Chrome/55.0.2883.95 Safari/537.36"
::1 - - [11/Jan/2017:06:31:48 +0000] "POST /users/signin HTTP/1.1" 302 56 "http://localhost:3000/users/signin" "Mozilla/5.0 (Macintosh; Intel Mac OS X 10_12_2) AppleWebKit/537.36 (KHTML, like Gecko) Chrome/55.0.2883.95 Safari/537.36"
::1 - - [11/Jan/2017:06:31:48 +0000] "GET /books HTTP/1.1" 200 14063 "http://localhost:3000/users/signin" "Mozilla/5.0 (Macintosh; Intel Mac OS X 10_12_2) AppleWebKit/537.36 (KHTML, like Gecko) Chrome/55.0.2883.95 Safari/537.36"
::1 - - [11/Jan/2017:06:31:56 +0000] "GET /books/5875cdc34082054304e677b2 HTTP/1.1" 200 6920 "http://localhost:3000/books" "Mozilla/5.0 (Macintosh; Intel Mac OS X 10_12_2) AppleWebKit/537.36 (KHTML, like Gecko) Chrome/55.0.2883.95 Safari/537.36"
::1 - - [11/Jan/2017:06:31:56 +0000] "GET /books/images/default.png HTTP/1.1" 500 1832 "http://localhost:3000/books/5875cdc34082054304e677b2" "Mozilla/5.0 (Macintosh; Intel Mac OS X 10_12_2) AppleWebKit/537.36 (KHTML, like Gecko) Chrome/55.0.2883.95 Safari/537.36"
::1 - - [11/Jan/2017:06:31:59 +0000] "GET /users/signout HTTP/1.1" 302 46 "http://localhost:3000/books/5875cdc34082054304e677b2" "Mozilla/5.0 (Macintosh; Intel Mac OS X 10_12_2) AppleWebKit/537.36 (KHTML, like Gecko) Chrome/55.0.2883.95 Safari/537.36"
::1 - - [11/Jan/2017:06:31:59 +0000] "GET / HTTP/1.1" 302 56 "http://localhost:3000/books/5875cdc34082054304e677b2" "Mozilla/5.0 (Macintosh; Intel Mac OS X 10_12_2) AppleWebKit/537.36 (KHTML, like Gecko) Chrome/55.0.2883.95 Safari/537.36"
::1 - - [11/Jan/2017:06:31:59 +0000] "GET /books HTTP/1.1" 200 13597 "http://localhost:3000/books/5875cdc34082054304e677b2" "Mozilla/5.0 (Macintosh; Intel Mac OS X 10_12_2) AppleWebKit/537.36 (KHTML, like Gecko) Chrome/55.0.2883.95 Safari/537.36"
::1 - - [11/Jan/2017:06:32:01 +0000] "GET /users/signup HTTP/1.1" 200 6098 "http://localhost:3000/books" "Mozilla/5.0 (Macintosh; Intel Mac OS X 10_12_2) AppleWebKit/537.36 (KHTML, like Gecko) Chrome/55.0.2883.95 Safari/537.36"
::1 - - [11/Jan/2017:06:32:16 +0000] "POST /users HTTP/1.1" 500 1832 "http://localhost:3000/users/signup" "Mozilla/5.0 (Macintosh; Intel Mac OS X 10_12_2) AppleWebKit/537.36 (KHTML, like Gecko) Chrome/55.0.2883.95 Safari/537.36"
::1 - - [11/Jan/2017:07:07:49 +0000] "GET / HTTP/1.1" 302 56 "-" "Mozilla/5.0 (Macintosh; Intel Mac OS X 10_12_2) AppleWebKit/537.36 (KHTML, like Gecko) Chrome/55.0.2883.95 Safari/537.36"
::1 - - [11/Jan/2017:07:07:49 +0000] "GET /books HTTP/1.1" 200 13597 "-" "Mozilla/5.0 (Macintosh; Intel Mac OS X 10_12_2) AppleWebKit/537.36 (KHTML, like Gecko) Chrome/55.0.2883.95 Safari/537.36"
::1 - - [11/Jan/2017:07:08:04 +0000] "GET /books/5875cdc34082054304e677b2 HTTP/1.1" 200 6454 "http://localhost:3000/books" "Mozilla/5.0 (Macintosh; Intel Mac OS X 10_12_2) AppleWebKit/537.36 (KHTML, like Gecko) Chrome/55.0.2883.95 Safari/537.36"
::1 - - [11/Jan/2017:07:08:06 +0000] "GET /books/images/default.png HTTP/1.1" 500 1832 "http://localhost:3000/books/5875cdc34082054304e677b2" "Mozilla/5.0 (Macintosh; Intel Mac OS X 10_12_2) AppleWebKit/537.36 (KHTML, like Gecko) Chrome/55.0.2883.95 Safari/537.36"
::1 - - [11/Jan/2017:07:08:14 +0000] "GET /books/5875cdc34082054304e677a2 HTTP/1.1" 302 46 "-" "Mozilla/5.0 (Macintosh; Intel Mac OS X 10_12_2) AppleWebKit/537.36 (KHTML, like Gecko) Chrome/55.0.2883.95 Safari/537.36"
::1 - - [11/Jan/2017:07:08:15 +0000] "GET / HTTP/1.1" 302 56 "-" "Mozilla/5.0 (Macintosh; Intel Mac OS X 10_12_2) AppleWebKit/537.36 (KHTML, like Gecko) Chrome/55.0.2883.95 Safari/537.36"
::1 - - [11/Jan/2017:07:08:15 +0000] "GET /books HTTP/1.1" 200 13597 "-" "Mozilla/5.0 (Macintosh; Intel Mac OS X 10_12_2) AppleWebKit/537.36 (KHTML, like Gecko) Chrome/55.0.2883.95 Safari/537.36"
::1 - - [11/Jan/2017:07:08:23 +0000] "GET /books HTTP/1.1" 200 13597 "-" "Mozilla/5.0 (Macintosh; Intel Mac OS X 10_12_2) AppleWebKit/537.36 (KHTML, like Gecko) Chrome/55.0.2883.95 Safari/537.36"
::1 - - [11/Jan/2017:07:08:29 +0000] "GET /books/5875cdc34082054304e677b2 HTTP/1.1" 200 6454 "http://localhost:3000/books" "Mozilla/5.0 (Macintosh; Intel Mac OS X 10_12_2) AppleWebKit/537.36 (KHTML, like Gecko) Chrome/55.0.2883.95 Safari/537.36"
::1 - - [11/Jan/2017:07:08:30 +0000] "GET /books/images/default.png HTTP/1.1" 500 1832 "http://localhost:3000/books/5875cdc34082054304e677b2" "Mozilla/5.0 (Macintosh; Intel Mac OS X 10_12_2) AppleWebKit/537.36 (KHTML, like Gecko) Chrome/55.0.2883.95 Safari/537.36"
::1 - - [11/Jan/2017:07:08:38 +0000] "GET /books/5875cdc34082054304b2e677 HTTP/1.1" 302 46 "-" "Mozilla/5.0 (Macintosh; Intel Mac OS X 10_12_2) AppleWebKit/537.36 (KHTML, like Gecko) Chrome/55.0.2883.95 Safari/537.36"
::1 - - [11/Jan/2017:07:08:38 +0000] "GET / HTTP/1.1" 302 56 "-" "Mozilla/5.0 (Macintosh; Intel Mac OS X 10_12_2) AppleWebKit/537.36 (KHTML, like Gecko) Chrome/55.0.2883.95 Safari/537.36"
::1 - - [11/Jan/2017:07:08:38 +0000] "GET /books HTTP/1.1" 200 13597 "-" "Mozilla/5.0 (Macintosh; Intel Mac OS X 10_12_2) AppleWebKit/537.36 (KHTML, like Gecko) Chrome/55.0.2883.95 Safari/537.36"
::1 - - [11/Jan/2017:07:10:14 +0000] "GET /books/5875cdc34082054304e677b1 HTTP/1.1" 200 6510 "http://localhost:3000/books" "Mozilla/5.0 (Macintosh; Intel Mac OS X 10_12_2) AppleWebKit/537.36 (KHTML, like Gecko) Chrome/55.0.2883.95 Safari/537.36"
::1 - - [11/Jan/2017:07:10:19 +0000] "GET /books/5875cdc34082054304e677b9 HTTP/1.1" 200 6650 "-" "Mozilla/5.0 (Macintosh; Intel Mac OS X 10_12_2) AppleWebKit/537.36 (KHTML, like Gecko) Chrome/55.0.2883.95 Safari/537.36"
::1 - - [11/Jan/2017:07:10:26 +0000] "GET /books/5875cdc34082054304e677b1 HTTP/1.1" 200 6510 "http://localhost:3000/books" "Mozilla/5.0 (Macintosh; Intel Mac OS X 10_12_2) AppleWebKit/537.36 (KHTML, like Gecko) Chrome/55.0.2883.95 Safari/537.36"
::1 - - [11/Jan/2017:07:10:34 +0000] "GET /books/5875cdc34082005344e677b1 HTTP/1.1" 302 46 "-" "Mozilla/5.0 (Macintosh; Intel Mac OS X 10_12_2) AppleWebKit/537.36 (KHTML, like Gecko) Chrome/55.0.2883.95 Safari/537.36"
::1 - - [11/Jan/2017:07:10:35 +0000] "GET / HTTP/1.1" 302 56 "-" "Mozilla/5.0 (Macintosh; Intel Mac OS X 10_12_2) AppleWebKit/537.36 (KHTML, like Gecko) Chrome/55.0.2883.95 Safari/537.36"
::1 - - [11/Jan/2017:07:10:35 +0000] "GET /books HTTP/1.1" 200 13597 "-" "Mozilla/5.0 (Macintosh; Intel Mac OS X 10_12_2) AppleWebKit/537.36 (KHTML, like Gecko) Chrome/55.0.2883.95 Safari/537.36"
::1 - - [11/Jan/2017:07:13:14 +0000] "GET / HTTP/1.1" 302 56 "-" "Mozilla/5.0 (Macintosh; Intel Mac OS X 10_12_2) AppleWebKit/537.36 (KHTML, like Gecko) Chrome/55.0.2883.95 Safari/537.36"
::1 - - [11/Jan/2017:07:13:14 +0000] "GET /books HTTP/1.1" 200 13597 "-" "Mozilla/5.0 (Macintosh; Intel Mac OS X 10_12_2) AppleWebKit/537.36 (KHTML, like Gecko) Chrome/55.0.2883.95 Safari/537.36"
::1 - - [11/Jan/2017:07:13:21 +0000] "GET /books/5875cdc34082054304e677b0 HTTP/1.1" 200 6431 "http://localhost:3000/books" "Mozilla/5.0 (Macintosh; Intel Mac OS X 10_12_2) AppleWebKit/537.36 (KHTML, like Gecko) Chrome/55.0.2883.95 Safari/537.36"
::1 - - [11/Jan/2017:07:13:30 +0000] "GET /books/5875cdc34082005344e677b1 HTTP/1.1" 500 1832 "-" "Mozilla/5.0 (Macintosh; Intel Mac OS X 10_12_2) AppleWebKit/537.36 (KHTML, like Gecko) Chrome/55.0.2883.95 Safari/537.36"
::1 - - [11/Jan/2017:07:13:36 +0000] "GET /books/5875cdc34082054304e677b0 HTTP/1.1" 200 6431 "http://localhost:3000/books" "Mozilla/5.0 (Macintosh; Intel Mac OS X 10_12_2) AppleWebKit/537.36 (KHTML, like Gecko) Chrome/55.0.2883.95 Safari/537.36"
::1 - - [11/Jan/2017:07:13:46 +0000] "GET /books/5875cdc34082054304e8976e3 HTTP/1.1" 302 46 "-" "Mozilla/5.0 (Macintosh; Intel Mac OS X 10_12_2) AppleWebKit/537.36 (KHTML, like Gecko) Chrome/55.0.2883.95 Safari/537.36"
::1 - - [11/Jan/2017:07:13:46 +0000] "GET / HTTP/1.1" 302 56 "-" "Mozilla/5.0 (Macintosh; Intel Mac OS X 10_12_2) AppleWebKit/537.36 (KHTML, like Gecko) Chrome/55.0.2883.95 Safari/537.36"
::1 - - [11/Jan/2017:07:13:46 +0000] "GET /books HTTP/1.1" 200 13597 "-" "Mozilla/5.0 (Macintosh; Intel Mac OS X 10_12_2) AppleWebKit/537.36 (KHTML, like Gecko) Chrome/55.0.2883.95 Safari/537.36"
::1 - - [11/Jan/2017:10:34:14 +0000] "GET /users/signup HTTP/1.1" 200 6098 "http://localhost:3000/books" "Mozilla/5.0 (Macintosh; Intel Mac OS X 10_12_2) AppleWebKit/537.36 (KHTML, like Gecko) Chrome/55.0.2883.95 Safari/537.36"
::1 - - [11/Jan/2017:10:34:23 +0000] "POST /users HTTP/1.1" 500 1832 "http://localhost:3000/users/signup" "Mozilla/5.0 (Macintosh; Intel Mac OS X 10_12_2) AppleWebKit/537.36 (KHTML, like Gecko) Chrome/55.0.2883.95 Safari/537.36"
::1 - - [11/Jan/2017:10:35:22 +0000] "GET / HTTP/1.1" 302 56 "http://localhost:3000/users/signup" "Mozilla/5.0 (Macintosh; Intel Mac OS X 10_12_2) AppleWebKit/537.36 (KHTML, like Gecko) Chrome/55.0.2883.95 Safari/537.36"
::1 - - [11/Jan/2017:10:35:22 +0000] "GET /books HTTP/1.1" 200 13597 "http://localhost:3000/users/signup" "Mozilla/5.0 (Macintosh; Intel Mac OS X 10_12_2) AppleWebKit/537.36 (KHTML, like Gecko) Chrome/55.0.2883.95 Safari/537.36"
::1 - - [11/Jan/2017:10:35:24 +0000] "GET /users/signup HTTP/1.1" 200 6098 "http://localhost:3000/books" "Mozilla/5.0 (Macintosh; Intel Mac OS X 10_12_2) AppleWebKit/537.36 (KHTML, like Gecko) Chrome/55.0.2883.95 Safari/537.36"
::1 - - [11/Jan/2017:10:35:32 +0000] "POST /users HTTP/1.1" 500 1832 "http://localhost:3000/users/signup" "Mozilla/5.0 (Macintosh; Intel Mac OS X 10_12_2) AppleWebKit/537.36 (KHTML, like Gecko) Chrome/55.0.2883.95 Safari/537.36"
::1 - - [11/Jan/2017:10:37:16 +0000] "POST /users HTTP/1.1" 500 1832 "http://localhost:3000/users/signup" "Mozilla/5.0 (Macintosh; Intel Mac OS X 10_12_2) AppleWebKit/537.36 (KHTML, like Gecko) Chrome/55.0.2883.95 Safari/537.36"
::1 - - [11/Jan/2017:10:56:52 +0000] "GET /users HTTP/1.1" 500 1832 "-" "Mozilla/5.0 (Macintosh; Intel Mac OS X 10_12_2) AppleWebKit/537.36 (KHTML, like Gecko) Chrome/55.0.2883.95 Safari/537.36"
::1 - - [11/Jan/2017:10:56:57 +0000] "GET / HTTP/1.1" 302 56 "-" "Mozilla/5.0 (Macintosh; Intel Mac OS X 10_12_2) AppleWebKit/537.36 (KHTML, like Gecko) Chrome/55.0.2883.95 Safari/537.36"
::1 - - [11/Jan/2017:10:56:57 +0000] "GET /books HTTP/1.1" 200 13597 "-" "Mozilla/5.0 (Macintosh; Intel Mac OS X 10_12_2) AppleWebKit/537.36 (KHTML, like Gecko) Chrome/55.0.2883.95 Safari/537.36"
::1 - - [11/Jan/2017:10:57:01 +0000] "GET /users/signup HTTP/1.1" 200 6105 "http://localhost:3000/books" "Mozilla/5.0 (Macintosh; Intel Mac OS X 10_12_2) AppleWebKit/537.36 (KHTML, like Gecko) Chrome/55.0.2883.95 Safari/537.36"
::1 - - [11/Jan/2017:10:57:12 +0000] "POST /users/signup HTTP/1.1" 302 70 "http://localhost:3000/users/signup" "Mozilla/5.0 (Macintosh; Intel Mac OS X 10_12_2) AppleWebKit/537.36 (KHTML, like Gecko) Chrome/55.0.2883.95 Safari/537.36"
::1 - - [11/Jan/2017:10:57:12 +0000] "GET /users/signup HTTP/1.1" 200 6444 "http://localhost:3000/users/signup" "Mozilla/5.0 (Macintosh; Intel Mac OS X 10_12_2) AppleWebKit/537.36 (KHTML, like Gecko) Chrome/55.0.2883.95 Safari/537.36"
::1 - - [11/Jan/2017:11:00:08 +0000] "GET / HTTP/1.1" 302 56 "-" "Mozilla/5.0 (Macintosh; Intel Mac OS X 10_12_2) AppleWebKit/537.36 (KHTML, like Gecko) Chrome/55.0.2883.95 Safari/537.36"
::1 - - [11/Jan/2017:11:00:08 +0000] "GET /books HTTP/1.1" 304 - "-" "Mozilla/5.0 (Macintosh; Intel Mac OS X 10_12_2) AppleWebKit/537.36 (KHTML, like Gecko) Chrome/55.0.2883.95 Safari/537.36"
::1 - - [11/Jan/2017:11:00:10 +0000] "GET /users/signup HTTP/1.1" 200 6105 "http://localhost:3000/books" "Mozilla/5.0 (Macintosh; Intel Mac OS X 10_12_2) AppleWebKit/537.36 (KHTML, like Gecko) Chrome/55.0.2883.95 Safari/537.36"
::1 - - [11/Jan/2017:11:00:26 +0000] "POST /users/signup HTTP/1.1" 302 70 "http://localhost:3000/users/signup" "Mozilla/5.0 (Macintosh; Intel Mac OS X 10_12_2) AppleWebKit/537.36 (KHTML, like Gecko) Chrome/55.0.2883.95 Safari/537.36"
::1 - - [11/Jan/2017:11:00:26 +0000] "GET /users/signup HTTP/1.1" 200 6444 "http://localhost:3000/users/signup" "Mozilla/5.0 (Macintosh; Intel Mac OS X 10_12_2) AppleWebKit/537.36 (KHTML, like Gecko) Chrome/55.0.2883.95 Safari/537.36"
::1 - - [11/Jan/2017:11:01:47 +0000] "GET / HTTP/1.1" 302 56 "http://localhost:3000/users/signup" "Mozilla/5.0 (Macintosh; Intel Mac OS X 10_12_2) AppleWebKit/537.36 (KHTML, like Gecko) Chrome/55.0.2883.95 Safari/537.36"
::1 - - [11/Jan/2017:11:01:47 +0000] "GET /books HTTP/1.1" 304 - "http://localhost:3000/users/signup" "Mozilla/5.0 (Macintosh; Intel Mac OS X 10_12_2) AppleWebKit/537.36 (KHTML, like Gecko) Chrome/55.0.2883.95 Safari/537.36"
::1 - - [11/Jan/2017:11:01:51 +0000] "GET /books/new HTTP/1.1" 200 7617 "-" "Mozilla/5.0 (Macintosh; Intel Mac OS X 10_12_2) AppleWebKit/537.36 (KHTML, like Gecko) Chrome/55.0.2883.95 Safari/537.36"
::1 - - [11/Jan/2017:11:02:02 +0000] "GET /users/signup HTTP/1.1" 200 6105 "http://localhost:3000/books/new" "Mozilla/5.0 (Macintosh; Intel Mac OS X 10_12_2) AppleWebKit/537.36 (KHTML, like Gecko) Chrome/55.0.2883.95 Safari/537.36"
::1 - - [11/Jan/2017:11:12:30 +0000] "GET /users/signup HTTP/1.1" 200 6394 "http://localhost:3000/books/new" "Mozilla/5.0 (Macintosh; Intel Mac OS X 10_12_2) AppleWebKit/537.36 (KHTML, like Gecko) Chrome/55.0.2883.95 Safari/537.36"
::1 - - [11/Jan/2017:11:12:48 +0000] "GET /users/signup HTTP/1.1" 200 6397 "http://localhost:3000/books/new" "Mozilla/5.0 (Macintosh; Intel Mac OS X 10_12_2) AppleWebKit/537.36 (KHTML, like Gecko) Chrome/55.0.2883.95 Safari/537.36"
::1 - - [11/Jan/2017:11:27:45 +0000] "GET /users/signup HTTP/1.1" 200 6744 "http://localhost:3000/books/new" "Mozilla/5.0 (Macintosh; Intel Mac OS X 10_12_2) AppleWebKit/537.36 (KHTML, like Gecko) Chrome/55.0.2883.95 Safari/537.36"
::1 - - [11/Jan/2017:11:28:14 +0000] "GET /users/signup HTTP/1.1" 200 6744 "http://localhost:3000/books/new" "Mozilla/5.0 (Macintosh; Intel Mac OS X 10_12_2) AppleWebKit/537.36 (KHTML, like Gecko) Chrome/55.0.2883.95 Safari/537.36"
::1 - - [11/Jan/2017:11:29:10 +0000] "GET /users/signup HTTP/1.1" 200 6733 "http://localhost:3000/books/new" "Mozilla/5.0 (Macintosh; Intel Mac OS X 10_12_2) AppleWebKit/537.36 (KHTML, like Gecko) Chrome/55.0.2883.95 Safari/537.36"
::1 - - [11/Jan/2017:11:31:01 +0000] "GET / HTTP/1.1" 302 56 "http://localhost:3000/users/signup" "Mozilla/5.0 (Macintosh; Intel Mac OS X 10_12_2) AppleWebKit/537.36 (KHTML, like Gecko) Chrome/55.0.2883.95 Safari/537.36"
::1 - - [11/Jan/2017:11:31:01 +0000] "GET /books HTTP/1.1" 200 13597 "http://localhost:3000/users/signup" "Mozilla/5.0 (Macintosh; Intel Mac OS X 10_12_2) AppleWebKit/537.36 (KHTML, like Gecko) Chrome/55.0.2883.95 Safari/537.36"
::1 - - [11/Jan/2017:11:31:02 +0000] "GET /users/signup HTTP/1.1" 200 6836 "http://localhost:3000/books" "Mozilla/5.0 (Macintosh; Intel Mac OS X 10_12_2) AppleWebKit/537.36 (KHTML, like Gecko) Chrome/55.0.2883.95 Safari/537.36"
::1 - - [11/Jan/2017:11:31:19 +0000] "GET /users/signup HTTP/1.1" 200 6820 "http://localhost:3000/books" "Mozilla/5.0 (Macintosh; Intel Mac OS X 10_12_2) AppleWebKit/537.36 (KHTML, like Gecko) Chrome/55.0.2883.95 Safari/537.36"
::1 - - [11/Jan/2017:11:31:24 +0000] "GET /users/signup HTTP/1.1" 200 6820 "http://localhost:3000/books" "Mozilla/5.0 (Macintosh; Intel Mac OS X 10_12_2) AppleWebKit/537.36 (KHTML, like Gecko) Chrome/55.0.2883.95 Safari/537.36"
::1 - - [11/Jan/2017:11:31:43 +0000] "POST /users/signup HTTP/1.1" 302 70 "http://localhost:3000/users/signup" "Mozilla/5.0 (Macintosh; Intel Mac OS X 10_12_2) AppleWebKit/537.36 (KHTML, like Gecko) Chrome/55.0.2883.95 Safari/537.36"
::1 - - [11/Jan/2017:11:31:43 +0000] "GET /users/signup HTTP/1.1" 200 7159 "http://localhost:3000/users/signup" "Mozilla/5.0 (Macintosh; Intel Mac OS X 10_12_2) AppleWebKit/537.36 (KHTML, like Gecko) Chrome/55.0.2883.95 Safari/537.36"
::1 - - [11/Jan/2017:11:44:38 +0000] "POST /users/signup HTTP/1.1" 302 70 "http://localhost:3000/users/signup" "Mozilla/5.0 (Macintosh; Intel Mac OS X 10_12_2) AppleWebKit/537.36 (KHTML, like Gecko) Chrome/55.0.2883.95 Safari/537.36"
::1 - - [11/Jan/2017:11:44:38 +0000] "GET /users/signup HTTP/1.1" 200 7141 "http://localhost:3000/users/signup" "Mozilla/5.0 (Macintosh; Intel Mac OS X 10_12_2) AppleWebKit/537.36 (KHTML, like Gecko) Chrome/55.0.2883.95 Safari/537.36"
::1 - - [11/Jan/2017:11:45:24 +0000] "GET /users/signup HTTP/1.1" 200 6780 "http://localhost:3000/users/signup" "Mozilla/5.0 (Macintosh; Intel Mac OS X 10_12_2) AppleWebKit/537.36 (KHTML, like Gecko) Chrome/55.0.2883.95 Safari/537.36"
::1 - - [11/Jan/2017:11:45:32 +0000] "POST /users/signup HTTP/1.1" 500 1832 "http://localhost:3000/users/signup" "Mozilla/5.0 (Macintosh; Intel Mac OS X 10_12_2) AppleWebKit/537.36 (KHTML, like Gecko) Chrome/55.0.2883.95 Safari/537.36"
::1 - - [11/Jan/2017:12:11:58 +0000] "GET /users/signup HTTP/1.1" 200 6780 "http://localhost:3000/users/signup" "Mozilla/5.0 (Macintosh; Intel Mac OS X 10_12_2) AppleWebKit/537.36 (KHTML, like Gecko) Chrome/55.0.2883.95 Safari/537.36"
::1 - - [11/Jan/2017:12:12:09 +0000] "POST /users/signup HTTP/1.1" 500 1832 "http://localhost:3000/users/signup" "Mozilla/5.0 (Macintosh; Intel Mac OS X 10_12_2) AppleWebKit/537.36 (KHTML, like Gecko) Chrome/55.0.2883.95 Safari/537.36"
::1 - - [11/Jan/2017:12:19:46 +0000] "POST /users/signup HTTP/1.1" 500 1832 "http://localhost:3000/users/signup" "Mozilla/5.0 (Macintosh; Intel Mac OS X 10_12_2) AppleWebKit/537.36 (KHTML, like Gecko) Chrome/55.0.2883.95 Safari/537.36"
::1 - - [11/Jan/2017:12:20:20 +0000] "POST /users/signup HTTP/1.1" 500 1832 "http://localhost:3000/users/signup" "Mozilla/5.0 (Macintosh; Intel Mac OS X 10_12_2) AppleWebKit/537.36 (KHTML, like Gecko) Chrome/55.0.2883.95 Safari/537.36"
::1 - - [11/Jan/2017:12:23:11 +0000] "GET / HTTP/1.1" 302 56 "-" "Mozilla/5.0 (Macintosh; Intel Mac OS X 10_12_2) AppleWebKit/537.36 (KHTML, like Gecko) Chrome/55.0.2883.87 Safari/537.36 OPR/42.0.2393.94"
::1 - - [11/Jan/2017:12:23:11 +0000] "GET /books HTTP/1.1" 304 - "-" "Mozilla/5.0 (Macintosh; Intel Mac OS X 10_12_2) AppleWebKit/537.36 (KHTML, like Gecko) Chrome/55.0.2883.87 Safari/537.36 OPR/42.0.2393.94"
::1 - - [11/Jan/2017:12:23:11 +0000] "GET /favicon.ico HTTP/1.1" 500 1832 "http://localhost:3000/books" "Mozilla/5.0 (Macintosh; Intel Mac OS X 10_12_2) AppleWebKit/537.36 (KHTML, like Gecko) Chrome/55.0.2883.87 Safari/537.36 OPR/42.0.2393.94"
::1 - - [11/Jan/2017:12:23:22 +0000] "GET /users/signup HTTP/1.1" 200 6780 "http://localhost:3000/books" "Mozilla/5.0 (Macintosh; Intel Mac OS X 10_12_2) AppleWebKit/537.36 (KHTML, like Gecko) Chrome/55.0.2883.87 Safari/537.36 OPR/42.0.2393.94"
::1 - - [11/Jan/2017:12:23:23 +0000] "GET /favicon.ico HTTP/1.1" 500 1832 "http://localhost:3000/users/signup" "Mozilla/5.0 (Macintosh; Intel Mac OS X 10_12_2) AppleWebKit/537.36 (KHTML, like Gecko) Chrome/55.0.2883.87 Safari/537.36 OPR/42.0.2393.94"
::1 - - [11/Jan/2017:12:23:33 +0000] "POST /users/signup HTTP/1.1" 302 70 "http://localhost:3000/users/signup" "Mozilla/5.0 (Macintosh; Intel Mac OS X 10_12_2) AppleWebKit/537.36 (KHTML, like Gecko) Chrome/55.0.2883.87 Safari/537.36 OPR/42.0.2393.94"
::1 - - [11/Jan/2017:12:23:33 +0000] "GET /users/signup HTTP/1.1" 200 7119 "http://localhost:3000/users/signup" "Mozilla/5.0 (Macintosh; Intel Mac OS X 10_12_2) AppleWebKit/537.36 (KHTML, like Gecko) Chrome/55.0.2883.87 Safari/537.36 OPR/42.0.2393.94"
::1 - - [11/Jan/2017:12:23:33 +0000] "GET /favicon.ico HTTP/1.1" 500 1832 "http://localhost:3000/users/signup" "Mozilla/5.0 (Macintosh; Intel Mac OS X 10_12_2) AppleWebKit/537.36 (KHTML, like Gecko) Chrome/55.0.2883.87 Safari/537.36 OPR/42.0.2393.94"
::1 - - [11/Jan/2017:12:24:24 +0000] "GET / HTTP/1.1" 302 56 "-" "Mozilla/5.0 (Macintosh; Intel Mac OS X 10_12_2) AppleWebKit/537.36 (KHTML, like Gecko) Chrome/55.0.2883.87 Safari/537.36 OPR/42.0.2393.94"
::1 - - [11/Jan/2017:12:24:24 +0000] "GET /books HTTP/1.1" 304 - "-" "Mozilla/5.0 (Macintosh; Intel Mac OS X 10_12_2) AppleWebKit/537.36 (KHTML, like Gecko) Chrome/55.0.2883.87 Safari/537.36 OPR/42.0.2393.94"
::1 - - [11/Jan/2017:12:24:24 +0000] "GET /favicon.ico HTTP/1.1" 500 1832 "http://localhost:3000/books" "Mozilla/5.0 (Macintosh; Intel Mac OS X 10_12_2) AppleWebKit/537.36 (KHTML, like Gecko) Chrome/55.0.2883.87 Safari/537.36 OPR/42.0.2393.94"
::1 - - [11/Jan/2017:12:24:27 +0000] "GET /users/signup HTTP/1.1" 200 6786 "http://localhost:3000/books" "Mozilla/5.0 (Macintosh; Intel Mac OS X 10_12_2) AppleWebKit/537.36 (KHTML, like Gecko) Chrome/55.0.2883.87 Safari/537.36 OPR/42.0.2393.94"
::1 - - [11/Jan/2017:12:24:27 +0000] "GET /favicon.ico HTTP/1.1" 500 1832 "http://localhost:3000/users/signup" "Mozilla/5.0 (Macintosh; Intel Mac OS X 10_12_2) AppleWebKit/537.36 (KHTML, like Gecko) Chrome/55.0.2883.87 Safari/537.36 OPR/42.0.2393.94"
::1 - - [11/Jan/2017:12:24:38 +0000] "POST /users/signup HTTP/1.1" 500 1832 "http://localhost:3000/users/signup" "Mozilla/5.0 (Macintosh; Intel Mac OS X 10_12_2) AppleWebKit/537.36 (KHTML, like Gecko) Chrome/55.0.2883.87 Safari/537.36 OPR/42.0.2393.94"
::1 - - [11/Jan/2017:12:24:38 +0000] "GET /favicon.ico HTTP/1.1" 500 1832 "http://localhost:3000/users/signup" "Mozilla/5.0 (Macintosh; Intel Mac OS X 10_12_2) AppleWebKit/537.36 (KHTML, like Gecko) Chrome/55.0.2883.87 Safari/537.36 OPR/42.0.2393.94"
::1 - - [11/Jan/2017:12:26:16 +0000] "GET /favicon.ico HTTP/1.1" 500 1832 "http://localhost:3000/users/signup" "Mozilla/5.0 (Macintosh; Intel Mac OS X 10_12_2) AppleWebKit/537.36 (KHTML, like Gecko) Chrome/55.0.2883.87 Safari/537.36 OPR/42.0.2393.94"
::1 - - [11/Jan/2017:12:26:26 +0000] "POST /users/signup HTTP/1.1" 500 1832 "http://localhost:3000/users/signup" "Mozilla/5.0 (Macintosh; Intel Mac OS X 10_12_2) AppleWebKit/537.36 (KHTML, like Gecko) Chrome/55.0.2883.87 Safari/537.36 OPR/42.0.2393.94"
::1 - - [11/Jan/2017:12:26:26 +0000] "GET /favicon.ico HTTP/1.1" 500 1832 "http://localhost:3000/users/signup" "Mozilla/5.0 (Macintosh; Intel Mac OS X 10_12_2) AppleWebKit/537.36 (KHTML, like Gecko) Chrome/55.0.2883.87 Safari/537.36 OPR/42.0.2393.94"
::1 - - [11/Jan/2017:12:26:58 +0000] "GET /favicon.ico HTTP/1.1" 500 1832 "http://localhost:3000/users/signup" "Mozilla/5.0 (Macintosh; Intel Mac OS X 10_12_2) AppleWebKit/537.36 (KHTML, like Gecko) Chrome/55.0.2883.87 Safari/537.36 OPR/42.0.2393.94"
::1 - - [11/Jan/2017:12:26:59 +0000] "GET / HTTP/1.1" 302 56 "http://localhost:3000/users/signup" "Mozilla/5.0 (Macintosh; Intel Mac OS X 10_12_2) AppleWebKit/537.36 (KHTML, like Gecko) Chrome/55.0.2883.87 Safari/537.36 OPR/42.0.2393.94"
::1 - - [11/Jan/2017:12:27:00 +0000] "GET /books HTTP/1.1" 304 - "http://localhost:3000/users/signup" "Mozilla/5.0 (Macintosh; Intel Mac OS X 10_12_2) AppleWebKit/537.36 (KHTML, like Gecko) Chrome/55.0.2883.87 Safari/537.36 OPR/42.0.2393.94"
::1 - - [11/Jan/2017:12:27:00 +0000] "GET /favicon.ico HTTP/1.1" 500 1832 "http://localhost:3000/books" "Mozilla/5.0 (Macintosh; Intel Mac OS X 10_12_2) AppleWebKit/537.36 (KHTML, like Gecko) Chrome/55.0.2883.87 Safari/537.36 OPR/42.0.2393.94"
::1 - - [11/Jan/2017:12:27:01 +0000] "GET /users/signup HTTP/1.1" 200 6786 "http://localhost:3000/books" "Mozilla/5.0 (Macintosh; Intel Mac OS X 10_12_2) AppleWebKit/537.36 (KHTML, like Gecko) Chrome/55.0.2883.87 Safari/537.36 OPR/42.0.2393.94"
::1 - - [11/Jan/2017:12:27:01 +0000] "GET /favicon.ico HTTP/1.1" 500 1832 "http://localhost:3000/users/signup" "Mozilla/5.0 (Macintosh; Intel Mac OS X 10_12_2) AppleWebKit/537.36 (KHTML, like Gecko) Chrome/55.0.2883.87 Safari/537.36 OPR/42.0.2393.94"
::1 - - [11/Jan/2017:12:27:15 +0000] "POST /users/signup HTTP/1.1" 500 1832 "http://localhost:3000/users/signup" "Mozilla/5.0 (Macintosh; Intel Mac OS X 10_12_2) AppleWebKit/537.36 (KHTML, like Gecko) Chrome/55.0.2883.87 Safari/537.36 OPR/42.0.2393.94"
::1 - - [11/Jan/2017:12:27:15 +0000] "GET /favicon.ico HTTP/1.1" 500 1832 "http://localhost:3000/users/signup" "Mozilla/5.0 (Macintosh; Intel Mac OS X 10_12_2) AppleWebKit/537.36 (KHTML, like Gecko) Chrome/55.0.2883.87 Safari/537.36 OPR/42.0.2393.94"
::1 - - [11/Jan/2017:12:29:57 +0000] "GET /favicon.ico HTTP/1.1" 500 1832 "http://localhost:3000/users/signup" "Mozilla/5.0 (Macintosh; Intel Mac OS X 10_12_2) AppleWebKit/537.36 (KHTML, like Gecko) Chrome/55.0.2883.87 Safari/537.36 OPR/42.0.2393.94"
::1 - - [11/Jan/2017:12:55:52 +0000] "POST /users/signup HTTP/1.1" 500 1832 "http://localhost:3000/users/signup" "Mozilla/5.0 (Macintosh; Intel Mac OS X 10_12_2) AppleWebKit/537.36 (KHTML, like Gecko) Chrome/55.0.2883.95 Safari/537.36"
::1 - - [11/Jan/2017:12:56:00 +0000] "GET /users/signup HTTP/1.1" 200 6786 "http://localhost:3000/users/signup" "Mozilla/5.0 (Macintosh; Intel Mac OS X 10_12_2) AppleWebKit/537.36 (KHTML, like Gecko) Chrome/55.0.2883.95 Safari/537.36"
::1 - - [11/Jan/2017:12:56:13 +0000] "POST /users/signup HTTP/1.1" 500 1832 "http://localhost:3000/users/signup" "Mozilla/5.0 (Macintosh; Intel Mac OS X 10_12_2) AppleWebKit/537.36 (KHTML, like Gecko) Chrome/55.0.2883.95 Safari/537.36"
::1 - - [11/Jan/2017:12:56:49 +0000] "GET / HTTP/1.1" 302 56 "-" "Mozilla/5.0 (Macintosh; Intel Mac OS X 10_12_2) AppleWebKit/537.36 (KHTML, like Gecko) Chrome/55.0.2883.95 Safari/537.36"
::1 - - [11/Jan/2017:12:56:49 +0000] "GET /books HTTP/1.1" 304 - "-" "Mozilla/5.0 (Macintosh; Intel Mac OS X 10_12_2) AppleWebKit/537.36 (KHTML, like Gecko) Chrome/55.0.2883.95 Safari/537.36"
::1 - - [11/Jan/2017:12:56:51 +0000] "GET /users/signup HTTP/1.1" 200 6786 "http://localhost:3000/books" "Mozilla/5.0 (Macintosh; Intel Mac OS X 10_12_2) AppleWebKit/537.36 (KHTML, like Gecko) Chrome/55.0.2883.95 Safari/537.36"
::1 - - [11/Jan/2017:12:57:10 +0000] "POST /users/signup HTTP/1.1" 500 1832 "http://localhost:3000/users/signup" "Mozilla/5.0 (Macintosh; Intel Mac OS X 10_12_2) AppleWebKit/537.36 (KHTML, like Gecko) Chrome/55.0.2883.95 Safari/537.36"
::1 - - [11/Jan/2017:12:57:37 +0000] "GET / HTTP/1.1" 302 56 "-" "Mozilla/5.0 (Macintosh; Intel Mac OS X 10_12_2) AppleWebKit/537.36 (KHTML, like Gecko) Chrome/55.0.2883.95 Safari/537.36"
::1 - - [11/Jan/2017:12:57:37 +0000] "GET /books HTTP/1.1" 304 - "-" "Mozilla/5.0 (Macintosh; Intel Mac OS X 10_12_2) AppleWebKit/537.36 (KHTML, like Gecko) Chrome/55.0.2883.95 Safari/537.36"
::1 - - [11/Jan/2017:12:57:39 +0000] "GET /users/signup HTTP/1.1" 200 6786 "http://localhost:3000/books" "Mozilla/5.0 (Macintosh; Intel Mac OS X 10_12_2) AppleWebKit/537.36 (KHTML, like Gecko) Chrome/55.0.2883.95 Safari/537.36"
::1 - - [11/Jan/2017:12:58:01 +0000] "POST /users/signup HTTP/1.1" 500 1832 "http://localhost:3000/users/signup" "Mozilla/5.0 (Macintosh; Intel Mac OS X 10_12_2) AppleWebKit/537.36 (KHTML, like Gecko) Chrome/55.0.2883.95 Safari/537.36"
::1 - - [11/Jan/2017:12:58:09 +0000] "POST /users/signup HTTP/1.1" 302 70 "http://localhost:3000/users/signup" "Mozilla/5.0 (Macintosh; Intel Mac OS X 10_12_2) AppleWebKit/537.36 (KHTML, like Gecko) Chrome/55.0.2883.95 Safari/537.36"
::1 - - [11/Jan/2017:12:58:09 +0000] "GET /users/signup HTTP/1.1" 200 7125 "http://localhost:3000/users/signup" "Mozilla/5.0 (Macintosh; Intel Mac OS X 10_12_2) AppleWebKit/537.36 (KHTML, like Gecko) Chrome/55.0.2883.95 Safari/537.36"
::1 - - [11/Jan/2017:12:58:20 +0000] "GET / HTTP/1.1" 302 56 "-" "Mozilla/5.0 (Macintosh; Intel Mac OS X 10_12_2) AppleWebKit/537.36 (KHTML, like Gecko) Chrome/55.0.2883.87 Safari/537.36 OPR/42.0.2393.94"
::1 - - [11/Jan/2017:12:58:20 +0000] "GET /books HTTP/1.1" 304 - "-" "Mozilla/5.0 (Macintosh; Intel Mac OS X 10_12_2) AppleWebKit/537.36 (KHTML, like Gecko) Chrome/55.0.2883.87 Safari/537.36 OPR/42.0.2393.94"
::1 - - [11/Jan/2017:12:58:20 +0000] "GET /favicon.ico HTTP/1.1" 500 1832 "http://localhost:3000/books" "Mozilla/5.0 (Macintosh; Intel Mac OS X 10_12_2) AppleWebKit/537.36 (KHTML, like Gecko) Chrome/55.0.2883.87 Safari/537.36 OPR/42.0.2393.94"
::1 - - [11/Jan/2017:12:58:21 +0000] "GET /users/signup HTTP/1.1" 200 6786 "http://localhost:3000/books" "Mozilla/5.0 (Macintosh; Intel Mac OS X 10_12_2) AppleWebKit/537.36 (KHTML, like Gecko) Chrome/55.0.2883.87 Safari/537.36 OPR/42.0.2393.94"
::1 - - [11/Jan/2017:12:58:22 +0000] "GET /favicon.ico HTTP/1.1" 500 1832 "http://localhost:3000/users/signup" "Mozilla/5.0 (Macintosh; Intel Mac OS X 10_12_2) AppleWebKit/537.36 (KHTML, like Gecko) Chrome/55.0.2883.87 Safari/537.36 OPR/42.0.2393.94"
::1 - - [11/Jan/2017:12:58:33 +0000] "POST /users/signup HTTP/1.1" 500 1832 "http://localhost:3000/users/signup" "Mozilla/5.0 (Macintosh; Intel Mac OS X 10_12_2) AppleWebKit/537.36 (KHTML, like Gecko) Chrome/55.0.2883.87 Safari/537.36 OPR/42.0.2393.94"
::1 - - [11/Jan/2017:12:58:34 +0000] "GET /favicon.ico HTTP/1.1" 500 1832 "http://localhost:3000/users/signup" "Mozilla/5.0 (Macintosh; Intel Mac OS X 10_12_2) AppleWebKit/537.36 (KHTML, like Gecko) Chrome/55.0.2883.87 Safari/537.36 OPR/42.0.2393.94"
::1 - - [11/Jan/2017:13:07:04 +0000] "GET / HTTP/1.1" 302 56 "-" "Mozilla/5.0 (Macintosh; Intel Mac OS X 10_12_2) AppleWebKit/602.3.12 (KHTML, like Gecko) Version/10.0.2 Safari/602.3.12"
::1 - - [11/Jan/2017:13:07:04 +0000] "GET /books HTTP/1.1" 200 13597 "-" "Mozilla/5.0 (Macintosh; Intel Mac OS X 10_12_2) AppleWebKit/602.3.12 (KHTML, like Gecko) Version/10.0.2 Safari/602.3.12"
::1 - - [11/Jan/2017:13:07:13 +0000] "GET /users/signup HTTP/1.1" 200 6786 "http://localhost:3000/books" "Mozilla/5.0 (Macintosh; Intel Mac OS X 10_12_2) AppleWebKit/602.3.12 (KHTML, like Gecko) Version/10.0.2 Safari/602.3.12"
::1 - - [11/Jan/2017:13:08:38 +0000] "POST /users/signup HTTP/1.1" - - "http://localhost:3000/users/signup" "Mozilla/5.0 (Macintosh; Intel Mac OS X 10_12_2) AppleWebKit/602.3.12 (KHTML, like Gecko) Version/10.0.2 Safari/602.3.12"
::1 - - [11/Jan/2017:13:08:38 +0000] "GET / HTTP/1.1" 302 56 "http://localhost:3000/users/signup" "Mozilla/5.0 (Macintosh; Intel Mac OS X 10_12_2) AppleWebKit/602.3.12 (KHTML, like Gecko) Version/10.0.2 Safari/602.3.12"
::1 - - [11/Jan/2017:13:08:38 +0000] "GET /books HTTP/1.1" 200 13597 "http://localhost:3000/users/signup" "Mozilla/5.0 (Macintosh; Intel Mac OS X 10_12_2) AppleWebKit/602.3.12 (KHTML, like Gecko) Version/10.0.2 Safari/602.3.12"
::1 - - [11/Jan/2017:13:08:40 +0000] "GET /users/signup HTTP/1.1" 200 6786 "http://localhost:3000/books" "Mozilla/5.0 (Macintosh; Intel Mac OS X 10_12_2) AppleWebKit/602.3.12 (KHTML, like Gecko) Version/10.0.2 Safari/602.3.12"
::1 - - [11/Jan/2017:13:09:08 +0000] "GET / HTTP/1.1" 302 56 "-" "Mozilla/5.0 (Macintosh; Intel Mac OS X 10_12_2) AppleWebKit/602.3.12 (KHTML, like Gecko) Version/10.0.2 Safari/602.3.12"
::1 - - [11/Jan/2017:13:09:08 +0000] "GET /books HTTP/1.1" 200 13597 "-" "Mozilla/5.0 (Macintosh; Intel Mac OS X 10_12_2) AppleWebKit/602.3.12 (KHTML, like Gecko) Version/10.0.2 Safari/602.3.12"
::1 - - [11/Jan/2017:13:09:12 +0000] "GET /users/signup HTTP/1.1" 200 6786 "http://localhost:3000/books" "Mozilla/5.0 (Macintosh; Intel Mac OS X 10_12_2) AppleWebKit/602.3.12 (KHTML, like Gecko) Version/10.0.2 Safari/602.3.12"
::1 - - [11/Jan/2017:13:09:28 +0000] "POST /users/signup HTTP/1.1" 500 1832 "http://localhost:3000/users/signup" "Mozilla/5.0 (Macintosh; Intel Mac OS X 10_12_2) AppleWebKit/602.3.12 (KHTML, like Gecko) Version/10.0.2 Safari/602.3.12"
::1 - - [11/Jan/2017:13:15:30 +0000] "GET / HTTP/1.1" 302 56 "-" "Mozilla/5.0 (Macintosh; Intel Mac OS X 10_12_2) AppleWebKit/602.3.12 (KHTML, like Gecko) Version/10.0.2 Safari/602.3.12"
::1 - - [11/Jan/2017:13:15:30 +0000] "GET /books HTTP/1.1" 200 13597 "-" "Mozilla/5.0 (Macintosh; Intel Mac OS X 10_12_2) AppleWebKit/602.3.12 (KHTML, like Gecko) Version/10.0.2 Safari/602.3.12"
::1 - - [11/Jan/2017:13:15:33 +0000] "GET /users/signup HTTP/1.1" 200 6786 "http://localhost:3000/books" "Mozilla/5.0 (Macintosh; Intel Mac OS X 10_12_2) AppleWebKit/602.3.12 (KHTML, like Gecko) Version/10.0.2 Safari/602.3.12"
::1 - - [11/Jan/2017:13:15:54 +0000] "POST /users/signup HTTP/1.1" 302 70 "http://localhost:3000/users/signup" "Mozilla/5.0 (Macintosh; Intel Mac OS X 10_12_2) AppleWebKit/602.3.12 (KHTML, like Gecko) Version/10.0.2 Safari/602.3.12"
::1 - - [11/Jan/2017:13:15:54 +0000] "GET /users/signup HTTP/1.1" 200 7181 "http://localhost:3000/users/signup" "Mozilla/5.0 (Macintosh; Intel Mac OS X 10_12_2) AppleWebKit/602.3.12 (KHTML, like Gecko) Version/10.0.2 Safari/602.3.12"
::1 - - [11/Jan/2017:13:16:15 +0000] "POST /users/signup HTTP/1.1" 500 1832 "http://localhost:3000/users/signup" "Mozilla/5.0 (Macintosh; Intel Mac OS X 10_12_2) AppleWebKit/602.3.12 (KHTML, like Gecko) Version/10.0.2 Safari/602.3.12"
::1 - - [11/Jan/2017:13:16:24 +0000] "POST /users/signup HTTP/1.1" 500 1832 "http://localhost:3000/users/signup" "Mozilla/5.0 (Macintosh; Intel Mac OS X 10_12_2) AppleWebKit/602.3.12 (KHTML, like Gecko) Version/10.0.2 Safari/602.3.12"
::1 - - [11/Jan/2017:13:17:51 +0000] "GET / HTTP/1.1" 302 56 "-" "Mozilla/5.0 (Macintosh; Intel Mac OS X 10_12_2) AppleWebKit/602.3.12 (KHTML, like Gecko) Version/10.0.2 Safari/602.3.12"
::1 - - [11/Jan/2017:13:17:51 +0000] "GET /books HTTP/1.1" 200 13597 "-" "Mozilla/5.0 (Macintosh; Intel Mac OS X 10_12_2) AppleWebKit/602.3.12 (KHTML, like Gecko) Version/10.0.2 Safari/602.3.12"
::1 - - [11/Jan/2017:13:17:55 +0000] "GET /users/signup HTTP/1.1" 200 6786 "http://localhost:3000/books" "Mozilla/5.0 (Macintosh; Intel Mac OS X 10_12_2) AppleWebKit/602.3.12 (KHTML, like Gecko) Version/10.0.2 Safari/602.3.12"
::1 - - [11/Jan/2017:13:18:07 +0000] "POST /users/signup HTTP/1.1" 302 56 "http://localhost:3000/users/signup" "Mozilla/5.0 (Macintosh; Intel Mac OS X 10_12_2) AppleWebKit/602.3.12 (KHTML, like Gecko) Version/10.0.2 Safari/602.3.12"
::1 - - [11/Jan/2017:13:18:07 +0000] "GET /books HTTP/1.1" 200 14060 "http://localhost:3000/users/signup" "Mozilla/5.0 (Macintosh; Intel Mac OS X 10_12_2) AppleWebKit/602.3.12 (KHTML, like Gecko) Version/10.0.2 Safari/602.3.12"
::1 - - [11/Jan/2017:13:18:12 +0000] "GET / HTTP/1.1" 302 56 "http://localhost:3000/books" "Mozilla/5.0 (Macintosh; Intel Mac OS X 10_12_2) AppleWebKit/602.3.12 (KHTML, like Gecko) Version/10.0.2 Safari/602.3.12"
::1 - - [11/Jan/2017:13:18:12 +0000] "GET /books HTTP/1.1" 200 14060 "http://localhost:3000/books" "Mozilla/5.0 (Macintosh; Intel Mac OS X 10_12_2) AppleWebKit/602.3.12 (KHTML, like Gecko) Version/10.0.2 Safari/602.3.12"
::1 - - [11/Jan/2017:13:20:20 +0000] "GET /users/signout HTTP/1.1" 302 46 "http://localhost:3000/books" "Mozilla/5.0 (Macintosh; Intel Mac OS X 10_12_2) AppleWebKit/602.3.12 (KHTML, like Gecko) Version/10.0.2 Safari/602.3.12"
::1 - - [11/Jan/2017:13:20:20 +0000] "GET / HTTP/1.1" 302 56 "http://localhost:3000/books" "Mozilla/5.0 (Macintosh; Intel Mac OS X 10_12_2) AppleWebKit/602.3.12 (KHTML, like Gecko) Version/10.0.2 Safari/602.3.12"
::1 - - [11/Jan/2017:13:20:20 +0000] "GET /books HTTP/1.1" 200 13597 "http://localhost:3000/books" "Mozilla/5.0 (Macintosh; Intel Mac OS X 10_12_2) AppleWebKit/602.3.12 (KHTML, like Gecko) Version/10.0.2 Safari/602.3.12"
::1 - - [11/Jan/2017:13:20:21 +0000] "GET /users/signin HTTP/1.1" 200 5822 "http://localhost:3000/books" "Mozilla/5.0 (Macintosh; Intel Mac OS X 10_12_2) AppleWebKit/602.3.12 (KHTML, like Gecko) Version/10.0.2 Safari/602.3.12"
::1 - - [11/Jan/2017:13:20:36 +0000] "POST /users/signin HTTP/1.1" 302 56 "http://localhost:3000/users/signin" "Mozilla/5.0 (Macintosh; Intel Mac OS X 10_12_2) AppleWebKit/602.3.12 (KHTML, like Gecko) Version/10.0.2 Safari/602.3.12"
::1 - - [11/Jan/2017:13:20:36 +0000] "GET /books HTTP/1.1" 200 14060 "http://localhost:3000/users/signin" "Mozilla/5.0 (Macintosh; Intel Mac OS X 10_12_2) AppleWebKit/602.3.12 (KHTML, like Gecko) Version/10.0.2 Safari/602.3.12"
::1 - - [11/Jan/2017:13:20:43 +0000] "GET /books/5875cdc34082054304e677b2 HTTP/1.1" 200 6918 "http://localhost:3000/books" "Mozilla/5.0 (Macintosh; Intel Mac OS X 10_12_2) AppleWebKit/602.3.12 (KHTML, like Gecko) Version/10.0.2 Safari/602.3.12"
::1 - - [11/Jan/2017:13:20:54 +0000] "GET /users/signout HTTP/1.1" 302 46 "http://localhost:3000/books/5875cdc34082054304e677b2" "Mozilla/5.0 (Macintosh; Intel Mac OS X 10_12_2) AppleWebKit/602.3.12 (KHTML, like Gecko) Version/10.0.2 Safari/602.3.12"
::1 - - [11/Jan/2017:13:20:54 +0000] "GET / HTTP/1.1" 302 56 "http://localhost:3000/books/5875cdc34082054304e677b2" "Mozilla/5.0 (Macintosh; Intel Mac OS X 10_12_2) AppleWebKit/602.3.12 (KHTML, like Gecko) Version/10.0.2 Safari/602.3.12"
::1 - - [11/Jan/2017:13:20:54 +0000] "GET /books HTTP/1.1" 200 13597 "http://localhost:3000/books/5875cdc34082054304e677b2" "Mozilla/5.0 (Macintosh; Intel Mac OS X 10_12_2) AppleWebKit/602.3.12 (KHTML, like Gecko) Version/10.0.2 Safari/602.3.12"
::1 - - [11/Jan/2017:13:49:04 +0000] "GET / HTTP/1.1" 302 56 "-" "Mozilla/5.0 (Macintosh; Intel Mac OS X 10_12_2) AppleWebKit/537.36 (KHTML, like Gecko) Chrome/55.0.2883.95 Safari/537.36"
::1 - - [11/Jan/2017:13:49:04 +0000] "GET /books HTTP/1.1" 304 - "-" "Mozilla/5.0 (Macintosh; Intel Mac OS X 10_12_2) AppleWebKit/537.36 (KHTML, like Gecko) Chrome/55.0.2883.95 Safari/537.36"
::1 - - [11/Jan/2017:13:49:21 +0000] "GET /users/signin HTTP/1.1" 200 5822 "http://localhost:3000/books" "Mozilla/5.0 (Macintosh; Intel Mac OS X 10_12_2) AppleWebKit/537.36 (KHTML, like Gecko) Chrome/55.0.2883.95 Safari/537.36"
::1 - - [11/Jan/2017:13:49:22 +0000] "POST /users/signin HTTP/1.1" 302 70 "http://localhost:3000/users/signin" "Mozilla/5.0 (Macintosh; Intel Mac OS X 10_12_2) AppleWebKit/537.36 (KHTML, like Gecko) Chrome/55.0.2883.95 Safari/537.36"
::1 - - [11/Jan/2017:13:49:22 +0000] "GET /users/signin HTTP/1.1" 200 6161 "http://localhost:3000/users/signin" "Mozilla/5.0 (Macintosh; Intel Mac OS X 10_12_2) AppleWebKit/537.36 (KHTML, like Gecko) Chrome/55.0.2883.95 Safari/537.36"
::1 - - [11/Jan/2017:13:49:38 +0000] "POST /users/signin HTTP/1.1" 302 70 "http://localhost:3000/users/signin" "Mozilla/5.0 (Macintosh; Intel Mac OS X 10_12_2) AppleWebKit/537.36 (KHTML, like Gecko) Chrome/55.0.2883.95 Safari/537.36"
::1 - - [11/Jan/2017:13:49:38 +0000] "GET /users/signin HTTP/1.1" 200 6161 "http://localhost:3000/users/signin" "Mozilla/5.0 (Macintosh; Intel Mac OS X 10_12_2) AppleWebKit/537.36 (KHTML, like Gecko) Chrome/55.0.2883.95 Safari/537.36"
::1 - - [11/Jan/2017:13:50:01 +0000] "POST /users/signin HTTP/1.1" 500 1832 "http://localhost:3000/users/signin" "Mozilla/5.0 (Macintosh; Intel Mac OS X 10_12_2) AppleWebKit/537.36 (KHTML, like Gecko) Chrome/55.0.2883.95 Safari/537.36"
::1 - - [11/Jan/2017:13:59:58 +0000] "GET / HTTP/1.1" 302 56 "-" "Mozilla/5.0 (Macintosh; Intel Mac OS X 10_12_2) AppleWebKit/602.3.12 (KHTML, like Gecko) Version/10.0.2 Safari/602.3.12"
::1 - - [11/Jan/2017:13:59:58 +0000] "GET /books HTTP/1.1" 200 13597 "-" "Mozilla/5.0 (Macintosh; Intel Mac OS X 10_12_2) AppleWebKit/602.3.12 (KHTML, like Gecko) Version/10.0.2 Safari/602.3.12"
::1 - - [11/Jan/2017:14:00:03 +0000] "GET /users/signin HTTP/1.1" 200 5812 "http://localhost:3000/books" "Mozilla/5.0 (Macintosh; Intel Mac OS X 10_12_2) AppleWebKit/602.3.12 (KHTML, like Gecko) Version/10.0.2 Safari/602.3.12"
::1 - - [11/Jan/2017:14:00:11 +0000] "POST /users/signin HTTP/1.1" 302 70 "http://localhost:3000/users/signin" "Mozilla/5.0 (Macintosh; Intel Mac OS X 10_12_2) AppleWebKit/602.3.12 (KHTML, like Gecko) Version/10.0.2 Safari/602.3.12"
::1 - - [11/Jan/2017:14:00:11 +0000] "GET /users/signin HTTP/1.1" 200 6185 "http://localhost:3000/users/signin" "Mozilla/5.0 (Macintosh; Intel Mac OS X 10_12_2) AppleWebKit/602.3.12 (KHTML, like Gecko) Version/10.0.2 Safari/602.3.12"
::1 - - [11/Jan/2017:14:00:22 +0000] "POST /users/signin HTTP/1.1" 302 70 "http://localhost:3000/users/signin" "Mozilla/5.0 (Macintosh; Intel Mac OS X 10_12_2) AppleWebKit/602.3.12 (KHTML, like Gecko) Version/10.0.2 Safari/602.3.12"
::1 - - [11/Jan/2017:14:00:22 +0000] "GET /users/signin HTTP/1.1" 200 6145 "http://localhost:3000/users/signin" "Mozilla/5.0 (Macintosh; Intel Mac OS X 10_12_2) AppleWebKit/602.3.12 (KHTML, like Gecko) Version/10.0.2 Safari/602.3.12"
::1 - - [11/Jan/2017:14:00:32 +0000] "POST /users/signin HTTP/1.1" 302 70 "http://localhost:3000/users/signin" "Mozilla/5.0 (Macintosh; Intel Mac OS X 10_12_2) AppleWebKit/602.3.12 (KHTML, like Gecko) Version/10.0.2 Safari/602.3.12"
::1 - - [11/Jan/2017:14:00:32 +0000] "GET /users/signin HTTP/1.1" 200 6160 "http://localhost:3000/users/signin" "Mozilla/5.0 (Macintosh; Intel Mac OS X 10_12_2) AppleWebKit/602.3.12 (KHTML, like Gecko) Version/10.0.2 Safari/602.3.12"
::1 - - [11/Jan/2017:14:00:45 +0000] "POST /users/signin HTTP/1.1" 302 70 "http://localhost:3000/users/signin" "Mozilla/5.0 (Macintosh; Intel Mac OS X 10_12_2) AppleWebKit/602.3.12 (KHTML, like Gecko) Version/10.0.2 Safari/602.3.12"
::1 - - [11/Jan/2017:14:00:45 +0000] "GET /users/signin HTTP/1.1" 200 6160 "http://localhost:3000/users/signin" "Mozilla/5.0 (Macintosh; Intel Mac OS X 10_12_2) AppleWebKit/602.3.12 (KHTML, like Gecko) Version/10.0.2 Safari/602.3.12"
::1 - - [11/Jan/2017:14:00:55 +0000] "POST /users/signin HTTP/1.1" 302 56 "http://localhost:3000/users/signin" "Mozilla/5.0 (Macintosh; Intel Mac OS X 10_12_2) AppleWebKit/602.3.12 (KHTML, like Gecko) Version/10.0.2 Safari/602.3.12"
::1 - - [11/Jan/2017:14:00:55 +0000] "GET /books HTTP/1.1" 200 14063 "http://localhost:3000/users/signin" "Mozilla/5.0 (Macintosh; Intel Mac OS X 10_12_2) AppleWebKit/602.3.12 (KHTML, like Gecko) Version/10.0.2 Safari/602.3.12"
::1 - - [11/Jan/2017:14:00:59 +0000] "GET /users/signout HTTP/1.1" 302 46 "http://localhost:3000/books" "Mozilla/5.0 (Macintosh; Intel Mac OS X 10_12_2) AppleWebKit/602.3.12 (KHTML, like Gecko) Version/10.0.2 Safari/602.3.12"
::1 - - [11/Jan/2017:14:00:59 +0000] "GET / HTTP/1.1" 302 56 "http://localhost:3000/books" "Mozilla/5.0 (Macintosh; Intel Mac OS X 10_12_2) AppleWebKit/602.3.12 (KHTML, like Gecko) Version/10.0.2 Safari/602.3.12"
::1 - - [11/Jan/2017:14:00:59 +0000] "GET /books HTTP/1.1" 200 13597 "http://localhost:3000/books" "Mozilla/5.0 (Macintosh; Intel Mac OS X 10_12_2) AppleWebKit/602.3.12 (KHTML, like Gecko) Version/10.0.2 Safari/602.3.12"
::1 - - [11/Jan/2017:14:01:31 +0000] "GET /users/signin HTTP/1.1" 200 5812 "http://localhost:3000/books" "Mozilla/5.0 (Macintosh; Intel Mac OS X 10_12_2) AppleWebKit/602.3.12 (KHTML, like Gecko) Version/10.0.2 Safari/602.3.12"
::1 - - [11/Jan/2017:14:01:35 +0000] "POST /users/signin HTTP/1.1" 302 70 "http://localhost:3000/users/signin" "Mozilla/5.0 (Macintosh; Intel Mac OS X 10_12_2) AppleWebKit/602.3.12 (KHTML, like Gecko) Version/10.0.2 Safari/602.3.12"
::1 - - [11/Jan/2017:14:01:35 +0000] "GET /users/signin HTTP/1.1" 200 6151 "http://localhost:3000/users/signin" "Mozilla/5.0 (Macintosh; Intel Mac OS X 10_12_2) AppleWebKit/602.3.12 (KHTML, like Gecko) Version/10.0.2 Safari/602.3.12"
::1 - - [11/Jan/2017:14:01:51 +0000] "POST /users/signin HTTP/1.1" 302 70 "http://localhost:3000/users/signin" "Mozilla/5.0 (Macintosh; Intel Mac OS X 10_12_2) AppleWebKit/602.3.12 (KHTML, like Gecko) Version/10.0.2 Safari/602.3.12"
::1 - - [11/Jan/2017:14:01:51 +0000] "GET /users/signin HTTP/1.1" 200 6151 "http://localhost:3000/users/signin" "Mozilla/5.0 (Macintosh; Intel Mac OS X 10_12_2) AppleWebKit/602.3.12 (KHTML, like Gecko) Version/10.0.2 Safari/602.3.12"
