::1 - - [18/Jan/2017:00:02:50 +0000] "GET / HTTP/1.1" 302 56 "http://localhost:3000/cart" "Mozilla/5.0 (Macintosh; Intel Mac OS X 10_12_2) AppleWebKit/537.36 (KHTML, like Gecko) Chrome/55.0.2883.87 Safari/537.36 OPR/42.0.2393.94"
::1 - - [18/Jan/2017:00:02:50 +0000] "GET /books HTTP/1.1" 200 18072 "http://localhost:3000/cart" "Mozilla/5.0 (Macintosh; Intel Mac OS X 10_12_2) AppleWebKit/537.36 (KHTML, like Gecko) Chrome/55.0.2883.87 Safari/537.36 OPR/42.0.2393.94"
::1 - - [18/Jan/2017:00:02:51 +0000] "GET /favicon.ico HTTP/1.1" 500 3401 "http://localhost:3000/books" "Mozilla/5.0 (Macintosh; Intel Mac OS X 10_12_2) AppleWebKit/537.36 (KHTML, like Gecko) Chrome/55.0.2883.87 Safari/537.36 OPR/42.0.2393.94"
::1 - - [18/Jan/2017:00:02:54 +0000] "GET /addtocart/5875cdc34082054304e677b0?origin=/books HTTP/1.1" 302 56 "http://localhost:3000/books" "Mozilla/5.0 (Macintosh; Intel Mac OS X 10_12_2) AppleWebKit/537.36 (KHTML, like Gecko) Chrome/55.0.2883.87 Safari/537.36 OPR/42.0.2393.94"
::1 - - [18/Jan/2017:00:02:54 +0000] "GET /books HTTP/1.1" 200 18306 "http://localhost:3000/books" "Mozilla/5.0 (Macintosh; Intel Mac OS X 10_12_2) AppleWebKit/537.36 (KHTML, like Gecko) Chrome/55.0.2883.87 Safari/537.36 OPR/42.0.2393.94"
::1 - - [18/Jan/2017:00:02:54 +0000] "GET /favicon.ico HTTP/1.1" 500 3401 "http://localhost:3000/books" "Mozilla/5.0 (Macintosh; Intel Mac OS X 10_12_2) AppleWebKit/537.36 (KHTML, like Gecko) Chrome/55.0.2883.87 Safari/537.36 OPR/42.0.2393.94"
::1 - - [18/Jan/2017:00:02:56 +0000] "GET /addtocart/5875cdc34082054304e677b4?origin=/books HTTP/1.1" 302 56 "http://localhost:3000/books" "Mozilla/5.0 (Macintosh; Intel Mac OS X 10_12_2) AppleWebKit/537.36 (KHTML, like Gecko) Chrome/55.0.2883.87 Safari/537.36 OPR/42.0.2393.94"
::1 - - [18/Jan/2017:00:02:56 +0000] "GET /books HTTP/1.1" 200 18306 "http://localhost:3000/books" "Mozilla/5.0 (Macintosh; Intel Mac OS X 10_12_2) AppleWebKit/537.36 (KHTML, like Gecko) Chrome/55.0.2883.87 Safari/537.36 OPR/42.0.2393.94"
::1 - - [18/Jan/2017:00:02:57 +0000] "GET /favicon.ico HTTP/1.1" 500 3401 "http://localhost:3000/books" "Mozilla/5.0 (Macintosh; Intel Mac OS X 10_12_2) AppleWebKit/537.36 (KHTML, like Gecko) Chrome/55.0.2883.87 Safari/537.36 OPR/42.0.2393.94"
::1 - - [18/Jan/2017:00:02:59 +0000] "GET /books/5875cdc34082054304e677b1 HTTP/1.1" 200 6595 "http://localhost:3000/books" "Mozilla/5.0 (Macintosh; Intel Mac OS X 10_12_2) AppleWebKit/537.36 (KHTML, like Gecko) Chrome/55.0.2883.87 Safari/537.36 OPR/42.0.2393.94"
::1 - - [18/Jan/2017:00:03:00 +0000] "GET /favicon.ico HTTP/1.1" 500 3401 "http://localhost:3000/books/5875cdc34082054304e677b1" "Mozilla/5.0 (Macintosh; Intel Mac OS X 10_12_2) AppleWebKit/537.36 (KHTML, like Gecko) Chrome/55.0.2883.87 Safari/537.36 OPR/42.0.2393.94"
::1 - - [18/Jan/2017:00:03:01 +0000] "GET /addtocart/5875cdc34082054304e677b1?origin=/books/5875cdc34082054304e677b1 HTTP/1.1" 302 106 "http://localhost:3000/books/5875cdc34082054304e677b1" "Mozilla/5.0 (Macintosh; Intel Mac OS X 10_12_2) AppleWebKit/537.36 (KHTML, like Gecko) Chrome/55.0.2883.87 Safari/537.36 OPR/42.0.2393.94"
::1 - - [18/Jan/2017:00:03:02 +0000] "GET /books/5875cdc34082054304e677b1 HTTP/1.1" 200 6595 "http://localhost:3000/books/5875cdc34082054304e677b1" "Mozilla/5.0 (Macintosh; Intel Mac OS X 10_12_2) AppleWebKit/537.36 (KHTML, like Gecko) Chrome/55.0.2883.87 Safari/537.36 OPR/42.0.2393.94"
::1 - - [18/Jan/2017:00:03:02 +0000] "GET /favicon.ico HTTP/1.1" 500 3401 "http://localhost:3000/books/5875cdc34082054304e677b1" "Mozilla/5.0 (Macintosh; Intel Mac OS X 10_12_2) AppleWebKit/537.36 (KHTML, like Gecko) Chrome/55.0.2883.87 Safari/537.36 OPR/42.0.2393.94"
::1 - - [18/Jan/2017:00:03:03 +0000] "GET /cart HTTP/1.1" 200 7582 "http://localhost:3000/books/5875cdc34082054304e677b1" "Mozilla/5.0 (Macintosh; Intel Mac OS X 10_12_2) AppleWebKit/537.36 (KHTML, like Gecko) Chrome/55.0.2883.87 Safari/537.36 OPR/42.0.2393.94"
::1 - - [18/Jan/2017:00:03:04 +0000] "GET /favicon.ico HTTP/1.1" 500 3401 "http://localhost:3000/cart" "Mozilla/5.0 (Macintosh; Intel Mac OS X 10_12_2) AppleWebKit/537.36 (KHTML, like Gecko) Chrome/55.0.2883.87 Safari/537.36 OPR/42.0.2393.94"
::1 - - [18/Jan/2017:00:03:09 +0000] "GET /books/5875cdc34082054304e677b1 HTTP/1.1" 304 - "http://localhost:3000/cart" "Mozilla/5.0 (Macintosh; Intel Mac OS X 10_12_2) AppleWebKit/537.36 (KHTML, like Gecko) Chrome/55.0.2883.87 Safari/537.36 OPR/42.0.2393.94"
::1 - - [18/Jan/2017:00:03:09 +0000] "GET /favicon.ico HTTP/1.1" 500 3401 "http://localhost:3000/books/5875cdc34082054304e677b1" "Mozilla/5.0 (Macintosh; Intel Mac OS X 10_12_2) AppleWebKit/537.36 (KHTML, like Gecko) Chrome/55.0.2883.87 Safari/537.36 OPR/42.0.2393.94"
::1 - - [18/Jan/2017:00:03:11 +0000] "GET /addtocart/5875cdc34082054304e677b1?origin=/books/5875cdc34082054304e677b1 HTTP/1.1" 302 106 "http://localhost:3000/books/5875cdc34082054304e677b1" "Mozilla/5.0 (Macintosh; Intel Mac OS X 10_12_2) AppleWebKit/537.36 (KHTML, like Gecko) Chrome/55.0.2883.87 Safari/537.36 OPR/42.0.2393.94"
::1 - - [18/Jan/2017:00:03:11 +0000] "GET /books/5875cdc34082054304e677b1 HTTP/1.1" 200 6595 "http://localhost:3000/books/5875cdc34082054304e677b1" "Mozilla/5.0 (Macintosh; Intel Mac OS X 10_12_2) AppleWebKit/537.36 (KHTML, like Gecko) Chrome/55.0.2883.87 Safari/537.36 OPR/42.0.2393.94"
::1 - - [18/Jan/2017:00:03:11 +0000] "GET /favicon.ico HTTP/1.1" 500 3401 "http://localhost:3000/books/5875cdc34082054304e677b1" "Mozilla/5.0 (Macintosh; Intel Mac OS X 10_12_2) AppleWebKit/537.36 (KHTML, like Gecko) Chrome/55.0.2883.87 Safari/537.36 OPR/42.0.2393.94"
::1 - - [18/Jan/2017:00:03:13 +0000] "GET /addtocart/5875cdc34082054304e677b1?origin=/books/5875cdc34082054304e677b1 HTTP/1.1" 302 106 "http://localhost:3000/books/5875cdc34082054304e677b1" "Mozilla/5.0 (Macintosh; Intel Mac OS X 10_12_2) AppleWebKit/537.36 (KHTML, like Gecko) Chrome/55.0.2883.87 Safari/537.36 OPR/42.0.2393.94"
::1 - - [18/Jan/2017:00:03:13 +0000] "GET /books/5875cdc34082054304e677b1 HTTP/1.1" 200 6595 "http://localhost:3000/books/5875cdc34082054304e677b1" "Mozilla/5.0 (Macintosh; Intel Mac OS X 10_12_2) AppleWebKit/537.36 (KHTML, like Gecko) Chrome/55.0.2883.87 Safari/537.36 OPR/42.0.2393.94"
::1 - - [18/Jan/2017:00:03:13 +0000] "GET /favicon.ico HTTP/1.1" 500 3401 "http://localhost:3000/books/5875cdc34082054304e677b1" "Mozilla/5.0 (Macintosh; Intel Mac OS X 10_12_2) AppleWebKit/537.36 (KHTML, like Gecko) Chrome/55.0.2883.87 Safari/537.36 OPR/42.0.2393.94"
::1 - - [18/Jan/2017:00:03:16 +0000] "GET /cart HTTP/1.1" 200 7773 "http://localhost:3000/books/5875cdc34082054304e677b1" "Mozilla/5.0 (Macintosh; Intel Mac OS X 10_12_2) AppleWebKit/537.36 (KHTML, like Gecko) Chrome/55.0.2883.87 Safari/537.36 OPR/42.0.2393.94"
::1 - - [18/Jan/2017:00:03:16 +0000] "GET /favicon.ico HTTP/1.1" 500 3401 "http://localhost:3000/cart" "Mozilla/5.0 (Macintosh; Intel Mac OS X 10_12_2) AppleWebKit/537.36 (KHTML, like Gecko) Chrome/55.0.2883.87 Safari/537.36 OPR/42.0.2393.94"
::1 - - [18/Jan/2017:00:03:17 +0000] "GET /books/5875cdc34082054304e677b4 HTTP/1.1" 200 6632 "http://localhost:3000/cart" "Mozilla/5.0 (Macintosh; Intel Mac OS X 10_12_2) AppleWebKit/537.36 (KHTML, like Gecko) Chrome/55.0.2883.87 Safari/537.36 OPR/42.0.2393.94"
::1 - - [18/Jan/2017:00:03:17 +0000] "GET /favicon.ico HTTP/1.1" 500 3401 "http://localhost:3000/books/5875cdc34082054304e677b4" "Mozilla/5.0 (Macintosh; Intel Mac OS X 10_12_2) AppleWebKit/537.36 (KHTML, like Gecko) Chrome/55.0.2883.87 Safari/537.36 OPR/42.0.2393.94"
::1 - - [18/Jan/2017:00:03:19 +0000] "GET /addtocart/5875cdc34082054304e677b4?origin=/books/5875cdc34082054304e677b4 HTTP/1.1" 302 106 "http://localhost:3000/books/5875cdc34082054304e677b4" "Mozilla/5.0 (Macintosh; Intel Mac OS X 10_12_2) AppleWebKit/537.36 (KHTML, like Gecko) Chrome/55.0.2883.87 Safari/537.36 OPR/42.0.2393.94"
::1 - - [18/Jan/2017:00:03:19 +0000] "GET /books/5875cdc34082054304e677b4 HTTP/1.1" 200 6632 "http://localhost:3000/books/5875cdc34082054304e677b4" "Mozilla/5.0 (Macintosh; Intel Mac OS X 10_12_2) AppleWebKit/537.36 (KHTML, like Gecko) Chrome/55.0.2883.87 Safari/537.36 OPR/42.0.2393.94"
::1 - - [18/Jan/2017:00:03:19 +0000] "GET /favicon.ico HTTP/1.1" 500 3401 "http://localhost:3000/books/5875cdc34082054304e677b4" "Mozilla/5.0 (Macintosh; Intel Mac OS X 10_12_2) AppleWebKit/537.36 (KHTML, like Gecko) Chrome/55.0.2883.87 Safari/537.36 OPR/42.0.2393.94"
::1 - - [18/Jan/2017:00:03:21 +0000] "GET /cart HTTP/1.1" 200 7963 "http://localhost:3000/books/5875cdc34082054304e677b4" "Mozilla/5.0 (Macintosh; Intel Mac OS X 10_12_2) AppleWebKit/537.36 (KHTML, like Gecko) Chrome/55.0.2883.87 Safari/537.36 OPR/42.0.2393.94"
::1 - - [18/Jan/2017:00:03:21 +0000] "GET /favicon.ico HTTP/1.1" 500 3401 "http://localhost:3000/cart" "Mozilla/5.0 (Macintosh; Intel Mac OS X 10_12_2) AppleWebKit/537.36 (KHTML, like Gecko) Chrome/55.0.2883.87 Safari/537.36 OPR/42.0.2393.94"
::1 - - [18/Jan/2017:00:03:25 +0000] "GET /reducefromcart/:id?origin=/cart HTTP/1.1" 302 54 "http://localhost:3000/cart" "Mozilla/5.0 (Macintosh; Intel Mac OS X 10_12_2) AppleWebKit/537.36 (KHTML, like Gecko) Chrome/55.0.2883.87 Safari/537.36 OPR/42.0.2393.94"
::1 - - [18/Jan/2017:00:03:25 +0000] "GET /cart HTTP/1.1" 200 8386 "http://localhost:3000/cart" "Mozilla/5.0 (Macintosh; Intel Mac OS X 10_12_2) AppleWebKit/537.36 (KHTML, like Gecko) Chrome/55.0.2883.87 Safari/537.36 OPR/42.0.2393.94"
::1 - - [18/Jan/2017:00:03:25 +0000] "GET /favicon.ico HTTP/1.1" 500 3401 "http://localhost:3000/cart" "Mozilla/5.0 (Macintosh; Intel Mac OS X 10_12_2) AppleWebKit/537.36 (KHTML, like Gecko) Chrome/55.0.2883.87 Safari/537.36 OPR/42.0.2393.94"
::1 - - [18/Jan/2017:00:03:29 +0000] "GET /removefromcart/:id?origin=/cart HTTP/1.1" 302 54 "http://localhost:3000/cart" "Mozilla/5.0 (Macintosh; Intel Mac OS X 10_12_2) AppleWebKit/537.36 (KHTML, like Gecko) Chrome/55.0.2883.87 Safari/537.36 OPR/42.0.2393.94"
::1 - - [18/Jan/2017:00:03:29 +0000] "GET /cart HTTP/1.1" 200 8387 "http://localhost:3000/cart" "Mozilla/5.0 (Macintosh; Intel Mac OS X 10_12_2) AppleWebKit/537.36 (KHTML, like Gecko) Chrome/55.0.2883.87 Safari/537.36 OPR/42.0.2393.94"
::1 - - [18/Jan/2017:00:03:30 +0000] "GET /favicon.ico HTTP/1.1" 500 3401 "http://localhost:3000/cart" "Mozilla/5.0 (Macintosh; Intel Mac OS X 10_12_2) AppleWebKit/537.36 (KHTML, like Gecko) Chrome/55.0.2883.87 Safari/537.36 OPR/42.0.2393.94"
::1 - - [18/Jan/2017:00:05:08 +0000] "GET /reducefromcart/:id?origin=/cart HTTP/1.1" 302 54 "http://localhost:3000/cart" "Mozilla/5.0 (Macintosh; Intel Mac OS X 10_12_2) AppleWebKit/537.36 (KHTML, like Gecko) Chrome/55.0.2883.87 Safari/537.36 OPR/42.0.2393.94"
::1 - - [18/Jan/2017:00:05:08 +0000] "GET /cart HTTP/1.1" 200 8386 "http://localhost:3000/cart" "Mozilla/5.0 (Macintosh; Intel Mac OS X 10_12_2) AppleWebKit/537.36 (KHTML, like Gecko) Chrome/55.0.2883.87 Safari/537.36 OPR/42.0.2393.94"
::1 - - [18/Jan/2017:00:05:08 +0000] "GET /favicon.ico HTTP/1.1" 500 3401 "http://localhost:3000/cart" "Mozilla/5.0 (Macintosh; Intel Mac OS X 10_12_2) AppleWebKit/537.36 (KHTML, like Gecko) Chrome/55.0.2883.87 Safari/537.36 OPR/42.0.2393.94"
::1 - - [18/Jan/2017:00:35:32 +0000] "GET / HTTP/1.1" 302 56 "-" "Mozilla/5.0 (Macintosh; Intel Mac OS X 10_12_2) AppleWebKit/537.36 (KHTML, like Gecko) Chrome/55.0.2883.87 Safari/537.36 OPR/42.0.2393.94"
::1 - - [18/Jan/2017:00:35:32 +0000] "GET /books HTTP/1.1" 200 18072 "-" "Mozilla/5.0 (Macintosh; Intel Mac OS X 10_12_2) AppleWebKit/537.36 (KHTML, like Gecko) Chrome/55.0.2883.87 Safari/537.36 OPR/42.0.2393.94"
::1 - - [18/Jan/2017:00:35:35 +0000] "GET /favicon.ico HTTP/1.1" 500 3401 "http://localhost:3000/books" "Mozilla/5.0 (Macintosh; Intel Mac OS X 10_12_2) AppleWebKit/537.36 (KHTML, like Gecko) Chrome/55.0.2883.87 Safari/537.36 OPR/42.0.2393.94"
::1 - - [18/Jan/2017:00:35:38 +0000] "GET /addtocart/5875cdc34082054304e677b2?origin=/books HTTP/1.1" 302 56 "http://localhost:3000/books" "Mozilla/5.0 (Macintosh; Intel Mac OS X 10_12_2) AppleWebKit/537.36 (KHTML, like Gecko) Chrome/55.0.2883.87 Safari/537.36 OPR/42.0.2393.94"
::1 - - [18/Jan/2017:00:35:38 +0000] "GET /books HTTP/1.1" 200 18306 "http://localhost:3000/books" "Mozilla/5.0 (Macintosh; Intel Mac OS X 10_12_2) AppleWebKit/537.36 (KHTML, like Gecko) Chrome/55.0.2883.87 Safari/537.36 OPR/42.0.2393.94"
::1 - - [18/Jan/2017:00:35:38 +0000] "GET /favicon.ico HTTP/1.1" 500 3401 "http://localhost:3000/books" "Mozilla/5.0 (Macintosh; Intel Mac OS X 10_12_2) AppleWebKit/537.36 (KHTML, like Gecko) Chrome/55.0.2883.87 Safari/537.36 OPR/42.0.2393.94"
::1 - - [18/Jan/2017:00:35:40 +0000] "GET /addtocart/5875cdc34082054304e677b2?origin=/books HTTP/1.1" 302 56 "http://localhost:3000/books" "Mozilla/5.0 (Macintosh; Intel Mac OS X 10_12_2) AppleWebKit/537.36 (KHTML, like Gecko) Chrome/55.0.2883.87 Safari/537.36 OPR/42.0.2393.94"
::1 - - [18/Jan/2017:00:35:40 +0000] "GET /books HTTP/1.1" 200 18306 "http://localhost:3000/books" "Mozilla/5.0 (Macintosh; Intel Mac OS X 10_12_2) AppleWebKit/537.36 (KHTML, like Gecko) Chrome/55.0.2883.87 Safari/537.36 OPR/42.0.2393.94"
::1 - - [18/Jan/2017:00:35:40 +0000] "GET /favicon.ico HTTP/1.1" 500 3401 "http://localhost:3000/books" "Mozilla/5.0 (Macintosh; Intel Mac OS X 10_12_2) AppleWebKit/537.36 (KHTML, like Gecko) Chrome/55.0.2883.87 Safari/537.36 OPR/42.0.2393.94"
::1 - - [18/Jan/2017:00:35:44 +0000] "GET /addtocart/5875cdc34082054304e677b1?origin=/books HTTP/1.1" 302 56 "http://localhost:3000/books" "Mozilla/5.0 (Macintosh; Intel Mac OS X 10_12_2) AppleWebKit/537.36 (KHTML, like Gecko) Chrome/55.0.2883.87 Safari/537.36 OPR/42.0.2393.94"
::1 - - [18/Jan/2017:00:35:44 +0000] "GET /books HTTP/1.1" 200 18306 "http://localhost:3000/books" "Mozilla/5.0 (Macintosh; Intel Mac OS X 10_12_2) AppleWebKit/537.36 (KHTML, like Gecko) Chrome/55.0.2883.87 Safari/537.36 OPR/42.0.2393.94"
::1 - - [18/Jan/2017:00:35:44 +0000] "GET /favicon.ico HTTP/1.1" 500 3401 "http://localhost:3000/books" "Mozilla/5.0 (Macintosh; Intel Mac OS X 10_12_2) AppleWebKit/537.36 (KHTML, like Gecko) Chrome/55.0.2883.87 Safari/537.36 OPR/42.0.2393.94"
::1 - - [18/Jan/2017:00:35:46 +0000] "GET /cart HTTP/1.1" 200 7077 "http://localhost:3000/books" "Mozilla/5.0 (Macintosh; Intel Mac OS X 10_12_2) AppleWebKit/537.36 (KHTML, like Gecko) Chrome/55.0.2883.87 Safari/537.36 OPR/42.0.2393.94"
::1 - - [18/Jan/2017:00:35:46 +0000] "GET /favicon.ico HTTP/1.1" 500 3401 "http://localhost:3000/cart" "Mozilla/5.0 (Macintosh; Intel Mac OS X 10_12_2) AppleWebKit/537.36 (KHTML, like Gecko) Chrome/55.0.2883.87 Safari/537.36 OPR/42.0.2393.94"
::1 - - [18/Jan/2017:00:35:51 +0000] "GET /reducefromcart/:id?origin=/cart HTTP/1.1" 302 54 "http://localhost:3000/cart" "Mozilla/5.0 (Macintosh; Intel Mac OS X 10_12_2) AppleWebKit/537.36 (KHTML, like Gecko) Chrome/55.0.2883.87 Safari/537.36 OPR/42.0.2393.94"
::1 - - [18/Jan/2017:00:35:51 +0000] "GET /cart HTTP/1.1" 304 - "http://localhost:3000/cart" "Mozilla/5.0 (Macintosh; Intel Mac OS X 10_12_2) AppleWebKit/537.36 (KHTML, like Gecko) Chrome/55.0.2883.87 Safari/537.36 OPR/42.0.2393.94"
::1 - - [18/Jan/2017:00:35:51 +0000] "GET /favicon.ico HTTP/1.1" 500 3401 "http://localhost:3000/cart" "Mozilla/5.0 (Macintosh; Intel Mac OS X 10_12_2) AppleWebKit/537.36 (KHTML, like Gecko) Chrome/55.0.2883.87 Safari/537.36 OPR/42.0.2393.94"
::1 - - [18/Jan/2017:00:35:57 +0000] "GET /reducefromcart/:id?origin=/cart HTTP/1.1" 302 54 "http://localhost:3000/cart" "Mozilla/5.0 (Macintosh; Intel Mac OS X 10_12_2) AppleWebKit/537.36 (KHTML, like Gecko) Chrome/55.0.2883.87 Safari/537.36 OPR/42.0.2393.94"
::1 - - [18/Jan/2017:00:35:57 +0000] "GET /cart HTTP/1.1" 304 - "http://localhost:3000/cart" "Mozilla/5.0 (Macintosh; Intel Mac OS X 10_12_2) AppleWebKit/537.36 (KHTML, like Gecko) Chrome/55.0.2883.87 Safari/537.36 OPR/42.0.2393.94"
::1 - - [18/Jan/2017:00:35:57 +0000] "GET /favicon.ico HTTP/1.1" 500 3401 "http://localhost:3000/cart" "Mozilla/5.0 (Macintosh; Intel Mac OS X 10_12_2) AppleWebKit/537.36 (KHTML, like Gecko) Chrome/55.0.2883.87 Safari/537.36 OPR/42.0.2393.94"
::1 - - [18/Jan/2017:00:36:01 +0000] "GET /removefromcart/:id?origin=/cart HTTP/1.1" 302 54 "http://localhost:3000/cart" "Mozilla/5.0 (Macintosh; Intel Mac OS X 10_12_2) AppleWebKit/537.36 (KHTML, like Gecko) Chrome/55.0.2883.87 Safari/537.36 OPR/42.0.2393.94"
::1 - - [18/Jan/2017:00:36:01 +0000] "GET /cart HTTP/1.1" 304 - "http://localhost:3000/cart" "Mozilla/5.0 (Macintosh; Intel Mac OS X 10_12_2) AppleWebKit/537.36 (KHTML, like Gecko) Chrome/55.0.2883.87 Safari/537.36 OPR/42.0.2393.94"
::1 - - [18/Jan/2017:00:36:01 +0000] "GET /favicon.ico HTTP/1.1" 500 3401 "http://localhost:3000/cart" "Mozilla/5.0 (Macintosh; Intel Mac OS X 10_12_2) AppleWebKit/537.36 (KHTML, like Gecko) Chrome/55.0.2883.87 Safari/537.36 OPR/42.0.2393.94"
::1 - - [18/Jan/2017:00:36:04 +0000] "GET /cart HTTP/1.1" 304 - "http://localhost:3000/cart" "Mozilla/5.0 (Macintosh; Intel Mac OS X 10_12_2) AppleWebKit/537.36 (KHTML, like Gecko) Chrome/55.0.2883.87 Safari/537.36 OPR/42.0.2393.94"
::1 - - [18/Jan/2017:00:36:04 +0000] "GET /favicon.ico HTTP/1.1" 500 3401 "http://localhost:3000/cart" "Mozilla/5.0 (Macintosh; Intel Mac OS X 10_12_2) AppleWebKit/537.36 (KHTML, like Gecko) Chrome/55.0.2883.87 Safari/537.36 OPR/42.0.2393.94"
