::1 - - [09/Jan/2017:02:09:26 +0000] "GET / HTTP/1.1" 404 13 "-" "Mozilla/5.0 (Macintosh; Intel Mac OS X 10_12_2) AppleWebKit/537.36 (KHTML, like Gecko) Chrome/55.0.2883.95 Safari/537.36"
::1 - - [09/Jan/2017:02:10:07 +0000] "GET /nooks HTTP/1.1" 404 18 "-" "Mozilla/5.0 (Macintosh; Intel Mac OS X 10_12_2) AppleWebKit/537.36 (KHTML, like Gecko) Chrome/55.0.2883.95 Safari/537.36"
::1 - - [09/Jan/2017:02:10:14 +0000] "GET /books HTTP/1.1" 500 2120 "-" "Mozilla/5.0 (Macintosh; Intel Mac OS X 10_12_2) AppleWebKit/537.36 (KHTML, like Gecko) Chrome/55.0.2883.95 Safari/537.36"
::1 - - [09/Jan/2017:02:10:47 +0000] "GET /books HTTP/1.1" 500 2165 "-" "Mozilla/5.0 (Macintosh; Intel Mac OS X 10_12_2) AppleWebKit/537.36 (KHTML, like Gecko) Chrome/55.0.2883.95 Safari/537.36"
::1 - - [09/Jan/2017:02:10:52 +0000] "GET / HTTP/1.1" 404 13 "-" "Mozilla/5.0 (Macintosh; Intel Mac OS X 10_12_2) AppleWebKit/537.36 (KHTML, like Gecko) Chrome/55.0.2883.95 Safari/537.36"
::1 - - [09/Jan/2017:02:51:18 +0000] "GET / HTTP/1.1" 404 13 "-" "Mozilla/5.0 (Macintosh; Intel Mac OS X 10_12_2) AppleWebKit/537.36 (KHTML, like Gecko) Chrome/55.0.2883.95 Safari/537.36"
::1 - - [09/Jan/2017:02:51:26 +0000] "GET /books HTTP/1.1" 500 2165 "-" "Mozilla/5.0 (Macintosh; Intel Mac OS X 10_12_2) AppleWebKit/537.36 (KHTML, like Gecko) Chrome/55.0.2883.95 Safari/537.36"
::1 - - [09/Jan/2017:02:52:01 +0000] "GET /books HTTP/1.1" 500 2165 "-" "Mozilla/5.0 (Macintosh; Intel Mac OS X 10_12_2) AppleWebKit/537.36 (KHTML, like Gecko) Chrome/55.0.2883.95 Safari/537.36"
::1 - - [09/Jan/2017:02:52:46 +0000] "GET /books HTTP/1.1" 500 2384 "-" "Mozilla/5.0 (Macintosh; Intel Mac OS X 10_12_2) AppleWebKit/537.36 (KHTML, like Gecko) Chrome/55.0.2883.95 Safari/537.36"
::1 - - [09/Jan/2017:02:54:43 +0000] "GET /books HTTP/1.1" 500 2384 "-" "Mozilla/5.0 (Macintosh; Intel Mac OS X 10_12_2) AppleWebKit/537.36 (KHTML, like Gecko) Chrome/55.0.2883.95 Safari/537.36"
::1 - - [09/Jan/2017:03:43:44 +0000] "GET /books HTTP/1.1" 500 2384 "-" "Mozilla/5.0 (Macintosh; Intel Mac OS X 10_12_2) AppleWebKit/537.36 (KHTML, like Gecko) Chrome/55.0.2883.95 Safari/537.36"
::1 - - [09/Jan/2017:03:43:48 +0000] "GET /books HTTP/1.1" 500 2384 "-" "Mozilla/5.0 (Macintosh; Intel Mac OS X 10_12_2) AppleWebKit/537.36 (KHTML, like Gecko) Chrome/55.0.2883.95 Safari/537.36"
::1 - - [09/Jan/2017:04:04:43 +0000] "GET /books HTTP/1.1" 500 1918 "-" "Mozilla/5.0 (Macintosh; Intel Mac OS X 10_12_2) AppleWebKit/537.36 (KHTML, like Gecko) Chrome/55.0.2883.95 Safari/537.36"
::1 - - [09/Jan/2017:04:04:45 +0000] "GET /books HTTP/1.1" 500 1918 "-" "Mozilla/5.0 (Macintosh; Intel Mac OS X 10_12_2) AppleWebKit/537.36 (KHTML, like Gecko) Chrome/55.0.2883.95 Safari/537.36"
::1 - - [09/Jan/2017:04:05:20 +0000] "GET /books HTTP/1.1" 200 53758 "-" "Mozilla/5.0 (Macintosh; Intel Mac OS X 10_12_2) AppleWebKit/537.36 (KHTML, like Gecko) Chrome/55.0.2883.95 Safari/537.36"
::1 - - [09/Jan/2017:04:05:21 +0000] "GET /img/youtube.png HTTP/1.1" 404 28 "http://localhost:3000/books" "Mozilla/5.0 (Macintosh; Intel Mac OS X 10_12_2) AppleWebKit/537.36 (KHTML, like Gecko) Chrome/55.0.2883.95 Safari/537.36"
::1 - - [09/Jan/2017:04:05:21 +0000] "GET /img/twitter.png HTTP/1.1" 404 28 "http://localhost:3000/books" "Mozilla/5.0 (Macintosh; Intel Mac OS X 10_12_2) AppleWebKit/537.36 (KHTML, like Gecko) Chrome/55.0.2883.95 Safari/537.36"
::1 - - [09/Jan/2017:04:07:38 +0000] "GET /books HTTP/1.1" 200 64604 "-" "Mozilla/5.0 (Macintosh; Intel Mac OS X 10_12_2) AppleWebKit/537.36 (KHTML, like Gecko) Chrome/55.0.2883.95 Safari/537.36"
::1 - - [09/Jan/2017:04:07:38 +0000] "GET /img/youtube.png HTTP/1.1" 404 28 "http://localhost:3000/books" "Mozilla/5.0 (Macintosh; Intel Mac OS X 10_12_2) AppleWebKit/537.36 (KHTML, like Gecko) Chrome/55.0.2883.95 Safari/537.36"
::1 - - [09/Jan/2017:04:07:38 +0000] "GET /img/twitter.png HTTP/1.1" 404 28 "http://localhost:3000/books" "Mozilla/5.0 (Macintosh; Intel Mac OS X 10_12_2) AppleWebKit/537.36 (KHTML, like Gecko) Chrome/55.0.2883.95 Safari/537.36"
::1 - - [09/Jan/2017:04:11:35 +0000] "GET /books HTTP/1.1" 200 99232 "-" "Mozilla/5.0 (Macintosh; Intel Mac OS X 10_12_2) AppleWebKit/537.36 (KHTML, like Gecko) Chrome/55.0.2883.95 Safari/537.36"
::1 - - [09/Jan/2017:04:11:35 +0000] "GET /img/youtube.png HTTP/1.1" 404 28 "http://localhost:3000/books" "Mozilla/5.0 (Macintosh; Intel Mac OS X 10_12_2) AppleWebKit/537.36 (KHTML, like Gecko) Chrome/55.0.2883.95 Safari/537.36"
::1 - - [09/Jan/2017:04:11:35 +0000] "GET /img/twitter.png HTTP/1.1" 404 28 "http://localhost:3000/books" "Mozilla/5.0 (Macintosh; Intel Mac OS X 10_12_2) AppleWebKit/537.36 (KHTML, like Gecko) Chrome/55.0.2883.95 Safari/537.36"
::1 - - [09/Jan/2017:04:12:23 +0000] "GET /books HTTP/1.1" 200 102666 "-" "Mozilla/5.0 (Macintosh; Intel Mac OS X 10_12_2) AppleWebKit/537.36 (KHTML, like Gecko) Chrome/55.0.2883.95 Safari/537.36"
::1 - - [09/Jan/2017:04:12:23 +0000] "GET /img/youtube.png HTTP/1.1" 404 28 "http://localhost:3000/books" "Mozilla/5.0 (Macintosh; Intel Mac OS X 10_12_2) AppleWebKit/537.36 (KHTML, like Gecko) Chrome/55.0.2883.95 Safari/537.36"
::1 - - [09/Jan/2017:04:12:23 +0000] "GET /img/twitter.png HTTP/1.1" 404 28 "http://localhost:3000/books" "Mozilla/5.0 (Macintosh; Intel Mac OS X 10_12_2) AppleWebKit/537.36 (KHTML, like Gecko) Chrome/55.0.2883.95 Safari/537.36"
::1 - - [09/Jan/2017:04:12:36 +0000] "GET /books HTTP/1.1" 200 100646 "-" "Mozilla/5.0 (Macintosh; Intel Mac OS X 10_12_2) AppleWebKit/537.36 (KHTML, like Gecko) Chrome/55.0.2883.95 Safari/537.36"
::1 - - [09/Jan/2017:04:12:36 +0000] "GET /img/youtube.png HTTP/1.1" 404 28 "http://localhost:3000/books" "Mozilla/5.0 (Macintosh; Intel Mac OS X 10_12_2) AppleWebKit/537.36 (KHTML, like Gecko) Chrome/55.0.2883.95 Safari/537.36"
::1 - - [09/Jan/2017:04:12:36 +0000] "GET /img/twitter.png HTTP/1.1" 404 28 "http://localhost:3000/books" "Mozilla/5.0 (Macintosh; Intel Mac OS X 10_12_2) AppleWebKit/537.36 (KHTML, like Gecko) Chrome/55.0.2883.95 Safari/537.36"
::1 - - [09/Jan/2017:04:13:01 +0000] "GET /books HTTP/1.1" 200 100747 "-" "Mozilla/5.0 (Macintosh; Intel Mac OS X 10_12_2) AppleWebKit/537.36 (KHTML, like Gecko) Chrome/55.0.2883.95 Safari/537.36"
::1 - - [09/Jan/2017:04:13:01 +0000] "GET /img/youtube.png HTTP/1.1" 404 28 "http://localhost:3000/books" "Mozilla/5.0 (Macintosh; Intel Mac OS X 10_12_2) AppleWebKit/537.36 (KHTML, like Gecko) Chrome/55.0.2883.95 Safari/537.36"
::1 - - [09/Jan/2017:04:13:01 +0000] "GET /img/twitter.png HTTP/1.1" 404 28 "http://localhost:3000/books" "Mozilla/5.0 (Macintosh; Intel Mac OS X 10_12_2) AppleWebKit/537.36 (KHTML, like Gecko) Chrome/55.0.2883.95 Safari/537.36"
::1 - - [09/Jan/2017:04:54:41 +0000] "GET /books HTTP/1.1" 200 100747 "-" "Mozilla/5.0 (Macintosh; Intel Mac OS X 10_12_2) AppleWebKit/537.36 (KHTML, like Gecko) Chrome/55.0.2883.95 Safari/537.36"
::1 - - [09/Jan/2017:04:54:41 +0000] "GET /img/youtube.png HTTP/1.1" 404 28 "http://localhost:3000/books" "Mozilla/5.0 (Macintosh; Intel Mac OS X 10_12_2) AppleWebKit/537.36 (KHTML, like Gecko) Chrome/55.0.2883.95 Safari/537.36"
::1 - - [09/Jan/2017:04:54:41 +0000] "GET /img/twitter.png HTTP/1.1" 404 28 "http://localhost:3000/books" "Mozilla/5.0 (Macintosh; Intel Mac OS X 10_12_2) AppleWebKit/537.36 (KHTML, like Gecko) Chrome/55.0.2883.95 Safari/537.36"
::1 - - [09/Jan/2017:04:57:50 +0000] "GET /books HTTP/1.1" 304 - "-" "Mozilla/5.0 (Macintosh; Intel Mac OS X 10_12_2) AppleWebKit/537.36 (KHTML, like Gecko) Chrome/55.0.2883.95 Safari/537.36"
::1 - - [09/Jan/2017:04:57:50 +0000] "GET /images/default.jpg HTTP/1.1" 404 31 "http://localhost:3000/books" "Mozilla/5.0 (Macintosh; Intel Mac OS X 10_12_2) AppleWebKit/537.36 (KHTML, like Gecko) Chrome/55.0.2883.95 Safari/537.36"
::1 - - [09/Jan/2017:04:57:50 +0000] "GET /img/youtube.png HTTP/1.1" 404 28 "http://localhost:3000/books" "Mozilla/5.0 (Macintosh; Intel Mac OS X 10_12_2) AppleWebKit/537.36 (KHTML, like Gecko) Chrome/55.0.2883.95 Safari/537.36"
::1 - - [09/Jan/2017:04:57:50 +0000] "GET /img/twitter.png HTTP/1.1" 404 28 "http://localhost:3000/books" "Mozilla/5.0 (Macintosh; Intel Mac OS X 10_12_2) AppleWebKit/537.36 (KHTML, like Gecko) Chrome/55.0.2883.95 Safari/537.36"
::1 - - [09/Jan/2017:04:57:50 +0000] "GET /images/default.jpg HTTP/1.1" 404 31 "http://localhost:3000/books" "Mozilla/5.0 (Macintosh; Intel Mac OS X 10_12_2) AppleWebKit/537.36 (KHTML, like Gecko) Chrome/55.0.2883.95 Safari/537.36"
::1 - - [09/Jan/2017:04:58:01 +0000] "GET /books HTTP/1.1" 200 100747 "-" "Mozilla/5.0 (Macintosh; Intel Mac OS X 10_12_2) AppleWebKit/537.36 (KHTML, like Gecko) Chrome/55.0.2883.95 Safari/537.36"
::1 - - [09/Jan/2017:04:58:01 +0000] "GET /img/youtube.png HTTP/1.1" 404 28 "http://localhost:3000/books" "Mozilla/5.0 (Macintosh; Intel Mac OS X 10_12_2) AppleWebKit/537.36 (KHTML, like Gecko) Chrome/55.0.2883.95 Safari/537.36"
::1 - - [09/Jan/2017:04:58:01 +0000] "GET /img/twitter.png HTTP/1.1" 404 28 "http://localhost:3000/books" "Mozilla/5.0 (Macintosh; Intel Mac OS X 10_12_2) AppleWebKit/537.36 (KHTML, like Gecko) Chrome/55.0.2883.95 Safari/537.36"
::1 - - [09/Jan/2017:05:02:30 +0000] "GET /books HTTP/1.1" 500 2463 "-" "Mozilla/5.0 (Macintosh; Intel Mac OS X 10_12_2) AppleWebKit/537.36 (KHTML, like Gecko) Chrome/55.0.2883.95 Safari/537.36"
::1 - - [09/Jan/2017:05:03:16 +0000] "GET /books HTTP/1.1" 500 1929 "-" "Mozilla/5.0 (Macintosh; Intel Mac OS X 10_12_2) AppleWebKit/537.36 (KHTML, like Gecko) Chrome/55.0.2883.95 Safari/537.36"
::1 - - [09/Jan/2017:05:04:44 +0000] "GET /books HTTP/1.1" 500 1929 "-" "Mozilla/5.0 (Macintosh; Intel Mac OS X 10_12_2) AppleWebKit/537.36 (KHTML, like Gecko) Chrome/55.0.2883.95 Safari/537.36"
::1 - - [09/Jan/2017:05:04:45 +0000] "GET /books HTTP/1.1" 500 1929 "-" "Mozilla/5.0 (Macintosh; Intel Mac OS X 10_12_2) AppleWebKit/537.36 (KHTML, like Gecko) Chrome/55.0.2883.95 Safari/537.36"
::1 - - [09/Jan/2017:05:05:36 +0000] "GET /books HTTP/1.1" 500 1929 "-" "Mozilla/5.0 (Macintosh; Intel Mac OS X 10_12_2) AppleWebKit/537.36 (KHTML, like Gecko) Chrome/55.0.2883.95 Safari/537.36"
::1 - - [09/Jan/2017:05:07:20 +0000] "GET /books HTTP/1.1" 200 107652 "-" "Mozilla/5.0 (Macintosh; Intel Mac OS X 10_12_2) AppleWebKit/537.36 (KHTML, like Gecko) Chrome/55.0.2883.95 Safari/537.36"
::1 - - [09/Jan/2017:05:07:20 +0000] "GET /img/youtube.png HTTP/1.1" 404 28 "http://localhost:3000/books" "Mozilla/5.0 (Macintosh; Intel Mac OS X 10_12_2) AppleWebKit/537.36 (KHTML, like Gecko) Chrome/55.0.2883.95 Safari/537.36"
::1 - - [09/Jan/2017:05:07:20 +0000] "GET /img/twitter.png HTTP/1.1" 404 28 "http://localhost:3000/books" "Mozilla/5.0 (Macintosh; Intel Mac OS X 10_12_2) AppleWebKit/537.36 (KHTML, like Gecko) Chrome/55.0.2883.95 Safari/537.36"
::1 - - [09/Jan/2017:05:07:58 +0000] "GET /books HTTP/1.1" 200 108763 "-" "Mozilla/5.0 (Macintosh; Intel Mac OS X 10_12_2) AppleWebKit/537.36 (KHTML, like Gecko) Chrome/55.0.2883.95 Safari/537.36"
::1 - - [09/Jan/2017:05:07:58 +0000] "GET /img/youtube.png HTTP/1.1" 404 28 "http://localhost:3000/books" "Mozilla/5.0 (Macintosh; Intel Mac OS X 10_12_2) AppleWebKit/537.36 (KHTML, like Gecko) Chrome/55.0.2883.95 Safari/537.36"
::1 - - [09/Jan/2017:05:07:58 +0000] "GET /img/twitter.png HTTP/1.1" 404 28 "http://localhost:3000/books" "Mozilla/5.0 (Macintosh; Intel Mac OS X 10_12_2) AppleWebKit/537.36 (KHTML, like Gecko) Chrome/55.0.2883.95 Safari/537.36"
::1 - - [09/Jan/2017:05:08:39 +0000] "GET /books HTTP/1.1" 200 108763 "-" "Mozilla/5.0 (Macintosh; Intel Mac OS X 10_12_2) AppleWebKit/537.36 (KHTML, like Gecko) Chrome/55.0.2883.95 Safari/537.36"
::1 - - [09/Jan/2017:05:08:39 +0000] "GET /img/youtube.png HTTP/1.1" 404 28 "http://localhost:3000/books" "Mozilla/5.0 (Macintosh; Intel Mac OS X 10_12_2) AppleWebKit/537.36 (KHTML, like Gecko) Chrome/55.0.2883.95 Safari/537.36"
::1 - - [09/Jan/2017:05:08:39 +0000] "GET /img/twitter.png HTTP/1.1" 404 28 "http://localhost:3000/books" "Mozilla/5.0 (Macintosh; Intel Mac OS X 10_12_2) AppleWebKit/537.36 (KHTML, like Gecko) Chrome/55.0.2883.95 Safari/537.36"
::1 - - [09/Jan/2017:05:08:48 +0000] "GET /books HTTP/1.1" 200 108763 "-" "Mozilla/5.0 (Macintosh; Intel Mac OS X 10_12_2) AppleWebKit/537.36 (KHTML, like Gecko) Chrome/55.0.2883.95 Safari/537.36"
::1 - - [09/Jan/2017:05:08:48 +0000] "GET /img/youtube.png HTTP/1.1" 404 28 "http://localhost:3000/books" "Mozilla/5.0 (Macintosh; Intel Mac OS X 10_12_2) AppleWebKit/537.36 (KHTML, like Gecko) Chrome/55.0.2883.95 Safari/537.36"
::1 - - [09/Jan/2017:05:08:48 +0000] "GET /img/twitter.png HTTP/1.1" 404 28 "http://localhost:3000/books" "Mozilla/5.0 (Macintosh; Intel Mac OS X 10_12_2) AppleWebKit/537.36 (KHTML, like Gecko) Chrome/55.0.2883.95 Safari/537.36"
::1 - - [09/Jan/2017:05:09:09 +0000] "GET /books HTTP/1.1" 200 108763 "-" "Mozilla/5.0 (Macintosh; Intel Mac OS X 10_12_2) AppleWebKit/537.36 (KHTML, like Gecko) Chrome/55.0.2883.95 Safari/537.36"
::1 - - [09/Jan/2017:05:09:09 +0000] "GET /img/youtube.png HTTP/1.1" 404 28 "http://localhost:3000/books" "Mozilla/5.0 (Macintosh; Intel Mac OS X 10_12_2) AppleWebKit/537.36 (KHTML, like Gecko) Chrome/55.0.2883.95 Safari/537.36"
::1 - - [09/Jan/2017:05:09:09 +0000] "GET /img/twitter.png HTTP/1.1" 404 28 "http://localhost:3000/books" "Mozilla/5.0 (Macintosh; Intel Mac OS X 10_12_2) AppleWebKit/537.36 (KHTML, like Gecko) Chrome/55.0.2883.95 Safari/537.36"
::1 - - [09/Jan/2017:05:09:21 +0000] "GET /books/58730bda2da55e8b48e4a73f HTTP/1.1" 404 43 "http://localhost:3000/books" "Mozilla/5.0 (Macintosh; Intel Mac OS X 10_12_2) AppleWebKit/537.36 (KHTML, like Gecko) Chrome/55.0.2883.95 Safari/537.36"
::1 - - [09/Jan/2017:05:13:12 +0000] "GET /books HTTP/1.1" 200 92416 "-" "Mozilla/5.0 (Macintosh; Intel Mac OS X 10_12_2) AppleWebKit/537.36 (KHTML, like Gecko) Chrome/55.0.2883.95 Safari/537.36"
::1 - - [09/Jan/2017:05:13:12 +0000] "GET /img/youtube.png HTTP/1.1" 404 28 "http://localhost:3000/books" "Mozilla/5.0 (Macintosh; Intel Mac OS X 10_12_2) AppleWebKit/537.36 (KHTML, like Gecko) Chrome/55.0.2883.95 Safari/537.36"
::1 - - [09/Jan/2017:05:13:12 +0000] "GET /img/twitter.png HTTP/1.1" 404 28 "http://localhost:3000/books" "Mozilla/5.0 (Macintosh; Intel Mac OS X 10_12_2) AppleWebKit/537.36 (KHTML, like Gecko) Chrome/55.0.2883.95 Safari/537.36"
::1 - - [09/Jan/2017:05:14:02 +0000] "GET /books/58730bda2da55e8b48e4a727 HTTP/1.1" 404 43 "http://localhost:3000/books" "Mozilla/5.0 (Macintosh; Intel Mac OS X 10_12_2) AppleWebKit/537.36 (KHTML, like Gecko) Chrome/55.0.2883.95 Safari/537.36"
::1 - - [09/Jan/2017:05:14:14 +0000] "GET /books HTTP/1.1" 200 92113 "-" "Mozilla/5.0 (Macintosh; Intel Mac OS X 10_12_2) AppleWebKit/537.36 (KHTML, like Gecko) Chrome/55.0.2883.95 Safari/537.36"
::1 - - [09/Jan/2017:05:14:14 +0000] "GET /img/youtube.png HTTP/1.1" 404 28 "http://localhost:3000/books" "Mozilla/5.0 (Macintosh; Intel Mac OS X 10_12_2) AppleWebKit/537.36 (KHTML, like Gecko) Chrome/55.0.2883.95 Safari/537.36"
::1 - - [09/Jan/2017:05:14:14 +0000] "GET /img/twitter.png HTTP/1.1" 404 28 "http://localhost:3000/books" "Mozilla/5.0 (Macintosh; Intel Mac OS X 10_12_2) AppleWebKit/537.36 (KHTML, like Gecko) Chrome/55.0.2883.95 Safari/537.36"
::1 - - [09/Jan/2017:05:14:21 +0000] "GET /books HTTP/1.1" 200 92416 "-" "Mozilla/5.0 (Macintosh; Intel Mac OS X 10_12_2) AppleWebKit/537.36 (KHTML, like Gecko) Chrome/55.0.2883.95 Safari/537.36"
::1 - - [09/Jan/2017:05:14:22 +0000] "GET /img/youtube.png HTTP/1.1" 404 28 "http://localhost:3000/books" "Mozilla/5.0 (Macintosh; Intel Mac OS X 10_12_2) AppleWebKit/537.36 (KHTML, like Gecko) Chrome/55.0.2883.95 Safari/537.36"
::1 - - [09/Jan/2017:05:14:22 +0000] "GET /img/twitter.png HTTP/1.1" 404 28 "http://localhost:3000/books" "Mozilla/5.0 (Macintosh; Intel Mac OS X 10_12_2) AppleWebKit/537.36 (KHTML, like Gecko) Chrome/55.0.2883.95 Safari/537.36"
::1 - - [09/Jan/2017:05:14:33 +0000] "GET /books HTTP/1.1" 200 92401 "-" "Mozilla/5.0 (Macintosh; Intel Mac OS X 10_12_2) AppleWebKit/537.36 (KHTML, like Gecko) Chrome/55.0.2883.95 Safari/537.36"
::1 - - [09/Jan/2017:05:14:33 +0000] "GET /img/youtube.png HTTP/1.1" 404 28 "http://localhost:3000/books" "Mozilla/5.0 (Macintosh; Intel Mac OS X 10_12_2) AppleWebKit/537.36 (KHTML, like Gecko) Chrome/55.0.2883.95 Safari/537.36"
::1 - - [09/Jan/2017:05:14:33 +0000] "GET /img/twitter.png HTTP/1.1" 404 28 "http://localhost:3000/books" "Mozilla/5.0 (Macintosh; Intel Mac OS X 10_12_2) AppleWebKit/537.36 (KHTML, like Gecko) Chrome/55.0.2883.95 Safari/537.36"
::1 - - [09/Jan/2017:05:15:26 +0000] "GET /books HTTP/1.1" 304 - "-" "Mozilla/5.0 (Macintosh; Intel Mac OS X 10_12_2) AppleWebKit/537.36 (KHTML, like Gecko) Chrome/55.0.2883.95 Safari/537.36"
::1 - - [09/Jan/2017:05:15:26 +0000] "GET /img/youtube.png HTTP/1.1" 404 28 "http://localhost:3000/books" "Mozilla/5.0 (Macintosh; Intel Mac OS X 10_12_2) AppleWebKit/537.36 (KHTML, like Gecko) Chrome/55.0.2883.95 Safari/537.36"
::1 - - [09/Jan/2017:05:15:26 +0000] "GET /img/twitter.png HTTP/1.1" 404 28 "http://localhost:3000/books" "Mozilla/5.0 (Macintosh; Intel Mac OS X 10_12_2) AppleWebKit/537.36 (KHTML, like Gecko) Chrome/55.0.2883.95 Safari/537.36"
::1 - - [09/Jan/2017:05:15:39 +0000] "GET /books HTTP/1.1" 304 - "-" "Mozilla/5.0 (Macintosh; Intel Mac OS X 10_12_2) AppleWebKit/537.36 (KHTML, like Gecko) Chrome/55.0.2883.95 Safari/537.36"
::1 - - [09/Jan/2017:05:15:40 +0000] "GET /img/youtube.png HTTP/1.1" 404 28 "http://localhost:3000/books" "Mozilla/5.0 (Macintosh; Intel Mac OS X 10_12_2) AppleWebKit/537.36 (KHTML, like Gecko) Chrome/55.0.2883.95 Safari/537.36"
::1 - - [09/Jan/2017:05:15:40 +0000] "GET /img/twitter.png HTTP/1.1" 404 28 "http://localhost:3000/books" "Mozilla/5.0 (Macintosh; Intel Mac OS X 10_12_2) AppleWebKit/537.36 (KHTML, like Gecko) Chrome/55.0.2883.95 Safari/537.36"
::1 - - [09/Jan/2017:05:17:05 +0000] "GET /books HTTP/1.1" 200 92401 "-" "Mozilla/5.0 (Macintosh; Intel Mac OS X 10_12_2) AppleWebKit/537.36 (KHTML, like Gecko) Chrome/55.0.2883.95 Safari/537.36"
::1 - - [09/Jan/2017:05:17:05 +0000] "GET /img/youtube.png HTTP/1.1" 404 28 "http://localhost:3000/books" "Mozilla/5.0 (Macintosh; Intel Mac OS X 10_12_2) AppleWebKit/537.36 (KHTML, like Gecko) Chrome/55.0.2883.95 Safari/537.36"
::1 - - [09/Jan/2017:05:17:05 +0000] "GET /img/twitter.png HTTP/1.1" 404 28 "http://localhost:3000/books" "Mozilla/5.0 (Macintosh; Intel Mac OS X 10_12_2) AppleWebKit/537.36 (KHTML, like Gecko) Chrome/55.0.2883.95 Safari/537.36"
::1 - - [09/Jan/2017:05:17:15 +0000] "GET /books HTTP/1.1" 200 92416 "-" "Mozilla/5.0 (Macintosh; Intel Mac OS X 10_12_2) AppleWebKit/537.36 (KHTML, like Gecko) Chrome/55.0.2883.95 Safari/537.36"
::1 - - [09/Jan/2017:05:17:15 +0000] "GET /img/youtube.png HTTP/1.1" 404 28 "http://localhost:3000/books" "Mozilla/5.0 (Macintosh; Intel Mac OS X 10_12_2) AppleWebKit/537.36 (KHTML, like Gecko) Chrome/55.0.2883.95 Safari/537.36"
::1 - - [09/Jan/2017:05:17:15 +0000] "GET /img/twitter.png HTTP/1.1" 404 28 "http://localhost:3000/books" "Mozilla/5.0 (Macintosh; Intel Mac OS X 10_12_2) AppleWebKit/537.36 (KHTML, like Gecko) Chrome/55.0.2883.95 Safari/537.36"
::1 - - [09/Jan/2017:05:21:18 +0000] "GET /books HTTP/1.1" 200 93527 "-" "Mozilla/5.0 (Macintosh; Intel Mac OS X 10_12_2) AppleWebKit/537.36 (KHTML, like Gecko) Chrome/55.0.2883.95 Safari/537.36"
::1 - - [09/Jan/2017:05:21:18 +0000] "GET /img/youtube.png HTTP/1.1" 404 28 "http://localhost:3000/books" "Mozilla/5.0 (Macintosh; Intel Mac OS X 10_12_2) AppleWebKit/537.36 (KHTML, like Gecko) Chrome/55.0.2883.95 Safari/537.36"
::1 - - [09/Jan/2017:05:21:18 +0000] "GET /img/twitter.png HTTP/1.1" 404 28 "http://localhost:3000/books" "Mozilla/5.0 (Macintosh; Intel Mac OS X 10_12_2) AppleWebKit/537.36 (KHTML, like Gecko) Chrome/55.0.2883.95 Safari/537.36"
::1 - - [09/Jan/2017:05:26:02 +0000] "GET /books HTTP/1.1" 200 93511 "-" "Mozilla/5.0 (Macintosh; Intel Mac OS X 10_12_2) AppleWebKit/537.36 (KHTML, like Gecko) Chrome/55.0.2883.95 Safari/537.36"
::1 - - [09/Jan/2017:05:26:02 +0000] "GET /img/youtube.png HTTP/1.1" 404 28 "http://localhost:3000/books" "Mozilla/5.0 (Macintosh; Intel Mac OS X 10_12_2) AppleWebKit/537.36 (KHTML, like Gecko) Chrome/55.0.2883.95 Safari/537.36"
::1 - - [09/Jan/2017:05:26:02 +0000] "GET /img/twitter.png HTTP/1.1" 404 28 "http://localhost:3000/books" "Mozilla/5.0 (Macintosh; Intel Mac OS X 10_12_2) AppleWebKit/537.36 (KHTML, like Gecko) Chrome/55.0.2883.95 Safari/537.36"
::1 - - [09/Jan/2017:05:27:43 +0000] "GET /books HTTP/1.1" 304 - "-" "Mozilla/5.0 (Macintosh; Intel Mac OS X 10_12_2) AppleWebKit/537.36 (KHTML, like Gecko) Chrome/55.0.2883.95 Safari/537.36"
::1 - - [09/Jan/2017:05:27:43 +0000] "GET /img/youtube.png HTTP/1.1" 404 28 "http://localhost:3000/books" "Mozilla/5.0 (Macintosh; Intel Mac OS X 10_12_2) AppleWebKit/537.36 (KHTML, like Gecko) Chrome/55.0.2883.95 Safari/537.36"
::1 - - [09/Jan/2017:05:27:43 +0000] "GET /img/twitter.png HTTP/1.1" 404 28 "http://localhost:3000/books" "Mozilla/5.0 (Macintosh; Intel Mac OS X 10_12_2) AppleWebKit/537.36 (KHTML, like Gecko) Chrome/55.0.2883.95 Safari/537.36"
::1 - - [09/Jan/2017:05:28:19 +0000] "GET /books HTTP/1.1" 304 - "-" "Mozilla/5.0 (Macintosh; Intel Mac OS X 10_12_2) AppleWebKit/537.36 (KHTML, like Gecko) Chrome/55.0.2883.95 Safari/537.36"
::1 - - [09/Jan/2017:05:28:20 +0000] "GET /img/youtube.png HTTP/1.1" 404 28 "http://localhost:3000/books" "Mozilla/5.0 (Macintosh; Intel Mac OS X 10_12_2) AppleWebKit/537.36 (KHTML, like Gecko) Chrome/55.0.2883.95 Safari/537.36"
::1 - - [09/Jan/2017:05:28:20 +0000] "GET /img/twitter.png HTTP/1.1" 404 28 "http://localhost:3000/books" "Mozilla/5.0 (Macintosh; Intel Mac OS X 10_12_2) AppleWebKit/537.36 (KHTML, like Gecko) Chrome/55.0.2883.95 Safari/537.36"
::1 - - [09/Jan/2017:05:29:55 +0000] "GET /books HTTP/1.1" 304 - "-" "Mozilla/5.0 (Macintosh; Intel Mac OS X 10_12_2) AppleWebKit/537.36 (KHTML, like Gecko) Chrome/55.0.2883.95 Safari/537.36"
::1 - - [09/Jan/2017:05:29:56 +0000] "GET /img/youtube.png HTTP/1.1" 404 28 "http://localhost:3000/books" "Mozilla/5.0 (Macintosh; Intel Mac OS X 10_12_2) AppleWebKit/537.36 (KHTML, like Gecko) Chrome/55.0.2883.95 Safari/537.36"
::1 - - [09/Jan/2017:05:29:56 +0000] "GET /img/twitter.png HTTP/1.1" 404 28 "http://localhost:3000/books" "Mozilla/5.0 (Macintosh; Intel Mac OS X 10_12_2) AppleWebKit/537.36 (KHTML, like Gecko) Chrome/55.0.2883.95 Safari/537.36"
::1 - - [09/Jan/2017:05:35:36 +0000] "GET / HTTP/1.1" 404 13 "-" "Mozilla/5.0 (Macintosh; Intel Mac OS X 10_12_2) AppleWebKit/537.36 (KHTML, like Gecko) Chrome/55.0.2883.95 Safari/537.36"
::1 - - [09/Jan/2017:05:35:47 +0000] "GET /books HTTP/1.1" 304 - "-" "Mozilla/5.0 (Macintosh; Intel Mac OS X 10_12_2) AppleWebKit/537.36 (KHTML, like Gecko) Chrome/55.0.2883.95 Safari/537.36"
::1 - - [09/Jan/2017:05:35:47 +0000] "GET /img/youtube.png HTTP/1.1" 404 28 "http://localhost:3000/books" "Mozilla/5.0 (Macintosh; Intel Mac OS X 10_12_2) AppleWebKit/537.36 (KHTML, like Gecko) Chrome/55.0.2883.95 Safari/537.36"
::1 - - [09/Jan/2017:05:35:47 +0000] "GET /img/twitter.png HTTP/1.1" 404 28 "http://localhost:3000/books" "Mozilla/5.0 (Macintosh; Intel Mac OS X 10_12_2) AppleWebKit/537.36 (KHTML, like Gecko) Chrome/55.0.2883.95 Safari/537.36"
::1 - - [09/Jan/2017:05:37:33 +0000] "GET /books HTTP/1.1" 200 93515 "-" "Mozilla/5.0 (Macintosh; Intel Mac OS X 10_12_2) AppleWebKit/537.36 (KHTML, like Gecko) Chrome/55.0.2883.95 Safari/537.36"
::1 - - [09/Jan/2017:05:38:58 +0000] "GET /books HTTP/1.1" 200 93514 "-" "Mozilla/5.0 (Macintosh; Intel Mac OS X 10_12_2) AppleWebKit/537.36 (KHTML, like Gecko) Chrome/55.0.2883.95 Safari/537.36"
::1 - - [09/Jan/2017:05:44:59 +0000] "GET /books HTTP/1.1" 200 93211 "-" "Mozilla/5.0 (Macintosh; Intel Mac OS X 10_12_2) AppleWebKit/537.36 (KHTML, like Gecko) Chrome/55.0.2883.95 Safari/537.36"
::1 - - [09/Jan/2017:05:46:02 +0000] "GET /books HTTP/1.1" 200 94221 "-" "Mozilla/5.0 (Macintosh; Intel Mac OS X 10_12_2) AppleWebKit/537.36 (KHTML, like Gecko) Chrome/55.0.2883.95 Safari/537.36"
::1 - - [09/Jan/2017:05:47:31 +0000] "GET /books HTTP/1.1" 200 102907 "-" "Mozilla/5.0 (Macintosh; Intel Mac OS X 10_12_2) AppleWebKit/537.36 (KHTML, like Gecko) Chrome/55.0.2883.95 Safari/537.36"
::1 - - [09/Jan/2017:05:47:45 +0000] "GET /books HTTP/1.1" 200 93211 "-" "Mozilla/5.0 (Macintosh; Intel Mac OS X 10_12_2) AppleWebKit/537.36 (KHTML, like Gecko) Chrome/55.0.2883.95 Safari/537.36"
::1 - - [09/Jan/2017:06:30:36 +0000] "GET /books HTTP/1.1" 304 - "-" "Mozilla/5.0 (Macintosh; Intel Mac OS X 10_12_2) AppleWebKit/537.36 (KHTML, like Gecko) Chrome/55.0.2883.95 Safari/537.36"
::1 - - [09/Jan/2017:06:30:40 +0000] "GET /books HTTP/1.1" 304 - "-" "Mozilla/5.0 (Macintosh; Intel Mac OS X 10_12_2) AppleWebKit/537.36 (KHTML, like Gecko) Chrome/55.0.2883.95 Safari/537.36"
::1 - - [09/Jan/2017:06:33:01 +0000] "GET /books HTTP/1.1" 304 - "-" "Mozilla/5.0 (Macintosh; Intel Mac OS X 10_12_2) AppleWebKit/537.36 (KHTML, like Gecko) Chrome/55.0.2883.95 Safari/537.36"
::1 - - [09/Jan/2017:06:34:34 +0000] "GET /books HTTP/1.1" 304 - "-" "Mozilla/5.0 (Macintosh; Intel Mac OS X 10_12_2) AppleWebKit/537.36 (KHTML, like Gecko) Chrome/55.0.2883.95 Safari/537.36"
::1 - - [09/Jan/2017:06:34:42 +0000] "GET / HTTP/1.1" 302 56 "-" "Mozilla/5.0 (Macintosh; Intel Mac OS X 10_12_2) AppleWebKit/537.36 (KHTML, like Gecko) Chrome/55.0.2883.95 Safari/537.36"
::1 - - [09/Jan/2017:06:34:42 +0000] "GET /books HTTP/1.1" 304 - "-" "Mozilla/5.0 (Macintosh; Intel Mac OS X 10_12_2) AppleWebKit/537.36 (KHTML, like Gecko) Chrome/55.0.2883.95 Safari/537.36"
::1 - - [09/Jan/2017:06:37:31 +0000] "GET /books HTTP/1.1" 304 - "-" "Mozilla/5.0 (Macintosh; Intel Mac OS X 10_12_2) AppleWebKit/537.36 (KHTML, like Gecko) Chrome/55.0.2883.95 Safari/537.36"
::1 - - [09/Jan/2017:06:38:35 +0000] "GET /books?limit=10 HTTP/1.1" 200 93211 "-" "Mozilla/5.0 (Macintosh; Intel Mac OS X 10_12_2) AppleWebKit/537.36 (KHTML, like Gecko) Chrome/55.0.2883.95 Safari/537.36"
::1 - - [09/Jan/2017:06:50:35 +0000] "GET /books?limit=10 HTTP/1.1" 500 1954 "-" "Mozilla/5.0 (Macintosh; Intel Mac OS X 10_12_2) AppleWebKit/537.36 (KHTML, like Gecko) Chrome/55.0.2883.95 Safari/537.36"
::1 - - [09/Jan/2017:07:02:47 +0000] "GET /books?limit=10 HTTP/1.1" 500 1954 "-" "Mozilla/5.0 (Macintosh; Intel Mac OS X 10_12_2) AppleWebKit/537.36 (KHTML, like Gecko) Chrome/55.0.2883.95 Safari/537.36"
::1 - - [09/Jan/2017:07:02:49 +0000] "GET /books?limit=10 HTTP/1.1" 500 1954 "-" "Mozilla/5.0 (Macintosh; Intel Mac OS X 10_12_2) AppleWebKit/537.36 (KHTML, like Gecko) Chrome/55.0.2883.95 Safari/537.36"
::1 - - [09/Jan/2017:07:05:23 +0000] "GET /books?limit=10 HTTP/1.1" 500 2187 "-" "Mozilla/5.0 (Macintosh; Intel Mac OS X 10_12_2) AppleWebKit/537.36 (KHTML, like Gecko) Chrome/55.0.2883.95 Safari/537.36"
::1 - - [09/Jan/2017:07:05:33 +0000] "GET /books?limit=10 HTTP/1.1" 200 93477 "-" "Mozilla/5.0 (Macintosh; Intel Mac OS X 10_12_2) AppleWebKit/537.36 (KHTML, like Gecko) Chrome/55.0.2883.95 Safari/537.36"
::1 - - [09/Jan/2017:07:05:38 +0000] "GET /books?limit=10&page=2 HTTP/1.1" 200 93638 "http://localhost:3000/books?limit=10" "Mozilla/5.0 (Macintosh; Intel Mac OS X 10_12_2) AppleWebKit/537.36 (KHTML, like Gecko) Chrome/55.0.2883.95 Safari/537.36"
::1 - - [09/Jan/2017:07:05:43 +0000] "GET /books?limit=10&page=3 HTTP/1.1" 200 93638 "http://localhost:3000/books?limit=10&page=2" "Mozilla/5.0 (Macintosh; Intel Mac OS X 10_12_2) AppleWebKit/537.36 (KHTML, like Gecko) Chrome/55.0.2883.95 Safari/537.36"
::1 - - [09/Jan/2017:07:11:04 +0000] "GET /books?limit=10&page=3 HTTP/1.1" 500 1918 "http://localhost:3000/books?limit=10&page=2" "Mozilla/5.0 (Macintosh; Intel Mac OS X 10_12_2) AppleWebKit/537.36 (KHTML, like Gecko) Chrome/55.0.2883.95 Safari/537.36"
::1 - - [09/Jan/2017:07:11:23 +0000] "GET /books?limit=10&page=3 HTTP/1.1" 500 2187 "http://localhost:3000/books?limit=10&page=2" "Mozilla/5.0 (Macintosh; Intel Mac OS X 10_12_2) AppleWebKit/537.36 (KHTML, like Gecko) Chrome/55.0.2883.95 Safari/537.36"
::1 - - [09/Jan/2017:07:11:32 +0000] "GET /books?limit=10&page=3 HTTP/1.1" 200 93645 "http://localhost:3000/books?limit=10&page=2" "Mozilla/5.0 (Macintosh; Intel Mac OS X 10_12_2) AppleWebKit/537.36 (KHTML, like Gecko) Chrome/55.0.2883.95 Safari/537.36"
::1 - - [09/Jan/2017:07:11:47 +0000] "GET /books?limit=10&page=2 HTTP/1.1" 200 93645 "http://localhost:3000/books?limit=10&page=3" "Mozilla/5.0 (Macintosh; Intel Mac OS X 10_12_2) AppleWebKit/537.36 (KHTML, like Gecko) Chrome/55.0.2883.95 Safari/537.36"
::1 - - [09/Jan/2017:07:11:51 +0000] "GET /books?limit=10&page=1 HTTP/1.1" 500 2103 "http://localhost:3000/books?limit=10&page=2" "Mozilla/5.0 (Macintosh; Intel Mac OS X 10_12_2) AppleWebKit/537.36 (KHTML, like Gecko) Chrome/55.0.2883.95 Safari/537.36"
::1 - - [09/Jan/2017:07:12:01 +0000] "GET /books?limit=1&page=2 HTTP/1.1" 200 93643 "-" "Mozilla/5.0 (Macintosh; Intel Mac OS X 10_12_2) AppleWebKit/537.36 (KHTML, like Gecko) Chrome/55.0.2883.95 Safari/537.36"
::1 - - [09/Jan/2017:07:16:11 +0000] "GET /books?limit=1&page=2 HTTP/1.1" 304 - "-" "Mozilla/5.0 (Macintosh; Intel Mac OS X 10_12_2) AppleWebKit/537.36 (KHTML, like Gecko) Chrome/55.0.2883.95 Safari/537.36"
::1 - - [09/Jan/2017:07:22:08 +0000] "GET /books?limit=1&page=2 HTTP/1.1" 200 93211 "-" "Mozilla/5.0 (Macintosh; Intel Mac OS X 10_12_2) AppleWebKit/537.36 (KHTML, like Gecko) Chrome/55.0.2883.95 Safari/537.36"
::1 - - [09/Jan/2017:07:46:48 +0000] "GET / HTTP/1.1" 302 56 "-" "Mozilla/5.0 (Macintosh; Intel Mac OS X 10_12_2) AppleWebKit/537.36 (KHTML, like Gecko) Chrome/55.0.2883.95 Safari/537.36"
::1 - - [09/Jan/2017:07:46:48 +0000] "GET /books HTTP/1.1" 200 93211 "-" "Mozilla/5.0 (Macintosh; Intel Mac OS X 10_12_2) AppleWebKit/537.36 (KHTML, like Gecko) Chrome/55.0.2883.95 Safari/537.36"
::1 - - [09/Jan/2017:07:46:51 +0000] "GET /books/58730bda2da55e8b48e4a724 HTTP/1.1" 404 43 "http://localhost:3000/books" "Mozilla/5.0 (Macintosh; Intel Mac OS X 10_12_2) AppleWebKit/537.36 (KHTML, like Gecko) Chrome/55.0.2883.95 Safari/537.36"
::1 - - [09/Jan/2017:07:48:01 +0000] "GET /books/58730bda2da55e8b48e4a724 HTTP/1.1" 500 1046 "http://localhost:3000/books" "Mozilla/5.0 (Macintosh; Intel Mac OS X 10_12_2) AppleWebKit/537.36 (KHTML, like Gecko) Chrome/55.0.2883.95 Safari/537.36"
::1 - - [09/Jan/2017:07:48:17 +0000] "GET /books/58730bda2da55e8b48e4a724 HTTP/1.1" 500 1959 "http://localhost:3000/books" "Mozilla/5.0 (Macintosh; Intel Mac OS X 10_12_2) AppleWebKit/537.36 (KHTML, like Gecko) Chrome/55.0.2883.95 Safari/537.36"
::1 - - [09/Jan/2017:07:49:04 +0000] "GET /books/58730bda2da55e8b48e4a724 HTTP/1.1" 200 6123 "http://localhost:3000/books" "Mozilla/5.0 (Macintosh; Intel Mac OS X 10_12_2) AppleWebKit/537.36 (KHTML, like Gecko) Chrome/55.0.2883.95 Safari/537.36"
::1 - - [09/Jan/2017:07:49:04 +0000] "GET /books/js/bootstrap.min.js HTTP/1.1" 404 38 "http://localhost:3000/books/58730bda2da55e8b48e4a724" "Mozilla/5.0 (Macintosh; Intel Mac OS X 10_12_2) AppleWebKit/537.36 (KHTML, like Gecko) Chrome/55.0.2883.95 Safari/537.36"
::1 - - [09/Jan/2017:07:49:04 +0000] "GET /books/images/default.png HTTP/1.1" 404 37 "http://localhost:3000/books/58730bda2da55e8b48e4a724" "Mozilla/5.0 (Macintosh; Intel Mac OS X 10_12_2) AppleWebKit/537.36 (KHTML, like Gecko) Chrome/55.0.2883.95 Safari/537.36"
::1 - - [09/Jan/2017:07:49:04 +0000] "GET /books/images/youtube.png HTTP/1.1" 404 37 "http://localhost:3000/books/58730bda2da55e8b48e4a724" "Mozilla/5.0 (Macintosh; Intel Mac OS X 10_12_2) AppleWebKit/537.36 (KHTML, like Gecko) Chrome/55.0.2883.95 Safari/537.36"
::1 - - [09/Jan/2017:07:49:04 +0000] "GET /books/images/twitter.png HTTP/1.1" 404 37 "http://localhost:3000/books/58730bda2da55e8b48e4a724" "Mozilla/5.0 (Macintosh; Intel Mac OS X 10_12_2) AppleWebKit/537.36 (KHTML, like Gecko) Chrome/55.0.2883.95 Safari/537.36"
::1 - - [09/Jan/2017:07:49:04 +0000] "GET /books/js/bootstrap.min.js HTTP/1.1" 404 38 "http://localhost:3000/books/58730bda2da55e8b48e4a724" "Mozilla/5.0 (Macintosh; Intel Mac OS X 10_12_2) AppleWebKit/537.36 (KHTML, like Gecko) Chrome/55.0.2883.95 Safari/537.36"
::1 - - [09/Jan/2017:07:49:38 +0000] "GET /books/58730bda2da55e8b48e4a724 HTTP/1.1" 200 6173 "http://localhost:3000/books" "Mozilla/5.0 (Macintosh; Intel Mac OS X 10_12_2) AppleWebKit/537.36 (KHTML, like Gecko) Chrome/55.0.2883.95 Safari/537.36"
::1 - - [09/Jan/2017:07:49:38 +0000] "GET /books/js/bootstrap.min.js HTTP/1.1" 404 38 "http://localhost:3000/books/58730bda2da55e8b48e4a724" "Mozilla/5.0 (Macintosh; Intel Mac OS X 10_12_2) AppleWebKit/537.36 (KHTML, like Gecko) Chrome/55.0.2883.95 Safari/537.36"
::1 - - [09/Jan/2017:07:49:38 +0000] "GET /books/images/default.png HTTP/1.1" 404 37 "http://localhost:3000/books/58730bda2da55e8b48e4a724" "Mozilla/5.0 (Macintosh; Intel Mac OS X 10_12_2) AppleWebKit/537.36 (KHTML, like Gecko) Chrome/55.0.2883.95 Safari/537.36"
::1 - - [09/Jan/2017:07:49:38 +0000] "GET /books/images/youtube.png HTTP/1.1" 404 37 "http://localhost:3000/books/58730bda2da55e8b48e4a724" "Mozilla/5.0 (Macintosh; Intel Mac OS X 10_12_2) AppleWebKit/537.36 (KHTML, like Gecko) Chrome/55.0.2883.95 Safari/537.36"
::1 - - [09/Jan/2017:07:49:38 +0000] "GET /books/images/twitter.png HTTP/1.1" 404 37 "http://localhost:3000/books/58730bda2da55e8b48e4a724" "Mozilla/5.0 (Macintosh; Intel Mac OS X 10_12_2) AppleWebKit/537.36 (KHTML, like Gecko) Chrome/55.0.2883.95 Safari/537.36"
::1 - - [09/Jan/2017:07:49:38 +0000] "GET /books/js/bootstrap.min.js HTTP/1.1" 404 38 "http://localhost:3000/books/58730bda2da55e8b48e4a724" "Mozilla/5.0 (Macintosh; Intel Mac OS X 10_12_2) AppleWebKit/537.36 (KHTML, like Gecko) Chrome/55.0.2883.95 Safari/537.36"
::1 - - [09/Jan/2017:07:50:29 +0000] "GET /books/58730bda2da55e8b48e4a724 HTTP/1.1" 200 6170 "http://localhost:3000/books" "Mozilla/5.0 (Macintosh; Intel Mac OS X 10_12_2) AppleWebKit/537.36 (KHTML, like Gecko) Chrome/55.0.2883.95 Safari/537.36"
::1 - - [09/Jan/2017:07:50:29 +0000] "GET /books/js/bootstrap.min.js HTTP/1.1" 404 38 "http://localhost:3000/books/58730bda2da55e8b48e4a724" "Mozilla/5.0 (Macintosh; Intel Mac OS X 10_12_2) AppleWebKit/537.36 (KHTML, like Gecko) Chrome/55.0.2883.95 Safari/537.36"
::1 - - [09/Jan/2017:07:50:29 +0000] "GET /books/images/default.png HTTP/1.1" 404 37 "http://localhost:3000/books/58730bda2da55e8b48e4a724" "Mozilla/5.0 (Macintosh; Intel Mac OS X 10_12_2) AppleWebKit/537.36 (KHTML, like Gecko) Chrome/55.0.2883.95 Safari/537.36"
::1 - - [09/Jan/2017:07:50:29 +0000] "GET /books/images/youtube.png HTTP/1.1" 404 37 "http://localhost:3000/books/58730bda2da55e8b48e4a724" "Mozilla/5.0 (Macintosh; Intel Mac OS X 10_12_2) AppleWebKit/537.36 (KHTML, like Gecko) Chrome/55.0.2883.95 Safari/537.36"
::1 - - [09/Jan/2017:07:50:29 +0000] "GET /books/images/twitter.png HTTP/1.1" 404 37 "http://localhost:3000/books/58730bda2da55e8b48e4a724" "Mozilla/5.0 (Macintosh; Intel Mac OS X 10_12_2) AppleWebKit/537.36 (KHTML, like Gecko) Chrome/55.0.2883.95 Safari/537.36"
::1 - - [09/Jan/2017:07:50:29 +0000] "GET /books/js/bootstrap.min.js HTTP/1.1" 404 38 "http://localhost:3000/books/58730bda2da55e8b48e4a724" "Mozilla/5.0 (Macintosh; Intel Mac OS X 10_12_2) AppleWebKit/537.36 (KHTML, like Gecko) Chrome/55.0.2883.95 Safari/537.36"
::1 - - [09/Jan/2017:07:50:48 +0000] "GET /books/58730bda2da55e8b48e4a724 HTTP/1.1" 200 6182 "http://localhost:3000/books" "Mozilla/5.0 (Macintosh; Intel Mac OS X 10_12_2) AppleWebKit/537.36 (KHTML, like Gecko) Chrome/55.0.2883.95 Safari/537.36"
::1 - - [09/Jan/2017:07:50:48 +0000] "GET /books/js/bootstrap.min.js HTTP/1.1" 404 38 "http://localhost:3000/books/58730bda2da55e8b48e4a724" "Mozilla/5.0 (Macintosh; Intel Mac OS X 10_12_2) AppleWebKit/537.36 (KHTML, like Gecko) Chrome/55.0.2883.95 Safari/537.36"
::1 - - [09/Jan/2017:07:50:48 +0000] "GET /books/images/default.png HTTP/1.1" 404 37 "http://localhost:3000/books/58730bda2da55e8b48e4a724" "Mozilla/5.0 (Macintosh; Intel Mac OS X 10_12_2) AppleWebKit/537.36 (KHTML, like Gecko) Chrome/55.0.2883.95 Safari/537.36"
::1 - - [09/Jan/2017:07:50:48 +0000] "GET /books/images/youtube.png HTTP/1.1" 404 37 "http://localhost:3000/books/58730bda2da55e8b48e4a724" "Mozilla/5.0 (Macintosh; Intel Mac OS X 10_12_2) AppleWebKit/537.36 (KHTML, like Gecko) Chrome/55.0.2883.95 Safari/537.36"
::1 - - [09/Jan/2017:07:50:48 +0000] "GET /books/images/twitter.png HTTP/1.1" 404 37 "http://localhost:3000/books/58730bda2da55e8b48e4a724" "Mozilla/5.0 (Macintosh; Intel Mac OS X 10_12_2) AppleWebKit/537.36 (KHTML, like Gecko) Chrome/55.0.2883.95 Safari/537.36"
::1 - - [09/Jan/2017:07:50:48 +0000] "GET /books/js/bootstrap.min.js HTTP/1.1" 404 38 "http://localhost:3000/books/58730bda2da55e8b48e4a724" "Mozilla/5.0 (Macintosh; Intel Mac OS X 10_12_2) AppleWebKit/537.36 (KHTML, like Gecko) Chrome/55.0.2883.95 Safari/537.36"
::1 - - [09/Jan/2017:07:58:47 +0000] "GET /books/58730bda2da55e8b48e4a724 HTTP/1.1" 200 6212 "http://localhost:3000/books" "Mozilla/5.0 (Macintosh; Intel Mac OS X 10_12_2) AppleWebKit/537.36 (KHTML, like Gecko) Chrome/55.0.2883.95 Safari/537.36"
::1 - - [09/Jan/2017:07:58:47 +0000] "GET /books/js/bootstrap.min.js HTTP/1.1" 404 38 "http://localhost:3000/books/58730bda2da55e8b48e4a724" "Mozilla/5.0 (Macintosh; Intel Mac OS X 10_12_2) AppleWebKit/537.36 (KHTML, like Gecko) Chrome/55.0.2883.95 Safari/537.36"
::1 - - [09/Jan/2017:07:58:47 +0000] "GET /books/images/default.png HTTP/1.1" 404 37 "http://localhost:3000/books/58730bda2da55e8b48e4a724" "Mozilla/5.0 (Macintosh; Intel Mac OS X 10_12_2) AppleWebKit/537.36 (KHTML, like Gecko) Chrome/55.0.2883.95 Safari/537.36"
::1 - - [09/Jan/2017:07:58:47 +0000] "GET /books/images/youtube.png HTTP/1.1" 404 37 "http://localhost:3000/books/58730bda2da55e8b48e4a724" "Mozilla/5.0 (Macintosh; Intel Mac OS X 10_12_2) AppleWebKit/537.36 (KHTML, like Gecko) Chrome/55.0.2883.95 Safari/537.36"
::1 - - [09/Jan/2017:07:58:47 +0000] "GET /books/images/twitter.png HTTP/1.1" 404 37 "http://localhost:3000/books/58730bda2da55e8b48e4a724" "Mozilla/5.0 (Macintosh; Intel Mac OS X 10_12_2) AppleWebKit/537.36 (KHTML, like Gecko) Chrome/55.0.2883.95 Safari/537.36"
::1 - - [09/Jan/2017:07:58:48 +0000] "GET /books/js/bootstrap.min.js HTTP/1.1" 404 38 "http://localhost:3000/books/58730bda2da55e8b48e4a724" "Mozilla/5.0 (Macintosh; Intel Mac OS X 10_12_2) AppleWebKit/537.36 (KHTML, like Gecko) Chrome/55.0.2883.95 Safari/537.36"
::1 - - [09/Jan/2017:07:59:03 +0000] "GET /books/58730bda2da55e8b48e4a724 HTTP/1.1" 200 6221 "http://localhost:3000/books" "Mozilla/5.0 (Macintosh; Intel Mac OS X 10_12_2) AppleWebKit/537.36 (KHTML, like Gecko) Chrome/55.0.2883.95 Safari/537.36"
::1 - - [09/Jan/2017:07:59:03 +0000] "GET /books/js/bootstrap.min.js HTTP/1.1" 404 38 "http://localhost:3000/books/58730bda2da55e8b48e4a724" "Mozilla/5.0 (Macintosh; Intel Mac OS X 10_12_2) AppleWebKit/537.36 (KHTML, like Gecko) Chrome/55.0.2883.95 Safari/537.36"
::1 - - [09/Jan/2017:07:59:03 +0000] "GET /books/images/default.png HTTP/1.1" 404 37 "http://localhost:3000/books/58730bda2da55e8b48e4a724" "Mozilla/5.0 (Macintosh; Intel Mac OS X 10_12_2) AppleWebKit/537.36 (KHTML, like Gecko) Chrome/55.0.2883.95 Safari/537.36"
::1 - - [09/Jan/2017:07:59:03 +0000] "GET /books/images/youtube.png HTTP/1.1" 404 37 "http://localhost:3000/books/58730bda2da55e8b48e4a724" "Mozilla/5.0 (Macintosh; Intel Mac OS X 10_12_2) AppleWebKit/537.36 (KHTML, like Gecko) Chrome/55.0.2883.95 Safari/537.36"
::1 - - [09/Jan/2017:07:59:03 +0000] "GET /books/images/twitter.png HTTP/1.1" 404 37 "http://localhost:3000/books/58730bda2da55e8b48e4a724" "Mozilla/5.0 (Macintosh; Intel Mac OS X 10_12_2) AppleWebKit/537.36 (KHTML, like Gecko) Chrome/55.0.2883.95 Safari/537.36"
::1 - - [09/Jan/2017:07:59:04 +0000] "GET /books/js/bootstrap.min.js HTTP/1.1" 404 38 "http://localhost:3000/books/58730bda2da55e8b48e4a724" "Mozilla/5.0 (Macintosh; Intel Mac OS X 10_12_2) AppleWebKit/537.36 (KHTML, like Gecko) Chrome/55.0.2883.95 Safari/537.36"
::1 - - [09/Jan/2017:07:59:11 +0000] "GET /books/58730bda2da55e8b48e4a724 HTTP/1.1" 200 6212 "http://localhost:3000/books" "Mozilla/5.0 (Macintosh; Intel Mac OS X 10_12_2) AppleWebKit/537.36 (KHTML, like Gecko) Chrome/55.0.2883.95 Safari/537.36"
::1 - - [09/Jan/2017:07:59:11 +0000] "GET /books/js/bootstrap.min.js HTTP/1.1" 404 38 "http://localhost:3000/books/58730bda2da55e8b48e4a724" "Mozilla/5.0 (Macintosh; Intel Mac OS X 10_12_2) AppleWebKit/537.36 (KHTML, like Gecko) Chrome/55.0.2883.95 Safari/537.36"
::1 - - [09/Jan/2017:07:59:11 +0000] "GET /books/images/default.png HTTP/1.1" 404 37 "http://localhost:3000/books/58730bda2da55e8b48e4a724" "Mozilla/5.0 (Macintosh; Intel Mac OS X 10_12_2) AppleWebKit/537.36 (KHTML, like Gecko) Chrome/55.0.2883.95 Safari/537.36"
::1 - - [09/Jan/2017:07:59:11 +0000] "GET /books/images/youtube.png HTTP/1.1" 404 37 "http://localhost:3000/books/58730bda2da55e8b48e4a724" "Mozilla/5.0 (Macintosh; Intel Mac OS X 10_12_2) AppleWebKit/537.36 (KHTML, like Gecko) Chrome/55.0.2883.95 Safari/537.36"
::1 - - [09/Jan/2017:07:59:11 +0000] "GET /books/images/twitter.png HTTP/1.1" 404 37 "http://localhost:3000/books/58730bda2da55e8b48e4a724" "Mozilla/5.0 (Macintosh; Intel Mac OS X 10_12_2) AppleWebKit/537.36 (KHTML, like Gecko) Chrome/55.0.2883.95 Safari/537.36"
::1 - - [09/Jan/2017:07:59:11 +0000] "GET /books/js/bootstrap.min.js HTTP/1.1" 404 38 "http://localhost:3000/books/58730bda2da55e8b48e4a724" "Mozilla/5.0 (Macintosh; Intel Mac OS X 10_12_2) AppleWebKit/537.36 (KHTML, like Gecko) Chrome/55.0.2883.95 Safari/537.36"
::1 - - [09/Jan/2017:07:59:27 +0000] "GET /books/58730bda2da55e8b48e4a724 HTTP/1.1" 200 6224 "http://localhost:3000/books" "Mozilla/5.0 (Macintosh; Intel Mac OS X 10_12_2) AppleWebKit/537.36 (KHTML, like Gecko) Chrome/55.0.2883.95 Safari/537.36"
::1 - - [09/Jan/2017:07:59:27 +0000] "GET /books/js/bootstrap.min.js HTTP/1.1" 404 38 "http://localhost:3000/books/58730bda2da55e8b48e4a724" "Mozilla/5.0 (Macintosh; Intel Mac OS X 10_12_2) AppleWebKit/537.36 (KHTML, like Gecko) Chrome/55.0.2883.95 Safari/537.36"
::1 - - [09/Jan/2017:07:59:27 +0000] "GET /books/images/default.png HTTP/1.1" 404 37 "http://localhost:3000/books/58730bda2da55e8b48e4a724" "Mozilla/5.0 (Macintosh; Intel Mac OS X 10_12_2) AppleWebKit/537.36 (KHTML, like Gecko) Chrome/55.0.2883.95 Safari/537.36"
::1 - - [09/Jan/2017:07:59:27 +0000] "GET /books/images/youtube.png HTTP/1.1" 404 37 "http://localhost:3000/books/58730bda2da55e8b48e4a724" "Mozilla/5.0 (Macintosh; Intel Mac OS X 10_12_2) AppleWebKit/537.36 (KHTML, like Gecko) Chrome/55.0.2883.95 Safari/537.36"
::1 - - [09/Jan/2017:07:59:27 +0000] "GET /books/images/twitter.png HTTP/1.1" 404 37 "http://localhost:3000/books/58730bda2da55e8b48e4a724" "Mozilla/5.0 (Macintosh; Intel Mac OS X 10_12_2) AppleWebKit/537.36 (KHTML, like Gecko) Chrome/55.0.2883.95 Safari/537.36"
::1 - - [09/Jan/2017:07:59:27 +0000] "GET /books/js/bootstrap.min.js HTTP/1.1" 404 38 "http://localhost:3000/books/58730bda2da55e8b48e4a724" "Mozilla/5.0 (Macintosh; Intel Mac OS X 10_12_2) AppleWebKit/537.36 (KHTML, like Gecko) Chrome/55.0.2883.95 Safari/537.36"
::1 - - [09/Jan/2017:07:59:39 +0000] "GET /books/58730bda2da55e8b48e4a724 HTTP/1.1" 200 6212 "http://localhost:3000/books" "Mozilla/5.0 (Macintosh; Intel Mac OS X 10_12_2) AppleWebKit/537.36 (KHTML, like Gecko) Chrome/55.0.2883.95 Safari/537.36"
::1 - - [09/Jan/2017:07:59:39 +0000] "GET /books/js/bootstrap.min.js HTTP/1.1" 404 38 "http://localhost:3000/books/58730bda2da55e8b48e4a724" "Mozilla/5.0 (Macintosh; Intel Mac OS X 10_12_2) AppleWebKit/537.36 (KHTML, like Gecko) Chrome/55.0.2883.95 Safari/537.36"
::1 - - [09/Jan/2017:07:59:39 +0000] "GET /books/images/default.png HTTP/1.1" 404 37 "http://localhost:3000/books/58730bda2da55e8b48e4a724" "Mozilla/5.0 (Macintosh; Intel Mac OS X 10_12_2) AppleWebKit/537.36 (KHTML, like Gecko) Chrome/55.0.2883.95 Safari/537.36"
::1 - - [09/Jan/2017:07:59:39 +0000] "GET /books/images/youtube.png HTTP/1.1" 404 37 "http://localhost:3000/books/58730bda2da55e8b48e4a724" "Mozilla/5.0 (Macintosh; Intel Mac OS X 10_12_2) AppleWebKit/537.36 (KHTML, like Gecko) Chrome/55.0.2883.95 Safari/537.36"
::1 - - [09/Jan/2017:07:59:39 +0000] "GET /books/images/twitter.png HTTP/1.1" 404 37 "http://localhost:3000/books/58730bda2da55e8b48e4a724" "Mozilla/5.0 (Macintosh; Intel Mac OS X 10_12_2) AppleWebKit/537.36 (KHTML, like Gecko) Chrome/55.0.2883.95 Safari/537.36"
::1 - - [09/Jan/2017:07:59:39 +0000] "GET /books/js/bootstrap.min.js HTTP/1.1" 404 38 "http://localhost:3000/books/58730bda2da55e8b48e4a724" "Mozilla/5.0 (Macintosh; Intel Mac OS X 10_12_2) AppleWebKit/537.36 (KHTML, like Gecko) Chrome/55.0.2883.95 Safari/537.36"
